"../../../Engine/Content/EditorResources/S_Actor.uasset" 0
"../../../Engine/Content/EngineFonts/Roboto.uasset" 1
"../../../Engine/Content/Functions/Engine_MaterialFunctions01/Shading/PowerToRoughness.uasset" 2
"../../../Engine/Content/Functions/Engine_MaterialFunctions01/Shading/ConvertFromDiffSpec.uasset" 3
"../../../Engine/Content/EngineMaterials/DefaultDiffuse.uasset" 4
"../../../Engine/Content/EngineMaterials/DefaultDeferredDecalMaterial.uasset" 5
"../../../Engine/Content/EngineMaterials/DefaultLightFunctionMaterial.uasset" 6
"../../../Engine/Content/Functions/Engine_MaterialFunctions02/Utility/BreakOutFloat2Components.uasset" 7
"../../../Engine/Content/EngineMaterials/DefaultPostProcessMaterial.uasset" 8
"../../../Engine/Content/EngineResources/DefaultTexture.uasset" 9
"../../../Engine/Content/Functions/Engine_MaterialFunctions01/Texturing/ScaleUVsByCenter.uasset" 10
"../../../Engine/Content/Functions/Engine_MaterialFunctions02/ScreenResolution.uasset" 11
"../../../Engine/Content/Functions/Engine_MaterialFunctions02/Texturing/ScreenAlignedUVs.uasset" 12
"../../../Engine/Content/EngineResources/WhiteSquareTexture.uasset" 13
"../../../Engine/Content/EngineMaterials/Widget3DPassThrough.uasset" 14
"../../../Engine/Content/EngineMaterials/Widget3DPassThrough_Translucent.uasset" 15
"../../../Engine/Content/EngineMaterials/Widget3DPassThrough_Translucent_OneSided.uasset" 16
"../../../Engine/Content/EngineMaterials/Widget3DPassThrough_Opaque.uasset" 17
"../../../Engine/Content/EngineMaterials/Widget3DPassThrough_Opaque_OneSided.uasset" 18
"../../../Engine/Content/EngineMaterials/Widget3DPassThrough_Masked.uasset" 19
"../../../Engine/Content/EngineMaterials/Widget3DPassThrough_Masked_OneSided.uasset" 20
"../../../Engine/Content/Maps/Templates/Thumbnails/Default.uasset" 21
"../../../Engine/Content/EditorMaterials/ParticleSystems/PSysThumbnail_NoImage.uasset" 22
"../../../Engine/Content/EditorMaterials/ParticleSystems/PSysThumbnail_OOD.uasset" 23
"../../../Engine/Content/EditorLandscapeResources/DataLayer.uasset" 24
"../../../Engine/Content/EngineDamageTypes/DmgTypeBP_Environmental.uasset" 25
"../../../Engine/Content/EngineMeshes/Sphere.uasset" 26
"../../../Engine/Content/EngineFonts/RobotoDistanceField.uasset" 27
"../../../Engine/Content/EngineMaterials/DefaultTextMaterialOpaque.uasset" 28
"../../../Engine/Content/EditorResources/S_Trigger.uasset" 29
"../../../Engine/Content/EngineResources/GradientTexture0.uasset" 30
"../../../Engine/Content/EngineResources/Black.uasset" 31
"../../../Engine/Content/EditorMaterials/MatineeGroups/MAT_Groups_Float.uasset" 32
"../../../Engine/Content/EditorMaterials/MatineeGroups/MAT_Groups_Director.uasset" 33
"../../../Engine/Content/EditorMaterials/MatineeGroups/MAT_Groups_Event.uasset" 34
"../../../Engine/Content/EditorMaterials/MatineeGroups/MAT_Groups_Anim.uasset" 35
"../../../Engine/Content/EditorMaterials/MatineeGroups/MAT_Groups_Fade.uasset" 36
"../../../Engine/Content/EditorMaterials/MatineeGroups/MAT_Groups_Move.uasset" 37
"../../../Engine/Content/EditorMaterials/MatineeGroups/MAT_Groups_Slomo.uasset" 38
"../../../Engine/Content/EditorMaterials/MatineeGroups/MAT_ColorTrack.uasset" 39
"../../../Engine/Content/EditorMaterials/MAT_Groups_Toggle.uasset" 40
"../../../Engine/Content/EditorMaterials/MatineeGroups/MAT_Groups_AudioMaster.uasset" 41
"../../../Engine/Content/EditorMaterials/MatineeGroups/MAT_Groups_Sound.uasset" 42
"../../../Engine/Content/EditorMaterials/MatineeGroups/MAT_Groups_Vector.uasset" 43
"../../../Engine/Content/EditorMaterials/MAT_Groups_Visibility.uasset" 44
"../../../Engine/Content/EngineResources/DefaultTextureCube.uasset" 45
"../../../Engine/Content/Functions/Engine_MaterialFunctions01/Opacity/CameraDepthFade.uasset" 46
"../../../Engine/Content/EngineMaterials/T_Default_Material_Grid_M.uasset" 47
"../../../Engine/Content/EngineMaterials/T_Default_Material_Grid_N.uasset" 48
"../../../Engine/Content/EngineMaterials/DefaultMaterial.uasset" 49
"../../../Engine/Content/EngineMeshes/Cylinder.uasset" 50
"../../../Engine/Content/EngineTireTypes/DefaultTireType.uasset" 51
"../../../Engine/Content/Tutorial/BlueprintTutorials/TutorialAssets/Blueprint_64x.uasset" 52
"../../../Engine/Content/Tutorial/Basics/TutorialAssets/icon_tab_Levels_40x.uasset" 53
"../../../Engine/Content/Tutorial/Landscape/TutorialAssets/Landscape.uasset" 54
"../../../Engine/Content/Tutorial/ContentIntroCurve.uasset" 55
"../../../Engine/Plugins/2D/Paper2D/Content/PlaceholderTextures/DummySpriteTexture.uasset" 56
"../../../Engine/Plugins/2D/Paper2D/Content/DefaultSpriteMaterial.uasset" 57
"../../../Engine/Plugins/2D/Paper2D/Content/MaskedUnlitSpriteMaterial.uasset" 58
"../../../Engine/Plugins/2D/Paper2D/Content/OpaqueUnlitSpriteMaterial.uasset" 59
"../../../Engine/Plugins/2D/Paper2D/Content/DummySprite.uasset" 60
"../../../Engine/Plugins/2D/Paper2D/Content/DefaultPaperTerrainMaterial.uasset" 61
"../../../Engine/Content/EngineMaterials/RemoveSurfaceMaterial.uasset" 62
"../../../Engine/Content/EngineDebugMaterials/DebugMeshMaterial.uasset" 63
"../../../Engine/Content/EngineMaterials/InvalidLightmapSettings.uasset" 64
"../../../Engine/Content/EngineMaterials/M_InvalidLightmapSettings.uasset" 65
"../../../Engine/Content/EditorMaterials/GizmoMaterial.uasset" 66
"../../../Engine/Content/EngineMaterials/Good64x64TilingNoiseHighFreq.uasset" 67
"../../../Engine/Content/EngineMaterials/DefaultBokeh.uasset" 68
"../../../Engine/Content/EngineMaterials/PreintegratedSkinBRDF.uasset" 69
"../../../Engine/Content/EngineMaterials/MiniFont.uasset" 70
"../../../Engine/Content/EngineMaterials/WeightMapPlaceholderTexture.uasset" 71
"../../../Engine/Content/EngineMaterials/DefaultWhiteGrid.uasset" 72
"../../../Engine/Content/EngineMaterials/DefaultPhysicalMaterial.uasset" 73
"../../../Engine/Content/EngineFonts/RobotoTiny.uasset" 74
"../../../Engine/Content/EngineResources/AICON-Red.uasset" 75
"../../../Engine/Content/EngineResources/AICON-Green.uasset" 76
"../../../Engine/Content/MobileResources/HUD/VirtualJoystick_Background.uasset" 77
"../../../Engine/Content/MobileResources/HUD/VirtualJoystick_Thumb.uasset" 78
"../../../Engine/Content/MobileResources/HUD/LeftVirtualJoystickOnly.uasset" 79
"../../../Engine/Content/MobileResources/HUD/MobileHUDButton2_off.uasset" 80
"../../../Engine/Content/MobileResources/HUD/MobileHUDButton1_on.uasset" 81
"../../../Engine/Content/MobileResources/HUD/MobileHUDButton2_on.uasset" 82
"../../../Engine/Content/MobileResources/HUD/MobileHUDButton3.uasset" 83
"../../../FpsProject/Content/StarterContent/Materials/M_Basic_Wall.uasset" 84
"../../../FpsProject/Content/StarterContent/Shapes/Shape_Trim.uasset" 85
"../../../FpsProject/Content/StarterContent/Shapes/Shape_Trim_90_In.uasset" 86
"../../../FpsProject/Content/StarterContent/Shapes/Shape_Trim_90_Out.uasset" 87
"../../../FpsProject/Content/StarterContent/Shapes/Shape_TriPyramid.uasset" 88
"../../../FpsProject/Content/StarterContent/Shapes/Shape_Tube.uasset" 89
"../../../FpsProject/Content/StarterContent/Shapes/Shape_Wedge_A.uasset" 90
"../../../FpsProject/Content/StarterContent/Shapes/Shape_Wedge_B.uasset" 91
"../../../FpsProject/Content/StarterContent/Shapes/Shape_WideCapsule.uasset" 92
"../../../Engine/Content/MobileResources/HUD/MobileHUDDirectionPad2.uasset" 93
"../../../FpsProject/Content/StarterContent/Audio/Light01_Cue.uasset" 94
"../../../FpsProject/Content/StarterContent/Audio/Light02_Cue.uasset" 95
"../../../Engine/Content/EditorMaterials/PhAT_JointLimitMaterial.uasset" 96
"../../../Engine/Content/EditorMaterials/PreviewShadowIndicator.uasset" 97
"../../../Engine/Content/EditorMaterials/PreviewShadowIndicatorMaterial.uasset" 98
"../../../Engine/Content/EditorResources/BSPVertex.uasset" 99
"../../../Engine/Content/EditorResources/EmptyActor.uasset" 100
"../../../Engine/Content/EditorResources/AudioIcons/S_AudioComponent.uasset" 101
"../../../Engine/Content/EditorResources/AudioIcons/S_AudioComponent_AutoActivate.uasset" 102
"../../../Engine/Content/EditorResources/LightIcons/S_LightError.uasset" 103
"../../../Engine/Content/EngineDebugMaterials/HeatmapGradient.uasset" 104
"../../../Engine/Content/EngineDebugMaterials/BoneWeightMaterial.uasset" 105
"../../../Engine/Content/EngineDebugMaterials/GeomMaterial.uasset" 106
"../../../Engine/Content/EngineMaterials/EditorBrushMaterial.uasset" 107
"../../../Engine/Content/EngineMeshes/Cube.uasset" 108
"../../../Engine/Content/MobileResources/T_MobileControls_texture.uasset" 109
"../../../Engine/Content/MobileResources/T_MobileMenu2.uasset" 110
"../../../Engine/Content/MobileResources/HUD/AnalogHat.uasset" 111
"../../../Engine/Content/MobileResources/HUD/DefaultVirtualJoysticks.uasset" 112
"../../../Engine/Content/MobileResources/HUD/MobileHUDButton1_off.uasset" 113
"../../../Engine/Content/MobileResources/HUD/MobileHUDButtonFire.uasset" 114
"../../../Engine/Content/MobileResources/HUD/MobileHUDDirectionPad.uasset" 115
"../../../Engine/Content/MobileResources/HUD/MobileHUDDirectionPad3.uasset" 116
"../../../Engine/Content/MobileResources/HUD/MobileHUDDirectionStick.uasset" 117
"../../../Engine/Content/MobileResources/HUD/T_Castle_ThumbstickInner.uasset" 118
"../../../Engine/Content/MobileResources/HUD/T_Castle_ThumbstickOutter.uasset" 119
"../../../Engine/Content/Tutorial/BlueprintTutorials/TutorialAssets/BlueprintInterface_64x.uasset" 120
"../../../Engine/Content/Tutorial/BlueprintTutorials/TutorialAssets/BlueprintMacroLibrary_64x.uasset" 121
"../../../Engine/Content/Tutorial/BlueprintTutorials/TutorialAssets/Tutorial_BP_Interface.uasset" 122
"../../../Engine/Content/Tutorial/Foliage/TutorialAssets/Foliage.uasset" 123
"../../../Engine/Content/Tutorial/Paper2D/TutorialAssets/Paper2DFlipbook_TutorialIcon.uasset" 124
"../../../Engine/Content/Tutorial/Paper2D/TutorialAssets/Paper2DSprite_TutorialIcon.uasset" 125
"../../../Engine/Content/Tutorial/SubEditors/TutorialAssets/icon_Editor_Preferences_General_40x.uasset" 126
"../../../Engine/Content/Tutorial/SubEditors/TutorialAssets/icon_ShowSkeletalMeshes_40x.uasset" 127
"../../../Engine/Content/Tutorial/SubEditors/TutorialAssets/TutorialMaterial.uasset" 128
"../../../Engine/Content/Tutorial/SubEditors/TutorialAssets/T_SmokeSubUV_8X8.uasset" 129
"../../../Engine/Content/Tutorial/SubEditors/TutorialAssets/T_soft_smoke.uasset" 130
"../../../Engine/Content/Tutorial/SubEditors/TutorialAssets/M_smoke_subUV_blackbody.uasset" 131
"../../../Engine/Content/Tutorial/SubEditors/TutorialAssets/TutorialParticleSystem.uasset" 132
"../../../Engine/Content/EngineMaterials/WorldGridMaterial.uasset" 133
"../../../Engine/Content/Tutorial/SubEditors/TutorialAssets/Tutorial_DM.uasset" 134
"../../../FpsProject/Content/Common/Meshes/CubeMaterial.uasset" 135
"../../../FpsProject/Content/Common/Meshes/1M_Cube_Chamfer.uasset" 136
"../../../FpsProject/Content/Common/Meshes/1M_Cube_DM.uasset" 137
"../../../FpsProject/Content/GameMode/ResetGame.uasset" 138
"../../../FpsProject/Content/GameMode/SpawnPoint.uasset" 139
"../../../FpsProject/Content/Mechs/Materials/9_-_Default_005.uasset" 140
"../../../FpsProject/Content/Mechs/Materials/1_-_Default_007.uasset" 141
"../../../FpsProject/Content/Mechs/Materials/2_-_Default_007.uasset" 142
"../../../FpsProject/Content/Mechs/Materials/3_-_Default_008.uasset" 143
"../../../FpsProject/Content/Mechs/Materials/4_-_Default_011.uasset" 144
"../../../FpsProject/Content/Mechs/Materials/4_-_Default_012.uasset" 145
"../../../FpsProject/Content/Mechs/Materials/7_-_Default_011.uasset" 146
"../../../FpsProject/Content/Mechs/Materials/7_-_Default_012.uasset" 147
"../../../FpsProject/Content/Mechs/Meshes/Mech_blue_arms.uasset" 148
"../../../FpsProject/Content/StarterContent/Architecture/Pillar_50x500.uasset" 149
"../../../FpsProject/Content/StarterContent/Architecture/Wall_400x300.uasset" 150
"../../../FpsProject/Content/StarterContent/Architecture/Wall_400x400.uasset" 151
"../../../FpsProject/Content/StarterContent/Architecture/Wall_500x500.uasset" 152
"../../../FpsProject/Content/StarterContent/Architecture/Wall_Door_400x400.uasset" 153
"../../../FpsProject/Content/StarterContent/Architecture/Wall_Window_400x400.uasset" 154
"../../../FpsProject/Content/StarterContent/Audio/Explosion_Cue.uasset" 155
"../../../FpsProject/Content/StarterContent/Textures/T_Burst_M.uasset" 156
"../../../FpsProject/Content/StarterContent/Particles/Materials/M_Burst.uasset" 157
"../../../FpsProject/Content/StarterContent/Textures/T_Explosion_SubUV.uasset" 158
"../../../FpsProject/Content/StarterContent/Particles/Materials/M_explosion_subUV.uasset" 159
"../../../FpsProject/Content/StarterContent/Particles/Materials/m_flare_01.uasset" 160
"../../../Engine/Content/Functions/Engine_MaterialFunctions01/Gradient/RadialGradient.uasset" 161
"../../../FpsProject/Content/StarterContent/Particles/Materials/M_radial_ramp.uasset" 162
"../../../FpsProject/Content/StarterContent/Textures/T_Smoke_SubUV.uasset" 163
"../../../FpsProject/Content/StarterContent/Textures/T_Smoke_Tiled_D.uasset" 164
"../../../FpsProject/Content/StarterContent/Particles/Materials/M_smoke_subUV.uasset" 165
"../../../FpsProject/Content/StarterContent/Particles/P_Explosion.uasset" 166
"../../../FpsProject/Content/StarterContent/Blueprints/Blueprint_Effect_Explosion.uasset" 167
"../../../Engine/Content/EditorMeshes/ColorCalibrator/T_ColorGrid.uasset" 168
"../../../FpsProject/Content/StarterContent/Materials/M_ColorGrid_LowSpec.uasset" 169
"../../../FpsProject/Content/StarterContent/Textures/T_Bush_D.uasset" 170
"../../../FpsProject/Content/StarterContent/Textures/T_Bush_N.uasset" 171
"../../../FpsProject/Content/StarterContent/Props/Materials/M_Bush.uasset" 172
"../../../FpsProject/Content/StarterContent/Props/SM_Bush.uasset" 173
"../../../FpsProject/Content/StarterContent/Textures/T_Chair_M.uasset" 174
"../../../FpsProject/Content/StarterContent/Textures/T_Chair_N.uasset" 175
"../../../FpsProject/Content/StarterContent/Props/Materials/M_Chair.uasset" 176
"../../../FpsProject/Content/StarterContent/Props/SM_Couch.uasset" 177
"../../../FpsProject/Content/StarterContent/Materials/M_Glass.uasset" 178
"../../../FpsProject/Content/StarterContent/Textures/T_Door_M.uasset" 179
"../../../FpsProject/Content/StarterContent/Textures/T_Door_N.uasset" 180
"../../../FpsProject/Content/StarterContent/Props/Materials/M_Door.uasset" 181
"../../../FpsProject/Content/StarterContent/Props/SM_Door.uasset" 182
"../../../FpsProject/Content/StarterContent/Props/Materials/M_MaterialSphere.uasset" 183
"../../../FpsProject/Content/StarterContent/Props/Materials/M_MaterialSphere_Plain.uasset" 184
"../../../FpsProject/Content/StarterContent/Props/SM_MatPreviewMesh_02.uasset" 185
"../../../Engine/Content/Functions/Engine_MaterialFunctions02/Utility/BlendAngleCorrectedNormals.uasset" 186
"../../../FpsProject/Content/StarterContent/Textures/T_Detail_Rocky_N.uasset" 187
"../../../FpsProject/Content/StarterContent/Textures/T_Rock_Basalt_D.uasset" 188
"../../../FpsProject/Content/StarterContent/Textures/T_RockMesh_M.uasset" 189
"../../../FpsProject/Content/StarterContent/Textures/T_RockMesh_N.uasset" 190
"../../../FpsProject/Content/StarterContent/Props/Materials/M_Rock.uasset" 191
"../../../FpsProject/Content/StarterContent/Props/SM_Rock.uasset" 192
"../../../FpsProject/Content/StarterContent/Textures/T_Shelf_M.uasset" 193
"../../../FpsProject/Content/StarterContent/Textures/T_Shelf_N.uasset" 194
"../../../FpsProject/Content/StarterContent/Props/Materials/M_Shelf.uasset" 195
"../../../FpsProject/Content/StarterContent/Props/SM_Shelf.uasset" 196
"../../../FpsProject/Content/StarterContent/Materials/M_Basic_Floor.uasset" 197
"../../../FpsProject/Content/StarterContent/Props/SM_Stairs.uasset" 198
"../../../FpsProject/Content/StarterContent/Shapes/Shape_Cone.uasset" 199
"../../../FpsProject/Content/StarterContent/Shapes/Shape_Cylinder.uasset" 200
"../../../FpsProject/Content/StarterContent/Shapes/Shape_NarrowCapsule.uasset" 201
"../../../FpsProject/Content/StarterContent/Shapes/Shape_Pipe.uasset" 202
"../../../FpsProject/Content/StarterContent/Shapes/Shape_Pipe_180.uasset" 203
"../../../FpsProject/Content/StarterContent/Shapes/Shape_Pipe_90.uasset" 204
"../../../FpsProject/Content/StarterContent/Shapes/Shape_Plane.uasset" 205
"../../../FpsProject/Content/StarterContent/Shapes/Shape_Torus.uasset" 206
"../../../Engine/Content/EditorBlueprintResources/StandardMacros.uasset" 207
"../../../Engine/Content/EngineSky/C_Sky_Cloud_Color.uasset" 208
"../../../Engine/Content/EngineSky/C_Sky_Horizon_Color.uasset" 209
"../../../Engine/Content/EngineSky/C_Sky_Zenith_Color.uasset" 210
"../../../Engine/Content/EngineSky/T_Sky_Blue.uasset" 211
"../../../Engine/Content/EngineSky/T_Sky_Clouds_M.uasset" 212
"../../../Engine/Content/EngineSky/T_Sky_Stars.uasset" 213
"../../../Engine/Content/EngineSky/M_Sky_Panning_Clouds2.uasset" 214
"../../../Engine/Content/EngineSky/SM_SkySphere.uasset" 215
"../../../Engine/Content/EngineSky/BP_Sky_Sphere.uasset" 216
"../../../FpsProject/Content/GameMode/FirstPersonHUD.uasset" 217
"../../../Engine/Content/EditorBlueprintResources/ActorMacros.uasset" 218
"../../../FpsProject/Content/Mechs/Materials/10_-_Default_001.uasset" 219
"../../../FpsProject/Content/StarterContent/Props/MaterialSphere.uasset" 220
"../../../FpsProject/Content/Projectiles/FirstPersonProjectile.uasset" 221
"../../../FpsProject/Content/Mechs/Materials/1_-_Default_008.uasset" 222
"../../../FpsProject/Content/Mechs/Materials/3_-_Default_009.uasset" 223
"../../../FpsProject/Content/Mechs/Materials/4_-_Default_013.uasset" 224
"../../../FpsProject/Content/Mechs/Materials/5_-_Default_005.uasset" 225
"../../../FpsProject/Content/Mechs/Materials/7_-_Default_013.uasset" 226
"../../../FpsProject/Content/Mechs/Materials/9_-_Default_006.uasset" 227
"../../../FpsProject/Content/Mechs/Meshes/Mech_blue_minigun.uasset" 228
"../../../FpsProject/Content/Mechs/Blueprints/Arm.uasset" 229
"../../../FpsProject/Content/Mechs/Materials/1_-_Default_005.uasset" 230
"../../../FpsProject/Content/Mechs/Materials/1_-_Default_006.uasset" 231
"../../../FpsProject/Content/Mechs/Materials/2_-_Default_005.uasset" 232
"../../../FpsProject/Content/Mechs/Materials/2_-_Default_006.uasset" 233
"../../../FpsProject/Content/Mechs/Materials/3_-_Default_006.uasset" 234
"../../../FpsProject/Content/Mechs/Materials/3_-_Default_007.uasset" 235
"../../../FpsProject/Content/Mechs/Materials/4_-_Default_009.uasset" 236
"../../../FpsProject/Content/Mechs/Materials/4_-_Default_010.uasset" 237
"../../../FpsProject/Content/Mechs/Materials/5_-_Default_004.uasset" 238
"../../../FpsProject/Content/Mechs/Materials/6_-_Default_001.uasset" 239
"../../../FpsProject/Content/Mechs/Materials/7_-_Default_009.uasset" 240
"../../../FpsProject/Content/Mechs/Materials/7_-_Default_010.uasset" 241
"../../../FpsProject/Content/Mechs/Materials/9_-_Default_004.uasset" 242
"../../../FpsProject/Content/Mechs/Meshes/Mech_blue_body.uasset" 243
"../../../FpsProject/Content/Mechs/Blueprints/FirstPersonCharacter.uasset" 244
"../../../FpsProject/Content/GameMode/FirstPersonGameMode.uasset" 245
"../../../FpsProject/Content/Common/Meshes/TemplateFloor.uasset" 246
"../../../FpsProject/Content/GameMode/HUD.uasset" 247
"../../../FpsProject/Content/GameMode/PauseMenu.uasset" 248
"../../../FpsProject/Content/Levels/arena.umap" 249
"../../../FpsProject/Content/GameMode/MainMenu.uasset" 250
"../../../FpsProject/Content/Levels/menu.umap" 251
"../../../FpsProject/Content/StarterContent/Blueprints/Assets/FogBrightnessLUT.uasset" 252
"../../../FpsProject/Content/StarterContent/Blueprints/Assets/SunlightColorLUT.uasset" 253
"../../../FpsProject/Content/StarterContent/Blueprints/Assets/M_LightStage_Arrows.uasset" 254
"../../../Engine/Content/MapTemplates/Sky/DaylightAmbientCubemap.uasset" 255
"../../../FpsProject/Content/StarterContent/Blueprints/Assets/M_LightStage_Skybox_Master.uasset" 256
"../../../FpsProject/Content/StarterContent/Blueprints/Assets/M_LightStage_Skybox_Black.uasset" 257
"../../../FpsProject/Content/StarterContent/Blueprints/Assets/M_LightStage_Skybox_HDRI.uasset" 258
"../../../Engine/Content/EditorMaterials/Thumbnails/SkySphereMaterial.uasset" 259
"../../../FpsProject/Content/StarterContent/Blueprints/Assets/Skybox.uasset" 260
"../../../FpsProject/Content/StarterContent/Blueprints/Assets/SM_Arrows.uasset" 261
"../../../FpsProject/Content/StarterContent/HDRI/HDRI_Epic_Courtyard_Daylight.uasset" 262
"../../../FpsProject/Content/StarterContent/Blueprints/BP_LightStudio.uasset" 263
"../../../FpsProject/Content/StarterContent/Materials/M_AssetPlatform.uasset" 264
"../../../Engine/Content/EditorMeshes/ColorCalibrator/M_ChromeBall.uasset" 265
"../../../Engine/Content/EditorMeshes/ColorCalibrator/M_ClearCoat.uasset" 266
"../../../Engine/Content/EditorMeshes/ColorCalibrator/M_ClearCoatBlack.uasset" 267
"../../../Engine/Content/EditorMeshes/ColorCalibrator/M_ColorGrid.uasset" 268
"../../../Engine/Content/EditorMeshes/ColorCalibrator/M_GreyBall.uasset" 269
"../../../Engine/Content/EditorMeshes/ColorCalibrator/SM_ColorCalibrator.uasset" 270
"../../../FpsProject/Content/StarterContent/Architecture/SM_AssetPlatform.uasset" 271
"../../../FpsProject/Content/StarterContent/Maps/Advanced_Lighting.umap" 272
"../../../FpsProject/Content/StarterContent/Textures/T_MacroVariation.uasset" 273
"../../../FpsProject/Content/StarterContent/Materials/M_Metal_Brushed_Nickel.uasset" 274
"../../../FpsProject/Content/StarterContent/Textures/T_Metal_Aluminum_D.uasset" 275
"../../../FpsProject/Content/StarterContent/Textures/T_Metal_Gold_N.uasset" 276
"../../../FpsProject/Content/StarterContent/Materials/M_Metal_Burnished_Steel.uasset" 277
"../../../FpsProject/Content/StarterContent/Textures/T_Metal_Copper_D.uasset" 278
"../../../FpsProject/Content/StarterContent/Materials/M_Metal_Copper.uasset" 279
"../../../FpsProject/Content/StarterContent/Textures/T_Statue_M.uasset" 280
"../../../FpsProject/Content/StarterContent/Textures/T_Statue_N.uasset" 281
"../../../FpsProject/Content/StarterContent/Props/Materials/M_StatueGlass.uasset" 282
"../../../FpsProject/Content/StarterContent/Architecture/Floor_400x400.uasset" 283
"../../../FpsProject/Content/StarterContent/Audio/Starter_Background_Cue.uasset" 284
"../../../FpsProject/Content/StarterContent/Props/SM_Chair.uasset" 285
"../../../FpsProject/Content/StarterContent/Props/Materials/M_Statue.uasset" 286
"../../../FpsProject/Content/StarterContent/Props/SM_Statue.uasset" 287
"../../../FpsProject/Content/StarterContent/Textures/T_TableRound_M.uasset" 288
"../../../FpsProject/Content/StarterContent/Textures/T_TableRound_N.uasset" 289
"../../../FpsProject/Content/StarterContent/Props/Materials/M_TableRound.uasset" 290
"../../../FpsProject/Content/StarterContent/Props/SM_TableRound.uasset" 291
"../../../FpsProject/Content/StarterContent/Maps/Minimal_Default.umap" 292
"../../../FpsProject/Content/StarterContent/Audio/Fire01_Cue.uasset" 293
"../../../FpsProject/Content/StarterContent/Textures/T_Fire_SubUV.uasset" 294
"../../../FpsProject/Content/StarterContent/Textures/T_Fire_Tiled_D.uasset" 295
"../../../FpsProject/Content/StarterContent/Particles/Materials/M_Fire_SubUV.uasset" 296
"../../../FpsProject/Content/StarterContent/Textures/T_Water_N.uasset" 297
"../../../FpsProject/Content/StarterContent/Particles/Materials/M_Heat_Distortion.uasset" 298
"../../../FpsProject/Content/StarterContent/Particles/Materials/M_Radial_Gradient.uasset" 299
"../../../FpsProject/Content/StarterContent/Particles/P_Fire.uasset" 300
"../../../FpsProject/Content/StarterContent/Blueprints/Blueprint_Effect_Fire.uasset" 301
"../../../FpsProject/Content/StarterContent/Audio/Smoke01_Cue.uasset" 302
"../../../FpsProject/Content/StarterContent/Particles/P_Smoke.uasset" 303
"../../../FpsProject/Content/StarterContent/Blueprints/Blueprint_Effect_Smoke.uasset" 304
"../../../FpsProject/Content/StarterContent/Audio/Fire_Sparks01_Cue.uasset" 305
"../../../FpsProject/Content/StarterContent/Textures/T_Spark_Core.uasset" 306
"../../../FpsProject/Content/StarterContent/Particles/Materials/M_Spark.uasset" 307
"../../../FpsProject/Content/StarterContent/Particles/P_Sparks.uasset" 308
"../../../FpsProject/Content/StarterContent/Blueprints/Blueprint_Effect_Sparks.uasset" 309
"../../../FpsProject/Content/StarterContent/Audio/Steam01_Cue.uasset" 310
"../../../FpsProject/Content/StarterContent/Particles/P_Steam_Lit.uasset" 311
"../../../FpsProject/Content/StarterContent/Blueprints/Blueprint_Effect_Steam.uasset" 312
"../../../FpsProject/Content/StarterContent/Textures/T_Lamp_M.uasset" 313
"../../../FpsProject/Content/StarterContent/Textures/T_Lamp_N.uasset" 314
"../../../FpsProject/Content/StarterContent/Props/Materials/M_Lamp.uasset" 315
"../../../FpsProject/Content/StarterContent/Props/SM_Lamp_Ceiling.uasset" 316
"../../../FpsProject/Content/StarterContent/Blueprints/Blueprint_CeilingLight.uasset" 317
"../../../FpsProject/Content/StarterContent/Props/SM_Lamp_Wall.uasset" 318
"../../../FpsProject/Content/StarterContent/Blueprints/Blueprint_WallSconce.uasset" 319
"../../../Engine/Content/Functions/Engine_MaterialFunctions03/Procedurals/ComputeFilterWidth.uasset" 320
"../../../Engine/Content/EngineMaterials/AntiAliasedTextMaterialTranslucent.uasset" 321
"../../../FpsProject/Content/StarterContent/Textures/T_Brick_Clay_Beveled_D.uasset" 322
"../../../FpsProject/Content/StarterContent/Textures/T_Brick_Clay_Beveled_M.uasset" 323
"../../../FpsProject/Content/StarterContent/Textures/T_Brick_Clay_Beveled_N.uasset" 324
"../../../FpsProject/Content/StarterContent/Materials/M_Brick_Clay_Beveled.uasset" 325
"../../../FpsProject/Content/StarterContent/Textures/T_Brick_Clay_New_D.uasset" 326
"../../../FpsProject/Content/StarterContent/Textures/T_Brick_Clay_New_M.uasset" 327
"../../../FpsProject/Content/StarterContent/Textures/T_Brick_Clay_New_N.uasset" 328
"../../../FpsProject/Content/StarterContent/Materials/M_Brick_Clay_New.uasset" 329
"../../../FpsProject/Content/StarterContent/Textures/T_Brick_Clay_Old_D.uasset" 330
"../../../FpsProject/Content/StarterContent/Textures/T_Brick_Clay_Old_N.uasset" 331
"../../../FpsProject/Content/StarterContent/Textures/T_Perlin_Noise_M.uasset" 332
"../../../FpsProject/Content/StarterContent/Materials/M_Brick_Clay_Old.uasset" 333
"../../../FpsProject/Content/StarterContent/Textures/T_Brick_Cut_Stone_D.uasset" 334
"../../../FpsProject/Content/StarterContent/Textures/T_Brick_Cut_Stone_N.uasset" 335
"../../../FpsProject/Content/StarterContent/Materials/M_Brick_Cut_Stone.uasset" 336
"../../../FpsProject/Content/StarterContent/Textures/T_Brick_Hewn_Stone_D.uasset" 337
"../../../FpsProject/Content/StarterContent/Textures/T_Brick_Hewn_Stone_M.uasset" 338
"../../../FpsProject/Content/StarterContent/Textures/T_Brick_Hewn_Stone_N.uasset" 339
"../../../FpsProject/Content/StarterContent/Materials/M_Brick_Hewn_Stone.uasset" 340
"../../../FpsProject/Content/StarterContent/Textures/T_Ceramic_Tile_M.uasset" 341
"../../../FpsProject/Content/StarterContent/Textures/T_Ceramic_Tile_N.uasset" 342
"../../../FpsProject/Content/StarterContent/Textures/T_Rock_Marble_Polished_D.uasset" 343
"../../../FpsProject/Content/StarterContent/Materials/M_Ceramic_Tile_Checker.uasset" 344
"../../../FpsProject/Content/StarterContent/Textures/T_CobbleStone_Pebble_D.uasset" 345
"../../../FpsProject/Content/StarterContent/Textures/T_CobbleStone_Pebble_M.uasset" 346
"../../../FpsProject/Content/StarterContent/Textures/T_CobbleStone_Pebble_N.uasset" 347
"../../../FpsProject/Content/StarterContent/Materials/M_CobbleStone_Pebble.uasset" 348
"../../../FpsProject/Content/StarterContent/Textures/T_CobbleStone_Rough_D.uasset" 349
"../../../FpsProject/Content/StarterContent/Textures/T_CobbleStone_Rough_N.uasset" 350
"../../../FpsProject/Content/StarterContent/Textures/T_Gradinet_01.uasset" 351
"../../../FpsProject/Content/StarterContent/Textures/T_Rock_Smooth_Granite_D.uasset" 352
"../../../FpsProject/Content/StarterContent/Materials/M_CobbleStone_Rough.uasset" 353
"../../../FpsProject/Content/StarterContent/Textures/T_CobbleStone_Smooth_D.uasset" 354
"../../../FpsProject/Content/StarterContent/Textures/T_CobbleStone_Smooth_M.uasset" 355
"../../../FpsProject/Content/StarterContent/Textures/T_CobbleStone_Smooth_N.uasset" 356
"../../../FpsProject/Content/StarterContent/Materials/M_CobbleStone_Smooth.uasset" 357
"../../../FpsProject/Content/StarterContent/Textures/T_Concrete_Grime_D.uasset" 358
"../../../FpsProject/Content/StarterContent/Textures/T_Metal_Rust_N.uasset" 359
"../../../FpsProject/Content/StarterContent/Materials/M_Concrete_Grime.uasset" 360
"../../../FpsProject/Content/StarterContent/Textures/T_Concrete_Panels_D.uasset" 361
"../../../FpsProject/Content/StarterContent/Textures/T_Concrete_Panels_N.uasset" 362
"../../../FpsProject/Content/StarterContent/Materials/M_Concrete_Panels.uasset" 363
"../../../FpsProject/Content/StarterContent/Textures/T_Concrete_Poured_D.uasset" 364
"../../../FpsProject/Content/StarterContent/Textures/T_Concrete_Poured_N.uasset" 365
"../../../FpsProject/Content/StarterContent/Materials/M_Concrete_Poured.uasset" 366
"../../../FpsProject/Content/StarterContent/Textures/T_Concrete_Tiles_D.uasset" 367
"../../../FpsProject/Content/StarterContent/Textures/T_Concrete_Tiles_M.uasset" 368
"../../../FpsProject/Content/StarterContent/Textures/T_Concrete_Tiles_N.uasset" 369
"../../../FpsProject/Content/StarterContent/Textures/T_Concrete_Tiles_Variation_M.uasset" 370
"../../../FpsProject/Content/StarterContent/Materials/M_Concrete_Tiles.uasset" 371
"../../../FpsProject/Content/StarterContent/Textures/T_Ground_Grass_D.uasset" 372
"../../../FpsProject/Content/StarterContent/Textures/T_Ground_Grass_N.uasset" 373
"../../../FpsProject/Content/StarterContent/Materials/M_Ground_Grass.uasset" 374
"../../../FpsProject/Content/StarterContent/Textures/T_Ground_Gravel_D.uasset" 375
"../../../FpsProject/Content/StarterContent/Textures/T_Ground_Gravel_N.uasset" 376
"../../../FpsProject/Content/StarterContent/Materials/M_Ground_Gravel.uasset" 377
"../../../FpsProject/Content/StarterContent/Textures/T_ground_Moss_D.uasset" 378
"../../../FpsProject/Content/StarterContent/Textures/T_Ground_Moss_N.uasset" 379
"../../../FpsProject/Content/StarterContent/Materials/M_Ground_Moss.uasset" 380
"../../../FpsProject/Content/StarterContent/Materials/M_Metal_Chrome.uasset" 381
"../../../FpsProject/Content/StarterContent/Textures/T_Metal_Gold_D.uasset" 382
"../../../FpsProject/Content/StarterContent/Materials/M_Metal_Gold.uasset" 383
"../../../FpsProject/Content/StarterContent/Textures/T_Metal_Rust_D.uasset" 384
"../../../FpsProject/Content/StarterContent/Materials/M_Metal_Rust.uasset" 385
"../../../FpsProject/Content/StarterContent/Textures/T_Metal_Steel_D.uasset" 386
"../../../FpsProject/Content/StarterContent/Textures/T_Metal_Steel_N.uasset" 387
"../../../FpsProject/Content/StarterContent/Materials/M_Metal_Steel.uasset" 388
"../../../FpsProject/Content/StarterContent/Textures/T_Rock_Basalt_N.uasset" 389
"../../../FpsProject/Content/StarterContent/Materials/M_Rock_Basalt.uasset" 390
"../../../FpsProject/Content/StarterContent/Materials/M_Rock_Marble_Polished.uasset" 391
"../../../FpsProject/Content/StarterContent/Textures/T_Rock_Sandstone_D.uasset" 392
"../../../FpsProject/Content/StarterContent/Textures/T_Rock_Sandstone_N.uasset" 393
"../../../FpsProject/Content/StarterContent/Materials/M_Rock_Sandstone.uasset" 394
"../../../FpsProject/Content/StarterContent/Textures/T_Rock_Slate_D.uasset" 395
"../../../FpsProject/Content/StarterContent/Textures/T_Rock_Slate_N.uasset" 396
"../../../FpsProject/Content/StarterContent/Materials/M_Rock_Slate.uasset" 397
"../../../FpsProject/Content/StarterContent/Textures/T_Checker_Noise_M.uasset" 398
"../../../FpsProject/Content/StarterContent/Textures/T_Single_Tile_N.uasset" 399
"../../../FpsProject/Content/StarterContent/Textures/T_Tech_Dot_M.uasset" 400
"../../../FpsProject/Content/StarterContent/Textures/T_Tech_Dot_N.uasset" 401
"../../../FpsProject/Content/StarterContent/Materials/M_Tech_Checker_Dot.uasset" 402
"../../../FpsProject/Content/StarterContent/Textures/T_Tech_Hex_Tile_M.uasset" 403
"../../../FpsProject/Content/StarterContent/Textures/T_Tech_Hex_Tile_N.uasset" 404
"../../../FpsProject/Content/StarterContent/Materials/M_Tech_Hex_Tile.uasset" 405
"../../../FpsProject/Content/StarterContent/Materials/M_Tech_Hex_Tile_Pulse.uasset" 406
"../../../FpsProject/Content/StarterContent/Textures/T_Tech_Panel_M.uasset" 407
"../../../FpsProject/Content/StarterContent/Textures/T_Tech_Panel_N.uasset" 408
"../../../FpsProject/Content/StarterContent/Materials/M_Tech_Panel.uasset" 409
"../../../FpsProject/Content/StarterContent/Materials/M_Water_Lake.uasset" 410
"../../../FpsProject/Content/StarterContent/Textures/T_Water_M.uasset" 411
"../../../FpsProject/Content/StarterContent/Materials/M_Water_Ocean.uasset" 412
"../../../FpsProject/Content/StarterContent/Textures/T_Wood_Floor_Walnut_D.uasset" 413
"../../../FpsProject/Content/StarterContent/Textures/T_Wood_Floor_Walnut_M.uasset" 414
"../../../FpsProject/Content/StarterContent/Textures/T_Wood_Floor_Walnut_N.uasset" 415
"../../../FpsProject/Content/StarterContent/Materials/M_Wood_Floor_Walnut_Polished.uasset" 416
"../../../Engine/Content/Functions/Engine_MaterialFunctions01/Opacity/AlphaOffset.uasset" 417
"../../../FpsProject/Content/StarterContent/Materials/M_Wood_Floor_Walnut_Worn.uasset" 418
"../../../FpsProject/Content/StarterContent/Textures/T_Wood_Oak_D.uasset" 419
"../../../FpsProject/Content/StarterContent/Textures/T_Wood_Oak_N.uasset" 420
"../../../FpsProject/Content/StarterContent/Materials/M_Wood_Oak.uasset" 421
"../../../FpsProject/Content/StarterContent/Textures/T_Wood_Pine_D.uasset" 422
"../../../FpsProject/Content/StarterContent/Textures/T_Wood_Pine_N.uasset" 423
"../../../FpsProject/Content/StarterContent/Materials/M_Wood_Pine.uasset" 424
"../../../FpsProject/Content/StarterContent/Textures/T_Wood_Walnut_D.uasset" 425
"../../../FpsProject/Content/StarterContent/Textures/T_Wood_Walnut_N.uasset" 426
"../../../FpsProject/Content/StarterContent/Materials/M_Wood_Walnut.uasset" 427
"../../../FpsProject/Content/StarterContent/Architecture/Wall_400x200.uasset" 428
"../../../FpsProject/Content/StarterContent/Architecture/Wall_Door_400x300.uasset" 429
"../../../FpsProject/Content/StarterContent/Architecture/Wall_Window_400x300.uasset" 430
"../../../FpsProject/Content/StarterContent/Audio/Collapse_Cue.uasset" 431
"../../../FpsProject/Content/StarterContent/Audio/Starter_Music_Cue.uasset" 432
"../../../FpsProject/Content/StarterContent/Textures/T_Dust_Particle_D.uasset" 433
"../../../FpsProject/Content/StarterContent/Particles/Materials/M_Dust_Particle.uasset" 434
"../../../FpsProject/Content/StarterContent/Particles/P_Ambient_Dust.uasset" 435
"../../../FpsProject/Content/StarterContent/Textures/T_Frame_M.uasset" 436
"../../../FpsProject/Content/StarterContent/Textures/T_Frame_N.uasset" 437
"../../../FpsProject/Content/StarterContent/Props/Materials/M_Frame.uasset" 438
"../../../FpsProject/Content/StarterContent/Props/SM_CornerFrame.uasset" 439
"../../../FpsProject/Content/StarterContent/Props/SM_DoorFrame.uasset" 440
"../../../FpsProject/Content/StarterContent/Props/SM_GlassWindow.uasset" 441
"../../../FpsProject/Content/StarterContent/Props/SM_PillarFrame.uasset" 442
"../../../FpsProject/Content/StarterContent/Props/SM_PillarFrame300.uasset" 443
"../../../FpsProject/Content/StarterContent/Props/SM_WindowFrame.uasset" 444
"../../../FpsProject/Content/StarterContent/Shapes/Shape_Cube.uasset" 445
"../../../FpsProject/Content/StarterContent/Shapes/Shape_QuadPyramid.uasset" 446
"../../../FpsProject/Content/StarterContent/Shapes/Shape_Sphere.uasset" 447
"../../../FpsProject/Content/StarterContent/Maps/StarterMap.umap" 448
"../../../Engine/Content/EngineMaterials/DefaultNormal.uasset" 449
"../../../Engine/Content/Maps/Entry.umap" 450
