[2016.03.27-16.21.52:586][  0]Log file open, 03/27/16 17:21:52
[2016.03.27-16.21.52:586][  0]LogInit:Display: Running engine for game: FpsProject
[2016.03.27-16.21.52:586][  0]LogPlatformFile: Not using cached read wrapper
[2016.03.27-16.21.52:586][  0]LogInit:Display: RandInit(-2014235342) SRandInit(-2014235342).
[2016.03.27-16.21.52:586][  0]LogTaskGraph: Started task graph with 4 named threads and 7 total threads.
[2016.03.27-16.21.52:586][  0]LogStats: Stats thread started at 0.069950
[2016.03.27-16.21.52:586][  0]LogInit: Version: 4.10.4-2872498+++depot+UE4-Releases+4.10
[2016.03.27-16.21.52:586][  0]LogInit: API Version: 2758231
[2016.03.27-16.21.52:586][  0]LogInit: Compiled (64-bit): Feb 18 2016 15:47:04
[2016.03.27-16.21.52:586][  0]LogInit: Compiled with Visual C++: 19.00.23026.00
[2016.03.27-16.21.52:586][  0]LogInit: Build Configuration: Development
[2016.03.27-16.21.52:586][  0]LogInit: Branch Name: ++depot+UE4-Releases+4.10
[2016.03.27-16.21.52:586][  0]LogInit: Command line:  -game
[2016.03.27-16.21.52:586][  0]LogInit: Base directory: C:/Program Files (x86)/Epic Games/4.10/Engine/Binaries/Win64/
[2016.03.27-16.21.52:586][  0]LogInit: Rocket: 1
[2016.03.27-16.21.52:595][  0]LogInit: Using libcurl 7.41.0
[2016.03.27-16.21.52:595][  0]LogInit:  - built for x86_64-pc-win32
[2016.03.27-16.21.52:595][  0]LogInit:  - supports SSL with WinSSL
[2016.03.27-16.21.52:595][  0]LogInit:  - other features:
[2016.03.27-16.21.52:595][  0]LogInit:      CURL_VERSION_SSL
[2016.03.27-16.21.52:595][  0]LogInit:      CURL_VERSION_IPV6
[2016.03.27-16.21.52:595][  0]LogInit:      CURL_VERSION_ASYNCHDNS
[2016.03.27-16.21.52:595][  0]LogInit:      CURL_VERSION_LARGEFILE
[2016.03.27-16.21.52:595][  0]LogInit:      CURL_VERSION_IDN
[2016.03.27-16.21.52:595][  0]LogInit:  CurlRequestOptions (configurable via config and command line):
[2016.03.27-16.21.52:595][  0]LogInit:  - bVerifyPeer = true  - Libcurl will verify peer certificate
[2016.03.27-16.21.52:595][  0]LogInit:  - bUseHttpProxy = false  - Libcurl will NOT use HTTP proxy
[2016.03.27-16.21.52:595][  0]LogInit:  - bDontReuseConnections = false  - Libcurl will reuse connections
[2016.03.27-16.21.52:595][  0]LogInit:  - CertBundlePath = nullptr  - Libcurl will use whatever was configured at build time.
[2016.03.27-16.21.52:600][  0]LogInit: Presizing for 0 objects not considered by GC, pre-allocating 0 bytes.
[2016.03.27-16.21.52:605][  0]LogInit: Object subsystem initialized
[2016.03.27-16.21.52:606][  0]LogInit: Selected Device Profile: [Windows]
[2016.03.27-16.21.52:606][  0]LogInit: Applying CVar settings loaded from the selected device profile: [Windows]
[2016.03.27-16.21.52:612][  0]LogInit: Computer: CHRIS-PC
[2016.03.27-16.21.52:612][  0]LogInit: User: Chris
[2016.03.27-16.21.52:612][  0]LogInit: CPU Page size=4096, Cores=4
[2016.03.27-16.21.52:612][  0]LogInit: High frequency timer resolution =3.123193 MHz
[2016.03.27-16.21.52:612][  0]LogMemory: Memory total: Physical=7.9GB (8GB approx)
[2016.03.27-16.21.52:612][  0]LogMemory: Platform Memory Stats for Windows
[2016.03.27-16.21.52:612][  0]LogMemory: Process Physical Memory: 56.13 MB used, 56.13 MB peak
[2016.03.27-16.21.52:612][  0]LogMemory: Process Virtual Memory: 58.69 MB used, 58.69 MB peak
[2016.03.27-16.21.52:612][  0]LogMemory: Physical Memory: 4368.55 MB used, 8130.79 MB total
[2016.03.27-16.21.52:612][  0]LogMemory: Virtual Memory: 384.43 MB used, 134217728.00 MB total
[2016.03.27-16.21.52:646][  0]LogTextLocalizationManager: No specific translations for ('en-GB') exist, so ('en') translations will be used.
[2016.03.27-16.21.53:021][  0]LogD3D11RHI: Found D3D11 adapter 0: AMD Radeon HD 7700 Series (Feature Level 11_0)
[2016.03.27-16.21.53:021][  0]LogD3D11RHI: Adapter has 1002MB of dedicated video memory, 0MB of dedicated system memory, and 4065MB of shared system memory, 2 output[s]
[2016.03.27-16.21.53:023][  0]LogD3D11RHI: Found D3D11 adapter 1: Microsoft Basic Render Driver (Feature Level 11_0)
[2016.03.27-16.21.53:023][  0]LogD3D11RHI: Adapter has 0MB of dedicated video memory, 0MB of dedicated system memory, and 4065MB of shared system memory, 0 output[s]
[2016.03.27-16.21.53:023][  0]LogD3D11RHI: Chosen D3D11 Adapter Id = 0
[2016.03.27-16.21.53:026][  0]LogD3D11RHI: !Direct3DDevice
[2016.03.27-16.21.53:026][  0]LogRHI: Texture pool is 701 MB (70% of 1002 MB)
[2016.03.27-16.21.53:034][  0]LogD3D11RHI: Async texture creation disabled: no driver support
[2016.03.27-16.21.53:044][  0]LogShaderCompilers: Guid format shader working directory is -1 characters bigger than the processId version (E:/Computing/Unreal/Unreal Projects/GameProject/Intermediate/Shaders/WorkingDirectory/4488/).
[2016.03.27-16.21.53:044][  0]LogShaderCompilers: Cleaned the shader compiler working directory 'C:/Users/Chris/AppData/Local/Temp/UnrealShaderWorkingDir/69D55DA341F87A856E43CB87DB726E0B/'.
[2016.03.27-16.21.53:044][  0]LogShaderCompilers:Display: Using Local Shader Compiler.
[2016.03.27-16.21.53:851][  0]LogTemp:Display: Loaded TP AllDesktopTargetPlatform
[2016.03.27-16.21.53:856][  0]LogTemp:Display: Loaded TP WindowsClientTargetPlatform
[2016.03.27-16.21.53:860][  0]LogTemp:Display: Loaded TP WindowsNoEditorTargetPlatform
[2016.03.27-16.21.53:865][  0]LogTemp:Display: Loaded TP WindowsServerTargetPlatform
[2016.03.27-16.21.53:870][  0]LogTemp:Display: Loaded TP WindowsTargetPlatform
[2016.03.27-16.21.53:874][  0]LogTemp:Display: Loaded TP AndroidTargetPlatform
[2016.03.27-16.21.53:877][  0]LogTemp:Display: Loaded TP Android_ASTCTargetPlatform
[2016.03.27-16.21.53:881][  0]LogTemp:Display: Loaded TP Android_ATCTargetPlatform
[2016.03.27-16.21.53:885][  0]LogTemp:Display: Loaded TP Android_DXTTargetPlatform
[2016.03.27-16.21.53:888][  0]LogTemp:Display: Loaded TP Android_ETC1TargetPlatform
[2016.03.27-16.21.53:891][  0]LogTemp:Display: Loaded TP Android_ETC2TargetPlatform
[2016.03.27-16.21.53:899][  0]LogTemp:Display: Loaded TP Android_MultiTargetPlatform
[2016.03.27-16.21.53:899][  0]LogTemp:Display: Loaded TP Android_PVRTCTargetPlatform
[2016.03.27-16.21.53:900][  0]LogTemp:Display: Loaded TP HTML5TargetPlatform
[2016.03.27-16.21.53:917][  0]LogTemp:Display: Loaded TP IOSTargetPlatform
[2016.03.27-16.21.53:920][  0]LogTemp:Display: Loaded TP LinuxNoEditorTargetPlatform
[2016.03.27-16.21.53:923][  0]LogTemp:Display: Loaded TP LinuxServerTargetPlatform
[2016.03.27-16.21.53:926][  0]LogTemp:Display: Loaded TP LinuxTargetPlatform
[2016.03.27-16.21.53:926][  0]LogTargetPlatformManager:Display: Building Assets For Windows
[2016.03.27-16.21.54:004][  0]LogDerivedDataCache:Display: Max Cache Size: 512 MB
[2016.03.27-16.21.54:056][  0]LogDerivedDataCache: Loaded boot cache 0.05s 41MB C:/Users/Chris/AppData/Local/UnrealEngine/4.10/DerivedDataCache/Boot.ddc.
[2016.03.27-16.21.54:056][  0]LogDerivedDataCache:Display: Loaded Boot cache: C:/Users/Chris/AppData/Local/UnrealEngine/4.10/DerivedDataCache/Boot.ddc
[2016.03.27-16.21.54:057][  0]LogDerivedDataCache: FDerivedDataBackendGraph:  Pak pak cache file E:/Computing/Unreal/Unreal Projects/GameProject/DerivedDataCache/DDC.ddp not found, will not use a pak cache.
[2016.03.27-16.21.54:057][  0]LogDerivedDataCache: Unable to find inner node Pak for hierarchical cache Hierarchy.
[2016.03.27-16.21.54:057][  0]LogDerivedDataCache: FDerivedDataBackendGraph:  CompressedPak pak cache file E:/Computing/Unreal/Unreal Projects/GameProject/DerivedDataCache/Compressed.ddp not found, will not use a pak cache.
[2016.03.27-16.21.54:057][  0]LogDerivedDataCache: Unable to find inner node CompressedPak for hierarchical cache Hierarchy.
[2016.03.27-16.21.54:112][  0]LogDerivedDataCache:Display: Pak cache opened for reading ../../../Engine/DerivedDataCache/Compressed.ddp.
[2016.03.27-16.21.54:125][  0]LogDerivedDataCache: Using Local data cache path C:/Users/Chris/AppData/Local/UnrealEngine/Common/DerivedDataCache: Writable
[2016.03.27-16.21.54:324][  0]LogInit: Selected Device Profile: [Windows]
[2016.03.27-16.21.54:328][  0]LogContentStreaming: Texture pool size is 1000.000000MB
[2016.03.27-16.21.54:440][  0]LogMeshUtilities: No automatic mesh reduction module available
[2016.03.27-16.21.54:440][  0]LogMeshUtilities: No automatic mesh merging module available
[2016.03.27-16.21.54:693][  0]LogInit: WinSock: version 1.1 (2.2), MaxSocks=32767, MaxUdp=65467
[2016.03.27-16.21.54:895][  0]LogWindowsMoviePlayer: Unable to load movie: E:/Computing/Unreal/Unreal Projects/GameProject/Content/Movies/Default_Startup.mp4
[2016.03.27-16.21.55:006][  0]SourceControl: Info Source control is disabled
[2016.03.27-16.21.55:006][  0]SourceControl: Info Source control is disabled
[2016.03.27-16.21.55:027][  0]SourceControl: Info Source control is disabled
[2016.03.27-16.21.55:240][  0]LogObj: 27935 objects as part of root set at end of initial load.
[2016.03.27-16.21.55:240][  0]LogUObjectAllocator: 5830072 out of 0 bytes used by permanent object pool.
[2016.03.27-16.21.55:293][  0]LogEngine: Initializing Engine...
[2016.03.27-16.21.55:296][  0]LogHMD: Can't find Oculus library dev build: is proper Runtime installed? Version: 0.8.0.0
[2016.03.27-16.21.55:297][  0]LogHMD: SteamVR failed to initialize.  Err: 110
[2016.03.27-16.21.55:405][  0]LogInit: XAudio2 using 'Speakers (2- High Definition Audio Device)' : 2 channels at 44.1 kHz using 16 bits per sample (channel mask 0x3)
[2016.03.27-16.21.55:412][  0]LogInit: FAudioDevice initialized.
[2016.03.27-16.21.55:441][  0]LogDerivedDataCache: Saved boot cache 0.03s 41MB C:/Users/Chris/AppData/Local/UnrealEngine/4.10/DerivedDataCache/Boot.ddc.
[2016.03.27-16.21.55:447][  0]LogInit: Texture streaming: Enabled
[2016.03.27-16.21.55:516][  0]LogNet: Browse: /Game/GameProject/Maps/MainMenu?Name=Player
[2016.03.27-16.21.55:517][  0]LogLoad: LoadMap: /Game/GameProject/Maps/MainMenu?Name=Player
[2016.03.27-16.21.55:530][  0]LogParticles: Destroying 0 GPU particle simulations for FXSystem 0x000002023A5C93A0
[2016.03.27-16.21.55:539][  0]LogMemory: Platform Memory Stats for Windows
[2016.03.27-16.21.55:539][  0]LogMemory: Process Physical Memory: 371.67 MB used, 371.67 MB peak
[2016.03.27-16.21.55:539][  0]LogMemory: Process Virtual Memory: 451.39 MB used, 451.39 MB peak
[2016.03.27-16.21.55:539][  0]LogMemory: Physical Memory: 4897.47 MB used, 8130.79 MB total
[2016.03.27-16.21.55:539][  0]LogMemory: Virtual Memory: 1016.27 MB used, 134217728.00 MB total
[2016.03.27-16.21.55:539][  0]LogMemory: 
[2016.03.27-16.21.55:539][  0]Allocator Stats for TBB: (not implemented)
[2016.03.27-16.21.55:573][  0]LogAIModule: Creating AISystem for world MainMenu
[2016.03.27-16.21.55:573][  0]LogWorld: Game class is 'GameMode'
[2016.03.27-16.21.55:575][  0]LogWorld: Bringing World /Game/GameProject/Maps/MainMenu.MainMenu up for play (max tick rate 0) at 2016.03.27-17.21.55
[2016.03.27-16.21.55:576][  0]LogWorld: Bringing up level for play took: 0.000780
[2016.03.27-16.21.55:576][  0]LogGameMode: Warning - PATHS NOT DEFINED or NO PLAYERSTART with positive rating
[2016.03.27-16.21.55:578][  0]LogInit:Display: Game Engine Initialized.
[2016.03.27-16.21.55:796][  0]LogLoad: Full Startup: 3.57 seconds (BP compile: 0.01 seconds)
[2016.03.27-16.21.55:817][  0]LogOcInput: Can't find Oculus library dev build: is proper Runtime installed? Version: 0.8.0.0
[2016.03.27-16.21.55:914][  2]LogRenderer: Reallocating scene render targets to support 1600x900 (Frame:2).
[2016.03.27-16.22.07:491][431]LogNet: Browse: 127.0.0.1//Game/GameProject/Maps/MainMenu
[2016.03.27-16.22.07:491][431]LogInit: WinSock: Socket queue 32768 / 32768
[2016.03.27-16.22.07:494][431]LogInit: WinSock: I am Chris-PC (192.168.0.2:0)
[2016.03.27-16.22.07:494][431]LogNet: Game client on port 7777, rate 10000
[2016.03.27-16.22.07:494][431]LogNet: GetLocalNetworkVersion: GEngineNetVersion: 2872498, ProjectName: fpsproject, ProjectVersion: 1.0.0.0, InternalProtocolVersion: 9, LocalNetworkVersion: 1808045840
[2016.03.27-16.22.07:545][434]LogNet: Welcomed by server (Level: /Game/GameProject/Maps/Arena, Game: /Game/GameProject/Blueprints/FirstPersonGameMode.FirstPersonGameMode_C)
[2016.03.27-16.22.07:545][434]LogLoad: LoadMap: 127.0.0.1//Game/GameProject/Maps/Arena?game=/Game/GameProject/Blueprints/FirstPersonGameMode.FirstPersonGameMode_C
[2016.03.27-16.22.07:556][434]LogParticles: Destroying 0 GPU particle simulations for FXSystem 0x000002022DD78B80
[2016.03.27-16.22.07:565][434]LogMemory: Platform Memory Stats for Windows
[2016.03.27-16.22.07:565][434]LogMemory: Process Physical Memory: 450.26 MB used, 450.79 MB peak
[2016.03.27-16.22.07:565][434]LogMemory: Process Virtual Memory: 693.28 MB used, 693.89 MB peak
[2016.03.27-16.22.07:565][434]LogMemory: Physical Memory: 4578.23 MB used, 8130.79 MB total
[2016.03.27-16.22.07:565][434]LogMemory: Virtual Memory: 1281.68 MB used, 134217728.00 MB total
[2016.03.27-16.22.07:565][434]LogMemory: 
[2016.03.27-16.22.07:565][434]Allocator Stats for TBB: (not implemented)
[2016.03.27-16.22.07:569][434]LogLinker:Warning: CreateImport: Failed to load Outer for resource 'Arrow': SpawnPoint_C /Game/GameProject/Blueprints/SpawnPoint.Default__SpawnPoint_C
[2016.03.27-16.22.07:849][434]LogAIModule: Creating AISystem for world Arena
[2016.03.27-16.22.07:851][434]LogWorld: Bringing World /Game/GameProject/Maps/Arena.Arena up for play (max tick rate 0) at 2016.03.27-17.22.07
[2016.03.27-16.22.07:851][434]LogWorld: Bringing up level for play took: 0.001217
[2016.03.27-16.22.18:881][980]LogWindowsTextInputMethodSystem:Display: IME system now deactivated.
[2016.03.27-16.22.18:883][980]LogEngine: All Windows Closed
[2016.03.27-16.22.18:883][980]LogWindows: FPlatformMisc::RequestExit(0)
[2016.03.27-16.22.19:304][981]LogNet: World NetDriver shutdown IpNetDriver_0 [GameNetDriver]
[2016.03.27-16.22.19:305][981]LogNet: DestroyNamedNetDriver IpNetDriver_0 [GameNetDriver]
[2016.03.27-16.22.19:305][981]LogNet: UNetConnection::Close: Name: IpConnection_0, Driver: GameNetDriver IpNetDriver_0, PC: PlayerController_2, Owner: PlayerController_2, Channels: 10, RemoteAddr: 127.0.0.1:7777, Time: 2016.03.27-16.22.19
[2016.03.27-16.22.19:305][981]LogNet: UChannel::Close: Sending CloseBunch. ChIndex == 0. Name: ControlChannel_0
[2016.03.27-16.22.19:305][981]LogExit: GameNetDriver IpNetDriver_0 shut down
[2016.03.27-16.22.19:355][981]LogExit: Preparing to exit.
[2016.03.27-16.22.19:413][981]LogExit: Game engine shut down
[2016.03.27-16.22.19:414][981]LogParticles: Destroying 0 GPU particle simulations for FXSystem 0x000002022F79B9C0
[2016.03.27-16.22.19:526][981]LogExit: Object subsystem successfully closed.
[2016.03.27-16.22.19:533][981]LogD3D11RHI: Shutdown
[2016.03.27-16.22.19:533][981]LogD3D11RHI: CleanupD3DDevice
[2016.03.27-16.22.19:574][981]LogD3D11RHI: ~FD3D11DynamicRHI
[2016.03.27-16.22.19:587][981]LogModuleManager: Shutting down and abandoning module AndroidDeviceDetection (117)
[2016.03.27-16.22.19:815][981]LogModuleManager: Shutting down and abandoning module AutomationController (116)
[2016.03.27-16.22.19:816][981]LogModuleManager: Shutting down and abandoning module AutomationWorker (115)
[2016.03.27-16.22.19:816][981]LogModuleManager: Shutting down and abandoning module CharacterAI (114)
[2016.03.27-16.22.19:816][981]LogModuleManager: Shutting down and abandoning module AITestSuite (113)
[2016.03.27-16.22.19:816][981]LogModuleManager: Shutting down and abandoning module GameplayDebugger (112)
[2016.03.27-16.22.19:816][981]LogModuleManager: Shutting down and abandoning module AIModule (111)
[2016.03.27-16.22.19:816][981]LogModuleManager: Shutting down and abandoning module MovieSceneCapture (110)
[2016.03.27-16.22.19:816][981]LogModuleManager: Shutting down and abandoning module GameLiveStreaming (109)
[2016.03.27-16.22.19:816][981]LogModuleManager: Shutting down and abandoning module StreamingPauseRendering (108)
[2016.03.27-16.22.19:816][981]LogModuleManager: Shutting down and abandoning module ProfilerService (107)
[2016.03.27-16.22.19:890][981]LogModuleManager: Shutting down and abandoning module TaskGraph (106)
[2016.03.27-16.22.19:890][981]LogModuleManager: Shutting down and abandoning module SlateRemote (105)
[2016.03.27-16.22.19:891][981]LogModuleManager: Shutting down and abandoning module SteamVRController (104)
[2016.03.27-16.22.19:891][981]LogModuleManager: Shutting down and abandoning module SteamVR (103)
[2016.03.27-16.22.19:891][981]LogModuleManager: Shutting down and abandoning module ProceduralMeshComponent (102)
[2016.03.27-16.22.19:891][981]LogModuleManager: Shutting down and abandoning module OculusLibrary (101)
[2016.03.27-16.22.19:891][981]LogModuleManager: Shutting down and abandoning module OculusInput (100)
[2016.03.27-16.22.19:891][981]LogModuleManager: Shutting down and abandoning module LeapMotionController (99)
[2016.03.27-16.22.19:924][981]LogModuleManager: Shutting down and abandoning module CustomMeshComponent (98)
[2016.03.27-16.22.19:924][981]LogModuleManager: Shutting down and abandoning module CableComponent (97)
[2016.03.27-16.22.19:924][981]LogModuleManager: Shutting down and abandoning module ArchVisCharacter (96)
[2016.03.27-16.22.19:924][981]LogModuleManager: Shutting down and abandoning module HTML5Networking (95)
[2016.03.27-16.22.19:924][981]LogModuleManager: Shutting down and abandoning module DesktopPlatform (94)
[2016.03.27-16.22.19:924][981]LogModuleManager: Shutting down and abandoning module DirectoryWatcher (93)
[2016.03.27-16.22.19:924][981]LogModuleManager: Shutting down and abandoning module HotReload (92)
[2016.03.27-16.22.19:925][981]LogModuleManager: Shutting down and abandoning module VisualStudioSourceCodeAccess (91)
[2016.03.27-16.22.19:925][981]LogModuleManager: Shutting down and abandoning module UObjectPlugin (90)
[2016.03.27-16.22.19:925][981]LogModuleManager: Shutting down and abandoning module SubversionSourceControl (89)
[2016.03.27-16.22.19:925][981]LogModuleManager: Shutting down and abandoning module SourceControl (88)
[2016.03.27-16.22.19:925][981]LogModuleManager: Shutting down and abandoning module PerforceSourceControl (87)
[2016.03.27-16.22.19:925][981]LogModuleManager: Shutting down and abandoning module UdpMessaging (86)
[2016.03.27-16.22.19:925][981]LogModuleManager: Shutting down and abandoning module LightPropagationVolumeRuntime (85)
[2016.03.27-16.22.19:925][981]LogModuleManager: Shutting down and abandoning module Paper2D (84)
[2016.03.27-16.22.19:925][981]LogModuleManager: Shutting down and abandoning module WindowsMoviePlayer (83)
[2016.03.27-16.22.19:931][981]LogModuleManager: Shutting down and abandoning module Media (82)
[2016.03.27-16.22.19:931][981]LogModuleManager: Shutting down and abandoning module WmfMedia (81)
[2016.03.27-16.22.19:932][981]LogModuleManager: Shutting down and abandoning module OnlineBlueprintSupport (80)
[2016.03.27-16.22.19:932][981]LogModuleManager: Shutting down and abandoning module GameplayTasksEditor (79)
[2016.03.27-16.22.19:932][981]LogModuleManager: Shutting down and abandoning module PropertyEditor (78)
[2016.03.27-16.22.19:932][981]LogModuleManager: Shutting down and abandoning module BehaviorTreeEditor (77)
[2016.03.27-16.22.19:932][981]LogModuleManager: Shutting down and abandoning module FunctionalTesting (76)
[2016.03.27-16.22.19:932][981]LogModuleManager: Shutting down and abandoning module CollisionAnalyzer (75)
[2016.03.27-16.22.19:932][981]LogModuleManager: Shutting down and abandoning module WorkspaceMenuStructure (74)
[2016.03.27-16.22.19:932][981]LogModuleManager: Shutting down and abandoning module MessageLog (73)
[2016.03.27-16.22.19:932][981]LogModuleManager: Shutting down and abandoning module Sequencer (72)
[2016.03.27-16.22.19:932][981]LogModuleManager: Shutting down and abandoning module AssetTools (71)
[2016.03.27-16.22.19:932][981]LogModuleManager: Shutting down and abandoning module UMGEditor (70)
[2016.03.27-16.22.19:932][981]LogModuleManager: Shutting down and abandoning module UMG (69)
[2016.03.27-16.22.19:932][981]LogModuleManager: Shutting down and abandoning module Slate (68)
[2016.03.27-16.22.19:932][981]LogModuleManager: Shutting down and abandoning module EditorStyle (67)
[2016.03.27-16.22.19:937][981]LogModuleManager: Shutting down and abandoning module SessionServices (66)
[2016.03.27-16.22.19:937][981]LogModuleManager: Shutting down and abandoning module SourceCodeAccess (65)
[2016.03.27-16.22.19:937][981]LogModuleManager: Shutting down and abandoning module HeadMountedDisplay (64)
[2016.03.27-16.22.19:937][981]LogModuleManager: Shutting down and abandoning module XAudio2 (63)
[2016.03.27-16.22.19:937][981]LogModuleManager: Shutting down and abandoning module Networking (61)
[2016.03.27-16.22.19:937][981]LogModuleManager: Shutting down and abandoning module Core (60)
[2016.03.27-16.22.19:937][981]LogModuleManager: Shutting down and abandoning module KismetCompiler (59)
[2016.03.27-16.22.19:937][981]LogModuleManager: Shutting down and abandoning module PhysXFormats (58)
[2016.03.27-16.22.19:937][981]LogModuleManager: Shutting down and abandoning module MeshUtilities (57)
[2016.03.27-16.22.19:937][981]LogModuleManager: Shutting down and abandoning module DerivedDataCache (56)
[2016.03.27-16.22.20:145][981]LogDerivedDataCache: Shutdown
[2016.03.27-16.22.20:145][981]LogModuleManager: Shutting down and abandoning module ShaderFormatOpenGL (55)
[2016.03.27-16.22.20:145][981]LogModuleManager: Shutting down and abandoning module ShaderFormatD3D (54)
[2016.03.27-16.22.20:145][981]LogModuleManager: Shutting down and abandoning module MetalShaderFormat (53)
[2016.03.27-16.22.20:145][981]LogModuleManager: Shutting down and abandoning module TextureFormatUncompressed (52)
[2016.03.27-16.22.20:145][981]LogModuleManager: Shutting down and abandoning module TextureFormatPVR (51)
[2016.03.27-16.22.20:145][981]LogModuleManager: Shutting down and abandoning module TextureFormatIntelISPCTexComp (50)
[2016.03.27-16.22.20:145][981]LogModuleManager: Shutting down and abandoning module TextureFormatDXT (49)
[2016.03.27-16.22.20:145][981]LogModuleManager: Shutting down and abandoning module ImageWrapper (48)
[2016.03.27-16.22.20:145][981]LogModuleManager: Shutting down and abandoning module TextureFormatASTC (47)
[2016.03.27-16.22.20:145][981]LogModuleManager: Shutting down and abandoning module TextureFormatAndroid (46)
[2016.03.27-16.22.20:145][981]LogModuleManager: Shutting down and abandoning module AudioFormatOpus (45)
[2016.03.27-16.22.20:145][981]LogModuleManager: Shutting down and abandoning module AudioFormatOgg (44)
[2016.03.27-16.22.20:145][981]LogModuleManager: Shutting down and abandoning module AudioFormatADPCM (43)
[2016.03.27-16.22.20:145][981]LogModuleManager: Shutting down and abandoning module LinuxTargetPlatform (42)
[2016.03.27-16.22.20:145][981]LogModuleManager: Shutting down and abandoning module LinuxServerTargetPlatform (41)
[2016.03.27-16.22.20:145][981]LogModuleManager: Shutting down and abandoning module LinuxNoEditorTargetPlatform (40)
[2016.03.27-16.22.20:145][981]LogModuleManager: Shutting down and abandoning module Messaging (39)
[2016.03.27-16.22.20:145][981]LogModuleManager: Shutting down and abandoning module IOSTargetPlatform (38)
[2016.03.27-16.22.20:145][981]LogModuleManager: Shutting down and abandoning module HTML5TargetPlatform (37)
[2016.03.27-16.22.20:145][981]LogModuleManager: Shutting down and abandoning module Android_PVRTCTargetPlatform (36)
[2016.03.27-16.22.20:145][981]LogModuleManager: Shutting down and abandoning module Android_MultiTargetPlatform (35)
[2016.03.27-16.22.20:145][981]LogModuleManager: Shutting down and abandoning module Android_ETC2TargetPlatform (34)
[2016.03.27-16.22.20:145][981]LogModuleManager: Shutting down and abandoning module Android_ETC1TargetPlatform (33)
[2016.03.27-16.22.20:145][981]LogModuleManager: Shutting down and abandoning module Android_DXTTargetPlatform (32)
[2016.03.27-16.22.20:145][981]LogModuleManager: Shutting down and abandoning module Android_ATCTargetPlatform (31)
[2016.03.27-16.22.20:145][981]LogModuleManager: Shutting down and abandoning module Android_ASTCTargetPlatform (30)
[2016.03.27-16.22.20:145][981]LogModuleManager: Shutting down and abandoning module AndroidTargetPlatform (29)
[2016.03.27-16.22.20:145][981]LogModuleManager: Shutting down and abandoning module WindowsTargetPlatform (28)
[2016.03.27-16.22.20:145][981]LogModuleManager: Shutting down and abandoning module WindowsServerTargetPlatform (27)
[2016.03.27-16.22.20:145][981]LogModuleManager: Shutting down and abandoning module WindowsNoEditorTargetPlatform (26)
[2016.03.27-16.22.20:145][981]LogModuleManager: Shutting down and abandoning module WindowsClientTargetPlatform (25)
[2016.03.27-16.22.20:145][981]LogModuleManager: Shutting down and abandoning module AllDesktopTargetPlatform (24)
[2016.03.27-16.22.20:145][981]LogModuleManager: Shutting down and abandoning module TargetPlatform (23)
[2016.03.27-16.22.20:145][981]LogModuleManager: Shutting down and abandoning module InputCore (22)
[2016.03.27-16.22.20:146][981]LogModuleManager: Shutting down and abandoning module Settings (21)
[2016.03.27-16.22.20:146][981]LogModuleManager: Shutting down and abandoning module OnlineSubsystem (19)
[2016.03.27-16.22.20:146][981]LogModuleManager: Shutting down and abandoning module HTTP (18)
[2016.03.27-16.22.20:146][981]LogModuleManager: Shutting down and abandoning module XMPP (17)
[2016.03.27-16.22.20:146][981]LogModuleManager: Shutting down and abandoning module OculusRift (16)
[2016.03.27-16.22.20:146][981]LogModuleManager: Shutting down and abandoning module ExampleDeviceProfileSelector (15)
[2016.03.27-16.22.20:146][981]LogModuleManager: Shutting down and abandoning module TextureCompressor (14)
[2016.03.27-16.22.20:146][981]LogModuleManager: Shutting down and abandoning module ShaderCore (13)
[2016.03.27-16.22.20:146][981]LogModuleManager: Shutting down and abandoning module Landscape (12)
[2016.03.27-16.22.20:146][981]LogModuleManager: Shutting down and abandoning module SlateRHIRenderer (11)
[2016.03.27-16.22.20:146][981]LogModuleManager: Shutting down and abandoning module OpenGLDrv (10)
[2016.03.27-16.22.20:146][981]LogModuleManager: Shutting down and abandoning module D3D11RHI (9)
[2016.03.27-16.22.20:146][981]LogModuleManager: Shutting down and abandoning module AnimGraphRuntime (8)
[2016.03.27-16.22.20:146][981]LogModuleManager: Shutting down and abandoning module Renderer (7)
[2016.03.27-16.22.20:146][981]LogModuleManager: Shutting down and abandoning module Engine (6)
[2016.03.27-16.22.20:146][981]LogModuleManager: Shutting down and abandoning module CoreUObject (5)
[2016.03.27-16.22.20:146][981]LogModuleManager: Shutting down and abandoning module NetworkFile (4)
[2016.03.27-16.22.20:146][981]LogModuleManager: Shutting down and abandoning module StreamingFile (3)
[2016.03.27-16.22.20:146][981]LogModuleManager: Shutting down and abandoning module SandboxFile (2)
[2016.03.27-16.22.20:146][981]LogModuleManager: Shutting down and abandoning module PakFile (1)
[2016.03.27-16.22.20:148][981]LogExit: Exiting.
[2016.03.27-16.22.20:171][981]Log file closed, 03/27/16 17:22:20
