[2016.03.29-12.15.59:219][  0]Log file open, 03/29/16 13:15:59
[2016.03.29-12.15.59:219][  0]LogInit:Display: Running engine without a game
[2016.03.29-12.15.59:219][  0]LogPlatformFile: Not using cached read wrapper
[2016.03.29-12.15.59:219][  0]LogInit:Display: Loading recent project file: E:/Computing/Unreal/Unreal Projects/GameProject/FpsProject.uproject
[2016.03.29-12.15.59:219][  0]LogInit:Display: RandInit(1984699191) SRandInit(1984699192).
[2016.03.29-12.15.59:219][  0]LogTaskGraph: Started task graph with 4 named threads and 7 total threads.
[2016.03.29-12.15.59:219][  0]LogStats: Stats thread started at 0.071318
[2016.03.29-12.15.59:219][  0]LogInit: Version: 4.10.4-2872498+++depot+UE4-Releases+4.10
[2016.03.29-12.15.59:219][  0]LogInit: API Version: 2758231
[2016.03.29-12.15.59:219][  0]LogInit: Compiled (64-bit): Feb 18 2016 15:47:04
[2016.03.29-12.15.59:219][  0]LogInit: Compiled with Visual C++: 19.00.23026.00
[2016.03.29-12.15.59:219][  0]LogInit: Build Configuration: Development
[2016.03.29-12.15.59:219][  0]LogInit: Branch Name: ++depot+UE4-Releases+4.10
[2016.03.29-12.15.59:219][  0]LogInit: Command line: -EpicPortal 
[2016.03.29-12.15.59:219][  0]LogInit: Base directory: C:/Program Files (x86)/Epic Games/4.10/Engine/Binaries/Win64/
[2016.03.29-12.15.59:219][  0]LogInit: Rocket: 1
[2016.03.29-12.15.59:226][  0]LogInit: Using libcurl 7.41.0
[2016.03.29-12.15.59:226][  0]LogInit:  - built for x86_64-pc-win32
[2016.03.29-12.15.59:226][  0]LogInit:  - supports SSL with WinSSL
[2016.03.29-12.15.59:226][  0]LogInit:  - other features:
[2016.03.29-12.15.59:226][  0]LogInit:      CURL_VERSION_SSL
[2016.03.29-12.15.59:226][  0]LogInit:      CURL_VERSION_IPV6
[2016.03.29-12.15.59:226][  0]LogInit:      CURL_VERSION_ASYNCHDNS
[2016.03.29-12.15.59:226][  0]LogInit:      CURL_VERSION_LARGEFILE
[2016.03.29-12.15.59:226][  0]LogInit:      CURL_VERSION_IDN
[2016.03.29-12.15.59:227][  0]LogInit:  CurlRequestOptions (configurable via config and command line):
[2016.03.29-12.15.59:227][  0]LogInit:  - bVerifyPeer = true  - Libcurl will verify peer certificate
[2016.03.29-12.15.59:227][  0]LogInit:  - bUseHttpProxy = false  - Libcurl will NOT use HTTP proxy
[2016.03.29-12.15.59:227][  0]LogInit:  - bDontReuseConnections = false  - Libcurl will reuse connections
[2016.03.29-12.15.59:227][  0]LogInit:  - CertBundlePath = nullptr  - Libcurl will use whatever was configured at build time.
[2016.03.29-12.15.59:232][  0]LogInit: Presizing for 0 objects not considered by GC, pre-allocating 0 bytes.
[2016.03.29-12.15.59:237][  0]LogInit: Object subsystem initialized
[2016.03.29-12.15.59:237][  0]LogInit: Selected Device Profile: [Windows]
[2016.03.29-12.15.59:237][  0]LogInit: Applying CVar settings loaded from the selected device profile: [Windows]
[2016.03.29-12.15.59:243][  0]LogInit: Computer: CHRIS-PC
[2016.03.29-12.15.59:243][  0]LogInit: User: Chris
[2016.03.29-12.15.59:243][  0]LogInit: CPU Page size=4096, Cores=4
[2016.03.29-12.15.59:243][  0]LogInit: High frequency timer resolution =3.123193 MHz
[2016.03.29-12.15.59:243][  0]LogMemory: Memory total: Physical=7.9GB (8GB approx)
[2016.03.29-12.15.59:243][  0]LogMemory: Platform Memory Stats for Windows
[2016.03.29-12.15.59:243][  0]LogMemory: Process Physical Memory: 56.12 MB used, 56.12 MB peak
[2016.03.29-12.15.59:243][  0]LogMemory: Process Virtual Memory: 58.66 MB used, 58.66 MB peak
[2016.03.29-12.15.59:243][  0]LogMemory: Physical Memory: 3332.70 MB used, 8130.79 MB total
[2016.03.29-12.15.59:243][  0]LogMemory: Virtual Memory: 384.43 MB used, 134217728.00 MB total
[2016.03.29-12.15.59:275][  0]LogTextLocalizationManager: No specific translations for ('en-GB') exist, so ('en') translations will be used.
[2016.03.29-12.15.59:642][  0]LogD3D11RHI: Found D3D11 adapter 0: AMD Radeon HD 7700 Series (Feature Level 11_0)
[2016.03.29-12.15.59:642][  0]LogD3D11RHI: Adapter has 1002MB of dedicated video memory, 0MB of dedicated system memory, and 4065MB of shared system memory, 2 output[s]
[2016.03.29-12.15.59:644][  0]LogD3D11RHI: Found D3D11 adapter 1: Microsoft Basic Render Driver (Feature Level 11_0)
[2016.03.29-12.15.59:644][  0]LogD3D11RHI: Adapter has 0MB of dedicated video memory, 0MB of dedicated system memory, and 4065MB of shared system memory, 0 output[s]
[2016.03.29-12.15.59:644][  0]LogD3D11RHI: Chosen D3D11 Adapter Id = 0
[2016.03.29-12.15.59:647][  0]LogD3D11RHI: !Direct3DDevice
[2016.03.29-12.15.59:647][  0]LogRHI: Texture pool is 701 MB (70% of 1002 MB)
[2016.03.29-12.15.59:653][  0]LogD3D11RHI: Async texture creation disabled: no driver support
[2016.03.29-12.15.59:664][  0]LogShaderCompilers: Guid format shader working directory is -1 characters bigger than the processId version (E:/Computing/Unreal/Unreal Projects/GameProject/Intermediate/Shaders/WorkingDirectory/1616/).
[2016.03.29-12.15.59:665][  0]LogShaderCompilers: Cleaned the shader compiler working directory 'C:/Users/Chris/AppData/Local/Temp/UnrealShaderWorkingDir/320166DE4B8510559F43AFA0989C5582/'.
[2016.03.29-12.15.59:665][  0]LogShaderCompilers:Display: Using Local Shader Compiler.
[2016.03.29-12.16.00:453][  0]LogTemp:Display: Loaded TP AllDesktopTargetPlatform
[2016.03.29-12.16.00:457][  0]LogTemp:Display: Loaded TP WindowsClientTargetPlatform
[2016.03.29-12.16.00:461][  0]LogTemp:Display: Loaded TP WindowsNoEditorTargetPlatform
[2016.03.29-12.16.00:465][  0]LogTemp:Display: Loaded TP WindowsServerTargetPlatform
[2016.03.29-12.16.00:469][  0]LogTemp:Display: Loaded TP WindowsTargetPlatform
[2016.03.29-12.16.00:471][  0]LogTemp:Display: Loaded TP AndroidTargetPlatform
[2016.03.29-12.16.00:474][  0]LogTemp:Display: Loaded TP Android_ASTCTargetPlatform
[2016.03.29-12.16.00:477][  0]LogTemp:Display: Loaded TP Android_ATCTargetPlatform
[2016.03.29-12.16.00:480][  0]LogTemp:Display: Loaded TP Android_DXTTargetPlatform
[2016.03.29-12.16.00:482][  0]LogTemp:Display: Loaded TP Android_ETC1TargetPlatform
[2016.03.29-12.16.00:485][  0]LogTemp:Display: Loaded TP Android_ETC2TargetPlatform
[2016.03.29-12.16.00:490][  0]LogTemp:Display: Loaded TP Android_MultiTargetPlatform
[2016.03.29-12.16.00:490][  0]LogTemp:Display: Loaded TP Android_PVRTCTargetPlatform
[2016.03.29-12.16.00:491][  0]LogTemp:Display: Loaded TP HTML5TargetPlatform
[2016.03.29-12.16.00:507][  0]LogTemp:Display: Loaded TP IOSTargetPlatform
[2016.03.29-12.16.00:509][  0]LogTemp:Display: Loaded TP LinuxNoEditorTargetPlatform
[2016.03.29-12.16.00:512][  0]LogTemp:Display: Loaded TP LinuxServerTargetPlatform
[2016.03.29-12.16.00:515][  0]LogTemp:Display: Loaded TP LinuxTargetPlatform
[2016.03.29-12.16.00:515][  0]LogTargetPlatformManager:Display: Building Assets For Windows
[2016.03.29-12.16.00:588][  0]LogDerivedDataCache:Display: Max Cache Size: 512 MB
[2016.03.29-12.16.00:718][  0]LogDerivedDataCache: Loaded boot cache 0.13s 41MB C:/Users/Chris/AppData/Local/UnrealEngine/4.10/DerivedDataCache/Boot.ddc.
[2016.03.29-12.16.00:718][  0]LogDerivedDataCache:Display: Loaded Boot cache: C:/Users/Chris/AppData/Local/UnrealEngine/4.10/DerivedDataCache/Boot.ddc
[2016.03.29-12.16.00:718][  0]LogDerivedDataCache: FDerivedDataBackendGraph:  Pak pak cache file E:/Computing/Unreal/Unreal Projects/GameProject/DerivedDataCache/DDC.ddp not found, will not use a pak cache.
[2016.03.29-12.16.00:718][  0]LogDerivedDataCache: Unable to find inner node Pak for hierarchical cache Hierarchy.
[2016.03.29-12.16.00:718][  0]LogDerivedDataCache: FDerivedDataBackendGraph:  CompressedPak pak cache file E:/Computing/Unreal/Unreal Projects/GameProject/DerivedDataCache/Compressed.ddp not found, will not use a pak cache.
[2016.03.29-12.16.00:718][  0]LogDerivedDataCache: Unable to find inner node CompressedPak for hierarchical cache Hierarchy.
[2016.03.29-12.16.00:773][  0]LogDerivedDataCache:Display: Pak cache opened for reading ../../../Engine/DerivedDataCache/Compressed.ddp.
[2016.03.29-12.16.00:785][  0]LogDerivedDataCache: Using Local data cache path C:/Users/Chris/AppData/Local/UnrealEngine/Common/DerivedDataCache: Writable
[2016.03.29-12.16.01:105][  0]LogInit: Selected Device Profile: [Windows]
[2016.03.29-12.16.01:107][  0]LogContentStreaming: Texture pool size is 0.000000MB
[2016.03.29-12.16.01:203][  0]LogMeshUtilities: No automatic mesh reduction module available
[2016.03.29-12.16.01:203][  0]LogMeshUtilities: No automatic mesh merging module available
[2016.03.29-12.16.01:426][  0]LogInit: WinSock: version 1.1 (2.2), MaxSocks=32767, MaxUdp=65467
[2016.03.29-12.16.02:784][  0]UdpMessaging: Initializing bridge on interface 0.0.0.0:0 to multicast group 230.0.0.1:6666.
[2016.03.29-12.16.02:917][  0]LogAssetRegistry: FAssetRegistry took 0.0106 seconds to start up
[2016.03.29-12.16.03:060][  0]SourceControl: Info Source control is disabled
[2016.03.29-12.16.03:061][  0]SourceControl: Info Source control is disabled
[2016.03.29-12.16.03:072][  0]SourceControl: Info Source control is disabled
[2016.03.29-12.16.03:083][  0]SourceControl: Info Source control is disabled
[2016.03.29-12.16.03:335][  0]LogObj: 28633 objects as part of root set at end of initial load.
[2016.03.29-12.16.03:335][  0]LogUObjectAllocator: 6099752 out of 0 bytes used by permanent object pool.
[2016.03.29-12.16.03:387][  0]LogEngine: Initializing Engine...
[2016.03.29-12.16.03:390][  0]LogHMD: Can't find Oculus library dev build: is proper Runtime installed? Version: 0.8.0.0
[2016.03.29-12.16.03:391][  0]LogHMD: SteamVR failed to initialize.  Err: 110
[2016.03.29-12.16.03:491][  0]LogAIModule: Creating AISystem for world NewWorld
[2016.03.29-12.16.03:501][  0]LogInit: XAudio2 using 'Speakers (2- High Definition Audio Device)' : 2 channels at 44.1 kHz using 16 bits per sample (channel mask 0x3)
[2016.03.29-12.16.03:521][  0]LogInit: FAudioDevice initialized.
[2016.03.29-12.16.03:547][  0]LogDerivedDataCache: Saved boot cache 0.03s 41MB C:/Users/Chris/AppData/Local/UnrealEngine/4.10/DerivedDataCache/Boot.ddc.
[2016.03.29-12.16.03:552][  0]LogInit: Texture streaming: Enabled
[2016.03.29-12.16.03:557][  0]LogAnalytics: Creating configured Analytics provider AnalyticsET
[2016.03.29-12.16.03:557][  0]LogAnalytics: [UEEditor.Rocket.Release] APIServer = http://et2.epicgames.com/ET2/. AppVersion = 4.10.4-2872498+++depot+UE4-Releases+4.10
[2016.03.29-12.16.03:557][  0]LogAnalytics: [UEEditor.Rocket.Release] SetUserId dda77f1544752f940c33e380f02beeee|581a2f5c95e34dd8b3eca337ee713eb1|baa8d59f-5337-46fd-ab7b-5719df139748
[2016.03.29-12.16.03:557][  0]LogAnalytics: [UEEditor.Rocket.Release] AnalyticsET::StartSession
[2016.03.29-12.16.03:565][  0]LogInit: Transaction tracking system initialized
[2016.03.29-12.16.03:586][  0]BlueprintLog: New page: Editor Load
[2016.03.29-12.16.03:655][  0]LocalizationService: Info Localization service is disabled
[2016.03.29-12.16.03:732][  0]LogConsoleResponse:Display: 
[2016.03.29-12.16.03:835][  0]LogCook:Display: Done creating registry. It took  0.00s.
[2016.03.29-12.16.03:892][  0]LogFileCache: Scanning file cache for directory 'E:/Computing/Unreal/Unreal Projects/GameProject/Content/' took 0.01s
[2016.03.29-12.16.03:892][  0]SourceControl: Info Source control is disabled
[2016.03.29-12.16.03:892][  0]Cmd: MAP LOAD FILE="E:/Computing/Unreal/Unreal Projects/GameProject/Content/Maps/Arena.umap" TEMPLATE=0 SHOWPROGRESS=1 FEATURELEVEL=3
[2016.03.29-12.16.03:893][  0]LightingResults: New page: Lighting Build
[2016.03.29-12.16.03:895][  0]MapCheck: New page: Map Check
[2016.03.29-12.16.03:895][  0]LightingResults: New page: Lighting Build
[2016.03.29-12.16.03:905][  0]LogParticles: Destroying 0 GPU particle simulations for FXSystem 0x00000210B0F03B00
[2016.03.29-12.16.04:346][  0]LogAIModule: Creating AISystem for world Arena
[2016.03.29-12.16.04:350][  0]LogEditorServer: Finished looking for orphan Actors (0.000 secs)
[2016.03.29-12.16.04:351][  0]Cmd: MAP CHECKDEP NOCLEARLOG
[2016.03.29-12.16.04:433][  0]MapCheck: Info Map check complete: 0 Error(s), 0 Warning(s), took 82.461ms to complete.
[2016.03.29-12.16.04:433][  0]LogFileHelpers: Loading map 'Arena' took 0.541
[2016.03.29-12.16.04:541][  0]LogCollectionManager: Loaded 0 collections in 0.001464 seconds
[2016.03.29-12.16.04:596][  0]LogFileCache: Scanning file cache for directory 'E:/Computing/Unreal/Unreal Projects/GameProject/Saved/Collections/' took 0.01s
[2016.03.29-12.16.04:596][  0]LogFileCache: Scanning file cache for directory 'E:/Computing/Unreal/Unreal Projects/GameProject/Content/Developers/Chris/Collections/' took 0.01s
[2016.03.29-12.16.04:596][  0]LogFileCache: Scanning file cache for directory 'E:/Computing/Unreal/Unreal Projects/GameProject/Content/Collections/' took 0.01s
[2016.03.29-12.16.04:596][  0]LogCollectionManager: Rebuilt the GUID cache for 0 collections in 0.000004 seconds
[2016.03.29-12.16.04:610][  0]LogContentBrowser: Native class hierarchy populated in 0.0136 seconds. Added 1893 classes and 338 folders.
[2016.03.29-12.16.04:617][  0]LogContentBrowser: Native class hierarchy updated for 'WidgetCarousel' in 0.0004 seconds. Added 0 classes and 0 folders.
[2016.03.29-12.16.04:734][  0]LogContentBrowser: Native class hierarchy updated for 'AddContentDialog' in 0.0003 seconds. Added 0 classes and 0 folders.
[2016.03.29-12.16.04:738][  0]LogContentBrowser: Native class hierarchy updated for 'SceneOutliner' in 0.0003 seconds. Added 1 classes and 2 folders.
[2016.03.29-12.16.04:781][  0]LogCrashTracker: Crashtracker disabled due to settings.
[2016.03.29-12.16.04:786][  0]LogUObjectGlobals:Warning: Failed to find object 'Class None.'
[2016.03.29-12.16.04:809][  0]LogLoad: Full Startup: 5.95 seconds (BP compile: 0.10 seconds)
[2016.03.29-12.16.04:818][  0]LogWindowsTextInputMethodSystem:Display: IME system now deactivated.
[2016.03.29-12.16.04:821][  0]LogOcInput: Can't find Oculus library dev build: is proper Runtime installed? Version: 0.8.0.0
[2016.03.29-12.16.04:865][  0]LogContentStreaming: Texture pool size now 1000 MB
[2016.03.29-12.16.04:986][  0]LogRenderer: Reallocating scene render targets to support 1208x572 (Frame:2).
[2016.03.29-12.16.05:325][  4]LogAssetRegistry: Asset discovery search completed in 2.4184 seconds
[2016.03.29-12.16.05:325][  4]LogCollectionManager: Rebuilt the object cache for 0 collections in 0.000001 seconds (found 0 objects)
[2016.03.29-12.16.05:325][  4]LogCollectionManager: Fixed up redirectors for 0 collections in 0.000015 seconds (updated 0 objects)
[2016.03.29-12.16.07:365][176]LogBlueprintUserMessages: Early PlayInEditor Detection: Level '/Game/Maps/Arena.Arena:PersistentLevel' has LevelScriptBlueprint '/Game/Maps/Arena.Arena:PersistentLevel.Arena' with GeneratedClass '/Game/Maps/Arena.Arena_C' with ClassGeneratedBy '/Game/Maps/Arena.Arena:PersistentLevel.Arena'
[2016.03.29-12.16.07:365][176]LogPlayLevel: PlayLevel: No blueprints needed recompiling
[2016.03.29-12.16.07:365][176]PIE: New page: PIE session: Arena (29 Mar 2016 14:16:07)
[2016.03.29-12.16.07:365][176]LogPlayLevel: Creating play world package: /Game/Maps/UEDPIE_0_Arena
[2016.03.29-12.16.07:367][176]LogPlayLevel: PIE: StaticDuplicateObject took: (0.001970s)
[2016.03.29-12.16.07:368][176]LogAIModule: Creating AISystem for world Arena
[2016.03.29-12.16.07:368][176]LogPlayLevel: PIE: World Init took: (0.000472s)
[2016.03.29-12.16.07:368][176]LogPlayLevel: PIE: Created PIE world by copying editor world from /Game/Maps/Arena.Arena to /Game/Maps/UEDPIE_0_Arena.Arena (0.002601s)
[2016.03.29-12.16.07:368][176]LogActorComponent: UnregisterComponent: (/Engine/Transient.ProjectileMovementComponent_40__A6522401) Not registered. Aborting.
[2016.03.29-12.16.07:396][176]LogInit: XAudio2 using 'Speakers (2- High Definition Audio Device)' : 2 channels at 44.1 kHz using 16 bits per sample (channel mask 0x3)
[2016.03.29-12.16.07:402][176]LogInit: FAudioDevice initialized.
[2016.03.29-12.16.07:445][176]LogWorld: Game class is 'FirstPersonGameMode_C'
[2016.03.29-12.16.07:448][176]LogWorld: Bringing World /Game/Maps/UEDPIE_0_Arena.Arena up for play (max tick rate 0) at 2016.03.29-13.16.07
[2016.03.29-12.16.07:448][176]LogActor:Warning: GameSession /Game/Maps/UEDPIE_0_Arena.Arena:PersistentLevel.GameSession_0 has natively added scene component(s), but none of them were set as the actor's RootComponent - picking one arbitrarily
[2016.03.29-12.16.07:448][176]LogActor:Warning: GameNetworkManager /Game/Maps/UEDPIE_0_Arena.Arena:PersistentLevel.GameNetworkManager_0 has natively added scene component(s), but none of them were set as the actor's RootComponent - picking one arbitrarily
[2016.03.29-12.16.07:448][176]LogWorld: Bringing up level for play took: 0.001777
[2016.03.29-12.16.07:451][176]PIE: Info Play in editor start time for /Game/Maps/UEDPIE_0_Arena 0.607
[2016.03.29-12.16.07:451][176]LogBlueprintUserMessages: Late PlayInEditor Detection: Level '/Game/Maps/Arena.Arena:PersistentLevel' has LevelScriptBlueprint '/Game/Maps/Arena.Arena:PersistentLevel.Arena' with GeneratedClass '/Game/Maps/Arena.Arena_C' with ClassGeneratedBy '/Game/Maps/Arena.Arena:PersistentLevel.Arena'
[2016.03.29-12.16.09:137][350]LogBlueprintUserMessages: Early EndPlayMap Detection: Level '/Game/Maps/Arena.Arena:PersistentLevel' has LevelScriptBlueprint '/Game/Maps/Arena.Arena:PersistentLevel.Arena' with GeneratedClass '/Game/Maps/Arena.Arena_C' with ClassGeneratedBy '/Game/Maps/Arena.Arena:PersistentLevel.Arena'
[2016.03.29-12.16.09:174][350]LogBlueprintUserMessages: Late EndPlayMap Detection: Level '/Game/Maps/Arena.Arena:PersistentLevel' has LevelScriptBlueprint '/Game/Maps/Arena.Arena:PersistentLevel.Arena' with GeneratedClass '/Game/Maps/Arena.Arena_C' with ClassGeneratedBy '/Game/Maps/Arena.Arena:PersistentLevel.Arena'
[2016.03.29-12.16.09:186][350]LogParticles: Destroying 0 GPU particle simulations for FXSystem 0x0000021093DB0220
[2016.03.29-12.21.46:184][756]Cmd: OBJ SAVEPACKAGE PACKAGE="/Game/Maps/Arena" FILE="E:/Computing/Unreal/Unreal Projects/GameProject/Content/Maps/Arena.umap" SILENT=true AUTOSAVING=false KEEPDIRTY=false
[2016.03.29-12.21.46:457][756]LogSavePackage: Save=249.758820ms
[2016.03.29-12.21.46:457][756]LogSavePackage: Moving 'E:/Computing/Unreal/Unreal Projects/GameProject/Saved/ArenaEB3CA71243456E73777D6680D7843F3A.tmp' to 'E:/Computing/Unreal/Unreal Projects/GameProject/Content/Maps/Arena.umap'
[2016.03.29-12.21.46:459][756]LogSavePackage: Total save time: 265.063349ms
[2016.03.29-12.21.46:459][756]LogSavePackage:Display: Finished SavePackage E:/Computing/Unreal/Unreal Projects/GameProject/Content/Maps/Arena.umap
[2016.03.29-12.21.46:479][756]LogFileHelpers: Saving map 'Arena' took 0.393
[2016.03.29-12.21.59:674][812]LogActorComponent: UnregisterComponent: (/Engine/Transient.ProjectileMovementComponent_40__A6522401) Not registered. Aborting.
[2016.03.29-12.22.02:508][ 60]LogBlueprintUserMessages: Early PlayInEditor Detection: Level '/Game/Maps/Arena.arena:PersistentLevel' has LevelScriptBlueprint '/Game/Maps/Arena.arena:PersistentLevel.arena' with GeneratedClass '/Game/Maps/Arena.arena_C' with ClassGeneratedBy '/Game/Maps/Arena.arena:PersistentLevel.arena'
[2016.03.29-12.22.02:508][ 60]LogPlayLevel: PlayLevel: No blueprints needed recompiling
[2016.03.29-12.22.02:508][ 60]PIE: New page: PIE session: Arena (29 Mar 2016 14:22:02)
[2016.03.29-12.22.02:508][ 60]LogPlayLevel: Creating play world package: /Game/Maps/UEDPIE_0_Arena
[2016.03.29-12.22.02:510][ 60]LogPlayLevel: PIE: StaticDuplicateObject took: (0.002182s)
[2016.03.29-12.22.02:511][ 60]LogAIModule: Creating AISystem for world arena
[2016.03.29-12.22.02:511][ 60]LogPlayLevel: PIE: World Init took: (0.000620s)
[2016.03.29-12.22.02:511][ 60]LogPlayLevel: PIE: Created PIE world by copying editor world from /Game/Maps/Arena.arena to /Game/Maps/UEDPIE_0_Arena.arena (0.002955s)
[2016.03.29-12.22.02:529][ 60]LogInit: XAudio2 using 'Speakers (2- High Definition Audio Device)' : 2 channels at 44.1 kHz using 16 bits per sample (channel mask 0x3)
[2016.03.29-12.22.02:538][ 60]LogInit: FAudioDevice initialized.
[2016.03.29-12.22.02:572][ 60]LogWorld: Game class is 'FirstPersonGameMode_C'
[2016.03.29-12.22.02:575][ 60]LogWorld: Bringing World /Game/Maps/UEDPIE_0_Arena.arena up for play (max tick rate 0) at 2016.03.29-13.22.02
[2016.03.29-12.22.02:575][ 60]LogActor:Warning: GameSession /Game/Maps/UEDPIE_0_Arena.arena:PersistentLevel.GameSession_1 has natively added scene component(s), but none of them were set as the actor's RootComponent - picking one arbitrarily
[2016.03.29-12.22.02:575][ 60]LogActor:Warning: GameNetworkManager /Game/Maps/UEDPIE_0_Arena.arena:PersistentLevel.GameNetworkManager_1 has natively added scene component(s), but none of them were set as the actor's RootComponent - picking one arbitrarily
[2016.03.29-12.22.02:576][ 60]LogWorld: Bringing up level for play took: 0.002070
[2016.03.29-12.22.02:579][ 60]PIE: Info Play in editor start time for /Game/Maps/UEDPIE_0_Arena -0.266
[2016.03.29-12.22.02:579][ 60]LogBlueprintUserMessages: Late PlayInEditor Detection: Level '/Game/Maps/Arena.arena:PersistentLevel' has LevelScriptBlueprint '/Game/Maps/Arena.arena:PersistentLevel.arena' with GeneratedClass '/Game/Maps/Arena.arena_C' with ClassGeneratedBy '/Game/Maps/Arena.arena:PersistentLevel.arena'
[2016.03.29-12.22.07:871][612]LogBlueprintUserMessages: Early EndPlayMap Detection: Level '/Game/Maps/Arena.arena:PersistentLevel' has LevelScriptBlueprint '/Game/Maps/Arena.arena:PersistentLevel.arena' with GeneratedClass '/Game/Maps/Arena.arena_C' with ClassGeneratedBy '/Game/Maps/Arena.arena:PersistentLevel.arena'
[2016.03.29-12.22.07:905][612]LogBlueprintUserMessages: Late EndPlayMap Detection: Level '/Game/Maps/Arena.arena:PersistentLevel' has LevelScriptBlueprint '/Game/Maps/Arena.arena:PersistentLevel.arena' with GeneratedClass '/Game/Maps/Arena.arena_C' with ClassGeneratedBy '/Game/Maps/Arena.arena:PersistentLevel.arena'
[2016.03.29-12.22.07:927][613]LogParticles: Destroying 0 GPU particle simulations for FXSystem 0x00000210A3A913A0
[2016.03.29-12.22.13:986][102]LogEditorViewport: Clicking on Actor (LMB): StaticMeshActor (Floor)
[2016.03.29-12.22.22:460][745]LogBlueprintUserMessages: Early PlayInEditor Detection: Level '/Game/Maps/Arena.arena:PersistentLevel' has LevelScriptBlueprint '/Game/Maps/Arena.arena:PersistentLevel.arena' with GeneratedClass '/Game/Maps/Arena.arena_C' with ClassGeneratedBy '/Game/Maps/Arena.arena:PersistentLevel.arena'
[2016.03.29-12.22.22:460][745]LogPlayLevel: PlayLevel: No blueprints needed recompiling
[2016.03.29-12.22.22:460][745]PIE: New page: PIE session: Arena (29 Mar 2016 14:22:22)
[2016.03.29-12.22.22:460][745]LogPlayLevel: Creating play world package: /Game/Maps/UEDPIE_0_Arena
[2016.03.29-12.22.22:463][745]LogPlayLevel: PIE: StaticDuplicateObject took: (0.002047s)
[2016.03.29-12.22.22:463][745]LogAIModule: Creating AISystem for world arena
[2016.03.29-12.22.22:463][745]LogPlayLevel: PIE: World Init took: (0.000594s)
[2016.03.29-12.22.22:464][745]LogPlayLevel: PIE: Created PIE world by copying editor world from /Game/Maps/Arena.arena to /Game/Maps/UEDPIE_0_Arena.arena (0.002800s)
[2016.03.29-12.22.22:464][745]LogActorComponent: UnregisterComponent: (/Engine/Transient.ProjectileMovementComponent_40__A6522401) Not registered. Aborting.
[2016.03.29-12.22.22:464][745]LogActorComponent: UnregisterComponent: (/Engine/Transient.CharMoveComp) Not registered. Aborting.
[2016.03.29-12.22.22:483][745]LogInit: XAudio2 using 'Speakers (2- High Definition Audio Device)' : 2 channels at 44.1 kHz using 16 bits per sample (channel mask 0x3)
[2016.03.29-12.22.22:490][745]LogInit: FAudioDevice initialized.
[2016.03.29-12.22.22:522][745]LogWorld: Game class is 'FirstPersonGameMode_C'
[2016.03.29-12.22.22:524][745]LogWorld: Bringing World /Game/Maps/UEDPIE_0_Arena.arena up for play (max tick rate 0) at 2016.03.29-13.22.22
[2016.03.29-12.22.22:524][745]LogActor:Warning: GameSession /Game/Maps/UEDPIE_0_Arena.arena:PersistentLevel.GameSession_2 has natively added scene component(s), but none of them were set as the actor's RootComponent - picking one arbitrarily
[2016.03.29-12.22.22:524][745]LogActor:Warning: GameNetworkManager /Game/Maps/UEDPIE_0_Arena.arena:PersistentLevel.GameNetworkManager_2 has natively added scene component(s), but none of them were set as the actor's RootComponent - picking one arbitrarily
[2016.03.29-12.22.22:524][745]LogWorld: Bringing up level for play took: 0.001735
[2016.03.29-12.22.22:527][745]PIE: Info Play in editor start time for /Game/Maps/UEDPIE_0_Arena -0.318
[2016.03.29-12.22.22:527][745]LogBlueprintUserMessages: Late PlayInEditor Detection: Level '/Game/Maps/Arena.arena:PersistentLevel' has LevelScriptBlueprint '/Game/Maps/Arena.arena:PersistentLevel.arena' with GeneratedClass '/Game/Maps/Arena.arena_C' with ClassGeneratedBy '/Game/Maps/Arena.arena:PersistentLevel.arena'
[2016.03.29-12.22.26:676][185]LogBlueprintUserMessages: Early EndPlayMap Detection: Level '/Game/Maps/Arena.arena:PersistentLevel' has LevelScriptBlueprint '/Game/Maps/Arena.arena:PersistentLevel.arena' with GeneratedClass '/Game/Maps/Arena.arena_C' with ClassGeneratedBy '/Game/Maps/Arena.arena:PersistentLevel.arena'
[2016.03.29-12.22.26:725][185]LogBlueprintUserMessages: Late EndPlayMap Detection: Level '/Game/Maps/Arena.arena:PersistentLevel' has LevelScriptBlueprint '/Game/Maps/Arena.arena:PersistentLevel.arena' with GeneratedClass '/Game/Maps/Arena.arena_C' with ClassGeneratedBy '/Game/Maps/Arena.arena:PersistentLevel.arena'
[2016.03.29-12.22.26:737][185]LogParticles: Destroying 0 GPU particle simulations for FXSystem 0x00000210A201DD00
[2016.03.29-12.35.56:516][119]LogBlueprintUserMessages: Early PlayInEditor Detection: Level '/Game/Maps/Arena.arena:PersistentLevel' has LevelScriptBlueprint '/Game/Maps/Arena.arena:PersistentLevel.arena' with GeneratedClass '/Game/Maps/Arena.arena_C' with ClassGeneratedBy '/Game/Maps/Arena.arena:PersistentLevel.arena'
[2016.03.29-12.35.56:516][119]LogPlayLevel: PlayLevel: No blueprints needed recompiling
[2016.03.29-12.35.56:516][119]PIE: New page: PIE session: Arena (29 Mar 2016 14:35:56)
[2016.03.29-12.35.56:516][119]LogPlayLevel: Creating play world package: /Game/Maps/UEDPIE_0_Arena
[2016.03.29-12.35.56:519][119]LogPlayLevel: PIE: StaticDuplicateObject took: (0.002370s)
[2016.03.29-12.35.56:519][119]LogAIModule: Creating AISystem for world arena
[2016.03.29-12.35.56:520][119]LogPlayLevel: PIE: World Init took: (0.000782s)
[2016.03.29-12.35.56:520][119]LogPlayLevel: PIE: Created PIE world by copying editor world from /Game/Maps/Arena.arena to /Game/Maps/UEDPIE_0_Arena.arena (0.003338s)
[2016.03.29-12.35.56:542][119]LogInit: XAudio2 using 'Speakers (2- High Definition Audio Device)' : 2 channels at 44.1 kHz using 16 bits per sample (channel mask 0x3)
[2016.03.29-12.35.56:550][119]LogInit: FAudioDevice initialized.
[2016.03.29-12.35.56:583][119]LogWorld: Game class is 'FirstPersonGameMode_C'
[2016.03.29-12.35.56:586][119]LogWorld: Bringing World /Game/Maps/UEDPIE_0_Arena.arena up for play (max tick rate 0) at 2016.03.29-13.35.56
[2016.03.29-12.35.56:586][119]LogActor:Warning: GameSession /Game/Maps/UEDPIE_0_Arena.arena:PersistentLevel.GameSession_3 has natively added scene component(s), but none of them were set as the actor's RootComponent - picking one arbitrarily
[2016.03.29-12.35.56:586][119]LogActor:Warning: GameNetworkManager /Game/Maps/UEDPIE_0_Arena.arena:PersistentLevel.GameNetworkManager_3 has natively added scene component(s), but none of them were set as the actor's RootComponent - picking one arbitrarily
[2016.03.29-12.35.56:586][119]LogWorld: Bringing up level for play took: 0.001915
[2016.03.29-12.35.56:589][119]PIE: Info Play in editor start time for /Game/Maps/UEDPIE_0_Arena -0.255
[2016.03.29-12.35.56:589][119]LogBlueprintUserMessages: Late PlayInEditor Detection: Level '/Game/Maps/Arena.arena:PersistentLevel' has LevelScriptBlueprint '/Game/Maps/Arena.arena:PersistentLevel.arena' with GeneratedClass '/Game/Maps/Arena.arena_C' with ClassGeneratedBy '/Game/Maps/Arena.arena:PersistentLevel.arena'
[2016.03.29-12.35.57:918][252]LogBlueprintUserMessages: Early EndPlayMap Detection: Level '/Game/Maps/Arena.arena:PersistentLevel' has LevelScriptBlueprint '/Game/Maps/Arena.arena:PersistentLevel.arena' with GeneratedClass '/Game/Maps/Arena.arena_C' with ClassGeneratedBy '/Game/Maps/Arena.arena:PersistentLevel.arena'
[2016.03.29-12.35.57:963][252]LogBlueprintUserMessages: Late EndPlayMap Detection: Level '/Game/Maps/Arena.arena:PersistentLevel' has LevelScriptBlueprint '/Game/Maps/Arena.arena:PersistentLevel.arena' with GeneratedClass '/Game/Maps/Arena.arena_C' with ClassGeneratedBy '/Game/Maps/Arena.arena:PersistentLevel.arena'
[2016.03.29-12.35.57:995][253]LogParticles: Destroying 0 GPU particle simulations for FXSystem 0x00000210A71D2160
[2016.03.29-12.44.25:508][148]LogBlueprintUserMessages: Early PlayInEditor Detection: Level '/Game/Maps/Arena.arena:PersistentLevel' has LevelScriptBlueprint '/Game/Maps/Arena.arena:PersistentLevel.arena' with GeneratedClass '/Game/Maps/Arena.arena_C' with ClassGeneratedBy '/Game/Maps/Arena.arena:PersistentLevel.arena'
[2016.03.29-12.44.25:508][148]LogPlayLevel: PlayLevel: No blueprints needed recompiling
[2016.03.29-12.44.25:508][148]PIE: New page: PIE session: Arena (29 Mar 2016 14:44:25)
[2016.03.29-12.44.25:508][148]LogPlayLevel: Creating play world package: /Game/Maps/UEDPIE_0_Arena
[2016.03.29-12.44.25:511][148]LogPlayLevel: PIE: StaticDuplicateObject took: (0.002284s)
[2016.03.29-12.44.25:511][148]LogAIModule: Creating AISystem for world arena
[2016.03.29-12.44.25:512][148]LogPlayLevel: PIE: World Init took: (0.000807s)
[2016.03.29-12.44.25:512][148]LogPlayLevel: PIE: Created PIE world by copying editor world from /Game/Maps/Arena.arena to /Game/Maps/UEDPIE_0_Arena.arena (0.003300s)
[2016.03.29-12.44.25:512][148]LogActorComponent: UnregisterComponent: (/Engine/Transient.ProjectileMovementComponent_40__A6522401) Not registered. Aborting.
[2016.03.29-12.44.25:512][148]LogActorComponent: UnregisterComponent: (/Engine/Transient.CharMoveComp) Not registered. Aborting.
[2016.03.29-12.44.25:530][148]LogInit: XAudio2 using 'Speakers (2- High Definition Audio Device)' : 2 channels at 44.1 kHz using 16 bits per sample (channel mask 0x3)
[2016.03.29-12.44.25:536][148]LogInit: FAudioDevice initialized.
[2016.03.29-12.44.25:565][148]LogWorld: Game class is 'FirstPersonGameMode_C'
[2016.03.29-12.44.25:568][148]LogWorld: Bringing World /Game/Maps/UEDPIE_0_Arena.arena up for play (max tick rate 0) at 2016.03.29-13.44.25
[2016.03.29-12.44.25:568][148]LogActor:Warning: GameSession /Game/Maps/UEDPIE_0_Arena.arena:PersistentLevel.GameSession_4 has natively added scene component(s), but none of them were set as the actor's RootComponent - picking one arbitrarily
[2016.03.29-12.44.25:569][148]LogActor:Warning: GameNetworkManager /Game/Maps/UEDPIE_0_Arena.arena:PersistentLevel.GameNetworkManager_4 has natively added scene component(s), but none of them were set as the actor's RootComponent - picking one arbitrarily
[2016.03.29-12.44.25:569][148]LogWorld: Bringing up level for play took: 0.001963
[2016.03.29-12.44.25:571][148]PIE: Info Play in editor start time for /Game/Maps/UEDPIE_0_Arena 0.727
[2016.03.29-12.44.25:571][148]LogBlueprintUserMessages: Late PlayInEditor Detection: Level '/Game/Maps/Arena.arena:PersistentLevel' has LevelScriptBlueprint '/Game/Maps/Arena.arena:PersistentLevel.arena' with GeneratedClass '/Game/Maps/Arena.arena_C' with ClassGeneratedBy '/Game/Maps/Arena.arena:PersistentLevel.arena'
[2016.03.29-12.44.26:646][262]LogBlueprintUserMessages: Early EndPlayMap Detection: Level '/Game/Maps/Arena.arena:PersistentLevel' has LevelScriptBlueprint '/Game/Maps/Arena.arena:PersistentLevel.arena' with GeneratedClass '/Game/Maps/Arena.arena_C' with ClassGeneratedBy '/Game/Maps/Arena.arena:PersistentLevel.arena'
[2016.03.29-12.44.26:691][262]LogBlueprintUserMessages: Late EndPlayMap Detection: Level '/Game/Maps/Arena.arena:PersistentLevel' has LevelScriptBlueprint '/Game/Maps/Arena.arena:PersistentLevel.arena' with GeneratedClass '/Game/Maps/Arena.arena_C' with ClassGeneratedBy '/Game/Maps/Arena.arena:PersistentLevel.arena'
[2016.03.29-12.44.26:702][262]LogParticles: Destroying 0 GPU particle simulations for FXSystem 0x00000210A71D2980
[2016.03.29-12.51.33:401][324]Cmd: QUIT_EDITOR
[2016.03.29-12.51.33:892][324]LogWindowsTextInputMethodSystem:Display: IME system now deactivated.
[2016.03.29-12.51.33:975][324]LogExit: Preparing to exit.
[2016.03.29-12.51.34:388][324]LogExit: Editor shut down
[2016.03.29-12.51.34:389][324]LogExit: Transaction tracking system shut down
[2016.03.29-12.51.34:391][324]LogParticles: Destroying 0 GPU particle simulations for FXSystem 0x00000210A2B82660
[2016.03.29-12.51.34:391][324]LogParticles: Destroying 0 GPU particle simulations for FXSystem 0x00000210B8D223E0
[2016.03.29-12.51.34:391][324]LogParticles: Destroying 0 GPU particle simulations for FXSystem 0x00000210B8B1AC00
[2016.03.29-12.51.34:512][324]LogParticles: Destroying 0 GPU particle simulations for FXSystem 0x00000210A2164360
[2016.03.29-12.51.34:512][324]LogParticles: Destroying 0 GPU particle simulations for FXSystem 0x00000210A2167920
[2016.03.29-12.51.34:512][324]LogExit: Object subsystem successfully closed.
[2016.03.29-12.51.34:523][324]LogD3D11RHI: Shutdown
[2016.03.29-12.51.34:523][324]LogD3D11RHI: CleanupD3DDevice
[2016.03.29-12.51.34:576][324]LogD3D11RHI: ~FD3D11DynamicRHI
[2016.03.29-12.51.34:599][324]LogModuleManager: Shutting down and abandoning module ExternalImagePicker (200)
[2016.03.29-12.51.34:599][324]LogModuleManager: Shutting down and abandoning module CookingStats (199)
[2016.03.29-12.51.34:599][324]LogModuleManager: Shutting down and abandoning module CrashTracker (198)
[2016.03.29-12.51.34:599][324]LogModuleManager: Shutting down and abandoning module SceneOutliner (197)
[2016.03.29-12.51.34:599][324]LogModuleManager: Shutting down and abandoning module SuperSearch (196)
[2016.03.29-12.51.34:599][324]LogModuleManager: Shutting down and abandoning module WidgetCarousel (195)
[2016.03.29-12.51.34:599][324]LogModuleManager: Shutting down and abandoning module AddContentDialog (194)
[2016.03.29-12.51.34:602][324]LogModuleManager: Shutting down and abandoning module EditorWidgets (193)
[2016.03.29-12.51.34:602][324]LogModuleManager: Shutting down and abandoning module CollectionManager (192)
[2016.03.29-12.51.34:602][324]LogModuleManager: Shutting down and abandoning module StatsViewer (191)
[2016.03.29-12.51.34:602][324]LogModuleManager: Shutting down and abandoning module FoliageEdit (190)
[2016.03.29-12.51.34:602][324]LogModuleManager: Shutting down and abandoning module LandscapeEditor (189)
[2016.03.29-12.51.34:602][324]LogModuleManager: Shutting down and abandoning module ActorPickerMode (188)
[2016.03.29-12.51.34:602][324]LogModuleManager: Shutting down and abandoning module GeometryMode (187)
[2016.03.29-12.51.34:602][324]LogModuleManager: Shutting down and abandoning module TextureAlignMode (186)
[2016.03.29-12.51.34:602][324]LogModuleManager: Shutting down and abandoning module BspMode (185)
[2016.03.29-12.51.34:602][324]LogModuleManager: Shutting down and abandoning module PlacementMode (184)
[2016.03.29-12.51.34:602][324]LogModuleManager: Shutting down and abandoning module AutomationWorker (183)
[2016.03.29-12.51.34:602][324]LogModuleManager: Shutting down and abandoning module CharacterAI (182)
[2016.03.29-12.51.34:602][324]LogModuleManager: Shutting down and abandoning module SmartSnapping (181)
[2016.03.29-12.51.34:602][324]LogModuleManager: Shutting down and abandoning module ViewportSnapping (180)
[2016.03.29-12.51.34:602][324]LogModuleManager: Shutting down and abandoning module LogVisualizer (179)
[2016.03.29-12.51.34:602][324]LogModuleManager: Shutting down and abandoning module GameProjectGeneration (178)
[2016.03.29-12.51.34:602][324]LogModuleManager: Shutting down and abandoning module IntroTutorials (177)
[2016.03.29-12.51.34:602][324]LogModuleManager: Shutting down and abandoning module EditorLiveStreaming (176)
[2016.03.29-12.51.34:602][324]LogModuleManager: Shutting down and abandoning module IOSPlatformEditor (175)
[2016.03.29-12.51.34:602][324]LogModuleManager: Shutting down and abandoning module HTML5PlatformEditor (174)
[2016.03.29-12.51.34:602][324]LogModuleManager: Shutting down and abandoning module AndroidDeviceDetection (173)
[2016.03.29-12.51.35:350][324]LogModuleManager: Shutting down and abandoning module AndroidPlatformEditor (172)
[2016.03.29-12.51.35:350][324]LogModuleManager: Shutting down and abandoning module IOSRuntimeSettings (171)
[2016.03.29-12.51.35:350][324]LogModuleManager: Shutting down and abandoning module AndroidRuntimeSettings (170)
[2016.03.29-12.51.35:350][324]LogModuleManager: Shutting down and abandoning module MergeActors (169)
[2016.03.29-12.51.35:350][324]LogModuleManager: Shutting down and abandoning module SizeMap (168)
[2016.03.29-12.51.35:350][324]LogModuleManager: Shutting down and abandoning module TreeMap (167)
[2016.03.29-12.51.35:350][324]LogModuleManager: Shutting down and abandoning module ReferenceViewer (166)
[2016.03.29-12.51.35:350][324]LogModuleManager: Shutting down and abandoning module LocalizationService (165)
[2016.03.29-12.51.35:350][324]LogModuleManager: Shutting down and abandoning module LocalizationDashboard (164)
[2016.03.29-12.51.35:351][324]LogModuleManager: Shutting down and abandoning module HardwareTargeting (163)
[2016.03.29-12.51.35:351][324]LogModuleManager: Shutting down and abandoning module DeviceProfileEditor (162)
[2016.03.29-12.51.35:351][324]LogModuleManager: Shutting down and abandoning module UndoHistory (161)
[2016.03.29-12.51.35:351][324]LogModuleManager: Shutting down and abandoning module GameplayTagsEditor (160)
[2016.03.29-12.51.35:351][324]LogModuleManager: Shutting down and abandoning module UserFeedback (159)
[2016.03.29-12.51.35:351][324]LogModuleManager: Shutting down and abandoning module XmlParser (158)
[2016.03.29-12.51.35:351][324]LogModuleManager: Shutting down and abandoning module Blutility (157)
[2016.03.29-12.51.35:351][324]LogModuleManager: Shutting down and abandoning module ProjectTargetPlatformEditor (156)
[2016.03.29-12.51.35:351][324]LogModuleManager: Shutting down and abandoning module ProjectSettingsViewer (155)
[2016.03.29-12.51.35:351][324]LogModuleManager: Shutting down and abandoning module InputBindingEditor (154)
[2016.03.29-12.51.35:351][324]LogModuleManager: Shutting down and abandoning module EditorSettingsViewer (153)
[2016.03.29-12.51.35:351][324]LogModuleManager: Shutting down and abandoning module SettingsEditor (152)
[2016.03.29-12.51.35:351][324]LogModuleManager: Shutting down and abandoning module ProjectLauncher (151)
[2016.03.29-12.51.35:351][324]LogModuleManager: Shutting down and abandoning module SessionFrontend (150)
[2016.03.29-12.51.35:351][324]LogModuleManager: Shutting down and abandoning module ProfilerClient (149)
[2016.03.29-12.51.35:351][324]LogModuleManager: Shutting down and abandoning module TargetDeviceServices (148)
[2016.03.29-12.51.35:351][324]LogModuleManager: Shutting down and abandoning module DeviceManager (147)
[2016.03.29-12.51.35:351][324]LogModuleManager: Shutting down and abandoning module AutomationController (146)
[2016.03.29-12.51.35:351][324]LogModuleManager: Shutting down and abandoning module AutomationWindow (145)
[2016.03.29-12.51.35:351][324]LogModuleManager: Shutting down and abandoning module Layers (144)
[2016.03.29-12.51.35:351][324]LogModuleManager: Shutting down and abandoning module ComponentVisualizers (143)
[2016.03.29-12.51.35:351][324]LogModuleManager: Shutting down and abandoning module DetailCustomizations (142)
[2016.03.29-12.51.35:351][324]LogModuleManager: Shutting down and abandoning module PackagesDialog (141)
[2016.03.29-12.51.35:352][324]LogModuleManager: Shutting down and abandoning module Persona (140)
[2016.03.29-12.51.35:352][324]LogModuleManager: Shutting down and abandoning module Kismet (139)
[2016.03.29-12.51.35:352][324]LogModuleManager: Shutting down and abandoning module GraphEditor (138)
[2016.03.29-12.51.35:352][324]LogModuleManager: Shutting down and abandoning module ClassViewer (137)
[2016.03.29-12.51.35:352][324]LogModuleManager: Shutting down and abandoning module Toolbox (136)
[2016.03.29-12.51.35:352][324]LogModuleManager: Shutting down and abandoning module ModuleUI (135)
[2016.03.29-12.51.35:352][324]LogModuleManager: Shutting down and abandoning module MovieSceneTools (134)
[2016.03.29-12.51.35:352][324]LogModuleManager: Shutting down and abandoning module OutputLog (133)
[2016.03.29-12.51.35:352][324]LogModuleManager: Shutting down and abandoning module GammaUI (132)
[2016.03.29-12.51.35:352][324]LogModuleManager: Shutting down and abandoning module Documentation (131)
[2016.03.29-12.51.35:352][324]LogModuleManager: Shutting down and abandoning module GameLiveStreaming (130)
[2016.03.29-12.51.35:352][324]LogModuleManager: Shutting down and abandoning module StreamingPauseRendering (129)
[2016.03.29-12.51.35:352][324]LogModuleManager: Shutting down and abandoning module AnalyticsET (128)
[2016.03.29-12.51.35:352][324]LogModuleManager: Shutting down and abandoning module Analytics (127)
[2016.03.29-12.51.35:352][324]LogModuleManager: Shutting down and abandoning module AITestSuite (126)
[2016.03.29-12.51.35:352][324]LogModuleManager: Shutting down and abandoning module GameplayDebugger (125)
[2016.03.29-12.51.35:352][324]LogModuleManager: Shutting down and abandoning module AIModule (124)
[2016.03.29-12.51.35:352][324]LogModuleManager: Shutting down and abandoning module ProfilerService (123)
[2016.03.29-12.51.35:554][324]LogModuleManager: Shutting down and abandoning module TaskGraph (122)
[2016.03.29-12.51.35:554][324]LogModuleManager: Shutting down and abandoning module SlateRemote (121)
[2016.03.29-12.51.35:554][324]LogModuleManager: Shutting down and abandoning module SteamVRController (120)
[2016.03.29-12.51.35:554][324]LogModuleManager: Shutting down and abandoning module SteamVR (119)
[2016.03.29-12.51.35:554][324]LogModuleManager: Shutting down and abandoning module ProceduralMeshComponent (118)
[2016.03.29-12.51.35:554][324]LogModuleManager: Shutting down and abandoning module OculusLibrary (117)
[2016.03.29-12.51.35:554][324]LogModuleManager: Shutting down and abandoning module OculusInput (116)
[2016.03.29-12.51.35:554][324]LogModuleManager: Shutting down and abandoning module LeapMotionController (115)
[2016.03.29-12.51.35:563][324]LogModuleManager: Shutting down and abandoning module CustomMeshComponent (114)
[2016.03.29-12.51.35:563][324]LogModuleManager: Shutting down and abandoning module CableComponent (113)
[2016.03.29-12.51.35:563][324]LogModuleManager: Shutting down and abandoning module ArchVisCharacter (112)
[2016.03.29-12.51.35:563][324]LogModuleManager: Shutting down and abandoning module MessagingDebugger (111)
[2016.03.29-12.51.35:563][324]LogModuleManager: Shutting down and abandoning module MediaPlayerEditor (110)
[2016.03.29-12.51.35:563][324]LogModuleManager: Shutting down and abandoning module HTML5Networking (109)
[2016.03.29-12.51.35:563][324]LogModuleManager: Shutting down and abandoning module SpeedTreeImporter (108)
[2016.03.29-12.51.35:563][324]LogModuleManager: Shutting down and abandoning module PluginBrowser (107)
[2016.03.29-12.51.35:563][324]LogModuleManager: Shutting down and abandoning module EpicSurvey (106)
[2016.03.29-12.51.35:563][324]LogModuleManager: Shutting down and abandoning module DesktopPlatform (105)
[2016.03.29-12.51.35:563][324]LogModuleManager: Shutting down and abandoning module VisualStudioSourceCodeAccess (104)
[2016.03.29-12.51.35:563][324]LogModuleManager: Shutting down and abandoning module UObjectPlugin (103)
[2016.03.29-12.51.35:563][324]LogModuleManager: Shutting down and abandoning module SubversionSourceControl (102)
[2016.03.29-12.51.35:563][324]LogModuleManager: Shutting down and abandoning module PerforceSourceControl (101)
[2016.03.29-12.51.35:563][324]LogModuleManager: Shutting down and abandoning module SourceControl (100)
[2016.03.29-12.51.35:563][324]LogModuleManager: Shutting down and abandoning module GitSourceControl (99)
[2016.03.29-12.51.35:563][324]LogModuleManager: Shutting down and abandoning module LightPropagationVolumeEditor (98)
[2016.03.29-12.51.35:563][324]LogModuleManager: Shutting down and abandoning module PaperTiledImporter (97)
[2016.03.29-12.51.35:563][324]LogModuleManager: Shutting down and abandoning module PaperSpriteSheetImporter (96)
[2016.03.29-12.51.35:563][324]LogModuleManager: Shutting down and abandoning module MeshPaint (95)
[2016.03.29-12.51.35:563][324]LogModuleManager: Shutting down and abandoning module SlateReflector (94)
[2016.03.29-12.51.35:563][324]LogModuleManager: Shutting down and abandoning module HotReload (93)
[2016.03.29-12.51.35:563][324]LogModuleManager: Shutting down and abandoning module MainFrame (92)
[2016.03.29-12.51.35:563][324]LogModuleManager: Shutting down and abandoning module LevelEditor (91)
[2016.03.29-12.51.35:564][324]LogModuleManager: Shutting down and abandoning module DirectoryWatcher (90)
[2016.03.29-12.51.35:566][324]LogModuleManager: Shutting down and abandoning module AssetRegistry (89)
[2016.03.29-12.51.35:625][324]LogModuleManager: Shutting down and abandoning module ContentBrowser (88)
[2016.03.29-12.51.35:626][324]LogModuleManager: Shutting down and abandoning module Paper2DEditor (87)
[2016.03.29-12.51.35:626][324]LogModuleManager: Shutting down and abandoning module UdpMessaging (86)
[2016.03.29-12.51.35:727][324]LogModuleManager: Shutting down and abandoning module LightPropagationVolumeRuntime (85)
[2016.03.29-12.51.35:727][324]LogModuleManager: Shutting down and abandoning module Paper2D (84)
[2016.03.29-12.51.35:727][324]LogModuleManager: Shutting down and abandoning module WindowsMoviePlayer (83)
[2016.03.29-12.51.35:729][324]LogModuleManager: Shutting down and abandoning module Media (82)
[2016.03.29-12.51.35:729][324]LogModuleManager: Shutting down and abandoning module WmfMedia (81)
[2016.03.29-12.51.35:729][324]LogModuleManager: Shutting down and abandoning module OnlineBlueprintSupport (80)
[2016.03.29-12.51.35:729][324]LogModuleManager: Shutting down and abandoning module GameplayTasksEditor (79)
[2016.03.29-12.51.35:729][324]LogModuleManager: Shutting down and abandoning module PropertyEditor (78)
[2016.03.29-12.51.35:729][324]LogModuleManager: Shutting down and abandoning module BehaviorTreeEditor (77)
[2016.03.29-12.51.35:729][324]LogModuleManager: Shutting down and abandoning module FunctionalTesting (76)
[2016.03.29-12.51.35:729][324]LogModuleManager: Shutting down and abandoning module CollisionAnalyzer (75)
[2016.03.29-12.51.35:729][324]LogModuleManager: Shutting down and abandoning module WorkspaceMenuStructure (74)
[2016.03.29-12.51.35:729][324]LogModuleManager: Shutting down and abandoning module MessageLog (73)
[2016.03.29-12.51.35:729][324]LogModuleManager: Shutting down and abandoning module Sequencer (72)
[2016.03.29-12.51.35:729][324]LogModuleManager: Shutting down and abandoning module AssetTools (71)
[2016.03.29-12.51.35:729][324]LogModuleManager: Shutting down and abandoning module UMGEditor (70)
[2016.03.29-12.51.35:729][324]LogModuleManager: Shutting down and abandoning module UMG (69)
[2016.03.29-12.51.35:729][324]LogModuleManager: Shutting down and abandoning module Slate (68)
[2016.03.29-12.51.35:729][324]LogModuleManager: Shutting down and abandoning module EditorStyle (67)
[2016.03.29-12.51.35:732][324]LogModuleManager: Shutting down and abandoning module SessionServices (66)
[2016.03.29-12.51.35:732][324]LogModuleManager: Shutting down and abandoning module SourceCodeAccess (65)
[2016.03.29-12.51.35:732][324]LogModuleManager: Shutting down and abandoning module HeadMountedDisplay (64)
[2016.03.29-12.51.35:732][324]LogModuleManager: Shutting down and abandoning module XAudio2 (63)
[2016.03.29-12.51.35:732][324]LogModuleManager: Shutting down and abandoning module Networking (61)
[2016.03.29-12.51.35:732][324]LogModuleManager: Shutting down and abandoning module Core (60)
[2016.03.29-12.51.35:732][324]LogModuleManager: Shutting down and abandoning module KismetCompiler (59)
[2016.03.29-12.51.35:732][324]LogModuleManager: Shutting down and abandoning module PhysXFormats (58)
[2016.03.29-12.51.35:732][324]LogModuleManager: Shutting down and abandoning module MeshUtilities (57)
[2016.03.29-12.51.35:732][324]LogModuleManager: Shutting down and abandoning module DerivedDataCache (56)
[2016.03.29-12.51.35:757][324]LogDerivedDataCache: Shutdown
[2016.03.29-12.51.35:757][324]LogModuleManager: Shutting down and abandoning module ShaderFormatOpenGL (55)
[2016.03.29-12.51.35:757][324]LogModuleManager: Shutting down and abandoning module ShaderFormatD3D (54)
[2016.03.29-12.51.35:757][324]LogModuleManager: Shutting down and abandoning module MetalShaderFormat (53)
[2016.03.29-12.51.35:757][324]LogModuleManager: Shutting down and abandoning module TextureFormatUncompressed (52)
[2016.03.29-12.51.35:757][324]LogModuleManager: Shutting down and abandoning module TextureFormatPVR (51)
[2016.03.29-12.51.35:757][324]LogModuleManager: Shutting down and abandoning module TextureFormatIntelISPCTexComp (50)
[2016.03.29-12.51.35:757][324]LogModuleManager: Shutting down and abandoning module TextureFormatDXT (49)
[2016.03.29-12.51.35:757][324]LogModuleManager: Shutting down and abandoning module ImageWrapper (48)
[2016.03.29-12.51.35:757][324]LogModuleManager: Shutting down and abandoning module TextureFormatASTC (47)
[2016.03.29-12.51.35:757][324]LogModuleManager: Shutting down and abandoning module TextureFormatAndroid (46)
[2016.03.29-12.51.35:757][324]LogModuleManager: Shutting down and abandoning module AudioFormatOpus (45)
[2016.03.29-12.51.35:757][324]LogModuleManager: Shutting down and abandoning module AudioFormatOgg (44)
[2016.03.29-12.51.35:757][324]LogModuleManager: Shutting down and abandoning module AudioFormatADPCM (43)
[2016.03.29-12.51.35:757][324]LogModuleManager: Shutting down and abandoning module LinuxTargetPlatform (42)
[2016.03.29-12.51.35:757][324]LogModuleManager: Shutting down and abandoning module LinuxServerTargetPlatform (41)
[2016.03.29-12.51.35:757][324]LogModuleManager: Shutting down and abandoning module LinuxNoEditorTargetPlatform (40)
[2016.03.29-12.51.35:757][324]LogModuleManager: Shutting down and abandoning module Messaging (39)
[2016.03.29-12.51.35:757][324]LogModuleManager: Shutting down and abandoning module IOSTargetPlatform (38)
[2016.03.29-12.51.35:757][324]LogModuleManager: Shutting down and abandoning module HTML5TargetPlatform (37)
[2016.03.29-12.51.35:757][324]LogModuleManager: Shutting down and abandoning module Android_PVRTCTargetPlatform (36)
[2016.03.29-12.51.35:757][324]LogModuleManager: Shutting down and abandoning module Android_MultiTargetPlatform (35)
[2016.03.29-12.51.35:757][324]LogModuleManager: Shutting down and abandoning module Android_ETC2TargetPlatform (34)
[2016.03.29-12.51.35:757][324]LogModuleManager: Shutting down and abandoning module Android_ETC1TargetPlatform (33)
[2016.03.29-12.51.35:757][324]LogModuleManager: Shutting down and abandoning module Android_DXTTargetPlatform (32)
[2016.03.29-12.51.35:757][324]LogModuleManager: Shutting down and abandoning module Android_ATCTargetPlatform (31)
[2016.03.29-12.51.35:757][324]LogModuleManager: Shutting down and abandoning module Android_ASTCTargetPlatform (30)
[2016.03.29-12.51.35:757][324]LogModuleManager: Shutting down and abandoning module AndroidTargetPlatform (29)
[2016.03.29-12.51.35:757][324]LogModuleManager: Shutting down and abandoning module WindowsTargetPlatform (28)
[2016.03.29-12.51.35:757][324]LogModuleManager: Shutting down and abandoning module WindowsServerTargetPlatform (27)
[2016.03.29-12.51.35:757][324]LogModuleManager: Shutting down and abandoning module WindowsNoEditorTargetPlatform (26)
[2016.03.29-12.51.35:757][324]LogModuleManager: Shutting down and abandoning module WindowsClientTargetPlatform (25)
[2016.03.29-12.51.35:757][324]LogModuleManager: Shutting down and abandoning module AllDesktopTargetPlatform (24)
[2016.03.29-12.51.35:757][324]LogModuleManager: Shutting down and abandoning module TargetPlatform (23)
[2016.03.29-12.51.35:757][324]LogModuleManager: Shutting down and abandoning module InputCore (22)
[2016.03.29-12.51.35:757][324]LogModuleManager: Shutting down and abandoning module Settings (21)
[2016.03.29-12.51.35:757][324]LogModuleManager: Shutting down and abandoning module OnlineSubsystem (19)
[2016.03.29-12.51.35:757][324]LogModuleManager: Shutting down and abandoning module HTTP (18)
[2016.03.29-12.51.37:775][324]LogModuleManager: Shutting down and abandoning module XMPP (17)
[2016.03.29-12.51.37:778][324]LogModuleManager: Shutting down and abandoning module OculusRift (16)
[2016.03.29-12.51.37:778][324]LogModuleManager: Shutting down and abandoning module ExampleDeviceProfileSelector (15)
[2016.03.29-12.51.37:792][324]LogModuleManager: Shutting down and abandoning module TextureCompressor (14)
[2016.03.29-12.51.37:796][324]LogModuleManager: Shutting down and abandoning module ShaderCore (13)
[2016.03.29-12.51.37:796][324]LogModuleManager: Shutting down and abandoning module Landscape (12)
[2016.03.29-12.51.37:796][324]LogModuleManager: Shutting down and abandoning module SlateRHIRenderer (11)
[2016.03.29-12.51.37:799][324]LogModuleManager: Shutting down and abandoning module OpenGLDrv (10)
[2016.03.29-12.51.37:799][324]LogModuleManager: Shutting down and abandoning module D3D11RHI (9)
[2016.03.29-12.51.37:799][324]LogModuleManager: Shutting down and abandoning module AnimGraphRuntime (8)
[2016.03.29-12.51.37:799][324]LogModuleManager: Shutting down and abandoning module Renderer (7)
[2016.03.29-12.51.37:799][324]LogModuleManager: Shutting down and abandoning module Engine (6)
[2016.03.29-12.51.37:799][324]LogModuleManager: Shutting down and abandoning module CoreUObject (5)
[2016.03.29-12.51.37:799][324]LogModuleManager: Shutting down and abandoning module NetworkFile (4)
[2016.03.29-12.51.37:799][324]LogModuleManager: Shutting down and abandoning module StreamingFile (3)
[2016.03.29-12.51.37:799][324]LogModuleManager: Shutting down and abandoning module SandboxFile (2)
[2016.03.29-12.51.37:799][324]LogModuleManager: Shutting down and abandoning module PakFile (1)
[2016.03.29-12.51.37:801][324]LogExit: Exiting.
[2016.03.29-12.51.37:803][324]Log file closed, 03/29/16 13:51:37
