[2016.05.24-14.27.49:622][  0]Log file open, 05/24/16 15:27:49
[2016.05.24-14.27.49:622][  0]LogInit:Display: Running engine without a game
[2016.05.24-14.27.49:622][  0]LogPlatformFile: Not using cached read wrapper
[2016.05.24-14.27.49:622][  0]LogInit:Display: Loading recent project file: E:/Computing/Unreal/Unreal Projects/GameProject/FpsProject.uproject
[2016.05.24-14.27.49:622][  0]LogInit:Display: RandInit(167667498) SRandInit(167667499).
[2016.05.24-14.27.49:622][  0]LogTaskGraph: Started task graph with 4 named threads and 7 total threads.
[2016.05.24-14.27.49:622][  0]LogStats: Stats thread started at 0.098555
[2016.05.24-14.27.49:622][  0]LogInit: Version: 4.10.4-2872498+++depot+UE4-Releases+4.10
[2016.05.24-14.27.49:622][  0]LogInit: API Version: 2758231
[2016.05.24-14.27.49:622][  0]LogInit: Compiled (64-bit): Feb 18 2016 15:47:04
[2016.05.24-14.27.49:622][  0]LogInit: Compiled with Visual C++: 19.00.23026.00
[2016.05.24-14.27.49:622][  0]LogInit: Build Configuration: Development
[2016.05.24-14.27.49:622][  0]LogInit: Branch Name: ++depot+UE4-Releases+4.10
[2016.05.24-14.27.49:622][  0]LogInit: Command line: -EpicPortal 
[2016.05.24-14.27.49:622][  0]LogInit: Base directory: C:/Program Files (x86)/Epic Games/4.10/Engine/Binaries/Win64/
[2016.05.24-14.27.49:622][  0]LogInit: Rocket: 1
[2016.05.24-14.27.49:685][  0]LogInit: Using libcurl 7.41.0
[2016.05.24-14.27.49:685][  0]LogInit:  - built for x86_64-pc-win32
[2016.05.24-14.27.49:685][  0]LogInit:  - supports SSL with WinSSL
[2016.05.24-14.27.49:685][  0]LogInit:  - other features:
[2016.05.24-14.27.49:685][  0]LogInit:      CURL_VERSION_SSL
[2016.05.24-14.27.49:685][  0]LogInit:      CURL_VERSION_IPV6
[2016.05.24-14.27.49:685][  0]LogInit:      CURL_VERSION_ASYNCHDNS
[2016.05.24-14.27.49:685][  0]LogInit:      CURL_VERSION_LARGEFILE
[2016.05.24-14.27.49:685][  0]LogInit:      CURL_VERSION_IDN
[2016.05.24-14.27.49:685][  0]LogInit:  CurlRequestOptions (configurable via config and command line):
[2016.05.24-14.27.49:685][  0]LogInit:  - bVerifyPeer = true  - Libcurl will verify peer certificate
[2016.05.24-14.27.49:685][  0]LogInit:  - bUseHttpProxy = false  - Libcurl will NOT use HTTP proxy
[2016.05.24-14.27.49:685][  0]LogInit:  - bDontReuseConnections = false  - Libcurl will reuse connections
[2016.05.24-14.27.49:685][  0]LogInit:  - CertBundlePath = nullptr  - Libcurl will use whatever was configured at build time.
[2016.05.24-14.27.49:731][  0]LogInit: Presizing for 0 objects not considered by GC, pre-allocating 0 bytes.
[2016.05.24-14.27.49:736][  0]LogInit: Object subsystem initialized
[2016.05.24-14.27.49:737][  0]LogInit: Selected Device Profile: [Windows]
[2016.05.24-14.27.49:737][  0]LogInit: Applying CVar settings loaded from the selected device profile: [Windows]
[2016.05.24-14.27.49:743][  0]LogInit: Computer: CHRIS-PC
[2016.05.24-14.27.49:743][  0]LogInit: User: Chris
[2016.05.24-14.27.49:743][  0]LogInit: CPU Page size=4096, Cores=4
[2016.05.24-14.27.49:743][  0]LogInit: High frequency timer resolution =3.123194 MHz
[2016.05.24-14.27.49:743][  0]LogMemory: Memory total: Physical=7.9GB (8GB approx)
[2016.05.24-14.27.49:743][  0]LogMemory: Platform Memory Stats for Windows
[2016.05.24-14.27.49:743][  0]LogMemory: Process Physical Memory: 56.15 MB used, 56.15 MB peak
[2016.05.24-14.27.49:743][  0]LogMemory: Process Virtual Memory: 57.68 MB used, 57.68 MB peak
[2016.05.24-14.27.49:743][  0]LogMemory: Physical Memory: 2648.97 MB used, 8130.79 MB total
[2016.05.24-14.27.49:743][  0]LogMemory: Virtual Memory: 383.48 MB used, 134217728.00 MB total
[2016.05.24-14.27.49:944][  0]LogTextLocalizationManager: No specific translations for ('en-GB') exist, so ('en') translations will be used.
[2016.05.24-14.27.50:361][  0]LogD3D11RHI: Found D3D11 adapter 0: AMD Radeon HD 7700 Series (Feature Level 11_0)
[2016.05.24-14.27.50:361][  0]LogD3D11RHI: Adapter has 1006MB of dedicated video memory, 0MB of dedicated system memory, and 4065MB of shared system memory, 2 output[s]
[2016.05.24-14.27.50:363][  0]LogD3D11RHI: Found D3D11 adapter 1: Microsoft Basic Render Driver (Feature Level 11_0)
[2016.05.24-14.27.50:363][  0]LogD3D11RHI: Adapter has 0MB of dedicated video memory, 0MB of dedicated system memory, and 4065MB of shared system memory, 0 output[s]
[2016.05.24-14.27.50:363][  0]LogD3D11RHI: Chosen D3D11 Adapter Id = 0
[2016.05.24-14.27.50:367][  0]LogD3D11RHI: !Direct3DDevice
[2016.05.24-14.27.50:367][  0]LogRHI: Texture pool is 704 MB (70% of 1006 MB)
[2016.05.24-14.27.50:372][  0]LogD3D11RHI: Async texture creation disabled: no driver support
[2016.05.24-14.27.50:383][  0]LogShaderCompilers: Guid format shader working directory is -1 characters bigger than the processId version (E:/Computing/Unreal/Unreal Projects/GameProject/Intermediate/Shaders/WorkingDirectory/3028/).
[2016.05.24-14.27.50:383][  0]LogShaderCompilers: Cleaned the shader compiler working directory 'C:/Users/Chris/AppData/Local/Temp/UnrealShaderWorkingDir/6B37F3724B3E6075B5EABD847913B900/'.
[2016.05.24-14.27.50:383][  0]LogShaderCompilers:Display: Using Local Shader Compiler.
[2016.05.24-14.27.51:792][  0]LogTemp:Display: Loaded TP AllDesktopTargetPlatform
[2016.05.24-14.27.51:803][  0]LogTemp:Display: Loaded TP WindowsClientTargetPlatform
[2016.05.24-14.27.51:815][  0]LogTemp:Display: Loaded TP WindowsNoEditorTargetPlatform
[2016.05.24-14.27.51:825][  0]LogTemp:Display: Loaded TP WindowsServerTargetPlatform
[2016.05.24-14.27.51:837][  0]LogTemp:Display: Loaded TP WindowsTargetPlatform
[2016.05.24-14.27.51:850][  0]LogTemp:Display: Loaded TP AndroidTargetPlatform
[2016.05.24-14.27.51:861][  0]LogTemp:Display: Loaded TP Android_ASTCTargetPlatform
[2016.05.24-14.27.51:874][  0]LogTemp:Display: Loaded TP Android_ATCTargetPlatform
[2016.05.24-14.27.51:887][  0]LogTemp:Display: Loaded TP Android_DXTTargetPlatform
[2016.05.24-14.27.51:899][  0]LogTemp:Display: Loaded TP Android_ETC1TargetPlatform
[2016.05.24-14.27.51:910][  0]LogTemp:Display: Loaded TP Android_ETC2TargetPlatform
[2016.05.24-14.27.51:933][  0]LogTemp:Display: Loaded TP Android_MultiTargetPlatform
[2016.05.24-14.27.51:933][  0]LogTemp:Display: Loaded TP Android_PVRTCTargetPlatform
[2016.05.24-14.27.51:940][  0]LogTemp:Display: Loaded TP HTML5TargetPlatform
[2016.05.24-14.27.51:981][  0]LogTemp:Display: Loaded TP IOSTargetPlatform
[2016.05.24-14.27.51:990][  0]LogTemp:Display: Loaded TP LinuxNoEditorTargetPlatform
[2016.05.24-14.27.52:000][  0]LogTemp:Display: Loaded TP LinuxServerTargetPlatform
[2016.05.24-14.27.52:010][  0]LogTemp:Display: Loaded TP LinuxTargetPlatform
[2016.05.24-14.27.52:010][  0]LogTargetPlatformManager:Display: Building Assets For Windows
[2016.05.24-14.27.52:278][  0]LogDerivedDataCache:Display: Max Cache Size: 512 MB
[2016.05.24-14.27.52:431][  0]LogDerivedDataCache: Loaded boot cache 0.15s 41MB C:/Users/Chris/AppData/Local/UnrealEngine/4.10/DerivedDataCache/Boot.ddc.
[2016.05.24-14.27.52:431][  0]LogDerivedDataCache:Display: Loaded Boot cache: C:/Users/Chris/AppData/Local/UnrealEngine/4.10/DerivedDataCache/Boot.ddc
[2016.05.24-14.27.52:431][  0]LogDerivedDataCache: FDerivedDataBackendGraph:  Pak pak cache file E:/Computing/Unreal/Unreal Projects/GameProject/DerivedDataCache/DDC.ddp not found, will not use a pak cache.
[2016.05.24-14.27.52:431][  0]LogDerivedDataCache: Unable to find inner node Pak for hierarchical cache Hierarchy.
[2016.05.24-14.27.52:431][  0]LogDerivedDataCache: FDerivedDataBackendGraph:  CompressedPak pak cache file E:/Computing/Unreal/Unreal Projects/GameProject/DerivedDataCache/Compressed.ddp not found, will not use a pak cache.
[2016.05.24-14.27.52:431][  0]LogDerivedDataCache: Unable to find inner node CompressedPak for hierarchical cache Hierarchy.
[2016.05.24-14.27.52:493][  0]LogDerivedDataCache:Display: Pak cache opened for reading ../../../Engine/DerivedDataCache/Compressed.ddp.
[2016.05.24-14.27.52:505][  0]LogDerivedDataCache: Using Local data cache path C:/Users/Chris/AppData/Local/UnrealEngine/Common/DerivedDataCache: Writable
[2016.05.24-14.27.52:975][  0]LogInit: Selected Device Profile: [Windows]
[2016.05.24-14.27.52:978][  0]LogContentStreaming: Texture pool size is 0.000000MB
[2016.05.24-14.27.53:120][  0]LogMeshUtilities: No automatic mesh reduction module available
[2016.05.24-14.27.53:120][  0]LogMeshUtilities: No automatic mesh merging module available
[2016.05.24-14.27.53:478][  0]LogInit: WinSock: version 1.1 (2.2), MaxSocks=32767, MaxUdp=65467
[2016.05.24-14.27.55:478][  0]UdpMessaging: Initializing bridge on interface 0.0.0.0:0 to multicast group 230.0.0.1:6666.
[2016.05.24-14.27.55:735][  0]LogAssetRegistry: FAssetRegistry took 0.0108 seconds to start up
[2016.05.24-14.27.56:210][  0]SourceControl: Info Source control is disabled
[2016.05.24-14.27.56:212][  0]SourceControl: Info Source control is disabled
[2016.05.24-14.27.56:251][  0]SourceControl: Info Source control is disabled
[2016.05.24-14.27.56:283][  0]SourceControl: Info Source control is disabled
[2016.05.24-14.27.56:776][  0]LogObj: 28633 objects as part of root set at end of initial load.
[2016.05.24-14.27.56:776][  0]LogUObjectAllocator: 6099744 out of 0 bytes used by permanent object pool.
[2016.05.24-14.27.56:864][  0]LogEngine: Initializing Engine...
[2016.05.24-14.27.56:869][  0]LogHMD: Can't find Oculus library dev build: is proper Runtime installed? Version: 0.8.0.0
[2016.05.24-14.27.56:877][  0]LogHMD: SteamVR failed to initialize.  Err: 110
[2016.05.24-14.27.57:023][  0]LogAIModule: Creating AISystem for world NewWorld
[2016.05.24-14.27.57:036][  0]LogInit: XAudio2 using 'Speakers (2- High Definition Audio Device)' : 2 channels at 44.1 kHz using 16 bits per sample (channel mask 0x3)
[2016.05.24-14.27.57:051][  0]LogInit: FAudioDevice initialized.
[2016.05.24-14.27.57:081][  0]LogDerivedDataCache: Saved boot cache 0.03s 41MB C:/Users/Chris/AppData/Local/UnrealEngine/4.10/DerivedDataCache/Boot.ddc.
[2016.05.24-14.27.57:086][  0]LogInit: Texture streaming: Enabled
[2016.05.24-14.27.57:103][  0]LogAnalytics: Creating configured Analytics provider AnalyticsET
[2016.05.24-14.27.57:103][  0]LogAnalytics: [UEEditor.Rocket.Release] APIServer = http://et2.epicgames.com/ET2/. AppVersion = 4.10.4-2872498+++depot+UE4-Releases+4.10
[2016.05.24-14.27.57:103][  0]LogAnalytics: [UEEditor.Rocket.Release] SetUserId dda77f1544752f940c33e380f02beeee|581a2f5c95e34dd8b3eca337ee713eb1|baa8d59f-5337-46fd-ab7b-5719df139748
[2016.05.24-14.27.57:104][  0]LogAnalytics: [UEEditor.Rocket.Release] AnalyticsET::StartSession
[2016.05.24-14.27.57:118][  0]LogInit: Transaction tracking system initialized
[2016.05.24-14.27.57:205][  0]BlueprintLog: New page: Editor Load
[2016.05.24-14.27.57:619][  0]LocalizationService: Info Localization service is disabled
[2016.05.24-14.27.57:865][  0]LogConsoleResponse:Display: 
[2016.05.24-14.27.58:046][  0]LogCook:Display: Done creating registry. It took  0.00s.
[2016.05.24-14.27.58:223][  0]LogFileCache: Scanning file cache for directory 'E:/Computing/Unreal/Unreal Projects/GameProject/Content/' took 0.03s
[2016.05.24-14.27.58:223][  0]SourceControl: Info Source control is disabled
[2016.05.24-14.27.58:223][  0]Cmd: MAP LOAD FILE="E:/Computing/Unreal/Unreal Projects/GameProject/Content/Maps/Arena.umap" TEMPLATE=0 SHOWPROGRESS=1 FEATURELEVEL=3
[2016.05.24-14.27.58:254][  0]LightingResults: New page: Lighting Build
[2016.05.24-14.27.58:257][  0]MapCheck: New page: Map Check
[2016.05.24-14.27.58:257][  0]LightingResults: New page: Lighting Build
[2016.05.24-14.27.58:269][  0]LogParticles: Destroying 0 GPU particle simulations for FXSystem 0x0000015D9E223B00
[2016.05.24-14.27.59:244][  0]LogAIModule: Creating AISystem for world arena
[2016.05.24-14.27.59:252][  0]LogEditorServer: Finished looking for orphan Actors (0.000 secs)
[2016.05.24-14.27.59:252][  0]Cmd: MAP CHECKDEP NOCLEARLOG
[2016.05.24-14.27.59:339][  0]MapCheck: Info Map check complete: 0 Error(s), 0 Warning(s), took 86.031ms to complete.
[2016.05.24-14.27.59:339][  0]LogFileHelpers: Loading map 'Arena' took 1.115
[2016.05.24-14.27.59:468][  0]LogCollectionManager: Loaded 0 collections in 0.001892 seconds
[2016.05.24-14.27.59:514][  0]LogFileCache: Scanning file cache for directory 'E:/Computing/Unreal/Unreal Projects/GameProject/Saved/Collections/' took 0.01s
[2016.05.24-14.27.59:514][  0]LogFileCache: Scanning file cache for directory 'E:/Computing/Unreal/Unreal Projects/GameProject/Content/Developers/Chris/Collections/' took 0.01s
[2016.05.24-14.27.59:514][  0]LogFileCache: Scanning file cache for directory 'E:/Computing/Unreal/Unreal Projects/GameProject/Content/Collections/' took 0.01s
[2016.05.24-14.27.59:514][  0]LogCollectionManager: Rebuilt the GUID cache for 0 collections in 0.000022 seconds
[2016.05.24-14.27.59:521][  0]LogContentBrowser: Native class hierarchy populated in 0.0070 seconds. Added 1893 classes and 338 folders.
[2016.05.24-14.27.59:526][  0]LogContentBrowser: Native class hierarchy updated for 'WidgetCarousel' in 0.0004 seconds. Added 0 classes and 0 folders.
[2016.05.24-14.27.59:694][  0]LogContentBrowser: Native class hierarchy updated for 'AddContentDialog' in 0.0004 seconds. Added 0 classes and 0 folders.
[2016.05.24-14.27.59:722][  0]LogContentBrowser: Native class hierarchy updated for 'SceneOutliner' in 0.0004 seconds. Added 1 classes and 2 folders.
[2016.05.24-14.27.59:818][  0]LogCrashTracker: Crashtracker disabled due to settings.
[2016.05.24-14.27.59:822][  0]LogUObjectGlobals:Warning: Failed to find object 'Class None.'
[2016.05.24-14.27.59:846][  0]LogLoad: Full Startup: 10.90 seconds (BP compile: 0.14 seconds)
[2016.05.24-14.27.59:859][  0]LogOcInput: Can't find Oculus library dev build: is proper Runtime installed? Version: 0.8.0.0
[2016.05.24-14.27.59:915][  0]LogContentStreaming: Texture pool size now 1000 MB
[2016.05.24-14.28.00:045][  0]LogRenderer: Reallocating scene render targets to support 1208x572 (Frame:2).
[2016.05.24-14.28.00:408][  4]LogAssetRegistry: Asset discovery search completed in 4.6827 seconds
[2016.05.24-14.28.00:408][  4]LogCollectionManager: Rebuilt the object cache for 0 collections in 0.000001 seconds (found 0 objects)
[2016.05.24-14.28.00:408][  4]LogCollectionManager: Fixed up redirectors for 0 collections in 0.000024 seconds (updated 0 objects)
[2016.05.24-14.28.12:899][  3]LogLinker:Warning: Asset '../../../Engine/Content/ArtTools/RenderToTexture/Macros/RenderToTextureMacros.uasset' has been saved with empty engine version. The asset will be loaded but may be incompatible.
[2016.05.24-14.28.13:263][  3]LogContentBrowser: Native class hierarchy updated for 'BlueprintGraph' in 0.0009 seconds. Added 107 classes and 0 folders.
[2016.05.24-14.28.17:049][364]LogBlueprintUserMessages: Early PlayInEditor Detection: Level '/Game/Maps/Arena.arena:PersistentLevel' has LevelScriptBlueprint '/Game/Maps/Arena.arena:PersistentLevel.arena' with GeneratedClass '/Game/Maps/Arena.arena_C' with ClassGeneratedBy '/Game/Maps/Arena.arena:PersistentLevel.arena'
[2016.05.24-14.28.17:049][364]LogPlayLevel: PlayLevel: No blueprints needed recompiling
[2016.05.24-14.28.17:056][364]PIE: New page: PIE session: Arena (24 May 2016 16:28:17)
[2016.05.24-14.28.17:056][364]LogPlayLevel: Creating play world package: /Game/Maps/UEDPIE_1_Arena
[2016.05.24-14.28.17:062][364]LogPlayLevel: PIE: StaticDuplicateObject took: (0.006150s)
[2016.05.24-14.28.17:063][364]LogAIModule: Creating AISystem for world arena
[2016.05.24-14.28.17:063][364]LogPlayLevel: PIE: World Init took: (0.000860s)
[2016.05.24-14.28.17:063][364]LogPlayLevel: PIE: Created PIE world by copying editor world from /Game/Maps/Arena.arena to /Game/Maps/UEDPIE_1_Arena.arena (0.007272s)
[2016.05.24-14.28.17:063][364]LogActorComponent: UnregisterComponent: (/Engine/Transient.ProjectileMovementComponent_40__A6522401) Not registered. Aborting.
[2016.05.24-14.28.17:063][364]LogActorComponent: UnregisterComponent: (/Engine/Transient.CharMoveComp) Not registered. Aborting.
[2016.05.24-14.28.17:109][364]LogInit: XAudio2 using 'Speakers (2- High Definition Audio Device)' : 2 channels at 44.1 kHz using 16 bits per sample (channel mask 0x3)
[2016.05.24-14.28.17:118][364]LogInit: FAudioDevice initialized.
[2016.05.24-14.28.17:246][364]LogWorld: Game class is 'FirstPersonGameMode_C'
[2016.05.24-14.28.17:250][364]LogWorld: Bringing World /Game/Maps/UEDPIE_1_Arena.arena up for play (max tick rate 0) at 2016.05.24-15.28.17
[2016.05.24-14.28.17:250][364]LogActor:Warning: GameSession /Game/Maps/UEDPIE_1_Arena.arena:PersistentLevel.GameSession_0 has natively added scene component(s), but none of them were set as the actor's RootComponent - picking one arbitrarily
[2016.05.24-14.28.17:250][364]LogActor:Warning: GameNetworkManager /Game/Maps/UEDPIE_1_Arena.arena:PersistentLevel.GameNetworkManager_0 has natively added scene component(s), but none of them were set as the actor's RootComponent - picking one arbitrarily
[2016.05.24-14.28.17:250][364]LogWorld: Bringing up level for play took: 0.001960
[2016.05.24-14.28.17:252][364]LogInit: WinSock: Socket queue 131072 / 131072
[2016.05.24-14.28.17:253][364]LogInit: WinSock: I am Chris-PC (192.168.0.2:0)
[2016.05.24-14.28.17:253][364]LogNet: GameNetDriver IpNetDriver_0 IpNetDriver listening on port 7777
[2016.05.24-14.28.17:273][364]PIE: Info Play in editor start time for /Game/Maps/UEDPIE_1_Arena 0.091
[2016.05.24-14.28.17:282][364]PIE: New page: PIE session: Arena (24 May 2016 16:28:17)
[2016.05.24-14.28.17:403][364]LogNet: Browse: 127.0.0.1//Game/Maps/menu
[2016.05.24-14.28.17:403][364]LogInit: WinSock: Socket queue 32768 / 32768
[2016.05.24-14.28.17:404][364]LogNet: Game client on port 7777, rate 10000
[2016.05.24-14.28.17:404][364]LogNet: GetLocalNetworkVersion: GEngineNetVersion: 2872498, ProjectName: fpsproject, ProjectVersion: 1.0.0.0, InternalProtocolVersion: 9, LocalNetworkVersion: 1808045840
[2016.05.24-14.28.17:426][364]PIE: Info Play in editor start time for /Game/Maps/menu 0.244
[2016.05.24-14.28.17:433][364]LogBlueprintUserMessages: Late PlayInEditor Detection: Level '/Game/Maps/Arena.arena:PersistentLevel' has LevelScriptBlueprint '/Game/Maps/Arena.arena:PersistentLevel.arena' with GeneratedClass '/Game/Maps/Arena.arena_C' with ClassGeneratedBy '/Game/Maps/Arena.arena:PersistentLevel.arena'
[2016.05.24-14.28.17:433][364]LogNet: NotifyAcceptingConnection: Server arena accept
[2016.05.24-14.28.17:433][364]LogNet: Open arena 05/24/16 15:28:17 127.0.0.1
[2016.05.24-14.28.17:434][364]LogNet: Added client connection.  Remote address = 127.0.0.1:65237
[2016.05.24-14.28.17:434][364]LogNet: NotifyAcceptingChannel Control 0 server World /Game/Maps/UEDPIE_1_Arena.arena: Accepted
[2016.05.24-14.28.17:434][364]LogNet: Remote platform little endian=1
[2016.05.24-14.28.17:434][364]LogNet: This platform little endian=1
[2016.05.24-14.28.17:434][364]LogNet: GetLocalNetworkVersion: GEngineNetVersion: 2872498, ProjectName: fpsproject, ProjectVersion: 1.0.0.0, InternalProtocolVersion: 9, LocalNetworkVersion: 1808045840
[2016.05.24-14.28.17:452][365]LogNet: Login request: /Game/Maps/menu userId: Invalid
[2016.05.24-14.28.17:453][365]LogNet: Welcomed by server (Level: /Game/Maps/UEDPIE_1_Arena, Game: /Game/Blueprints/FirstPersonGameMode.FirstPersonGameMode_C)
[2016.05.24-14.28.17:475][365]LogLoad: LoadMap: 127.0.0.1//Game/Maps/UEDPIE_1_Arena?game=/Game/Blueprints/FirstPersonGameMode.FirstPersonGameMode_C
[2016.05.24-14.28.17:497][365]LogParticles: Destroying 0 GPU particle simulations for FXSystem 0x0000015DD2EFDD00
[2016.05.24-14.28.17:500][365]Cmd: MEM
[2016.05.24-14.28.17:522][365]LogMemory: Platform Memory Stats for Windows
[2016.05.24-14.28.17:522][365]LogMemory: Process Physical Memory: 704.41 MB used, 708.04 MB peak
[2016.05.24-14.28.17:522][365]LogMemory: Process Virtual Memory: 1378.97 MB used, 1383.42 MB peak
[2016.05.24-14.28.17:522][365]LogMemory: Physical Memory: 3284.07 MB used, 8130.79 MB total
[2016.05.24-14.28.17:522][365]LogMemory: Virtual Memory: 2100.54 MB used, 134217728.00 MB total
[2016.05.24-14.28.17:522][365]LogMemory: 
[2016.05.24-14.28.17:522][365]Allocator Stats for TBB: (not implemented)
[2016.05.24-14.28.17:527][365]LogWorld: PIE: Copying PIE streaming level from /Game/Maps/Arena.arena to /Game/Maps/UEDPIE_2_Arena.arena. OwningWorld: None
[2016.05.24-14.28.17:527][365]LogAIModule: Creating AISystem for world arena
[2016.05.24-14.28.17:531][365]LogWorld: Bringing World /Game/Maps/UEDPIE_2_Arena.arena up for play (max tick rate 0) at 2016.05.24-15.28.17
[2016.05.24-14.28.17:531][365]LogWorld: Bringing up level for play took: 0.002048
[2016.05.24-14.28.17:561][366]LogNet: Client netspeed is 10000
[2016.05.24-14.28.17:561][366]LogNet: Join request: /Game/Maps/menu?SplitscreenCount=1
[2016.05.24-14.28.17:566][366]LogNet: Join succeeded: 257
[2016.05.24-14.28.19:006][472]LogBlueprintUserMessages: Early EndPlayMap Detection: Level '/Game/Maps/Arena.arena:PersistentLevel' has LevelScriptBlueprint '/Game/Maps/Arena.arena:PersistentLevel.arena' with GeneratedClass '/Game/Maps/Arena.arena_C' with ClassGeneratedBy '/Game/Maps/Arena.arena:PersistentLevel.arena'
[2016.05.24-14.28.19:065][472]LogSpawn:Warning: SpawnActor failed because we are in the process of tearing down the world
[2016.05.24-14.28.19:108][472]LogBlueprintUserMessages: Late EndPlayMap Detection: Level '/Game/Maps/Arena.arena:PersistentLevel' has LevelScriptBlueprint '/Game/Maps/Arena.arena:PersistentLevel.arena' with GeneratedClass '/Game/Maps/Arena.arena_C' with ClassGeneratedBy '/Game/Maps/Arena.arena:PersistentLevel.arena'
[2016.05.24-14.28.19:127][472]LogNet: UChannel::CleanUp: [GameNetDriver] [None] [None]. ChIndex == 0. Closing connection.
[2016.05.24-14.28.19:127][472]LogNet: UNetConnection::Close: Name: IpConnection_1, Driver: GameNetDriver IpNetDriver_0, PC: None, Owner: None, Channels: 2, RemoteAddr: 127.0.0.1:65237, Time: 2016.05.24-14.28.19
[2016.05.24-14.28.19:127][472]LogNet: UChannel::Close: Sending CloseBunch. ChIndex == 0. Name: ControlChannel_1
[2016.05.24-14.28.19:127][472]LogNet: UChannel::CleanUp: [GameNetDriver] [None] [None]. ChIndex == 0. Closing connection.
[2016.05.24-14.28.19:127][472]LogNet: UNetConnection::Close: Name: IpConnection_0, Driver: GameNetDriver IpNetDriver_1, PC: None, Owner: None, Channels: 2, RemoteAddr: 127.0.0.1:7777, Time: 2016.05.24-14.28.19
[2016.05.24-14.28.19:127][472]LogNet: UChannel::Close: Sending CloseBunch. ChIndex == 0. Name: ControlChannel_0
[2016.05.24-14.28.19:132][472]LogExit: GameNetDriver None shut down
[2016.05.24-14.28.19:132][472]LogExit: GameNetDriver None shut down
[2016.05.24-14.28.19:133][472]LogParticles: Destroying 0 GPU particle simulations for FXSystem 0x0000015DCAF385E0
[2016.05.24-14.28.19:134][472]LogParticles: Destroying 0 GPU particle simulations for FXSystem 0x0000015DFFA70220
[2016.05.24-14.30.28:703][425]LogTexture:Display: Building textures: Texture2D_2 (G8)
[2016.05.24-14.38.02:329][102]LogActorComponent: UnregisterComponent: (/Engine/Transient.ProjectileMovementComponent_40__A6522401) Not registered. Aborting.
[2016.05.24-14.38.02:398][102]Cmd: OBJ SAVEPACKAGE PACKAGE="/Game/Maps/Arena" FILE="E:/Computing/Unreal/Unreal Projects/GameProject/Saved/Autosaves/Game/Maps/Arena_Auto1.umap" SILENT=true AUTOSAVING=true KEEPDIRTY=false
[2016.05.24-14.38.03:304][102]LogSavePackage: Save=299.570251ms
[2016.05.24-14.38.03:304][102]LogSavePackage: Moving 'E:/Computing/Unreal/Unreal Projects/GameProject/Saved/Arena_Auto1844E202446049A225A31228904D43DFB.tmp' to 'E:/Computing/Unreal/Unreal Projects/GameProject/Saved/Autosaves/Game/Maps/Arena_Auto1.umap'
[2016.05.24-14.38.03:305][102]LogSavePackage: Total save time: 906.631801ms
[2016.05.24-14.38.03:305][102]LogSavePackage:Display: Finished SavePackage E:/Computing/Unreal/Unreal Projects/GameProject/Saved/Autosaves/Game/Maps/Arena_Auto1.umap
[2016.05.24-14.38.03:306][102]LogFileHelpers: Editor autosave (incl. sublevels) for '/Game/Maps/Arena' took 0.977
[2016.05.24-14.38.03:306][102]LogFileHelpers: Editor autosave (incl. sublevels) for all levels took 0.977
[2016.05.24-14.38.14:480][373]LogBlueprintUserMessages: Early PlayInEditor Detection: Level '/Game/Maps/Arena.arena:PersistentLevel' has LevelScriptBlueprint '/Game/Maps/Arena.arena:PersistentLevel.arena' with GeneratedClass '/Game/Maps/Arena.arena_C' with ClassGeneratedBy '/Game/Maps/Arena.arena:PersistentLevel.arena'
[2016.05.24-14.38.14:480][373]LogPlayLevel: PlayLevel: No blueprints needed recompiling
[2016.05.24-14.38.14:487][373]PIE: New page: PIE session: Arena (24 May 2016 16:38:14)
[2016.05.24-14.38.14:487][373]LogPlayLevel: Creating play world package: /Game/Maps/UEDPIE_1_Arena
[2016.05.24-14.38.14:493][373]LogPlayLevel: PIE: StaticDuplicateObject took: (0.006029s)
[2016.05.24-14.38.14:494][373]LogAIModule: Creating AISystem for world arena
[2016.05.24-14.38.14:494][373]LogPlayLevel: PIE: World Init took: (0.000698s)
[2016.05.24-14.38.14:494][373]LogPlayLevel: PIE: Created PIE world by copying editor world from /Game/Maps/Arena.arena to /Game/Maps/UEDPIE_1_Arena.arena (0.006951s)
[2016.05.24-14.38.14:525][373]LogInit: XAudio2 using 'Speakers (2- High Definition Audio Device)' : 2 channels at 44.1 kHz using 16 bits per sample (channel mask 0x3)
[2016.05.24-14.38.14:532][373]LogInit: FAudioDevice initialized.
[2016.05.24-14.38.14:629][373]LogWorld: Game class is 'FirstPersonGameMode_C'
[2016.05.24-14.38.14:632][373]LogWorld: Bringing World /Game/Maps/UEDPIE_1_Arena.arena up for play (max tick rate 0) at 2016.05.24-15.38.14
[2016.05.24-14.38.14:632][373]LogActor:Warning: GameSession /Game/Maps/UEDPIE_1_Arena.arena:PersistentLevel.GameSession_1 has natively added scene component(s), but none of them were set as the actor's RootComponent - picking one arbitrarily
[2016.05.24-14.38.14:632][373]LogActor:Warning: GameNetworkManager /Game/Maps/UEDPIE_1_Arena.arena:PersistentLevel.GameNetworkManager_1 has natively added scene component(s), but none of them were set as the actor's RootComponent - picking one arbitrarily
[2016.05.24-14.38.14:632][373]LogWorld: Bringing up level for play took: 0.002110
[2016.05.24-14.38.14:633][373]LogInit: WinSock: Socket queue 131072 / 131072
[2016.05.24-14.38.14:634][373]LogNet: GameNetDriver IpNetDriver_2 IpNetDriver listening on port 7777
[2016.05.24-14.38.14:651][373]PIE: Info Play in editor start time for /Game/Maps/UEDPIE_1_Arena -0.531
[2016.05.24-14.38.14:657][373]PIE: New page: PIE session: Arena (24 May 2016 16:38:14)
[2016.05.24-14.38.14:762][373]LogNet: Browse: 127.0.0.1//Game/Maps/menu
[2016.05.24-14.38.14:762][373]LogInit: WinSock: Socket queue 32768 / 32768
[2016.05.24-14.38.14:763][373]LogNet: Game client on port 7777, rate 10000
[2016.05.24-14.38.14:763][373]LogNet: GetLocalNetworkVersion: GEngineNetVersion: 2872498, ProjectName: fpsproject, ProjectVersion: 1.0.0.0, InternalProtocolVersion: 9, LocalNetworkVersion: 1808045840
[2016.05.24-14.38.14:783][373]PIE: Info Play in editor start time for /Game/Maps/menu -0.398
[2016.05.24-14.38.14:790][373]LogBlueprintUserMessages: Late PlayInEditor Detection: Level '/Game/Maps/Arena.arena:PersistentLevel' has LevelScriptBlueprint '/Game/Maps/Arena.arena:PersistentLevel.arena' with GeneratedClass '/Game/Maps/Arena.arena_C' with ClassGeneratedBy '/Game/Maps/Arena.arena:PersistentLevel.arena'
[2016.05.24-14.38.14:790][373]LogNet: NotifyAcceptingConnection: Server arena accept
[2016.05.24-14.38.14:790][373]LogNet: Open arena 05/24/16 15:38:14 127.0.0.1
[2016.05.24-14.38.14:790][373]LogNet: Added client connection.  Remote address = 127.0.0.1:59745
[2016.05.24-14.38.14:790][373]LogNet: NotifyAcceptingChannel Control 0 server World /Game/Maps/UEDPIE_1_Arena.arena: Accepted
[2016.05.24-14.38.14:790][373]LogNet: Remote platform little endian=1
[2016.05.24-14.38.14:790][373]LogNet: This platform little endian=1
[2016.05.24-14.38.14:790][373]LogNet: GetLocalNetworkVersion: GEngineNetVersion: 2872498, ProjectName: fpsproject, ProjectVersion: 1.0.0.0, InternalProtocolVersion: 9, LocalNetworkVersion: 1808045840
[2016.05.24-14.38.14:804][374]LogNet: Login request: /Game/Maps/menu userId: Invalid
[2016.05.24-14.38.14:805][374]LogNet: Welcomed by server (Level: /Game/Maps/UEDPIE_1_Arena, Game: /Game/Blueprints/FirstPersonGameMode.FirstPersonGameMode_C)
[2016.05.24-14.38.14:812][374]LogLoad: LoadMap: 127.0.0.1//Game/Maps/UEDPIE_1_Arena?game=/Game/Blueprints/FirstPersonGameMode.FirstPersonGameMode_C
[2016.05.24-14.38.14:833][374]LogParticles: Destroying 0 GPU particle simulations for FXSystem 0x0000015D8CABC360
[2016.05.24-14.38.14:836][374]Cmd: MEM
[2016.05.24-14.38.14:860][374]LogMemory: Platform Memory Stats for Windows
[2016.05.24-14.38.14:860][374]LogMemory: Process Physical Memory: 788.77 MB used, 799.93 MB peak
[2016.05.24-14.38.14:860][374]LogMemory: Process Virtual Memory: 1548.94 MB used, 1548.95 MB peak
[2016.05.24-14.38.14:860][374]LogMemory: Physical Memory: 3123.48 MB used, 8130.79 MB total
[2016.05.24-14.38.14:860][374]LogMemory: Virtual Memory: 2248.66 MB used, 134217728.00 MB total
[2016.05.24-14.38.14:860][374]LogMemory: 
[2016.05.24-14.38.14:860][374]Allocator Stats for TBB: (not implemented)
[2016.05.24-14.38.14:866][374]LogWorld: PIE: Copying PIE streaming level from /Game/Maps/Arena.arena to /Game/Maps/UEDPIE_2_Arena.arena. OwningWorld: None
[2016.05.24-14.38.14:866][374]LogAIModule: Creating AISystem for world arena
[2016.05.24-14.38.14:869][374]LogWorld: Bringing World /Game/Maps/UEDPIE_2_Arena.arena up for play (max tick rate 0) at 2016.05.24-15.38.14
[2016.05.24-14.38.14:869][374]LogWorld: Bringing up level for play took: 0.001694
[2016.05.24-14.38.14:897][375]LogNet: Client netspeed is 10000
[2016.05.24-14.38.14:897][375]LogNet: Join request: /Game/Maps/menu?SplitscreenCount=1
[2016.05.24-14.38.14:900][375]LogNet: Join succeeded: 259
[2016.05.24-14.38.21:756][878]LogBlueprintUserMessages: Early EndPlayMap Detection: Level '/Game/Maps/Arena.arena:PersistentLevel' has LevelScriptBlueprint '/Game/Maps/Arena.arena:PersistentLevel.arena' with GeneratedClass '/Game/Maps/Arena.arena_C' with ClassGeneratedBy '/Game/Maps/Arena.arena:PersistentLevel.arena'
[2016.05.24-14.38.21:818][878]LogSpawn:Warning: SpawnActor failed because we are in the process of tearing down the world
[2016.05.24-14.38.21:855][878]LogBlueprintUserMessages: Late EndPlayMap Detection: Level '/Game/Maps/Arena.arena:PersistentLevel' has LevelScriptBlueprint '/Game/Maps/Arena.arena:PersistentLevel.arena' with GeneratedClass '/Game/Maps/Arena.arena_C' with ClassGeneratedBy '/Game/Maps/Arena.arena:PersistentLevel.arena'
[2016.05.24-14.38.21:874][878]LogNet: UChannel::CleanUp: [GameNetDriver] [None] [None]. ChIndex == 0. Closing connection.
[2016.05.24-14.38.21:874][878]LogNet: UNetConnection::Close: Name: IpConnection_3, Driver: GameNetDriver IpNetDriver_2, PC: None, Owner: None, Channels: 2, RemoteAddr: 127.0.0.1:59745, Time: 2016.05.24-14.38.21
[2016.05.24-14.38.21:874][878]LogNet: UChannel::Close: Sending CloseBunch. ChIndex == 0. Name: ControlChannel_3
[2016.05.24-14.38.21:874][878]LogNet: UChannel::CleanUp: [GameNetDriver] [None] [None]. ChIndex == 0. Closing connection.
[2016.05.24-14.38.21:874][878]LogNet: UNetConnection::Close: Name: IpConnection_2, Driver: GameNetDriver IpNetDriver_3, PC: None, Owner: None, Channels: 2, RemoteAddr: 127.0.0.1:7777, Time: 2016.05.24-14.38.21
[2016.05.24-14.38.21:874][878]LogNet: UChannel::Close: Sending CloseBunch. ChIndex == 0. Name: ControlChannel_2
[2016.05.24-14.38.21:879][878]LogParticles: Destroying 0 GPU particle simulations for FXSystem 0x0000015D8EA4BE20
[2016.05.24-14.38.21:879][878]LogExit: GameNetDriver None shut down
[2016.05.24-14.38.21:879][878]LogExit: GameNetDriver None shut down
[2016.05.24-14.38.21:896][879]LogParticles: Destroying 0 GPU particle simulations for FXSystem 0x0000015D8C66EB60
[2016.05.24-14.39.03:749][491]LogActorComponent: UnregisterComponent: (/Engine/Transient.ProjectileMovementComponent_40__A6522401) Not registered. Aborting.
[2016.05.24-14.39.03:749][491]LogActorComponent: UnregisterComponent: (/Engine/Transient.CharMoveComp) Not registered. Aborting.
[2016.05.24-14.39.03:768][491]LogParticles: Destroying 0 GPU particle simulations for FXSystem 0x0000015D8C5FFA60
[2016.05.24-14.39.03:769][491]LogParticles: Destroying 0 GPU particle simulations for FXSystem 0x0000015D8C5FDDA0
[2016.05.24-14.39.03:770][491]LogParticles: Destroying 0 GPU particle simulations for FXSystem 0x0000015DAE72AD40
[2016.05.24-14.39.05:031][491]Cmd: OBJ SAVEPACKAGE PACKAGE="/Game/Maps/Arena" FILE="E:/Computing/Unreal/Unreal Projects/GameProject/Content/Maps/Arena.umap" SILENT=true AUTOSAVING=false KEEPDIRTY=false
[2016.05.24-14.39.05:288][491]LogSavePackage: Save=213.973892ms
[2016.05.24-14.39.05:288][491]LogSavePackage: Moving 'E:/Computing/Unreal/Unreal Projects/GameProject/Saved/Arena0D6638A64E85FC4BECEA5E8790C14458.tmp' to 'E:/Computing/Unreal/Unreal Projects/GameProject/Content/Maps/Arena.umap'
[2016.05.24-14.39.05:302][491]LogSavePackage: Total save time: 248.462953ms
[2016.05.24-14.39.05:302][491]LogSavePackage:Display: Finished SavePackage E:/Computing/Unreal/Unreal Projects/GameProject/Content/Maps/Arena.umap
[2016.05.24-14.39.05:323][491]LogFileHelpers: Saving map 'Arena' took 0.396
[2016.05.24-14.39.05:583][492]Cmd: QUIT_EDITOR
[2016.05.24-14.39.06:434][492]LogWindowsTextInputMethodSystem:Display: IME system now deactivated.
[2016.05.24-14.39.06:487][492]LogExit: Preparing to exit.
[2016.05.24-14.39.06:874][492]LogExit: Editor shut down
[2016.05.24-14.39.06:874][492]LogExit: Transaction tracking system shut down
[2016.05.24-14.39.06:875][492]LogParticles: Destroying 0 GPU particle simulations for FXSystem 0x0000015D92FE0A40
[2016.05.24-14.39.06:877][492]LogParticles: Destroying 0 GPU particle simulations for FXSystem 0x0000015D8E832660
[2016.05.24-14.39.06:878][492]LogParticles: Destroying 0 GPU particle simulations for FXSystem 0x0000015DA5997880
[2016.05.24-14.39.06:878][492]LogParticles: Destroying 0 GPU particle simulations for FXSystem 0x0000015D8EA49C60
[2016.05.24-14.39.06:878][492]LogParticles: Destroying 0 GPU particle simulations for FXSystem 0x0000015DAE7A7060
[2016.05.24-14.39.07:047][492]LogExit: Object subsystem successfully closed.
[2016.05.24-14.39.07:064][492]LogD3D11RHI: Shutdown
[2016.05.24-14.39.07:064][492]LogD3D11RHI: CleanupD3DDevice
[2016.05.24-14.39.07:143][492]LogD3D11RHI: ~FD3D11DynamicRHI
[2016.05.24-14.39.07:167][492]LogModuleManager: Shutting down and abandoning module SequencerWidgets (201)
[2016.05.24-14.39.07:167][492]LogModuleManager: Shutting down and abandoning module CookingStats (200)
[2016.05.24-14.39.07:167][492]LogModuleManager: Shutting down and abandoning module BlueprintGraph (199)
[2016.05.24-14.39.07:167][492]LogModuleManager: Shutting down and abandoning module CrashTracker (198)
[2016.05.24-14.39.07:167][492]LogModuleManager: Shutting down and abandoning module SceneOutliner (197)
[2016.05.24-14.39.07:167][492]LogModuleManager: Shutting down and abandoning module SuperSearch (196)
[2016.05.24-14.39.07:167][492]LogModuleManager: Shutting down and abandoning module WidgetCarousel (195)
[2016.05.24-14.39.07:167][492]LogModuleManager: Shutting down and abandoning module AddContentDialog (194)
[2016.05.24-14.39.07:169][492]LogModuleManager: Shutting down and abandoning module EditorWidgets (193)
[2016.05.24-14.39.07:169][492]LogModuleManager: Shutting down and abandoning module CollectionManager (192)
[2016.05.24-14.39.07:170][492]LogModuleManager: Shutting down and abandoning module StatsViewer (191)
[2016.05.24-14.39.07:170][492]LogModuleManager: Shutting down and abandoning module FoliageEdit (190)
[2016.05.24-14.39.07:170][492]LogModuleManager: Shutting down and abandoning module LandscapeEditor (189)
[2016.05.24-14.39.07:170][492]LogModuleManager: Shutting down and abandoning module ActorPickerMode (188)
[2016.05.24-14.39.07:170][492]LogModuleManager: Shutting down and abandoning module GeometryMode (187)
[2016.05.24-14.39.07:170][492]LogModuleManager: Shutting down and abandoning module TextureAlignMode (186)
[2016.05.24-14.39.07:170][492]LogModuleManager: Shutting down and abandoning module BspMode (185)
[2016.05.24-14.39.07:170][492]LogModuleManager: Shutting down and abandoning module PlacementMode (184)
[2016.05.24-14.39.07:170][492]LogModuleManager: Shutting down and abandoning module AutomationWorker (183)
[2016.05.24-14.39.07:170][492]LogModuleManager: Shutting down and abandoning module CharacterAI (182)
[2016.05.24-14.39.07:170][492]LogModuleManager: Shutting down and abandoning module SmartSnapping (181)
[2016.05.24-14.39.07:170][492]LogModuleManager: Shutting down and abandoning module ViewportSnapping (180)
[2016.05.24-14.39.07:170][492]LogModuleManager: Shutting down and abandoning module LogVisualizer (179)
[2016.05.24-14.39.07:170][492]LogModuleManager: Shutting down and abandoning module GameProjectGeneration (178)
[2016.05.24-14.39.07:170][492]LogModuleManager: Shutting down and abandoning module IntroTutorials (177)
[2016.05.24-14.39.07:170][492]LogModuleManager: Shutting down and abandoning module EditorLiveStreaming (176)
[2016.05.24-14.39.07:170][492]LogModuleManager: Shutting down and abandoning module IOSPlatformEditor (175)
[2016.05.24-14.39.07:170][492]LogModuleManager: Shutting down and abandoning module HTML5PlatformEditor (174)
[2016.05.24-14.39.07:170][492]LogModuleManager: Shutting down and abandoning module AndroidDeviceDetection (173)
[2016.05.24-14.39.07:957][492]LogModuleManager: Shutting down and abandoning module AndroidPlatformEditor (172)
[2016.05.24-14.39.07:958][492]LogModuleManager: Shutting down and abandoning module IOSRuntimeSettings (171)
[2016.05.24-14.39.07:958][492]LogModuleManager: Shutting down and abandoning module AndroidRuntimeSettings (170)
[2016.05.24-14.39.07:958][492]LogModuleManager: Shutting down and abandoning module MergeActors (169)
[2016.05.24-14.39.07:958][492]LogModuleManager: Shutting down and abandoning module SizeMap (168)
[2016.05.24-14.39.07:958][492]LogModuleManager: Shutting down and abandoning module TreeMap (167)
[2016.05.24-14.39.07:958][492]LogModuleManager: Shutting down and abandoning module ReferenceViewer (166)
[2016.05.24-14.39.07:958][492]LogModuleManager: Shutting down and abandoning module LocalizationService (165)
[2016.05.24-14.39.07:958][492]LogModuleManager: Shutting down and abandoning module LocalizationDashboard (164)
[2016.05.24-14.39.07:958][492]LogModuleManager: Shutting down and abandoning module HardwareTargeting (163)
[2016.05.24-14.39.07:958][492]LogModuleManager: Shutting down and abandoning module DeviceProfileEditor (162)
[2016.05.24-14.39.07:958][492]LogModuleManager: Shutting down and abandoning module UndoHistory (161)
[2016.05.24-14.39.07:958][492]LogModuleManager: Shutting down and abandoning module GameplayTagsEditor (160)
[2016.05.24-14.39.07:958][492]LogModuleManager: Shutting down and abandoning module UserFeedback (159)
[2016.05.24-14.39.07:958][492]LogModuleManager: Shutting down and abandoning module XmlParser (158)
[2016.05.24-14.39.07:958][492]LogModuleManager: Shutting down and abandoning module Blutility (157)
[2016.05.24-14.39.07:958][492]LogModuleManager: Shutting down and abandoning module ProjectTargetPlatformEditor (156)
[2016.05.24-14.39.07:958][492]LogModuleManager: Shutting down and abandoning module ProjectSettingsViewer (155)
[2016.05.24-14.39.07:958][492]LogModuleManager: Shutting down and abandoning module InputBindingEditor (154)
[2016.05.24-14.39.07:958][492]LogModuleManager: Shutting down and abandoning module EditorSettingsViewer (153)
[2016.05.24-14.39.07:958][492]LogModuleManager: Shutting down and abandoning module SettingsEditor (152)
[2016.05.24-14.39.07:958][492]LogModuleManager: Shutting down and abandoning module ProjectLauncher (151)
[2016.05.24-14.39.07:958][492]LogModuleManager: Shutting down and abandoning module SessionFrontend (150)
[2016.05.24-14.39.07:958][492]LogModuleManager: Shutting down and abandoning module ProfilerClient (149)
[2016.05.24-14.39.07:958][492]LogModuleManager: Shutting down and abandoning module TargetDeviceServices (148)
[2016.05.24-14.39.07:958][492]LogModuleManager: Shutting down and abandoning module DeviceManager (147)
[2016.05.24-14.39.07:958][492]LogModuleManager: Shutting down and abandoning module AutomationController (146)
[2016.05.24-14.39.07:958][492]LogModuleManager: Shutting down and abandoning module AutomationWindow (145)
[2016.05.24-14.39.07:958][492]LogModuleManager: Shutting down and abandoning module Layers (144)
[2016.05.24-14.39.07:958][492]LogModuleManager: Shutting down and abandoning module ComponentVisualizers (143)
[2016.05.24-14.39.07:958][492]LogModuleManager: Shutting down and abandoning module DetailCustomizations (142)
[2016.05.24-14.39.07:958][492]LogModuleManager: Shutting down and abandoning module PackagesDialog (141)
[2016.05.24-14.39.07:959][492]LogModuleManager: Shutting down and abandoning module Persona (140)
[2016.05.24-14.39.07:959][492]LogModuleManager: Shutting down and abandoning module Kismet (139)
[2016.05.24-14.39.07:959][492]LogModuleManager: Shutting down and abandoning module GraphEditor (138)
[2016.05.24-14.39.07:959][492]LogModuleManager: Shutting down and abandoning module ClassViewer (137)
[2016.05.24-14.39.07:959][492]LogModuleManager: Shutting down and abandoning module Toolbox (136)
[2016.05.24-14.39.07:959][492]LogModuleManager: Shutting down and abandoning module ModuleUI (135)
[2016.05.24-14.39.07:959][492]LogModuleManager: Shutting down and abandoning module MovieSceneTools (134)
[2016.05.24-14.39.07:959][492]LogModuleManager: Shutting down and abandoning module OutputLog (133)
[2016.05.24-14.39.07:959][492]LogModuleManager: Shutting down and abandoning module GammaUI (132)
[2016.05.24-14.39.07:959][492]LogModuleManager: Shutting down and abandoning module Documentation (131)
[2016.05.24-14.39.07:959][492]LogModuleManager: Shutting down and abandoning module GameLiveStreaming (130)
[2016.05.24-14.39.07:959][492]LogModuleManager: Shutting down and abandoning module StreamingPauseRendering (129)
[2016.05.24-14.39.07:959][492]LogModuleManager: Shutting down and abandoning module AnalyticsET (128)
[2016.05.24-14.39.07:959][492]LogModuleManager: Shutting down and abandoning module Analytics (127)
[2016.05.24-14.39.07:959][492]LogModuleManager: Shutting down and abandoning module AITestSuite (126)
[2016.05.24-14.39.07:959][492]LogModuleManager: Shutting down and abandoning module GameplayDebugger (125)
[2016.05.24-14.39.07:959][492]LogModuleManager: Shutting down and abandoning module AIModule (124)
[2016.05.24-14.39.07:959][492]LogModuleManager: Shutting down and abandoning module ProfilerService (123)
[2016.05.24-14.39.07:960][492]LogModuleManager: Shutting down and abandoning module TaskGraph (122)
[2016.05.24-14.39.07:960][492]LogModuleManager: Shutting down and abandoning module SlateRemote (121)
[2016.05.24-14.39.07:960][492]LogModuleManager: Shutting down and abandoning module SteamVRController (120)
[2016.05.24-14.39.07:960][492]LogModuleManager: Shutting down and abandoning module SteamVR (119)
[2016.05.24-14.39.07:960][492]LogModuleManager: Shutting down and abandoning module ProceduralMeshComponent (118)
[2016.05.24-14.39.07:960][492]LogModuleManager: Shutting down and abandoning module OculusLibrary (117)
[2016.05.24-14.39.07:960][492]LogModuleManager: Shutting down and abandoning module OculusInput (116)
[2016.05.24-14.39.07:960][492]LogModuleManager: Shutting down and abandoning module LeapMotionController (115)
[2016.05.24-14.39.07:971][492]LogModuleManager: Shutting down and abandoning module CustomMeshComponent (114)
[2016.05.24-14.39.07:971][492]LogModuleManager: Shutting down and abandoning module CableComponent (113)
[2016.05.24-14.39.07:971][492]LogModuleManager: Shutting down and abandoning module ArchVisCharacter (112)
[2016.05.24-14.39.07:971][492]LogModuleManager: Shutting down and abandoning module MessagingDebugger (111)
[2016.05.24-14.39.07:972][492]LogModuleManager: Shutting down and abandoning module MediaPlayerEditor (110)
[2016.05.24-14.39.07:972][492]LogModuleManager: Shutting down and abandoning module HTML5Networking (109)
[2016.05.24-14.39.07:972][492]LogModuleManager: Shutting down and abandoning module SpeedTreeImporter (108)
[2016.05.24-14.39.07:972][492]LogModuleManager: Shutting down and abandoning module PluginBrowser (107)
[2016.05.24-14.39.07:972][492]LogModuleManager: Shutting down and abandoning module EpicSurvey (106)
[2016.05.24-14.39.07:972][492]LogModuleManager: Shutting down and abandoning module DesktopPlatform (105)
[2016.05.24-14.39.07:972][492]LogModuleManager: Shutting down and abandoning module VisualStudioSourceCodeAccess (104)
[2016.05.24-14.39.07:972][492]LogModuleManager: Shutting down and abandoning module UObjectPlugin (103)
[2016.05.24-14.39.07:972][492]LogModuleManager: Shutting down and abandoning module SubversionSourceControl (102)
[2016.05.24-14.39.07:972][492]LogModuleManager: Shutting down and abandoning module PerforceSourceControl (101)
[2016.05.24-14.39.07:972][492]LogModuleManager: Shutting down and abandoning module SourceControl (100)
[2016.05.24-14.39.07:972][492]LogModuleManager: Shutting down and abandoning module GitSourceControl (99)
[2016.05.24-14.39.07:972][492]LogModuleManager: Shutting down and abandoning module LightPropagationVolumeEditor (98)
[2016.05.24-14.39.07:972][492]LogModuleManager: Shutting down and abandoning module PaperTiledImporter (97)
[2016.05.24-14.39.07:972][492]LogModuleManager: Shutting down and abandoning module PaperSpriteSheetImporter (96)
[2016.05.24-14.39.07:972][492]LogModuleManager: Shutting down and abandoning module MeshPaint (95)
[2016.05.24-14.39.07:972][492]LogModuleManager: Shutting down and abandoning module SlateReflector (94)
[2016.05.24-14.39.07:972][492]LogModuleManager: Shutting down and abandoning module HotReload (93)
[2016.05.24-14.39.07:972][492]LogModuleManager: Shutting down and abandoning module MainFrame (92)
[2016.05.24-14.39.07:972][492]LogModuleManager: Shutting down and abandoning module LevelEditor (91)
[2016.05.24-14.39.07:973][492]LogModuleManager: Shutting down and abandoning module DirectoryWatcher (90)
[2016.05.24-14.39.07:975][492]LogModuleManager: Shutting down and abandoning module AssetRegistry (89)
[2016.05.24-14.39.08:044][492]LogModuleManager: Shutting down and abandoning module ContentBrowser (88)
[2016.05.24-14.39.08:045][492]LogModuleManager: Shutting down and abandoning module Paper2DEditor (87)
[2016.05.24-14.39.08:045][492]LogModuleManager: Shutting down and abandoning module UdpMessaging (86)
[2016.05.24-14.39.08:145][492]LogModuleManager: Shutting down and abandoning module LightPropagationVolumeRuntime (85)
[2016.05.24-14.39.08:145][492]LogModuleManager: Shutting down and abandoning module Paper2D (84)
[2016.05.24-14.39.08:145][492]LogModuleManager: Shutting down and abandoning module WindowsMoviePlayer (83)
[2016.05.24-14.39.08:148][492]LogModuleManager: Shutting down and abandoning module Media (82)
[2016.05.24-14.39.08:148][492]LogModuleManager: Shutting down and abandoning module WmfMedia (81)
[2016.05.24-14.39.08:148][492]LogModuleManager: Shutting down and abandoning module OnlineBlueprintSupport (80)
[2016.05.24-14.39.08:148][492]LogModuleManager: Shutting down and abandoning module GameplayTasksEditor (79)
[2016.05.24-14.39.08:148][492]LogModuleManager: Shutting down and abandoning module PropertyEditor (78)
[2016.05.24-14.39.08:148][492]LogModuleManager: Shutting down and abandoning module BehaviorTreeEditor (77)
[2016.05.24-14.39.08:149][492]LogModuleManager: Shutting down and abandoning module FunctionalTesting (76)
[2016.05.24-14.39.08:149][492]LogModuleManager: Shutting down and abandoning module CollisionAnalyzer (75)
[2016.05.24-14.39.08:149][492]LogModuleManager: Shutting down and abandoning module WorkspaceMenuStructure (74)
[2016.05.24-14.39.08:149][492]LogModuleManager: Shutting down and abandoning module MessageLog (73)
[2016.05.24-14.39.08:149][492]LogModuleManager: Shutting down and abandoning module Sequencer (72)
[2016.05.24-14.39.08:149][492]LogModuleManager: Shutting down and abandoning module AssetTools (71)
[2016.05.24-14.39.08:149][492]LogModuleManager: Shutting down and abandoning module UMGEditor (70)
[2016.05.24-14.39.08:149][492]LogModuleManager: Shutting down and abandoning module UMG (69)
[2016.05.24-14.39.08:149][492]LogModuleManager: Shutting down and abandoning module Slate (68)
[2016.05.24-14.39.08:149][492]LogModuleManager: Shutting down and abandoning module EditorStyle (67)
[2016.05.24-14.39.08:152][492]LogModuleManager: Shutting down and abandoning module SessionServices (66)
[2016.05.24-14.39.08:152][492]LogModuleManager: Shutting down and abandoning module SourceCodeAccess (65)
[2016.05.24-14.39.08:152][492]LogModuleManager: Shutting down and abandoning module HeadMountedDisplay (64)
[2016.05.24-14.39.08:152][492]LogModuleManager: Shutting down and abandoning module XAudio2 (63)
[2016.05.24-14.39.08:152][492]LogModuleManager: Shutting down and abandoning module Networking (61)
[2016.05.24-14.39.08:152][492]LogModuleManager: Shutting down and abandoning module Core (60)
[2016.05.24-14.39.08:152][492]LogModuleManager: Shutting down and abandoning module KismetCompiler (59)
[2016.05.24-14.39.08:152][492]LogModuleManager: Shutting down and abandoning module PhysXFormats (58)
[2016.05.24-14.39.08:152][492]LogModuleManager: Shutting down and abandoning module MeshUtilities (57)
[2016.05.24-14.39.08:152][492]LogModuleManager: Shutting down and abandoning module DerivedDataCache (56)
[2016.05.24-14.39.08:202][492]LogDerivedDataCache: Shutdown
[2016.05.24-14.39.08:202][492]LogModuleManager: Shutting down and abandoning module ShaderFormatOpenGL (55)
[2016.05.24-14.39.08:203][492]LogModuleManager: Shutting down and abandoning module ShaderFormatD3D (54)
[2016.05.24-14.39.08:203][492]LogModuleManager: Shutting down and abandoning module MetalShaderFormat (53)
[2016.05.24-14.39.08:203][492]LogModuleManager: Shutting down and abandoning module TextureFormatUncompressed (52)
[2016.05.24-14.39.08:203][492]LogModuleManager: Shutting down and abandoning module TextureFormatPVR (51)
[2016.05.24-14.39.08:203][492]LogModuleManager: Shutting down and abandoning module TextureFormatIntelISPCTexComp (50)
[2016.05.24-14.39.08:203][492]LogModuleManager: Shutting down and abandoning module TextureFormatDXT (49)
[2016.05.24-14.39.08:203][492]LogModuleManager: Shutting down and abandoning module ImageWrapper (48)
[2016.05.24-14.39.08:203][492]LogModuleManager: Shutting down and abandoning module TextureFormatASTC (47)
[2016.05.24-14.39.08:203][492]LogModuleManager: Shutting down and abandoning module TextureFormatAndroid (46)
[2016.05.24-14.39.08:203][492]LogModuleManager: Shutting down and abandoning module AudioFormatOpus (45)
[2016.05.24-14.39.08:203][492]LogModuleManager: Shutting down and abandoning module AudioFormatOgg (44)
[2016.05.24-14.39.08:203][492]LogModuleManager: Shutting down and abandoning module AudioFormatADPCM (43)
[2016.05.24-14.39.08:203][492]LogModuleManager: Shutting down and abandoning module LinuxTargetPlatform (42)
[2016.05.24-14.39.08:203][492]LogModuleManager: Shutting down and abandoning module LinuxServerTargetPlatform (41)
[2016.05.24-14.39.08:203][492]LogModuleManager: Shutting down and abandoning module LinuxNoEditorTargetPlatform (40)
[2016.05.24-14.39.08:203][492]LogModuleManager: Shutting down and abandoning module Messaging (39)
[2016.05.24-14.39.08:203][492]LogModuleManager: Shutting down and abandoning module IOSTargetPlatform (38)
[2016.05.24-14.39.08:203][492]LogModuleManager: Shutting down and abandoning module HTML5TargetPlatform (37)
[2016.05.24-14.39.08:203][492]LogModuleManager: Shutting down and abandoning module Android_PVRTCTargetPlatform (36)
[2016.05.24-14.39.08:203][492]LogModuleManager: Shutting down and abandoning module Android_MultiTargetPlatform (35)
[2016.05.24-14.39.08:203][492]LogModuleManager: Shutting down and abandoning module Android_ETC2TargetPlatform (34)
[2016.05.24-14.39.08:203][492]LogModuleManager: Shutting down and abandoning module Android_ETC1TargetPlatform (33)
[2016.05.24-14.39.08:203][492]LogModuleManager: Shutting down and abandoning module Android_DXTTargetPlatform (32)
[2016.05.24-14.39.08:203][492]LogModuleManager: Shutting down and abandoning module Android_ATCTargetPlatform (31)
[2016.05.24-14.39.08:203][492]LogModuleManager: Shutting down and abandoning module Android_ASTCTargetPlatform (30)
[2016.05.24-14.39.08:203][492]LogModuleManager: Shutting down and abandoning module AndroidTargetPlatform (29)
[2016.05.24-14.39.08:203][492]LogModuleManager: Shutting down and abandoning module WindowsTargetPlatform (28)
[2016.05.24-14.39.08:203][492]LogModuleManager: Shutting down and abandoning module WindowsServerTargetPlatform (27)
[2016.05.24-14.39.08:203][492]LogModuleManager: Shutting down and abandoning module WindowsNoEditorTargetPlatform (26)
[2016.05.24-14.39.08:203][492]LogModuleManager: Shutting down and abandoning module WindowsClientTargetPlatform (25)
[2016.05.24-14.39.08:203][492]LogModuleManager: Shutting down and abandoning module AllDesktopTargetPlatform (24)
[2016.05.24-14.39.08:203][492]LogModuleManager: Shutting down and abandoning module TargetPlatform (23)
[2016.05.24-14.39.08:203][492]LogModuleManager: Shutting down and abandoning module InputCore (22)
[2016.05.24-14.39.08:203][492]LogModuleManager: Shutting down and abandoning module Settings (21)
[2016.05.24-14.39.08:203][492]LogModuleManager: Shutting down and abandoning module OnlineSubsystem (19)
[2016.05.24-14.39.08:203][492]LogModuleManager: Shutting down and abandoning module HTTP (18)
[2016.05.24-14.39.09:203][492]LogModuleManager: Shutting down and abandoning module XMPP (17)
[2016.05.24-14.39.09:204][492]LogModuleManager: Shutting down and abandoning module OculusRift (16)
[2016.05.24-14.39.09:204][492]LogModuleManager: Shutting down and abandoning module ExampleDeviceProfileSelector (15)
[2016.05.24-14.39.09:204][492]LogModuleManager: Shutting down and abandoning module TextureCompressor (14)
[2016.05.24-14.39.09:204][492]LogModuleManager: Shutting down and abandoning module ShaderCore (13)
[2016.05.24-14.39.09:204][492]LogModuleManager: Shutting down and abandoning module Landscape (12)
[2016.05.24-14.39.09:204][492]LogModuleManager: Shutting down and abandoning module SlateRHIRenderer (11)
[2016.05.24-14.39.09:209][492]LogModuleManager: Shutting down and abandoning module OpenGLDrv (10)
[2016.05.24-14.39.09:209][492]LogModuleManager: Shutting down and abandoning module D3D11RHI (9)
[2016.05.24-14.39.09:209][492]LogModuleManager: Shutting down and abandoning module AnimGraphRuntime (8)
[2016.05.24-14.39.09:209][492]LogModuleManager: Shutting down and abandoning module Renderer (7)
[2016.05.24-14.39.09:209][492]LogModuleManager: Shutting down and abandoning module Engine (6)
[2016.05.24-14.39.09:209][492]LogModuleManager: Shutting down and abandoning module CoreUObject (5)
[2016.05.24-14.39.09:209][492]LogModuleManager: Shutting down and abandoning module NetworkFile (4)
[2016.05.24-14.39.09:209][492]LogModuleManager: Shutting down and abandoning module StreamingFile (3)
[2016.05.24-14.39.09:209][492]LogModuleManager: Shutting down and abandoning module SandboxFile (2)
[2016.05.24-14.39.09:209][492]LogModuleManager: Shutting down and abandoning module PakFile (1)
[2016.05.24-14.39.09:213][492]LogExit: Exiting.
[2016.05.24-14.39.09:220][492]Log file closed, 05/24/16 15:39:09
