[2016.03.23-18.45.42:466][  0]Log file open, 03/23/16 18:45:42
[2016.03.23-18.45.42:466][  0]LogInit:Display: Running engine for game: FpsProject
[2016.03.23-18.45.42:466][  0]LogPlatformFile: Not using cached read wrapper
[2016.03.23-18.45.42:466][  0]LogInit:Display: RandInit(-429641913) SRandInit(-429641912).
[2016.03.23-18.45.42:466][  0]LogTaskGraph: Started task graph with 4 named threads and 7 total threads.
[2016.03.23-18.45.42:466][  0]LogStats: Stats thread started at 0.077050
[2016.03.23-18.45.42:466][  0]LogInit: Version: 4.10.4-2872498+++depot+UE4-Releases+4.10
[2016.03.23-18.45.42:466][  0]LogInit: API Version: 2758231
[2016.03.23-18.45.42:466][  0]LogInit: Compiled (64-bit): Feb 18 2016 15:47:04
[2016.03.23-18.45.42:466][  0]LogInit: Compiled with Visual C++: 19.00.23026.00
[2016.03.23-18.45.42:466][  0]LogInit: Build Configuration: Development
[2016.03.23-18.45.42:466][  0]LogInit: Branch Name: ++depot+UE4-Releases+4.10
[2016.03.23-18.45.42:466][  0]LogInit: Command line: -EpicPortal 
[2016.03.23-18.45.42:466][  0]LogInit: Base directory: C:/Program Files (x86)/Epic Games/4.10/Engine/Binaries/Win64/
[2016.03.23-18.45.42:466][  0]LogInit: Rocket: 1
[2016.03.23-18.45.42:499][  0]LogInit: Using libcurl 7.41.0
[2016.03.23-18.45.42:499][  0]LogInit:  - built for x86_64-pc-win32
[2016.03.23-18.45.42:499][  0]LogInit:  - supports SSL with WinSSL
[2016.03.23-18.45.42:499][  0]LogInit:  - other features:
[2016.03.23-18.45.42:499][  0]LogInit:      CURL_VERSION_SSL
[2016.03.23-18.45.42:499][  0]LogInit:      CURL_VERSION_IPV6
[2016.03.23-18.45.42:499][  0]LogInit:      CURL_VERSION_ASYNCHDNS
[2016.03.23-18.45.42:499][  0]LogInit:      CURL_VERSION_LARGEFILE
[2016.03.23-18.45.42:499][  0]LogInit:      CURL_VERSION_IDN
[2016.03.23-18.45.42:499][  0]LogInit:  CurlRequestOptions (configurable via config and command line):
[2016.03.23-18.45.42:499][  0]LogInit:  - bVerifyPeer = true  - Libcurl will verify peer certificate
[2016.03.23-18.45.42:499][  0]LogInit:  - bUseHttpProxy = false  - Libcurl will NOT use HTTP proxy
[2016.03.23-18.45.42:499][  0]LogInit:  - bDontReuseConnections = false  - Libcurl will reuse connections
[2016.03.23-18.45.42:499][  0]LogInit:  - CertBundlePath = nullptr  - Libcurl will use whatever was configured at build time.
[2016.03.23-18.45.42:505][  0]LogInit: Presizing for 0 objects not considered by GC, pre-allocating 0 bytes.
[2016.03.23-18.45.42:510][  0]LogInit: Object subsystem initialized
[2016.03.23-18.45.42:511][  0]LogInit: Selected Device Profile: [Windows]
[2016.03.23-18.45.42:511][  0]LogInit: Applying CVar settings loaded from the selected device profile: [Windows]
[2016.03.23-18.45.42:516][  0]LogInit: Computer: CHRIS-PC
[2016.03.23-18.45.42:516][  0]LogInit: User: Chris
[2016.03.23-18.45.42:516][  0]LogInit: CPU Page size=4096, Cores=4
[2016.03.23-18.45.42:516][  0]LogInit: High frequency timer resolution =3.123191 MHz
[2016.03.23-18.45.42:516][  0]LogMemory: Memory total: Physical=7.9GB (8GB approx)
[2016.03.23-18.45.42:516][  0]LogMemory: Platform Memory Stats for Windows
[2016.03.23-18.45.42:516][  0]LogMemory: Process Physical Memory: 56.11 MB used, 56.11 MB peak
[2016.03.23-18.45.42:516][  0]LogMemory: Process Virtual Memory: 58.73 MB used, 58.73 MB peak
[2016.03.23-18.45.42:516][  0]LogMemory: Physical Memory: 3172.85 MB used, 8130.79 MB total
[2016.03.23-18.45.42:516][  0]LogMemory: Virtual Memory: 385.43 MB used, 134217728.00 MB total
[2016.03.23-18.45.42:548][  0]LogTextLocalizationManager: No specific translations for ('en-GB') exist, so ('en') translations will be used.
[2016.03.23-18.45.42:940][  0]LogD3D11RHI: Found D3D11 adapter 0: AMD Radeon HD 7700 Series (Feature Level 11_0)
[2016.03.23-18.45.42:940][  0]LogD3D11RHI: Adapter has 1002MB of dedicated video memory, 0MB of dedicated system memory, and 4065MB of shared system memory, 2 output[s]
[2016.03.23-18.45.42:941][  0]LogD3D11RHI: Found D3D11 adapter 1: Microsoft Basic Render Driver (Feature Level 11_0)
[2016.03.23-18.45.42:941][  0]LogD3D11RHI: Adapter has 0MB of dedicated video memory, 0MB of dedicated system memory, and 4065MB of shared system memory, 0 output[s]
[2016.03.23-18.45.42:941][  0]LogD3D11RHI: Chosen D3D11 Adapter Id = 0
[2016.03.23-18.45.42:944][  0]LogD3D11RHI: !Direct3DDevice
[2016.03.23-18.45.42:944][  0]LogRHI: Texture pool is 701 MB (70% of 1002 MB)
[2016.03.23-18.45.42:951][  0]LogD3D11RHI: Async texture creation disabled: no driver support
[2016.03.23-18.45.42:962][  0]LogShaderCompilers: Guid format shader working directory is -1 characters bigger than the processId version (E:/Computing/Unreal/Unreal Projects/GameProject/Intermediate/Shaders/WorkingDirectory/3352/).
[2016.03.23-18.45.42:963][  0]LogShaderCompilers: Cleaned the shader compiler working directory 'C:/Users/Chris/AppData/Local/Temp/UnrealShaderWorkingDir/9C8DB10C450E3DE4087005B2DA9FC558/'.
[2016.03.23-18.45.42:963][  0]LogShaderCompilers:Display: Using Local Shader Compiler.
[2016.03.23-18.45.43:716][  0]LogTemp:Display: Loaded TP AllDesktopTargetPlatform
[2016.03.23-18.45.43:720][  0]LogTemp:Display: Loaded TP WindowsClientTargetPlatform
[2016.03.23-18.45.43:724][  0]LogTemp:Display: Loaded TP WindowsNoEditorTargetPlatform
[2016.03.23-18.45.43:728][  0]LogTemp:Display: Loaded TP WindowsServerTargetPlatform
[2016.03.23-18.45.43:732][  0]LogTemp:Display: Loaded TP WindowsTargetPlatform
[2016.03.23-18.45.43:735][  0]LogTemp:Display: Loaded TP AndroidTargetPlatform
[2016.03.23-18.45.43:737][  0]LogTemp:Display: Loaded TP Android_ASTCTargetPlatform
[2016.03.23-18.45.43:740][  0]LogTemp:Display: Loaded TP Android_ATCTargetPlatform
[2016.03.23-18.45.43:742][  0]LogTemp:Display: Loaded TP Android_DXTTargetPlatform
[2016.03.23-18.45.43:745][  0]LogTemp:Display: Loaded TP Android_ETC1TargetPlatform
[2016.03.23-18.45.43:748][  0]LogTemp:Display: Loaded TP Android_ETC2TargetPlatform
[2016.03.23-18.45.43:753][  0]LogTemp:Display: Loaded TP Android_MultiTargetPlatform
[2016.03.23-18.45.43:753][  0]LogTemp:Display: Loaded TP Android_PVRTCTargetPlatform
[2016.03.23-18.45.43:754][  0]LogTemp:Display: Loaded TP HTML5TargetPlatform
[2016.03.23-18.45.43:770][  0]LogTemp:Display: Loaded TP IOSTargetPlatform
[2016.03.23-18.45.43:772][  0]LogTemp:Display: Loaded TP LinuxNoEditorTargetPlatform
[2016.03.23-18.45.43:775][  0]LogTemp:Display: Loaded TP LinuxServerTargetPlatform
[2016.03.23-18.45.43:778][  0]LogTemp:Display: Loaded TP LinuxTargetPlatform
[2016.03.23-18.45.43:778][  0]LogTargetPlatformManager:Display: Building Assets For Windows
[2016.03.23-18.45.43:849][  0]LogDerivedDataCache:Display: Max Cache Size: 512 MB
[2016.03.23-18.45.43:901][  0]LogDerivedDataCache: Loaded boot cache 0.05s 41MB C:/Users/Chris/AppData/Local/UnrealEngine/4.10/DerivedDataCache/Boot.ddc.
[2016.03.23-18.45.43:901][  0]LogDerivedDataCache:Display: Loaded Boot cache: C:/Users/Chris/AppData/Local/UnrealEngine/4.10/DerivedDataCache/Boot.ddc
[2016.03.23-18.45.43:901][  0]LogDerivedDataCache: FDerivedDataBackendGraph:  Pak pak cache file E:/Computing/Unreal/Unreal Projects/GameProject/DerivedDataCache/DDC.ddp not found, will not use a pak cache.
[2016.03.23-18.45.43:901][  0]LogDerivedDataCache: Unable to find inner node Pak for hierarchical cache Hierarchy.
[2016.03.23-18.45.43:901][  0]LogDerivedDataCache: FDerivedDataBackendGraph:  CompressedPak pak cache file E:/Computing/Unreal/Unreal Projects/GameProject/DerivedDataCache/Compressed.ddp not found, will not use a pak cache.
[2016.03.23-18.45.43:901][  0]LogDerivedDataCache: Unable to find inner node CompressedPak for hierarchical cache Hierarchy.
[2016.03.23-18.45.43:955][  0]LogDerivedDataCache:Display: Pak cache opened for reading ../../../Engine/DerivedDataCache/Compressed.ddp.
[2016.03.23-18.45.43:967][  0]LogDerivedDataCache: Using Local data cache path C:/Users/Chris/AppData/Local/UnrealEngine/Common/DerivedDataCache: Writable
[2016.03.23-18.45.44:142][  0]LogInit: Selected Device Profile: [Windows]
[2016.03.23-18.45.44:144][  0]LogContentStreaming: Texture pool size is 0.000000MB
[2016.03.23-18.45.44:243][  0]LogMeshUtilities: No automatic mesh reduction module available
[2016.03.23-18.45.44:243][  0]LogMeshUtilities: No automatic mesh merging module available
[2016.03.23-18.45.44:462][  0]LogInit: WinSock: version 1.1 (2.2), MaxSocks=32767, MaxUdp=65467
[2016.03.23-18.45.45:261][  0]UdpMessaging: Initializing bridge on interface 0.0.0.0:0 to multicast group 230.0.0.1:6666.
[2016.03.23-18.45.45:356][  0]LogAssetRegistry: FAssetRegistry took 0.0107 seconds to start up
[2016.03.23-18.45.45:546][  0]SourceControl: Info Source control is disabled
[2016.03.23-18.45.45:547][  0]SourceControl: Info Source control is disabled
[2016.03.23-18.45.45:561][  0]SourceControl: Info Source control is disabled
[2016.03.23-18.45.45:572][  0]SourceControl: Info Source control is disabled
[2016.03.23-18.45.45:802][  0]LogObj: 28633 objects as part of root set at end of initial load.
[2016.03.23-18.45.45:802][  0]LogUObjectAllocator: 6099752 out of 0 bytes used by permanent object pool.
[2016.03.23-18.45.45:852][  0]LogEngine: Initializing Engine...
[2016.03.23-18.45.45:857][  0]LogHMD: Can't find Oculus library dev build: is proper Runtime installed? Version: 0.8.0.0
[2016.03.23-18.45.45:858][  0]LogHMD: SteamVR failed to initialize.  Err: 110
[2016.03.23-18.45.45:968][  0]LogAIModule: Creating AISystem for world NewWorld
[2016.03.23-18.45.45:978][  0]LogInit: XAudio2 using 'Speakers (2- High Definition Audio Device)' : 2 channels at 44.1 kHz using 16 bits per sample (channel mask 0x3)
[2016.03.23-18.45.45:988][  0]LogInit: FAudioDevice initialized.
[2016.03.23-18.45.46:018][  0]LogDerivedDataCache: Saved boot cache 0.03s 41MB C:/Users/Chris/AppData/Local/UnrealEngine/4.10/DerivedDataCache/Boot.ddc.
[2016.03.23-18.45.46:028][  0]LogInit: Texture streaming: Enabled
[2016.03.23-18.45.46:034][  0]LogAnalytics: Creating configured Analytics provider AnalyticsET
[2016.03.23-18.45.46:034][  0]LogAnalytics: [UEEditor.Rocket.Release] APIServer = http://et2.epicgames.com/ET2/. AppVersion = 4.10.4-2872498+++depot+UE4-Releases+4.10
[2016.03.23-18.45.46:034][  0]LogAnalytics: [UEEditor.Rocket.Release] SetUserId dda77f1544752f940c33e380f02beeee|581a2f5c95e34dd8b3eca337ee713eb1|baa8d59f-5337-46fd-ab7b-5719df139748
[2016.03.23-18.45.46:035][  0]LogAnalytics: [UEEditor.Rocket.Release] AnalyticsET::StartSession
[2016.03.23-18.45.46:043][  0]LogInit: Transaction tracking system initialized
[2016.03.23-18.45.46:069][  0]BlueprintLog: New page: Editor Load
[2016.03.23-18.45.46:155][  0]LocalizationService: Info Localization service is disabled
[2016.03.23-18.45.46:220][  0]LogConsoleResponse:Display: 
[2016.03.23-18.45.46:332][  0]LogCook:Display: Done creating registry. It took  0.00s.
[2016.03.23-18.45.46:381][  0]LogFileCache: Scanning file cache for directory 'E:/Computing/Unreal/Unreal Projects/GameProject/Content/' took 0.01s
[2016.03.23-18.45.46:381][  0]SourceControl: Info Source control is disabled
[2016.03.23-18.45.46:382][  0]Cmd: MAP LOAD FILE="E:/Computing/Unreal/Unreal Projects/GameProject/Content/GameProject/Maps/FirstPersonExampleMap.umap" TEMPLATE=0 SHOWPROGRESS=1 FEATURELEVEL=3
[2016.03.23-18.45.46:396][  0]LightingResults: New page: Lighting Build
[2016.03.23-18.45.46:399][  0]MapCheck: New page: Map Check
[2016.03.23-18.45.46:399][  0]LightingResults: New page: Lighting Build
[2016.03.23-18.45.46:408][  0]LogParticles: Destroying 0 GPU particle simulations for FXSystem 0x000002043A1A7B00
[2016.03.23-18.45.47:200][  0]LogAIModule: Creating AISystem for world FirstPersonExampleMap
[2016.03.23-18.45.47:205][  0]LogEditorServer: Finished looking for orphan Actors (0.000 secs)
[2016.03.23-18.45.47:206][  0]Cmd: MAP CHECKDEP NOCLEARLOG
[2016.03.23-18.45.47:280][  0]MapCheck: Info Map check complete: 0 Error(s), 0 Warning(s), took 74.114ms to complete.
[2016.03.23-18.45.47:280][  0]LogFileHelpers: Loading map 'FirstPersonExampleMap' took 0.899
[2016.03.23-18.45.47:391][  0]LogCollectionManager: Loaded 0 collections in 0.001569 seconds
[2016.03.23-18.45.47:434][  0]LogFileCache: Scanning file cache for directory 'E:/Computing/Unreal/Unreal Projects/GameProject/Saved/Collections/' took 0.01s
[2016.03.23-18.45.47:434][  0]LogFileCache: Scanning file cache for directory 'E:/Computing/Unreal/Unreal Projects/GameProject/Content/Developers/Chris/Collections/' took 0.01s
[2016.03.23-18.45.47:434][  0]LogFileCache: Scanning file cache for directory 'E:/Computing/Unreal/Unreal Projects/GameProject/Content/Collections/' took 0.01s
[2016.03.23-18.45.47:434][  0]LogCollectionManager: Rebuilt the GUID cache for 0 collections in 0.000002 seconds
[2016.03.23-18.45.47:440][  0]LogContentBrowser: Native class hierarchy populated in 0.0062 seconds. Added 1893 classes and 338 folders.
[2016.03.23-18.45.47:445][  0]LogContentBrowser: Native class hierarchy updated for 'WidgetCarousel' in 0.0003 seconds. Added 0 classes and 0 folders.
[2016.03.23-18.45.47:574][  0]LogContentBrowser: Native class hierarchy updated for 'AddContentDialog' in 0.0003 seconds. Added 0 classes and 0 folders.
[2016.03.23-18.45.47:599][  0]LogContentBrowser: Native class hierarchy updated for 'SceneOutliner' in 0.0004 seconds. Added 1 classes and 2 folders.
[2016.03.23-18.45.47:668][  0]LogCrashTracker: Crashtracker disabled due to settings.
[2016.03.23-18.45.47:674][  0]LogUObjectGlobals:Warning: Failed to find object 'Class None.'
[2016.03.23-18.45.47:696][  0]LogLoad: Full Startup: 5.64 seconds (BP compile: 0.10 seconds)
[2016.03.23-18.45.48:047][  0]LogOcInput: Can't find Oculus library dev build: is proper Runtime installed? Version: 0.8.0.0
[2016.03.23-18.45.48:048][  0]LoadErrors:Error: Error /Game/GameProject/Blueprints/FirstPersonCharacter : Failed import for ObjectProperty /Game/GameProject/Blueprints/PlayerView.PlayerView_C:Mech
[2016.03.23-18.45.48:133][  0]LogContentStreaming: Texture pool size now 1000 MB
[2016.03.23-18.45.48:272][  0]LogRenderer: Reallocating scene render targets to support 1208x572 (Frame:2).
[2016.03.23-18.45.49:854][  5]LogAssetRegistry: Asset discovery search completed in 4.5077 seconds
[2016.03.23-18.45.49:854][  5]LogCollectionManager: Rebuilt the object cache for 0 collections in 0.000002 seconds (found 0 objects)
[2016.03.23-18.45.49:854][  5]LogCollectionManager: Fixed up redirectors for 0 collections in 0.000059 seconds (updated 0 objects)
[2016.03.23-18.45.53:897][ 17]LogLinker:Warning: Asset '../../../Engine/Content/ArtTools/RenderToTexture/Macros/RenderToTextureMacros.uasset' has been saved with empty engine version. The asset will be loaded but may be incompatible.
[2016.03.23-18.45.54:213][ 17]LogContentBrowser: Native class hierarchy updated for 'BlueprintGraph' in 0.0007 seconds. Added 107 classes and 0 folders.
[2016.03.23-18.45.58:413][413]LogBlueprintUserMessages: Early PlayInEditor Detection: Level '/Game/GameProject/Maps/FirstPersonExampleMap.FirstPersonExampleMap:PersistentLevel' has LevelScriptBlueprint '/Game/GameProject/Maps/FirstPersonExampleMap.FirstPersonExampleMap:PersistentLevel.FirstPersonExampleMap' with GeneratedClass '/Game/GameProject/Maps/FirstPersonExampleMap.FirstPersonExampleMap_C' with ClassGeneratedBy '/Game/GameProject/Maps/FirstPersonExampleMap.FirstPersonExampleMap:PersistentLevel.FirstPersonExampleMap'
[2016.03.23-18.45.58:414][413]LogPlayLevel: PlayLevel: No blueprints needed recompiling
[2016.03.23-18.45.58:414][413]PIE: New page: PIE session: FirstPersonExampleMap (23 Mar 2016 18:45:58)
[2016.03.23-18.45.58:414][413]LogPlayLevel: Creating play world package: /Game/GameProject/Maps/UEDPIE_0_FirstPersonExampleMap
[2016.03.23-18.45.58:444][413]LogPlayLevel: PIE: StaticDuplicateObject took: (0.029959s)
[2016.03.23-18.45.58:445][413]LogAIModule: Creating AISystem for world FirstPersonExampleMap
[2016.03.23-18.45.58:445][413]LogPlayLevel: PIE: World Init took: (0.000950s)
[2016.03.23-18.45.58:445][413]LogPlayLevel: PIE: Created PIE world by copying editor world from /Game/GameProject/Maps/FirstPersonExampleMap.FirstPersonExampleMap to /Game/GameProject/Maps/UEDPIE_0_FirstPersonExampleMap.FirstPersonExampleMap (0.031205s)
[2016.03.23-18.45.58:445][413]LogActorComponent: UnregisterComponent: (/Engine/Transient.CharMoveComp) Not registered. Aborting.
[2016.03.23-18.45.58:488][413]LogInit: XAudio2 using 'Speakers (2- High Definition Audio Device)' : 2 channels at 44.1 kHz using 16 bits per sample (channel mask 0x3)
[2016.03.23-18.45.58:494][413]LogInit: FAudioDevice initialized.
[2016.03.23-18.45.58:547][413]LogWorld: Game class is 'FirstPersonGameMode_C'
[2016.03.23-18.45.58:550][413]LogWorld: Bringing World /Game/GameProject/Maps/UEDPIE_0_FirstPersonExampleMap.FirstPersonExampleMap up for play (max tick rate 0) at 2016.03.23-18.45.58
[2016.03.23-18.45.58:550][413]LogActor:Warning: GameSession /Game/GameProject/Maps/UEDPIE_0_FirstPersonExampleMap.FirstPersonExampleMap:PersistentLevel.GameSession_0 has natively added scene component(s), but none of them were set as the actor's RootComponent - picking one arbitrarily
[2016.03.23-18.45.58:550][413]LogActor:Warning: GameNetworkManager /Game/GameProject/Maps/UEDPIE_0_FirstPersonExampleMap.FirstPersonExampleMap:PersistentLevel.GameNetworkManager_0 has natively added scene component(s), but none of them were set as the actor's RootComponent - picking one arbitrarily
[2016.03.23-18.45.58:550][413]LogWorld: Bringing up level for play took: 0.002175
[2016.03.23-18.45.58:554][413]PIE: Info Play in editor start time for /Game/GameProject/Maps/UEDPIE_0_FirstPersonExampleMap 0.791
[2016.03.23-18.45.58:554][413]LogBlueprintUserMessages: Late PlayInEditor Detection: Level '/Game/GameProject/Maps/FirstPersonExampleMap.FirstPersonExampleMap:PersistentLevel' has LevelScriptBlueprint '/Game/GameProject/Maps/FirstPersonExampleMap.FirstPersonExampleMap:PersistentLevel.FirstPersonExampleMap' with GeneratedClass '/Game/GameProject/Maps/FirstPersonExampleMap.FirstPersonExampleMap_C' with ClassGeneratedBy '/Game/GameProject/Maps/FirstPersonExampleMap.FirstPersonExampleMap:PersistentLevel.FirstPersonExampleMap'
[2016.03.23-18.46.03:822][884]LogBlueprintUserMessages: Early EndPlayMap Detection: Level '/Game/GameProject/Maps/FirstPersonExampleMap.FirstPersonExampleMap:PersistentLevel' has LevelScriptBlueprint '/Game/GameProject/Maps/FirstPersonExampleMap.FirstPersonExampleMap:PersistentLevel.FirstPersonExampleMap' with GeneratedClass '/Game/GameProject/Maps/FirstPersonExampleMap.FirstPersonExampleMap_C' with ClassGeneratedBy '/Game/GameProject/Maps/FirstPersonExampleMap.FirstPersonExampleMap:PersistentLevel.FirstPersonExampleMap'
[2016.03.23-18.46.03:862][884]LogBlueprintUserMessages: Late EndPlayMap Detection: Level '/Game/GameProject/Maps/FirstPersonExampleMap.FirstPersonExampleMap:PersistentLevel' has LevelScriptBlueprint '/Game/GameProject/Maps/FirstPersonExampleMap.FirstPersonExampleMap:PersistentLevel.FirstPersonExampleMap' with GeneratedClass '/Game/GameProject/Maps/FirstPersonExampleMap.FirstPersonExampleMap_C' with ClassGeneratedBy '/Game/GameProject/Maps/FirstPersonExampleMap.FirstPersonExampleMap:PersistentLevel.FirstPersonExampleMap'
[2016.03.23-18.46.03:885][884]LogParticles: Destroying 0 GPU particle simulations for FXSystem 0x000002041DD1D9E0
[2016.03.23-18.46.14:378][573]LogBlueprintUserMessages: Early PlayInEditor Detection: Level '/Game/GameProject/Maps/FirstPersonExampleMap.FirstPersonExampleMap:PersistentLevel' has LevelScriptBlueprint '/Game/GameProject/Maps/FirstPersonExampleMap.FirstPersonExampleMap:PersistentLevel.FirstPersonExampleMap' with GeneratedClass '/Game/GameProject/Maps/FirstPersonExampleMap.FirstPersonExampleMap_C' with ClassGeneratedBy '/Game/GameProject/Maps/FirstPersonExampleMap.FirstPersonExampleMap:PersistentLevel.FirstPersonExampleMap'
[2016.03.23-18.46.14:378][573]LogPlayLevel: PlayLevel: No blueprints needed recompiling
[2016.03.23-18.46.14:378][573]PIE: New page: PIE session: FirstPersonExampleMap (23 Mar 2016 18:46:14)
[2016.03.23-18.46.14:378][573]LogPlayLevel: Creating play world package: /Game/GameProject/Maps/UEDPIE_0_FirstPersonExampleMap
[2016.03.23-18.46.14:404][573]LogPlayLevel: PIE: StaticDuplicateObject took: (0.026146s)
[2016.03.23-18.46.14:405][573]LogAIModule: Creating AISystem for world FirstPersonExampleMap
[2016.03.23-18.46.14:406][573]LogPlayLevel: PIE: World Init took: (0.001224s)
[2016.03.23-18.46.14:406][573]LogPlayLevel: PIE: Created PIE world by copying editor world from /Game/GameProject/Maps/FirstPersonExampleMap.FirstPersonExampleMap to /Game/GameProject/Maps/UEDPIE_0_FirstPersonExampleMap.FirstPersonExampleMap (0.027610s)
[2016.03.23-18.46.14:406][573]LogActorComponent: UnregisterComponent: (/Engine/Transient.CharMoveComp) Not registered. Aborting.
[2016.03.23-18.46.14:436][573]LogInit: XAudio2 using 'Speakers (2- High Definition Audio Device)' : 2 channels at 44.1 kHz using 16 bits per sample (channel mask 0x3)
[2016.03.23-18.46.14:443][573]LogInit: FAudioDevice initialized.
[2016.03.23-18.46.14:477][573]LogWorld: Game class is 'FirstPersonGameMode_C'
[2016.03.23-18.46.14:480][573]LogWorld: Bringing World /Game/GameProject/Maps/UEDPIE_0_FirstPersonExampleMap.FirstPersonExampleMap up for play (max tick rate 0) at 2016.03.23-18.46.14
[2016.03.23-18.46.14:480][573]LogActor:Warning: GameSession /Game/GameProject/Maps/UEDPIE_0_FirstPersonExampleMap.FirstPersonExampleMap:PersistentLevel.GameSession_1 has natively added scene component(s), but none of them were set as the actor's RootComponent - picking one arbitrarily
[2016.03.23-18.46.14:481][573]LogActor:Warning: GameNetworkManager /Game/GameProject/Maps/UEDPIE_0_FirstPersonExampleMap.FirstPersonExampleMap:PersistentLevel.GameNetworkManager_1 has natively added scene component(s), but none of them were set as the actor's RootComponent - picking one arbitrarily
[2016.03.23-18.46.14:481][573]LogWorld: Bringing up level for play took: 0.002269
[2016.03.23-18.46.14:483][573]PIE: Info Play in editor start time for /Game/GameProject/Maps/UEDPIE_0_FirstPersonExampleMap 0.72
[2016.03.23-18.46.14:483][573]LogBlueprintUserMessages: Late PlayInEditor Detection: Level '/Game/GameProject/Maps/FirstPersonExampleMap.FirstPersonExampleMap:PersistentLevel' has LevelScriptBlueprint '/Game/GameProject/Maps/FirstPersonExampleMap.FirstPersonExampleMap:PersistentLevel.FirstPersonExampleMap' with GeneratedClass '/Game/GameProject/Maps/FirstPersonExampleMap.FirstPersonExampleMap_C' with ClassGeneratedBy '/Game/GameProject/Maps/FirstPersonExampleMap.FirstPersonExampleMap:PersistentLevel.FirstPersonExampleMap'
[2016.03.23-18.46.16:812][784]LogBlueprintUserMessages: Early EndPlayMap Detection: Level '/Game/GameProject/Maps/FirstPersonExampleMap.FirstPersonExampleMap:PersistentLevel' has LevelScriptBlueprint '/Game/GameProject/Maps/FirstPersonExampleMap.FirstPersonExampleMap:PersistentLevel.FirstPersonExampleMap' with GeneratedClass '/Game/GameProject/Maps/FirstPersonExampleMap.FirstPersonExampleMap_C' with ClassGeneratedBy '/Game/GameProject/Maps/FirstPersonExampleMap.FirstPersonExampleMap:PersistentLevel.FirstPersonExampleMap'
[2016.03.23-18.46.16:848][784]LogBlueprintUserMessages: Late EndPlayMap Detection: Level '/Game/GameProject/Maps/FirstPersonExampleMap.FirstPersonExampleMap:PersistentLevel' has LevelScriptBlueprint '/Game/GameProject/Maps/FirstPersonExampleMap.FirstPersonExampleMap:PersistentLevel.FirstPersonExampleMap' with GeneratedClass '/Game/GameProject/Maps/FirstPersonExampleMap.FirstPersonExampleMap_C' with ClassGeneratedBy '/Game/GameProject/Maps/FirstPersonExampleMap.FirstPersonExampleMap:PersistentLevel.FirstPersonExampleMap'
[2016.03.23-18.46.16:870][784]LogParticles: Destroying 0 GPU particle simulations for FXSystem 0x000002042D1F1580
[2016.03.23-18.46.19:493][908]LogRenderer: Reallocating scene render targets to support 1208x712 (Frame:1811).
[2016.03.23-18.46.31:988][407]LogActorComponent: UnregisterComponent: (/Engine/Transient.CharMoveComp) Not registered. Aborting.
[2016.03.23-18.46.32:424][407]LogSavePackage: Save=147.238831ms
[2016.03.23-18.46.32:424][407]LogSavePackage: Moving 'E:/Computing/Unreal/Unreal Projects/GameProject/Saved/FirstPersonCharacterBB99CC964CDD3E06602A3BA52B194E9B.tmp' to 'E:/Computing/Unreal/Unreal Projects/GameProject/Content/GameProject/Blueprints/FirstPersonCharacter.uasset'
[2016.03.23-18.46.32:433][407]LogSavePackage: Total save time: 367.736716ms
[2016.03.23-18.46.32:433][407]LogSavePackage:Display: Finished SavePackage E:/Computing/Unreal/Unreal Projects/GameProject/Content/GameProject/Blueprints/FirstPersonCharacter.uasset
[2016.03.23-18.46.33:323][444]LogBlueprintUserMessages: Early PlayInEditor Detection: Level '/Game/GameProject/Maps/FirstPersonExampleMap.FirstPersonExampleMap:PersistentLevel' has LevelScriptBlueprint '/Game/GameProject/Maps/FirstPersonExampleMap.FirstPersonExampleMap:PersistentLevel.FirstPersonExampleMap' with GeneratedClass '/Game/GameProject/Maps/FirstPersonExampleMap.FirstPersonExampleMap_C' with ClassGeneratedBy '/Game/GameProject/Maps/FirstPersonExampleMap.FirstPersonExampleMap:PersistentLevel.FirstPersonExampleMap'
[2016.03.23-18.46.33:323][444]BlueprintLog: New page: Pre-Play auto-recompile
[2016.03.23-18.46.33:325][444]LogActorComponent: UnregisterComponent: (/Engine/Transient.CharMoveComp) Not registered. Aborting.
[2016.03.23-18.46.33:335][444]LogPlayLevel: [PlayLevel] Compiling FirstPersonCharacter before play...
[2016.03.23-18.46.33:420][444]LogPlayLevel: PlayLevel: Blueprint regeneration took 96 ms (3 blueprints)
[2016.03.23-18.46.33:420][444]LogPlayLevel: [PlayLevel] Compiling FirstPersonGameMode before play...
[2016.03.23-18.46.33:465][444]LogPlayLevel: PlayLevel: Blueprint regeneration took 141 ms (3 blueprints)
[2016.03.23-18.46.33:465][444]LogPlayLevel: [PlayLevel] Compiling UI before play...
[2016.03.23-18.46.33:507][444]LogPlayLevel: PlayLevel: Blueprint regeneration took 183 ms (3 blueprints)
[2016.03.23-18.46.33:534][444]PIE: New page: PIE session: FirstPersonExampleMap (23 Mar 2016 18:46:33)
[2016.03.23-18.46.33:534][444]LogPlayLevel: Creating play world package: /Game/GameProject/Maps/UEDPIE_0_FirstPersonExampleMap
[2016.03.23-18.46.33:560][444]LogPlayLevel: PIE: StaticDuplicateObject took: (0.026337s)
[2016.03.23-18.46.33:562][444]LogAIModule: Creating AISystem for world FirstPersonExampleMap
[2016.03.23-18.46.33:562][444]LogPlayLevel: PIE: World Init took: (0.001511s)
[2016.03.23-18.46.33:562][444]LogPlayLevel: PIE: Created PIE world by copying editor world from /Game/GameProject/Maps/FirstPersonExampleMap.FirstPersonExampleMap to /Game/GameProject/Maps/UEDPIE_0_FirstPersonExampleMap.FirstPersonExampleMap (0.028197s)
[2016.03.23-18.46.33:593][444]LogInit: XAudio2 using 'Speakers (2- High Definition Audio Device)' : 2 channels at 44.1 kHz using 16 bits per sample (channel mask 0x3)
[2016.03.23-18.46.33:600][444]LogInit: FAudioDevice initialized.
[2016.03.23-18.46.33:635][444]LogWorld: Game class is 'FirstPersonGameMode_C'
[2016.03.23-18.46.33:638][444]LogWorld: Bringing World /Game/GameProject/Maps/UEDPIE_0_FirstPersonExampleMap.FirstPersonExampleMap up for play (max tick rate 0) at 2016.03.23-18.46.33
[2016.03.23-18.46.33:638][444]LogActor:Warning: GameSession /Game/GameProject/Maps/UEDPIE_0_FirstPersonExampleMap.FirstPersonExampleMap:PersistentLevel.GameSession_2 has natively added scene component(s), but none of them were set as the actor's RootComponent - picking one arbitrarily
[2016.03.23-18.46.33:638][444]LogActor:Warning: GameNetworkManager /Game/GameProject/Maps/UEDPIE_0_FirstPersonExampleMap.FirstPersonExampleMap:PersistentLevel.GameNetworkManager_2 has natively added scene component(s), but none of them were set as the actor's RootComponent - picking one arbitrarily
[2016.03.23-18.46.33:638][444]LogWorld: Bringing up level for play took: 0.002052
[2016.03.23-18.46.33:641][444]PIE: Info Play in editor start time for /Game/GameProject/Maps/UEDPIE_0_FirstPersonExampleMap -0.122
[2016.03.23-18.46.33:641][444]LogBlueprintUserMessages: Late PlayInEditor Detection: Level '/Game/GameProject/Maps/FirstPersonExampleMap.FirstPersonExampleMap:PersistentLevel' has LevelScriptBlueprint '/Game/GameProject/Maps/FirstPersonExampleMap.FirstPersonExampleMap:PersistentLevel.FirstPersonExampleMap' with GeneratedClass '/Game/GameProject/Maps/FirstPersonExampleMap.FirstPersonExampleMap_C' with ClassGeneratedBy '/Game/GameProject/Maps/FirstPersonExampleMap.FirstPersonExampleMap:PersistentLevel.FirstPersonExampleMap'
[2016.03.23-18.46.36:002][609]LogBlueprintUserMessages: Early EndPlayMap Detection: Level '/Game/GameProject/Maps/FirstPersonExampleMap.FirstPersonExampleMap:PersistentLevel' has LevelScriptBlueprint '/Game/GameProject/Maps/FirstPersonExampleMap.FirstPersonExampleMap:PersistentLevel.FirstPersonExampleMap' with GeneratedClass '/Game/GameProject/Maps/FirstPersonExampleMap.FirstPersonExampleMap_C' with ClassGeneratedBy '/Game/GameProject/Maps/FirstPersonExampleMap.FirstPersonExampleMap:PersistentLevel.FirstPersonExampleMap'
[2016.03.23-18.46.36:042][609]LogBlueprintUserMessages: Late EndPlayMap Detection: Level '/Game/GameProject/Maps/FirstPersonExampleMap.FirstPersonExampleMap:PersistentLevel' has LevelScriptBlueprint '/Game/GameProject/Maps/FirstPersonExampleMap.FirstPersonExampleMap:PersistentLevel.FirstPersonExampleMap' with GeneratedClass '/Game/GameProject/Maps/FirstPersonExampleMap.FirstPersonExampleMap_C' with ClassGeneratedBy '/Game/GameProject/Maps/FirstPersonExampleMap.FirstPersonExampleMap:PersistentLevel.FirstPersonExampleMap'
[2016.03.23-18.46.36:042][609]LogActorComponent: UnregisterComponent: (/Engine/Transient.CharMoveComp) Not registered. Aborting.
[2016.03.23-18.46.36:091][610]LogParticles: Destroying 0 GPU particle simulations for FXSystem 0x000002043840EC00
[2016.03.23-18.47.04:910][767]LogBlueprintUserMessages: Early PlayInEditor Detection: Level '/Game/GameProject/Maps/FirstPersonExampleMap.FirstPersonExampleMap:PersistentLevel' has LevelScriptBlueprint '/Game/GameProject/Maps/FirstPersonExampleMap.FirstPersonExampleMap:PersistentLevel.FirstPersonExampleMap' with GeneratedClass '/Game/GameProject/Maps/FirstPersonExampleMap.FirstPersonExampleMap_C' with ClassGeneratedBy '/Game/GameProject/Maps/FirstPersonExampleMap.FirstPersonExampleMap:PersistentLevel.FirstPersonExampleMap'
[2016.03.23-18.47.04:910][767]LogPlayLevel: PlayLevel: No blueprints needed recompiling
[2016.03.23-18.47.04:910][767]PIE: New page: PIE session: FirstPersonExampleMap (23 Mar 2016 18:47:04)
[2016.03.23-18.47.04:911][767]LogPlayLevel: Creating play world package: /Game/GameProject/Maps/UEDPIE_0_FirstPersonExampleMap
[2016.03.23-18.47.04:937][767]LogPlayLevel: PIE: StaticDuplicateObject took: (0.026239s)
[2016.03.23-18.47.04:938][767]LogAIModule: Creating AISystem for world FirstPersonExampleMap
[2016.03.23-18.47.04:938][767]LogPlayLevel: PIE: World Init took: (0.001648s)
[2016.03.23-18.47.04:939][767]LogPlayLevel: PIE: Created PIE world by copying editor world from /Game/GameProject/Maps/FirstPersonExampleMap.FirstPersonExampleMap to /Game/GameProject/Maps/UEDPIE_0_FirstPersonExampleMap.FirstPersonExampleMap (0.028256s)
[2016.03.23-18.47.04:939][767]LogActorComponent: UnregisterComponent: (/Engine/Transient.CharMoveComp) Not registered. Aborting.
[2016.03.23-18.47.04:997][767]LogInit: XAudio2 using 'Speakers (2- High Definition Audio Device)' : 2 channels at 44.1 kHz using 16 bits per sample (channel mask 0x3)
[2016.03.23-18.47.05:004][767]LogInit: FAudioDevice initialized.
[2016.03.23-18.47.05:041][767]LogWorld: Game class is 'FirstPersonGameMode_C'
[2016.03.23-18.47.05:044][767]LogWorld: Bringing World /Game/GameProject/Maps/UEDPIE_0_FirstPersonExampleMap.FirstPersonExampleMap up for play (max tick rate 0) at 2016.03.23-18.47.05
[2016.03.23-18.47.05:045][767]LogActor:Warning: GameSession /Game/GameProject/Maps/UEDPIE_0_FirstPersonExampleMap.FirstPersonExampleMap:PersistentLevel.GameSession_3 has natively added scene component(s), but none of them were set as the actor's RootComponent - picking one arbitrarily
[2016.03.23-18.47.05:045][767]LogActor:Warning: GameNetworkManager /Game/GameProject/Maps/UEDPIE_0_FirstPersonExampleMap.FirstPersonExampleMap:PersistentLevel.GameNetworkManager_3 has natively added scene component(s), but none of them were set as the actor's RootComponent - picking one arbitrarily
[2016.03.23-18.47.05:045][767]LogWorld: Bringing up level for play took: 0.002893
[2016.03.23-18.47.05:045][767]LogPathFollowing:Warning: No NavigationData found while trying to cache it for AIController_0's PathFollowingComponent
[2016.03.23-18.47.05:050][767]PIE: Info Play in editor start time for /Game/GameProject/Maps/UEDPIE_0_FirstPersonExampleMap -0.713
[2016.03.23-18.47.05:050][767]LogBlueprintUserMessages: Late PlayInEditor Detection: Level '/Game/GameProject/Maps/FirstPersonExampleMap.FirstPersonExampleMap:PersistentLevel' has LevelScriptBlueprint '/Game/GameProject/Maps/FirstPersonExampleMap.FirstPersonExampleMap:PersistentLevel.FirstPersonExampleMap' with GeneratedClass '/Game/GameProject/Maps/FirstPersonExampleMap.FirstPersonExampleMap_C' with ClassGeneratedBy '/Game/GameProject/Maps/FirstPersonExampleMap.FirstPersonExampleMap:PersistentLevel.FirstPersonExampleMap'
[2016.03.23-18.47.06:179][844]LogBlueprintUserMessages: Early EndPlayMap Detection: Level '/Game/GameProject/Maps/FirstPersonExampleMap.FirstPersonExampleMap:PersistentLevel' has LevelScriptBlueprint '/Game/GameProject/Maps/FirstPersonExampleMap.FirstPersonExampleMap:PersistentLevel.FirstPersonExampleMap' with GeneratedClass '/Game/GameProject/Maps/FirstPersonExampleMap.FirstPersonExampleMap_C' with ClassGeneratedBy '/Game/GameProject/Maps/FirstPersonExampleMap.FirstPersonExampleMap:PersistentLevel.FirstPersonExampleMap'
[2016.03.23-18.47.06:247][844]LogBlueprintUserMessages: Late EndPlayMap Detection: Level '/Game/GameProject/Maps/FirstPersonExampleMap.FirstPersonExampleMap:PersistentLevel' has LevelScriptBlueprint '/Game/GameProject/Maps/FirstPersonExampleMap.FirstPersonExampleMap:PersistentLevel.FirstPersonExampleMap' with GeneratedClass '/Game/GameProject/Maps/FirstPersonExampleMap.FirstPersonExampleMap_C' with ClassGeneratedBy '/Game/GameProject/Maps/FirstPersonExampleMap.FirstPersonExampleMap:PersistentLevel.FirstPersonExampleMap'
[2016.03.23-18.47.06:271][844]LogParticles: Destroying 0 GPU particle simulations for FXSystem 0x00000204430C76A0
[2016.03.23-18.47.21:250][346]LogBlueprintUserMessages: Early PlayInEditor Detection: Level '/Game/GameProject/Maps/FirstPersonExampleMap.FirstPersonExampleMap:PersistentLevel' has LevelScriptBlueprint '/Game/GameProject/Maps/FirstPersonExampleMap.FirstPersonExampleMap:PersistentLevel.FirstPersonExampleMap' with GeneratedClass '/Game/GameProject/Maps/FirstPersonExampleMap.FirstPersonExampleMap_C' with ClassGeneratedBy '/Game/GameProject/Maps/FirstPersonExampleMap.FirstPersonExampleMap:PersistentLevel.FirstPersonExampleMap'
[2016.03.23-18.47.21:250][346]LogPlayLevel: PlayLevel: No blueprints needed recompiling
[2016.03.23-18.47.21:250][346]PIE: New page: PIE session: FirstPersonExampleMap (23 Mar 2016 18:47:21)
[2016.03.23-18.47.21:250][346]LogPlayLevel: Creating play world package: /Game/GameProject/Maps/UEDPIE_0_FirstPersonExampleMap
[2016.03.23-18.47.21:280][346]LogPlayLevel: PIE: StaticDuplicateObject took: (0.029272s)
[2016.03.23-18.47.21:281][346]LogAIModule: Creating AISystem for world FirstPersonExampleMap
[2016.03.23-18.47.21:281][346]LogPlayLevel: PIE: World Init took: (0.001586s)
[2016.03.23-18.47.21:282][346]LogPlayLevel: PIE: Created PIE world by copying editor world from /Game/GameProject/Maps/FirstPersonExampleMap.FirstPersonExampleMap to /Game/GameProject/Maps/UEDPIE_0_FirstPersonExampleMap.FirstPersonExampleMap (0.031139s)
[2016.03.23-18.47.21:340][346]LogInit: XAudio2 using 'Speakers (2- High Definition Audio Device)' : 2 channels at 44.1 kHz using 16 bits per sample (channel mask 0x3)
[2016.03.23-18.47.21:347][346]LogInit: FAudioDevice initialized.
[2016.03.23-18.47.21:384][346]LogWorld: Game class is 'FirstPersonGameMode_C'
[2016.03.23-18.47.21:388][346]LogWorld: Bringing World /Game/GameProject/Maps/UEDPIE_0_FirstPersonExampleMap.FirstPersonExampleMap up for play (max tick rate 0) at 2016.03.23-18.47.21
[2016.03.23-18.47.21:388][346]LogActor:Warning: GameSession /Game/GameProject/Maps/UEDPIE_0_FirstPersonExampleMap.FirstPersonExampleMap:PersistentLevel.GameSession_4 has natively added scene component(s), but none of them were set as the actor's RootComponent - picking one arbitrarily
[2016.03.23-18.47.21:388][346]LogActor:Warning: GameNetworkManager /Game/GameProject/Maps/UEDPIE_0_FirstPersonExampleMap.FirstPersonExampleMap:PersistentLevel.GameNetworkManager_4 has natively added scene component(s), but none of them were set as the actor's RootComponent - picking one arbitrarily
[2016.03.23-18.47.21:388][346]LogWorld: Bringing up level for play took: 0.003012
[2016.03.23-18.47.21:388][346]LogPathFollowing:Warning: No NavigationData found while trying to cache it for AIController_1's PathFollowingComponent
[2016.03.23-18.47.21:391][346]PIE: Info Play in editor start time for /Game/GameProject/Maps/UEDPIE_0_FirstPersonExampleMap -0.372
[2016.03.23-18.47.21:391][346]LogBlueprintUserMessages: Late PlayInEditor Detection: Level '/Game/GameProject/Maps/FirstPersonExampleMap.FirstPersonExampleMap:PersistentLevel' has LevelScriptBlueprint '/Game/GameProject/Maps/FirstPersonExampleMap.FirstPersonExampleMap:PersistentLevel.FirstPersonExampleMap' with GeneratedClass '/Game/GameProject/Maps/FirstPersonExampleMap.FirstPersonExampleMap_C' with ClassGeneratedBy '/Game/GameProject/Maps/FirstPersonExampleMap.FirstPersonExampleMap:PersistentLevel.FirstPersonExampleMap'
[2016.03.23-18.47.26:891][736]LogBlueprintUserMessages: Early EndPlayMap Detection: Level '/Game/GameProject/Maps/FirstPersonExampleMap.FirstPersonExampleMap:PersistentLevel' has LevelScriptBlueprint '/Game/GameProject/Maps/FirstPersonExampleMap.FirstPersonExampleMap:PersistentLevel.FirstPersonExampleMap' with GeneratedClass '/Game/GameProject/Maps/FirstPersonExampleMap.FirstPersonExampleMap_C' with ClassGeneratedBy '/Game/GameProject/Maps/FirstPersonExampleMap.FirstPersonExampleMap:PersistentLevel.FirstPersonExampleMap'
[2016.03.23-18.47.26:956][736]LogBlueprintUserMessages: Late EndPlayMap Detection: Level '/Game/GameProject/Maps/FirstPersonExampleMap.FirstPersonExampleMap:PersistentLevel' has LevelScriptBlueprint '/Game/GameProject/Maps/FirstPersonExampleMap.FirstPersonExampleMap:PersistentLevel.FirstPersonExampleMap' with GeneratedClass '/Game/GameProject/Maps/FirstPersonExampleMap.FirstPersonExampleMap_C' with ClassGeneratedBy '/Game/GameProject/Maps/FirstPersonExampleMap.FirstPersonExampleMap:PersistentLevel.FirstPersonExampleMap'
[2016.03.23-18.47.26:978][736]LogParticles: Destroying 0 GPU particle simulations for FXSystem 0x000002047CEC4180
[2016.03.23-18.48.01:399][868]LogActorComponent: UnregisterComponent: (/Engine/Transient.CharMoveComp) Not registered. Aborting.
[2016.03.23-18.48.02:198][894]LogActorComponent: UnregisterComponent: (/Engine/Transient.CharacterMovementComponent_0) Not registered. Aborting.
[2016.03.23-18.48.03:117][924]LogActorComponent: UnregisterComponent: (/Engine/Transient.CharacterMovementComponent_1) Not registered. Aborting.
[2016.03.23-18.48.07:741][ 69]LogActorComponent: UnregisterComponent: (/Engine/Transient.CharacterMovementComponent_2) Not registered. Aborting.
[2016.03.23-18.48.11:431][183]LogActorComponent: UnregisterComponent: (/Engine/Transient.CharacterMovementComponent_3) Not registered. Aborting.
[2016.03.23-18.48.27:949][730]LogActorComponent: UnregisterComponent: (/Engine/Transient.CharacterMovementComponent_4) Not registered. Aborting.
[2016.03.23-18.48.33:885][930]LogActorComponent: UnregisterComponent: (/Engine/Transient.CharacterMovementComponent_5) Not registered. Aborting.
[2016.03.23-18.48.34:579][953]LogActorComponent: UnregisterComponent: (/Engine/Transient.CharacterMovementComponent_6) Not registered. Aborting.
[2016.03.23-18.48.47:829][334]LogActorComponent: UnregisterComponent: (/Engine/Transient.CharacterMovementComponent_7) Not registered. Aborting.
[2016.03.23-18.49.00:568][711]LogActorComponent: UnregisterComponent: (/Engine/Transient.CharacterMovementComponent_8) Not registered. Aborting.
[2016.03.23-18.49.03:180][762]LogActorComponent: UnregisterComponent: (/Engine/Transient.CharacterMovementComponent_9) Not registered. Aborting.
[2016.03.23-18.49.08:122][907]LogActorComponent: UnregisterComponent: (/Engine/Transient.CharacterMovementComponent_10) Not registered. Aborting.
[2016.03.23-18.49.08:600][907]LogSavePackage: Save=274.970703ms
[2016.03.23-18.49.08:600][907]LogSavePackage: Moving 'E:/Computing/Unreal/Unreal Projects/GameProject/Saved/FirstPersonExampleMap2EBC549B455245C7271E1B9870C9E4FD.tmp' to 'E:/Computing/Unreal/Unreal Projects/GameProject/Content/GameProject/Maps/FirstPersonExampleMap.umap'
[2016.03.23-18.49.08:603][907]LogSavePackage: Total save time: 309.177056ms
[2016.03.23-18.49.08:603][907]LogSavePackage:Display: Finished SavePackage E:/Computing/Unreal/Unreal Projects/GameProject/Content/GameProject/Maps/FirstPersonExampleMap.umap
[2016.03.23-18.49.08:620][907]LogFileHelpers: Saving map 'FirstPersonExampleMap' took 0.437
[2016.03.23-18.49.08:745][907]LogSavePackage: Save=96.800354ms
[2016.03.23-18.49.08:745][907]LogSavePackage: Moving 'E:/Computing/Unreal/Unreal Projects/GameProject/Saved/FirstPersonCharacter0322CB5B45AF5451D1A13B99053C3DD7.tmp' to 'E:/Computing/Unreal/Unreal Projects/GameProject/Content/GameProject/Blueprints/FirstPersonCharacter.uasset'
[2016.03.23-18.49.08:747][907]LogSavePackage: Total save time: 103.291795ms
[2016.03.23-18.49.08:747][907]LogSavePackage:Display: Finished SavePackage E:/Computing/Unreal/Unreal Projects/GameProject/Content/GameProject/Blueprints/FirstPersonCharacter.uasset
[2016.03.23-18.49.19:663][221]LogActorComponent: UnregisterComponent: (/Engine/Transient.CharacterMovementComponent_11) Not registered. Aborting.
[2016.03.23-18.49.20:801][243]LogActorComponent: UnregisterComponent: (/Engine/Transient.CharacterMovementComponent_12) Not registered. Aborting.
[2016.03.23-18.49.21:861][264]LogActorComponent: UnregisterComponent: (/Engine/Transient.CharacterMovementComponent_13) Not registered. Aborting.
[2016.03.23-18.49.27:686][447]LogEditorTransaction: Undo Set actor scale
[2016.03.23-18.49.27:724][447]LogActorComponent: ~FComponentReregisterContext: (/Game/GameProject/Maps/FirstPersonExampleMap.FirstPersonExampleMap:PersistentLevel.FirstPersonCharacter_130.CharacterMesh0) Component already registered.
[2016.03.23-18.49.27:725][447]LogActorComponent: ~FComponentReregisterContext: (/Game/GameProject/Maps/FirstPersonExampleMap.FirstPersonExampleMap:PersistentLevel.FirstPersonCharacter_130.CharMoveComp) Component already registered.
[2016.03.23-18.49.27:725][447]LogActorComponent: ~FComponentReregisterContext: (/Game/GameProject/Maps/FirstPersonExampleMap.FirstPersonExampleMap:PersistentLevel.FirstPersonCharacter_130.Arrow) Component already registered.
[2016.03.23-18.49.27:738][447]LogActorComponent: UnregisterComponent: (/Engine/Transient.CharacterMovementComponent_14) Not registered. Aborting.
[2016.03.23-18.49.27:926][453]LogEditorTransaction: Undo Set actor scale
[2016.03.23-18.49.27:957][453]LogActorComponent: ~FComponentReregisterContext: (/Game/GameProject/Maps/FirstPersonExampleMap.FirstPersonExampleMap:PersistentLevel.FirstPersonCharacter_130.CharacterMesh0) Component already registered.
[2016.03.23-18.49.27:957][453]LogActorComponent: ~FComponentReregisterContext: (/Game/GameProject/Maps/FirstPersonExampleMap.FirstPersonExampleMap:PersistentLevel.FirstPersonCharacter_130.CharMoveComp) Component already registered.
[2016.03.23-18.49.27:958][453]LogActorComponent: ~FComponentReregisterContext: (/Game/GameProject/Maps/FirstPersonExampleMap.FirstPersonExampleMap:PersistentLevel.FirstPersonCharacter_130.Arrow) Component already registered.
[2016.03.23-18.49.27:970][453]LogActorComponent: UnregisterComponent: (/Engine/Transient.CharacterMovementComponent_15) Not registered. Aborting.
[2016.03.23-18.49.28:153][459]LogEditorTransaction: Undo Set actor scale
[2016.03.23-18.49.28:185][459]LogActorComponent: ~FComponentReregisterContext: (/Game/GameProject/Maps/FirstPersonExampleMap.FirstPersonExampleMap:PersistentLevel.FirstPersonCharacter_130.CharacterMesh0) Component already registered.
[2016.03.23-18.49.28:186][459]LogActorComponent: ~FComponentReregisterContext: (/Game/GameProject/Maps/FirstPersonExampleMap.FirstPersonExampleMap:PersistentLevel.FirstPersonCharacter_130.CharMoveComp) Component already registered.
[2016.03.23-18.49.28:187][459]LogActorComponent: ~FComponentReregisterContext: (/Game/GameProject/Maps/FirstPersonExampleMap.FirstPersonExampleMap:PersistentLevel.FirstPersonCharacter_130.Arrow) Component already registered.
[2016.03.23-18.49.28:199][459]LogActorComponent: UnregisterComponent: (/Engine/Transient.CharacterMovementComponent_16) Not registered. Aborting.
[2016.03.23-18.49.37:207][755]LogActorComponent: UnregisterComponent: (/Engine/Transient.CharacterMovementComponent_17) Not registered. Aborting.
[2016.03.23-18.49.37:672][755]LogSavePackage: Save=289.507111ms
[2016.03.23-18.49.37:672][755]LogSavePackage: Moving 'E:/Computing/Unreal/Unreal Projects/GameProject/Saved/FirstPersonExampleMap6C5FA94945C6B0802355239BF72ACFB0.tmp' to 'E:/Computing/Unreal/Unreal Projects/GameProject/Content/GameProject/Maps/FirstPersonExampleMap.umap'
[2016.03.23-18.49.37:681][755]LogSavePackage: Total save time: 303.814273ms
[2016.03.23-18.49.37:681][755]LogSavePackage:Display: Finished SavePackage E:/Computing/Unreal/Unreal Projects/GameProject/Content/GameProject/Maps/FirstPersonExampleMap.umap
[2016.03.23-18.49.37:698][755]LogFileHelpers: Saving map 'FirstPersonExampleMap' took 0.428
[2016.03.23-18.49.37:826][755]LogSavePackage: Save=99.991646ms
[2016.03.23-18.49.37:826][755]LogSavePackage: Moving 'E:/Computing/Unreal/Unreal Projects/GameProject/Saved/FirstPersonCharacter54024CE04EAB01636DD34AB460CC13CC.tmp' to 'E:/Computing/Unreal/Unreal Projects/GameProject/Content/GameProject/Blueprints/FirstPersonCharacter.uasset'
[2016.03.23-18.49.37:828][755]LogSavePackage: Total save time: 106.599629ms
[2016.03.23-18.49.37:828][755]LogSavePackage:Display: Finished SavePackage E:/Computing/Unreal/Unreal Projects/GameProject/Content/GameProject/Blueprints/FirstPersonCharacter.uasset
[2016.03.23-18.49.38:485][779]LogBlueprintUserMessages: Early PlayInEditor Detection: Level '/Game/GameProject/Maps/FirstPersonExampleMap.FirstPersonExampleMap:PersistentLevel' has LevelScriptBlueprint '/Game/GameProject/Maps/FirstPersonExampleMap.FirstPersonExampleMap:PersistentLevel.FirstPersonExampleMap' with GeneratedClass '/Game/GameProject/Maps/FirstPersonExampleMap.FirstPersonExampleMap_C' with ClassGeneratedBy '/Game/GameProject/Maps/FirstPersonExampleMap.FirstPersonExampleMap:PersistentLevel.FirstPersonExampleMap'
[2016.03.23-18.49.38:486][779]BlueprintLog: New page: Pre-Play auto-recompile
[2016.03.23-18.49.38:488][779]LogActorComponent: UnregisterComponent: (/Engine/Transient.CharMoveComp) Not registered. Aborting.
[2016.03.23-18.49.38:491][779]LogPlayLevel: [PlayLevel] Compiling FirstPersonCharacter before play...
[2016.03.23-18.49.38:656][779]LogPlayLevel: PlayLevel: Blueprint regeneration took 170 ms (3 blueprints)
[2016.03.23-18.49.38:656][779]LogPlayLevel: [PlayLevel] Compiling FirstPersonGameMode before play...
[2016.03.23-18.49.38:702][779]LogPlayLevel: PlayLevel: Blueprint regeneration took 216 ms (3 blueprints)
[2016.03.23-18.49.38:703][779]LogPlayLevel: [PlayLevel] Compiling UI before play...
[2016.03.23-18.49.38:752][779]LogPlayLevel: PlayLevel: Blueprint regeneration took 266 ms (3 blueprints)
[2016.03.23-18.49.38:779][779]PIE: New page: PIE session: FirstPersonExampleMap (23 Mar 2016 18:49:38)
[2016.03.23-18.49.38:780][779]LogPlayLevel: Creating play world package: /Game/GameProject/Maps/UEDPIE_0_FirstPersonExampleMap
[2016.03.23-18.49.38:810][779]LogPlayLevel: PIE: StaticDuplicateObject took: (0.029757s)
[2016.03.23-18.49.38:811][779]LogAIModule: Creating AISystem for world FirstPersonExampleMap
[2016.03.23-18.49.38:812][779]LogPlayLevel: PIE: World Init took: (0.002059s)
[2016.03.23-18.49.38:812][779]LogPlayLevel: PIE: Created PIE world by copying editor world from /Game/GameProject/Maps/FirstPersonExampleMap.FirstPersonExampleMap to /Game/GameProject/Maps/UEDPIE_0_FirstPersonExampleMap.FirstPersonExampleMap (0.032181s)
[2016.03.23-18.49.38:867][779]LogInit: XAudio2 using 'Speakers (2- High Definition Audio Device)' : 2 channels at 44.1 kHz using 16 bits per sample (channel mask 0x3)
[2016.03.23-18.49.38:874][779]LogInit: FAudioDevice initialized.
[2016.03.23-18.49.38:905][779]LogWorld: Game class is 'FirstPersonGameMode_C'
[2016.03.23-18.49.38:908][779]LogWorld: Bringing World /Game/GameProject/Maps/UEDPIE_0_FirstPersonExampleMap.FirstPersonExampleMap up for play (max tick rate 0) at 2016.03.23-18.49.38
[2016.03.23-18.49.38:908][779]LogActor:Warning: GameSession /Game/GameProject/Maps/UEDPIE_0_FirstPersonExampleMap.FirstPersonExampleMap:PersistentLevel.GameSession_5 has natively added scene component(s), but none of them were set as the actor's RootComponent - picking one arbitrarily
[2016.03.23-18.49.38:909][779]LogActor:Warning: GameNetworkManager /Game/GameProject/Maps/UEDPIE_0_FirstPersonExampleMap.FirstPersonExampleMap:PersistentLevel.GameNetworkManager_5 has natively added scene component(s), but none of them were set as the actor's RootComponent - picking one arbitrarily
[2016.03.23-18.49.38:909][779]LogWorld: Bringing up level for play took: 0.002783
[2016.03.23-18.49.38:909][779]LogPathFollowing:Warning: No NavigationData found while trying to cache it for AIController_2's PathFollowingComponent
[2016.03.23-18.49.38:912][779]PIE: Info Play in editor start time for /Game/GameProject/Maps/UEDPIE_0_FirstPersonExampleMap 1.149
[2016.03.23-18.49.38:912][779]LogBlueprintUserMessages: Late PlayInEditor Detection: Level '/Game/GameProject/Maps/FirstPersonExampleMap.FirstPersonExampleMap:PersistentLevel' has LevelScriptBlueprint '/Game/GameProject/Maps/FirstPersonExampleMap.FirstPersonExampleMap:PersistentLevel.FirstPersonExampleMap' with GeneratedClass '/Game/GameProject/Maps/FirstPersonExampleMap.FirstPersonExampleMap_C' with ClassGeneratedBy '/Game/GameProject/Maps/FirstPersonExampleMap.FirstPersonExampleMap:PersistentLevel.FirstPersonExampleMap'
[2016.03.23-18.49.48:965][466]LogBlueprintUserMessages: Early EndPlayMap Detection: Level '/Game/GameProject/Maps/FirstPersonExampleMap.FirstPersonExampleMap:PersistentLevel' has LevelScriptBlueprint '/Game/GameProject/Maps/FirstPersonExampleMap.FirstPersonExampleMap:PersistentLevel.FirstPersonExampleMap' with GeneratedClass '/Game/GameProject/Maps/FirstPersonExampleMap.FirstPersonExampleMap_C' with ClassGeneratedBy '/Game/GameProject/Maps/FirstPersonExampleMap.FirstPersonExampleMap:PersistentLevel.FirstPersonExampleMap'
[2016.03.23-18.49.49:029][466]LogBlueprintUserMessages: Late EndPlayMap Detection: Level '/Game/GameProject/Maps/FirstPersonExampleMap.FirstPersonExampleMap:PersistentLevel' has LevelScriptBlueprint '/Game/GameProject/Maps/FirstPersonExampleMap.FirstPersonExampleMap:PersistentLevel.FirstPersonExampleMap' with GeneratedClass '/Game/GameProject/Maps/FirstPersonExampleMap.FirstPersonExampleMap_C' with ClassGeneratedBy '/Game/GameProject/Maps/FirstPersonExampleMap.FirstPersonExampleMap:PersistentLevel.FirstPersonExampleMap'
[2016.03.23-18.49.49:029][466]LogActorComponent: UnregisterComponent: (/Engine/Transient.CharMoveComp) Not registered. Aborting.
[2016.03.23-18.49.49:072][466]LogParticles: Destroying 0 GPU particle simulations for FXSystem 0x000002047389E020
[2016.03.23-18.50.27:532][697]LogActorComponent: UnregisterComponent: (/Engine/Transient.CharMoveComp) Not registered. Aborting.
[2016.03.23-18.50.30:403][753]LogActorComponent: UnregisterComponent: (/Engine/Transient.CharacterMovementComponent_18) Not registered. Aborting.
[2016.03.23-18.50.32:265][789]LogActorComponent: UnregisterComponent: (/Engine/Transient.CharacterMovementComponent_19) Not registered. Aborting.
[2016.03.23-18.51.05:422][871]LogActorComponent: UnregisterComponent: (/Engine/Transient.CharacterMovementComponent_20) Not registered. Aborting.
[2016.03.23-18.51.17:385][267]LogEditorTransaction: Undo Modify Component(s)
[2016.03.23-18.51.17:430][267]LogActorComponent: UnregisterComponent: (/Engine/Transient.CharacterMovementComponent_21) Not registered. Aborting.
[2016.03.23-18.51.17:870][281]LogEditorTransaction: Undo Modify Component(s)
[2016.03.23-18.51.17:911][281]LogActorComponent: UnregisterComponent: (/Engine/Transient.CharacterMovementComponent_22) Not registered. Aborting.
[2016.03.23-18.51.18:088][288]LogEditorTransaction: Undo Modify Component(s)
[2016.03.23-18.51.18:139][288]LogActorComponent: UnregisterComponent: (/Engine/Transient.CharacterMovementComponent_23) Not registered. Aborting.
[2016.03.23-18.51.18:284][294]LogEditorTransaction: Undo Modify Component(s)
[2016.03.23-18.51.18:329][294]LogActorComponent: UnregisterComponent: (/Engine/Transient.CharacterMovementComponent_24) Not registered. Aborting.
[2016.03.23-18.51.18:480][300]LogEditorTransaction: Undo Modify Component(s)
[2016.03.23-18.51.18:527][300]LogActorComponent: UnregisterComponent: (/Engine/Transient.CharacterMovementComponent_25) Not registered. Aborting.
[2016.03.23-18.51.18:707][307]LogEditorTransaction: Undo Set actor scale
[2016.03.23-18.51.18:744][307]LogActorComponent: ~FComponentReregisterContext: (/Game/GameProject/Maps/FirstPersonExampleMap.FirstPersonExampleMap:PersistentLevel.FirstPersonCharacter_C_1.CharacterMesh0) Component already registered.
[2016.03.23-18.51.18:744][307]LogActorComponent: ~FComponentReregisterContext: (/Game/GameProject/Maps/FirstPersonExampleMap.FirstPersonExampleMap:PersistentLevel.FirstPersonCharacter_C_1.CharMoveComp) Component already registered.
[2016.03.23-18.51.18:744][307]LogActorComponent: ~FComponentReregisterContext: (/Game/GameProject/Maps/FirstPersonExampleMap.FirstPersonExampleMap:PersistentLevel.FirstPersonCharacter_C_1.Arrow) Component already registered.
[2016.03.23-18.51.18:757][307]LogActorComponent: UnregisterComponent: (/Engine/Transient.CharacterMovementComponent_26) Not registered. Aborting.
[2016.03.23-18.51.18:913][313]LogEditorTransaction: Undo Set actor scale
[2016.03.23-18.51.18:947][313]LogActorComponent: ~FComponentReregisterContext: (/Game/GameProject/Maps/FirstPersonExampleMap.FirstPersonExampleMap:PersistentLevel.FirstPersonCharacter_C_1.CharacterMesh0) Component already registered.
[2016.03.23-18.51.18:948][313]LogActorComponent: ~FComponentReregisterContext: (/Game/GameProject/Maps/FirstPersonExampleMap.FirstPersonExampleMap:PersistentLevel.FirstPersonCharacter_C_1.CharMoveComp) Component already registered.
[2016.03.23-18.51.18:949][313]LogActorComponent: ~FComponentReregisterContext: (/Game/GameProject/Maps/FirstPersonExampleMap.FirstPersonExampleMap:PersistentLevel.FirstPersonCharacter_C_1.Arrow) Component already registered.
[2016.03.23-18.51.18:961][313]LogActorComponent: UnregisterComponent: (/Engine/Transient.CharacterMovementComponent_27) Not registered. Aborting.
[2016.03.23-18.51.19:343][327]LogEditorTransaction: Undo Set actor scale
[2016.03.23-18.51.19:378][327]LogActorComponent: ~FComponentReregisterContext: (/Game/GameProject/Maps/FirstPersonExampleMap.FirstPersonExampleMap:PersistentLevel.FirstPersonCharacter_C_1.CharacterMesh0) Component already registered.
[2016.03.23-18.51.19:379][327]LogActorComponent: ~FComponentReregisterContext: (/Game/GameProject/Maps/FirstPersonExampleMap.FirstPersonExampleMap:PersistentLevel.FirstPersonCharacter_C_1.CharMoveComp) Component already registered.
[2016.03.23-18.51.19:379][327]LogActorComponent: ~FComponentReregisterContext: (/Game/GameProject/Maps/FirstPersonExampleMap.FirstPersonExampleMap:PersistentLevel.FirstPersonCharacter_C_1.Arrow) Component already registered.
[2016.03.23-18.51.19:392][327]LogActorComponent: UnregisterComponent: (/Engine/Transient.CharacterMovementComponent_28) Not registered. Aborting.
[2016.03.23-18.51.19:744][340]LogEditorTransaction: Undo Set actor scale
[2016.03.23-18.51.19:778][340]LogActorComponent: ~FComponentReregisterContext: (/Game/GameProject/Maps/FirstPersonExampleMap.FirstPersonExampleMap:PersistentLevel.FirstPersonCharacter_C_1.Arrow) Component already registered.
[2016.03.23-18.51.19:779][340]LogActorComponent: ~FComponentReregisterContext: (/Game/GameProject/Maps/FirstPersonExampleMap.FirstPersonExampleMap:PersistentLevel.FirstPersonCharacter_C_1.CharMoveComp) Component already registered.
[2016.03.23-18.51.19:779][340]LogActorComponent: ~FComponentReregisterContext: (/Game/GameProject/Maps/FirstPersonExampleMap.FirstPersonExampleMap:PersistentLevel.FirstPersonCharacter_C_1.CharacterMesh0) Component already registered.
[2016.03.23-18.51.19:792][340]LogActorComponent: UnregisterComponent: (/Engine/Transient.CharacterMovementComponent_29) Not registered. Aborting.
[2016.03.23-18.51.23:632][471]LogActorComponent: UnregisterComponent: (/Engine/Transient.CharacterMovementComponent_30) Not registered. Aborting.
[2016.03.23-18.51.24:841][471]LogActorComponent: UnregisterComponent: (/Engine/Transient.EditorFloorComp) Not registered. Aborting.
[2016.03.23-18.51.24:889][471]LogWindowsTextInputMethodSystem:Display: IME system now deactivated.
[2016.03.23-18.51.25:110][472]Cmd: QUIT_EDITOR
[2016.03.23-18.51.25:579][472]LogExit: Preparing to exit.
[2016.03.23-18.51.26:429][472]LogExit: Editor shut down
[2016.03.23-18.51.26:429][472]LogExit: Transaction tracking system shut down
[2016.03.23-18.51.26:431][472]LogParticles: Destroying 0 GPU particle simulations for FXSystem 0x000002042C188AE0
[2016.03.23-18.51.26:431][472]LogParticles: Destroying 0 GPU particle simulations for FXSystem 0x000002044285B880
[2016.03.23-18.51.26:431][472]LogParticles: Destroying 0 GPU particle simulations for FXSystem 0x00000204432585E0
[2016.03.23-18.51.26:432][472]LogParticles: Destroying 0 GPU particle simulations for FXSystem 0x000002042C3C2DE0
[2016.03.23-18.51.26:433][472]LogParticles: Destroying 0 GPU particle simulations for FXSystem 0x0000020438DD1440
[2016.03.23-18.51.26:438][472]LogParticles: Destroying 0 GPU particle simulations for FXSystem 0x000002042D7DBD80
[2016.03.23-18.51.26:438][472]LogParticles: Destroying 0 GPU particle simulations for FXSystem 0x000002040904BE20
[2016.03.23-18.51.26:644][472]LogExit: Object subsystem successfully closed.
[2016.03.23-18.51.26:663][472]LogD3D11RHI: Shutdown
[2016.03.23-18.51.26:663][472]LogD3D11RHI: CleanupD3DDevice
[2016.03.23-18.51.26:758][472]LogD3D11RHI: ~FD3D11DynamicRHI
[2016.03.23-18.51.26:778][472]LogModuleManager: Shutting down and abandoning module CookingStats (200)
[2016.03.23-18.51.26:778][472]LogModuleManager: Shutting down and abandoning module BlueprintGraph (199)
[2016.03.23-18.51.26:778][472]LogModuleManager: Shutting down and abandoning module CrashTracker (198)
[2016.03.23-18.51.26:778][472]LogModuleManager: Shutting down and abandoning module SceneOutliner (197)
[2016.03.23-18.51.26:778][472]LogModuleManager: Shutting down and abandoning module SuperSearch (196)
[2016.03.23-18.51.26:778][472]LogModuleManager: Shutting down and abandoning module WidgetCarousel (195)
[2016.03.23-18.51.26:778][472]LogModuleManager: Shutting down and abandoning module AddContentDialog (194)
[2016.03.23-18.51.26:779][472]LogModuleManager: Shutting down and abandoning module EditorWidgets (193)
[2016.03.23-18.51.26:779][472]LogModuleManager: Shutting down and abandoning module CollectionManager (192)
[2016.03.23-18.51.26:779][472]LogModuleManager: Shutting down and abandoning module StatsViewer (191)
[2016.03.23-18.51.26:779][472]LogModuleManager: Shutting down and abandoning module FoliageEdit (190)
[2016.03.23-18.51.26:779][472]LogModuleManager: Shutting down and abandoning module LandscapeEditor (189)
[2016.03.23-18.51.26:779][472]LogModuleManager: Shutting down and abandoning module ActorPickerMode (188)
[2016.03.23-18.51.26:779][472]LogModuleManager: Shutting down and abandoning module GeometryMode (187)
[2016.03.23-18.51.26:779][472]LogModuleManager: Shutting down and abandoning module TextureAlignMode (186)
[2016.03.23-18.51.26:779][472]LogModuleManager: Shutting down and abandoning module BspMode (185)
[2016.03.23-18.51.26:779][472]LogModuleManager: Shutting down and abandoning module PlacementMode (184)
[2016.03.23-18.51.26:779][472]LogModuleManager: Shutting down and abandoning module AutomationWorker (183)
[2016.03.23-18.51.26:779][472]LogModuleManager: Shutting down and abandoning module CharacterAI (182)
[2016.03.23-18.51.26:779][472]LogModuleManager: Shutting down and abandoning module SmartSnapping (181)
[2016.03.23-18.51.26:779][472]LogModuleManager: Shutting down and abandoning module ViewportSnapping (180)
[2016.03.23-18.51.26:779][472]LogModuleManager: Shutting down and abandoning module LogVisualizer (179)
[2016.03.23-18.51.26:780][472]LogModuleManager: Shutting down and abandoning module GameProjectGeneration (178)
[2016.03.23-18.51.26:780][472]LogModuleManager: Shutting down and abandoning module IntroTutorials (177)
[2016.03.23-18.51.26:780][472]LogModuleManager: Shutting down and abandoning module EditorLiveStreaming (176)
[2016.03.23-18.51.26:780][472]LogModuleManager: Shutting down and abandoning module IOSPlatformEditor (175)
[2016.03.23-18.51.26:780][472]LogModuleManager: Shutting down and abandoning module HTML5PlatformEditor (174)
[2016.03.23-18.51.26:780][472]LogModuleManager: Shutting down and abandoning module AndroidDeviceDetection (173)
[2016.03.23-18.51.27:284][472]LogModuleManager: Shutting down and abandoning module AndroidPlatformEditor (172)
[2016.03.23-18.51.27:284][472]LogModuleManager: Shutting down and abandoning module IOSRuntimeSettings (171)
[2016.03.23-18.51.27:284][472]LogModuleManager: Shutting down and abandoning module AndroidRuntimeSettings (170)
[2016.03.23-18.51.27:284][472]LogModuleManager: Shutting down and abandoning module MergeActors (169)
[2016.03.23-18.51.27:284][472]LogModuleManager: Shutting down and abandoning module SizeMap (168)
[2016.03.23-18.51.27:284][472]LogModuleManager: Shutting down and abandoning module TreeMap (167)
[2016.03.23-18.51.27:284][472]LogModuleManager: Shutting down and abandoning module ReferenceViewer (166)
[2016.03.23-18.51.27:284][472]LogModuleManager: Shutting down and abandoning module LocalizationService (165)
[2016.03.23-18.51.27:284][472]LogModuleManager: Shutting down and abandoning module LocalizationDashboard (164)
[2016.03.23-18.51.27:284][472]LogModuleManager: Shutting down and abandoning module HardwareTargeting (163)
[2016.03.23-18.51.27:284][472]LogModuleManager: Shutting down and abandoning module DeviceProfileEditor (162)
[2016.03.23-18.51.27:284][472]LogModuleManager: Shutting down and abandoning module UndoHistory (161)
[2016.03.23-18.51.27:284][472]LogModuleManager: Shutting down and abandoning module GameplayTagsEditor (160)
[2016.03.23-18.51.27:284][472]LogModuleManager: Shutting down and abandoning module UserFeedback (159)
[2016.03.23-18.51.27:284][472]LogModuleManager: Shutting down and abandoning module XmlParser (158)
[2016.03.23-18.51.27:284][472]LogModuleManager: Shutting down and abandoning module Blutility (157)
[2016.03.23-18.51.27:284][472]LogModuleManager: Shutting down and abandoning module ProjectTargetPlatformEditor (156)
[2016.03.23-18.51.27:284][472]LogModuleManager: Shutting down and abandoning module ProjectSettingsViewer (155)
[2016.03.23-18.51.27:284][472]LogModuleManager: Shutting down and abandoning module InputBindingEditor (154)
[2016.03.23-18.51.27:284][472]LogModuleManager: Shutting down and abandoning module EditorSettingsViewer (153)
[2016.03.23-18.51.27:284][472]LogModuleManager: Shutting down and abandoning module SettingsEditor (152)
[2016.03.23-18.51.27:284][472]LogModuleManager: Shutting down and abandoning module ProjectLauncher (151)
[2016.03.23-18.51.27:284][472]LogModuleManager: Shutting down and abandoning module SessionFrontend (150)
[2016.03.23-18.51.27:284][472]LogModuleManager: Shutting down and abandoning module ProfilerClient (149)
[2016.03.23-18.51.27:284][472]LogModuleManager: Shutting down and abandoning module TargetDeviceServices (148)
[2016.03.23-18.51.27:284][472]LogModuleManager: Shutting down and abandoning module DeviceManager (147)
[2016.03.23-18.51.27:285][472]LogModuleManager: Shutting down and abandoning module AutomationController (146)
[2016.03.23-18.51.27:285][472]LogModuleManager: Shutting down and abandoning module AutomationWindow (145)
[2016.03.23-18.51.27:285][472]LogModuleManager: Shutting down and abandoning module Layers (144)
[2016.03.23-18.51.27:285][472]LogModuleManager: Shutting down and abandoning module ComponentVisualizers (143)
[2016.03.23-18.51.27:285][472]LogModuleManager: Shutting down and abandoning module DetailCustomizations (142)
[2016.03.23-18.51.27:285][472]LogModuleManager: Shutting down and abandoning module PackagesDialog (141)
[2016.03.23-18.51.27:285][472]LogModuleManager: Shutting down and abandoning module Persona (140)
[2016.03.23-18.51.27:285][472]LogModuleManager: Shutting down and abandoning module Kismet (139)
[2016.03.23-18.51.27:285][472]LogModuleManager: Shutting down and abandoning module GraphEditor (138)
[2016.03.23-18.51.27:285][472]LogModuleManager: Shutting down and abandoning module ClassViewer (137)
[2016.03.23-18.51.27:285][472]LogModuleManager: Shutting down and abandoning module Toolbox (136)
[2016.03.23-18.51.27:285][472]LogModuleManager: Shutting down and abandoning module ModuleUI (135)
[2016.03.23-18.51.27:285][472]LogModuleManager: Shutting down and abandoning module MovieSceneTools (134)
[2016.03.23-18.51.27:285][472]LogModuleManager: Shutting down and abandoning module OutputLog (133)
[2016.03.23-18.51.27:285][472]LogModuleManager: Shutting down and abandoning module GammaUI (132)
[2016.03.23-18.51.27:285][472]LogModuleManager: Shutting down and abandoning module Documentation (131)
[2016.03.23-18.51.27:285][472]LogModuleManager: Shutting down and abandoning module GameLiveStreaming (130)
[2016.03.23-18.51.27:285][472]LogModuleManager: Shutting down and abandoning module StreamingPauseRendering (129)
[2016.03.23-18.51.27:285][472]LogModuleManager: Shutting down and abandoning module AnalyticsET (128)
[2016.03.23-18.51.27:285][472]LogModuleManager: Shutting down and abandoning module Analytics (127)
[2016.03.23-18.51.27:285][472]LogModuleManager: Shutting down and abandoning module AITestSuite (126)
[2016.03.23-18.51.27:285][472]LogModuleManager: Shutting down and abandoning module GameplayDebugger (125)
[2016.03.23-18.51.27:285][472]LogModuleManager: Shutting down and abandoning module AIModule (124)
[2016.03.23-18.51.27:285][472]LogModuleManager: Shutting down and abandoning module ProfilerService (123)
[2016.03.23-18.51.27:444][472]LogModuleManager: Shutting down and abandoning module TaskGraph (122)
[2016.03.23-18.51.27:444][472]LogModuleManager: Shutting down and abandoning module SlateRemote (121)
[2016.03.23-18.51.27:444][472]LogModuleManager: Shutting down and abandoning module SteamVRController (120)
[2016.03.23-18.51.27:444][472]LogModuleManager: Shutting down and abandoning module SteamVR (119)
[2016.03.23-18.51.27:444][472]LogModuleManager: Shutting down and abandoning module ProceduralMeshComponent (118)
[2016.03.23-18.51.27:444][472]LogModuleManager: Shutting down and abandoning module OculusLibrary (117)
[2016.03.23-18.51.27:444][472]LogModuleManager: Shutting down and abandoning module OculusInput (116)
[2016.03.23-18.51.27:444][472]LogModuleManager: Shutting down and abandoning module LeapMotionController (115)
[2016.03.23-18.51.27:454][472]LogModuleManager: Shutting down and abandoning module CustomMeshComponent (114)
[2016.03.23-18.51.27:454][472]LogModuleManager: Shutting down and abandoning module CableComponent (113)
[2016.03.23-18.51.27:454][472]LogModuleManager: Shutting down and abandoning module ArchVisCharacter (112)
[2016.03.23-18.51.27:454][472]LogModuleManager: Shutting down and abandoning module MessagingDebugger (111)
[2016.03.23-18.51.27:454][472]LogModuleManager: Shutting down and abandoning module MediaPlayerEditor (110)
[2016.03.23-18.51.27:454][472]LogModuleManager: Shutting down and abandoning module HTML5Networking (109)
[2016.03.23-18.51.27:454][472]LogModuleManager: Shutting down and abandoning module SpeedTreeImporter (108)
[2016.03.23-18.51.27:454][472]LogModuleManager: Shutting down and abandoning module PluginBrowser (107)
[2016.03.23-18.51.27:455][472]LogModuleManager: Shutting down and abandoning module EpicSurvey (106)
[2016.03.23-18.51.27:455][472]LogModuleManager: Shutting down and abandoning module DesktopPlatform (105)
[2016.03.23-18.51.27:455][472]LogModuleManager: Shutting down and abandoning module VisualStudioSourceCodeAccess (104)
[2016.03.23-18.51.27:455][472]LogModuleManager: Shutting down and abandoning module UObjectPlugin (103)
[2016.03.23-18.51.27:455][472]LogModuleManager: Shutting down and abandoning module SubversionSourceControl (102)
[2016.03.23-18.51.27:455][472]LogModuleManager: Shutting down and abandoning module PerforceSourceControl (101)
[2016.03.23-18.51.27:455][472]LogModuleManager: Shutting down and abandoning module SourceControl (100)
[2016.03.23-18.51.27:455][472]LogModuleManager: Shutting down and abandoning module GitSourceControl (99)
[2016.03.23-18.51.27:455][472]LogModuleManager: Shutting down and abandoning module LightPropagationVolumeEditor (98)
[2016.03.23-18.51.27:455][472]LogModuleManager: Shutting down and abandoning module PaperTiledImporter (97)
[2016.03.23-18.51.27:455][472]LogModuleManager: Shutting down and abandoning module PaperSpriteSheetImporter (96)
[2016.03.23-18.51.27:455][472]LogModuleManager: Shutting down and abandoning module MeshPaint (95)
[2016.03.23-18.51.27:455][472]LogModuleManager: Shutting down and abandoning module SlateReflector (94)
[2016.03.23-18.51.27:455][472]LogModuleManager: Shutting down and abandoning module HotReload (93)
[2016.03.23-18.51.27:455][472]LogModuleManager: Shutting down and abandoning module MainFrame (92)
[2016.03.23-18.51.27:455][472]LogModuleManager: Shutting down and abandoning module LevelEditor (91)
[2016.03.23-18.51.27:456][472]LogModuleManager: Shutting down and abandoning module DirectoryWatcher (90)
[2016.03.23-18.51.27:456][472]LogModuleManager: Shutting down and abandoning module AssetRegistry (89)
[2016.03.23-18.51.27:592][472]LogModuleManager: Shutting down and abandoning module ContentBrowser (88)
[2016.03.23-18.51.27:593][472]LogModuleManager: Shutting down and abandoning module Paper2DEditor (87)
[2016.03.23-18.51.27:593][472]LogModuleManager: Shutting down and abandoning module UdpMessaging (86)
[2016.03.23-18.51.27:693][472]LogModuleManager: Shutting down and abandoning module LightPropagationVolumeRuntime (85)
[2016.03.23-18.51.27:693][472]LogModuleManager: Shutting down and abandoning module Paper2D (84)
[2016.03.23-18.51.27:693][472]LogModuleManager: Shutting down and abandoning module WindowsMoviePlayer (83)
[2016.03.23-18.51.27:696][472]LogModuleManager: Shutting down and abandoning module Media (82)
[2016.03.23-18.51.27:696][472]LogModuleManager: Shutting down and abandoning module WmfMedia (81)
[2016.03.23-18.51.27:696][472]LogModuleManager: Shutting down and abandoning module OnlineBlueprintSupport (80)
[2016.03.23-18.51.27:696][472]LogModuleManager: Shutting down and abandoning module GameplayTasksEditor (79)
[2016.03.23-18.51.27:696][472]LogModuleManager: Shutting down and abandoning module PropertyEditor (78)
[2016.03.23-18.51.27:696][472]LogModuleManager: Shutting down and abandoning module BehaviorTreeEditor (77)
[2016.03.23-18.51.27:696][472]LogModuleManager: Shutting down and abandoning module FunctionalTesting (76)
[2016.03.23-18.51.27:696][472]LogModuleManager: Shutting down and abandoning module CollisionAnalyzer (75)
[2016.03.23-18.51.27:696][472]LogModuleManager: Shutting down and abandoning module WorkspaceMenuStructure (74)
[2016.03.23-18.51.27:696][472]LogModuleManager: Shutting down and abandoning module MessageLog (73)
[2016.03.23-18.51.27:696][472]LogModuleManager: Shutting down and abandoning module Sequencer (72)
[2016.03.23-18.51.27:696][472]LogModuleManager: Shutting down and abandoning module AssetTools (71)
[2016.03.23-18.51.27:696][472]LogModuleManager: Shutting down and abandoning module UMGEditor (70)
[2016.03.23-18.51.27:696][472]LogModuleManager: Shutting down and abandoning module UMG (69)
[2016.03.23-18.51.27:696][472]LogModuleManager: Shutting down and abandoning module Slate (68)
[2016.03.23-18.51.27:696][472]LogModuleManager: Shutting down and abandoning module EditorStyle (67)
[2016.03.23-18.51.27:699][472]LogModuleManager: Shutting down and abandoning module SessionServices (66)
[2016.03.23-18.51.27:699][472]LogModuleManager: Shutting down and abandoning module SourceCodeAccess (65)
[2016.03.23-18.51.27:699][472]LogModuleManager: Shutting down and abandoning module HeadMountedDisplay (64)
[2016.03.23-18.51.27:699][472]LogModuleManager: Shutting down and abandoning module XAudio2 (63)
[2016.03.23-18.51.27:699][472]LogModuleManager: Shutting down and abandoning module Networking (61)
[2016.03.23-18.51.27:699][472]LogModuleManager: Shutting down and abandoning module Core (60)
[2016.03.23-18.51.27:699][472]LogModuleManager: Shutting down and abandoning module KismetCompiler (59)
[2016.03.23-18.51.27:699][472]LogModuleManager: Shutting down and abandoning module PhysXFormats (58)
[2016.03.23-18.51.27:699][472]LogModuleManager: Shutting down and abandoning module MeshUtilities (57)
[2016.03.23-18.51.27:699][472]LogModuleManager: Shutting down and abandoning module DerivedDataCache (56)
[2016.03.23-18.51.27:786][472]LogDerivedDataCache: Shutdown
[2016.03.23-18.51.27:787][472]LogModuleManager: Shutting down and abandoning module ShaderFormatOpenGL (55)
[2016.03.23-18.51.27:787][472]LogModuleManager: Shutting down and abandoning module ShaderFormatD3D (54)
[2016.03.23-18.51.27:787][472]LogModuleManager: Shutting down and abandoning module MetalShaderFormat (53)
[2016.03.23-18.51.27:787][472]LogModuleManager: Shutting down and abandoning module TextureFormatUncompressed (52)
[2016.03.23-18.51.27:787][472]LogModuleManager: Shutting down and abandoning module TextureFormatPVR (51)
[2016.03.23-18.51.27:787][472]LogModuleManager: Shutting down and abandoning module TextureFormatIntelISPCTexComp (50)
[2016.03.23-18.51.27:787][472]LogModuleManager: Shutting down and abandoning module TextureFormatDXT (49)
[2016.03.23-18.51.27:787][472]LogModuleManager: Shutting down and abandoning module ImageWrapper (48)
[2016.03.23-18.51.27:787][472]LogModuleManager: Shutting down and abandoning module TextureFormatASTC (47)
[2016.03.23-18.51.27:787][472]LogModuleManager: Shutting down and abandoning module TextureFormatAndroid (46)
[2016.03.23-18.51.27:787][472]LogModuleManager: Shutting down and abandoning module AudioFormatOpus (45)
[2016.03.23-18.51.27:787][472]LogModuleManager: Shutting down and abandoning module AudioFormatOgg (44)
[2016.03.23-18.51.27:787][472]LogModuleManager: Shutting down and abandoning module AudioFormatADPCM (43)
[2016.03.23-18.51.27:787][472]LogModuleManager: Shutting down and abandoning module LinuxTargetPlatform (42)
[2016.03.23-18.51.27:787][472]LogModuleManager: Shutting down and abandoning module LinuxServerTargetPlatform (41)
[2016.03.23-18.51.27:787][472]LogModuleManager: Shutting down and abandoning module LinuxNoEditorTargetPlatform (40)
[2016.03.23-18.51.27:787][472]LogModuleManager: Shutting down and abandoning module Messaging (39)
[2016.03.23-18.51.27:787][472]LogModuleManager: Shutting down and abandoning module IOSTargetPlatform (38)
[2016.03.23-18.51.27:787][472]LogModuleManager: Shutting down and abandoning module HTML5TargetPlatform (37)
[2016.03.23-18.51.27:787][472]LogModuleManager: Shutting down and abandoning module Android_PVRTCTargetPlatform (36)
[2016.03.23-18.51.27:787][472]LogModuleManager: Shutting down and abandoning module Android_MultiTargetPlatform (35)
[2016.03.23-18.51.27:787][472]LogModuleManager: Shutting down and abandoning module Android_ETC2TargetPlatform (34)
[2016.03.23-18.51.27:787][472]LogModuleManager: Shutting down and abandoning module Android_ETC1TargetPlatform (33)
[2016.03.23-18.51.27:787][472]LogModuleManager: Shutting down and abandoning module Android_DXTTargetPlatform (32)
[2016.03.23-18.51.27:787][472]LogModuleManager: Shutting down and abandoning module Android_ATCTargetPlatform (31)
[2016.03.23-18.51.27:787][472]LogModuleManager: Shutting down and abandoning module Android_ASTCTargetPlatform (30)
[2016.03.23-18.51.27:787][472]LogModuleManager: Shutting down and abandoning module AndroidTargetPlatform (29)
[2016.03.23-18.51.27:787][472]LogModuleManager: Shutting down and abandoning module WindowsTargetPlatform (28)
[2016.03.23-18.51.27:787][472]LogModuleManager: Shutting down and abandoning module WindowsServerTargetPlatform (27)
[2016.03.23-18.51.27:787][472]LogModuleManager: Shutting down and abandoning module WindowsNoEditorTargetPlatform (26)
[2016.03.23-18.51.27:787][472]LogModuleManager: Shutting down and abandoning module WindowsClientTargetPlatform (25)
[2016.03.23-18.51.27:787][472]LogModuleManager: Shutting down and abandoning module AllDesktopTargetPlatform (24)
[2016.03.23-18.51.27:787][472]LogModuleManager: Shutting down and abandoning module TargetPlatform (23)
[2016.03.23-18.51.27:787][472]LogModuleManager: Shutting down and abandoning module InputCore (22)
[2016.03.23-18.51.27:787][472]LogModuleManager: Shutting down and abandoning module Settings (21)
[2016.03.23-18.51.27:787][472]LogModuleManager: Shutting down and abandoning module OnlineSubsystem (19)
[2016.03.23-18.51.27:787][472]LogModuleManager: Shutting down and abandoning module HTTP (18)
[2016.03.23-18.51.29:789][472]LogModuleManager: Shutting down and abandoning module XMPP (17)
[2016.03.23-18.51.29:789][472]LogModuleManager: Shutting down and abandoning module OculusRift (16)
[2016.03.23-18.51.29:789][472]LogModuleManager: Shutting down and abandoning module ExampleDeviceProfileSelector (15)
[2016.03.23-18.51.29:789][472]LogModuleManager: Shutting down and abandoning module TextureCompressor (14)
[2016.03.23-18.51.29:789][472]LogModuleManager: Shutting down and abandoning module ShaderCore (13)
[2016.03.23-18.51.29:789][472]LogModuleManager: Shutting down and abandoning module Landscape (12)
[2016.03.23-18.51.29:789][472]LogModuleManager: Shutting down and abandoning module SlateRHIRenderer (11)
[2016.03.23-18.51.29:791][472]LogModuleManager: Shutting down and abandoning module OpenGLDrv (10)
[2016.03.23-18.51.29:791][472]LogModuleManager: Shutting down and abandoning module D3D11RHI (9)
[2016.03.23-18.51.29:791][472]LogModuleManager: Shutting down and abandoning module AnimGraphRuntime (8)
[2016.03.23-18.51.29:791][472]LogModuleManager: Shutting down and abandoning module Renderer (7)
[2016.03.23-18.51.29:791][472]LogModuleManager: Shutting down and abandoning module Engine (6)
[2016.03.23-18.51.29:791][472]LogModuleManager: Shutting down and abandoning module CoreUObject (5)
[2016.03.23-18.51.29:791][472]LogModuleManager: Shutting down and abandoning module NetworkFile (4)
[2016.03.23-18.51.29:791][472]LogModuleManager: Shutting down and abandoning module StreamingFile (3)
[2016.03.23-18.51.29:791][472]LogModuleManager: Shutting down and abandoning module SandboxFile (2)
[2016.03.23-18.51.29:791][472]LogModuleManager: Shutting down and abandoning module PakFile (1)
[2016.03.23-18.51.29:793][472]LogExit: Exiting.
[2016.03.23-18.51.29:794][472]Log file closed, 03/23/16 18:51:29
