[2016.03.27-09.52.35:983][  0]Log file open, 03/27/16 10:52:35
[2016.03.27-09.52.35:983][  0]LogInit:Display: Running engine for game: FpsProject
[2016.03.27-09.52.35:983][  0]LogPlatformFile: Not using cached read wrapper
[2016.03.27-09.52.35:983][  0]LogInit:Display: RandInit(-1946963636) SRandInit(-1946963636).
[2016.03.27-09.52.35:983][  0]LogTaskGraph: Started task graph with 4 named threads and 7 total threads.
[2016.03.27-09.52.35:983][  0]LogStats: Stats thread started at 0.069379
[2016.03.27-09.52.35:983][  0]LogInit: Version: 4.10.4-2872498+++depot+UE4-Releases+4.10
[2016.03.27-09.52.35:983][  0]LogInit: API Version: 2758231
[2016.03.27-09.52.35:983][  0]LogInit: Compiled (64-bit): Feb 18 2016 15:47:04
[2016.03.27-09.52.35:983][  0]LogInit: Compiled with Visual C++: 19.00.23026.00
[2016.03.27-09.52.35:983][  0]LogInit: Build Configuration: Development
[2016.03.27-09.52.35:983][  0]LogInit: Branch Name: ++depot+UE4-Releases+4.10
[2016.03.27-09.52.35:983][  0]LogInit: Command line:  -game
[2016.03.27-09.52.35:983][  0]LogInit: Base directory: C:/Program Files (x86)/Epic Games/4.10/Engine/Binaries/Win64/
[2016.03.27-09.52.35:983][  0]LogInit: Rocket: 1
[2016.03.27-09.52.35:989][  0]LogInit: Using libcurl 7.41.0
[2016.03.27-09.52.35:989][  0]LogInit:  - built for x86_64-pc-win32
[2016.03.27-09.52.35:989][  0]LogInit:  - supports SSL with WinSSL
[2016.03.27-09.52.35:989][  0]LogInit:  - other features:
[2016.03.27-09.52.35:989][  0]LogInit:      CURL_VERSION_SSL
[2016.03.27-09.52.35:989][  0]LogInit:      CURL_VERSION_IPV6
[2016.03.27-09.52.35:989][  0]LogInit:      CURL_VERSION_ASYNCHDNS
[2016.03.27-09.52.35:989][  0]LogInit:      CURL_VERSION_LARGEFILE
[2016.03.27-09.52.35:989][  0]LogInit:      CURL_VERSION_IDN
[2016.03.27-09.52.35:989][  0]LogInit:  CurlRequestOptions (configurable via config and command line):
[2016.03.27-09.52.35:989][  0]LogInit:  - bVerifyPeer = true  - Libcurl will verify peer certificate
[2016.03.27-09.52.35:990][  0]LogInit:  - bUseHttpProxy = false  - Libcurl will NOT use HTTP proxy
[2016.03.27-09.52.35:990][  0]LogInit:  - bDontReuseConnections = false  - Libcurl will reuse connections
[2016.03.27-09.52.35:990][  0]LogInit:  - CertBundlePath = nullptr  - Libcurl will use whatever was configured at build time.
[2016.03.27-09.52.35:995][  0]LogInit: Presizing for 0 objects not considered by GC, pre-allocating 0 bytes.
[2016.03.27-09.52.35:999][  0]LogInit: Object subsystem initialized
[2016.03.27-09.52.36:000][  0]LogInit: Selected Device Profile: [Windows]
[2016.03.27-09.52.36:000][  0]LogInit: Applying CVar settings loaded from the selected device profile: [Windows]
[2016.03.27-09.52.36:005][  0]LogInit: Computer: CHRIS-PC
[2016.03.27-09.52.36:005][  0]LogInit: User: Chris
[2016.03.27-09.52.36:005][  0]LogInit: CPU Page size=4096, Cores=4
[2016.03.27-09.52.36:005][  0]LogInit: High frequency timer resolution =3.123193 MHz
[2016.03.27-09.52.36:005][  0]LogMemory: Memory total: Physical=7.9GB (8GB approx)
[2016.03.27-09.52.36:005][  0]LogMemory: Platform Memory Stats for Windows
[2016.03.27-09.52.36:005][  0]LogMemory: Process Physical Memory: 56.04 MB used, 56.04 MB peak
[2016.03.27-09.52.36:005][  0]LogMemory: Process Virtual Memory: 56.61 MB used, 56.61 MB peak
[2016.03.27-09.52.36:005][  0]LogMemory: Physical Memory: 3929.34 MB used, 8130.79 MB total
[2016.03.27-09.52.36:005][  0]LogMemory: Virtual Memory: 368.07 MB used, 134217728.00 MB total
[2016.03.27-09.52.36:038][  0]LogTextLocalizationManager: No specific translations for ('en-GB') exist, so ('en') translations will be used.
[2016.03.27-09.52.36:431][  0]LogD3D11RHI: Found D3D11 adapter 0: AMD Radeon HD 7700 Series (Feature Level 11_0)
[2016.03.27-09.52.36:431][  0]LogD3D11RHI: Adapter has 1002MB of dedicated video memory, 0MB of dedicated system memory, and 4065MB of shared system memory, 2 output[s]
[2016.03.27-09.52.36:433][  0]LogD3D11RHI: Found D3D11 adapter 1: Microsoft Basic Render Driver (Feature Level 11_0)
[2016.03.27-09.52.36:433][  0]LogD3D11RHI: Adapter has 0MB of dedicated video memory, 0MB of dedicated system memory, and 4065MB of shared system memory, 0 output[s]
[2016.03.27-09.52.36:433][  0]LogD3D11RHI: Chosen D3D11 Adapter Id = 0
[2016.03.27-09.52.36:436][  0]LogD3D11RHI: !Direct3DDevice
[2016.03.27-09.52.36:436][  0]LogRHI: Texture pool is 701 MB (70% of 1002 MB)
[2016.03.27-09.52.36:443][  0]LogD3D11RHI: Async texture creation disabled: no driver support
[2016.03.27-09.52.36:453][  0]LogShaderCompilers: Guid format shader working directory is -1 characters bigger than the processId version (E:/Computing/Unreal/Unreal Projects/GameProject/Intermediate/Shaders/WorkingDirectory/6028/).
[2016.03.27-09.52.36:453][  0]LogShaderCompilers: Cleaned the shader compiler working directory 'C:/Users/Chris/AppData/Local/Temp/UnrealShaderWorkingDir/A9B742BE47411404577E4FB8733A2A12/'.
[2016.03.27-09.52.36:453][  0]LogShaderCompilers:Display: Using Local Shader Compiler.
[2016.03.27-09.52.37:202][  0]LogTemp:Display: Loaded TP AllDesktopTargetPlatform
[2016.03.27-09.52.37:206][  0]LogTemp:Display: Loaded TP WindowsClientTargetPlatform
[2016.03.27-09.52.37:210][  0]LogTemp:Display: Loaded TP WindowsNoEditorTargetPlatform
[2016.03.27-09.52.37:213][  0]LogTemp:Display: Loaded TP WindowsServerTargetPlatform
[2016.03.27-09.52.37:217][  0]LogTemp:Display: Loaded TP WindowsTargetPlatform
[2016.03.27-09.52.37:220][  0]LogTemp:Display: Loaded TP AndroidTargetPlatform
[2016.03.27-09.52.37:223][  0]LogTemp:Display: Loaded TP Android_ASTCTargetPlatform
[2016.03.27-09.52.37:230][  0]LogTemp:Display: Loaded TP Android_ATCTargetPlatform
[2016.03.27-09.52.37:233][  0]LogTemp:Display: Loaded TP Android_DXTTargetPlatform
[2016.03.27-09.52.37:236][  0]LogTemp:Display: Loaded TP Android_ETC1TargetPlatform
[2016.03.27-09.52.37:240][  0]LogTemp:Display: Loaded TP Android_ETC2TargetPlatform
[2016.03.27-09.52.37:246][  0]LogTemp:Display: Loaded TP Android_MultiTargetPlatform
[2016.03.27-09.52.37:246][  0]LogTemp:Display: Loaded TP Android_PVRTCTargetPlatform
[2016.03.27-09.52.37:247][  0]LogTemp:Display: Loaded TP HTML5TargetPlatform
[2016.03.27-09.52.37:263][  0]LogTemp:Display: Loaded TP IOSTargetPlatform
[2016.03.27-09.52.37:266][  0]LogTemp:Display: Loaded TP LinuxNoEditorTargetPlatform
[2016.03.27-09.52.37:269][  0]LogTemp:Display: Loaded TP LinuxServerTargetPlatform
[2016.03.27-09.52.37:272][  0]LogTemp:Display: Loaded TP LinuxTargetPlatform
[2016.03.27-09.52.37:272][  0]LogTargetPlatformManager:Display: Building Assets For Windows
[2016.03.27-09.52.37:345][  0]LogDerivedDataCache:Display: Max Cache Size: 512 MB
[2016.03.27-09.52.37:395][  0]LogDerivedDataCache: Loaded boot cache 0.05s 41MB C:/Users/Chris/AppData/Local/UnrealEngine/4.10/DerivedDataCache/Boot.ddc.
[2016.03.27-09.52.37:395][  0]LogDerivedDataCache:Display: Loaded Boot cache: C:/Users/Chris/AppData/Local/UnrealEngine/4.10/DerivedDataCache/Boot.ddc
[2016.03.27-09.52.37:395][  0]LogDerivedDataCache: FDerivedDataBackendGraph:  Pak pak cache file E:/Computing/Unreal/Unreal Projects/GameProject/DerivedDataCache/DDC.ddp not found, will not use a pak cache.
[2016.03.27-09.52.37:395][  0]LogDerivedDataCache: Unable to find inner node Pak for hierarchical cache Hierarchy.
[2016.03.27-09.52.37:395][  0]LogDerivedDataCache: FDerivedDataBackendGraph:  CompressedPak pak cache file E:/Computing/Unreal/Unreal Projects/GameProject/DerivedDataCache/Compressed.ddp not found, will not use a pak cache.
[2016.03.27-09.52.37:395][  0]LogDerivedDataCache: Unable to find inner node CompressedPak for hierarchical cache Hierarchy.
[2016.03.27-09.52.37:446][  0]LogDerivedDataCache:Display: Pak cache opened for reading ../../../Engine/DerivedDataCache/Compressed.ddp.
[2016.03.27-09.52.37:457][  0]LogDerivedDataCache: Using Local data cache path C:/Users/Chris/AppData/Local/UnrealEngine/Common/DerivedDataCache: Writable
[2016.03.27-09.52.37:627][  0]LogInit: Selected Device Profile: [Windows]
[2016.03.27-09.52.37:629][  0]LogContentStreaming: Texture pool size is 1000.000000MB
[2016.03.27-09.52.37:721][  0]LogMeshUtilities: No automatic mesh reduction module available
[2016.03.27-09.52.37:721][  0]LogMeshUtilities: No automatic mesh merging module available
[2016.03.27-09.52.37:930][  0]LogInit: WinSock: version 1.1 (2.2), MaxSocks=32767, MaxUdp=65467
[2016.03.27-09.52.38:107][  0]LogWindowsMoviePlayer: Unable to load movie: E:/Computing/Unreal/Unreal Projects/GameProject/Content/Movies/Default_Startup.mp4
[2016.03.27-09.52.38:204][  0]SourceControl: Info Source control is disabled
[2016.03.27-09.52.38:204][  0]SourceControl: Info Source control is disabled
[2016.03.27-09.52.38:215][  0]SourceControl: Info Source control is disabled
[2016.03.27-09.52.38:384][  0]LogObj: 27935 objects as part of root set at end of initial load.
[2016.03.27-09.52.38:384][  0]LogUObjectAllocator: 5830072 out of 0 bytes used by permanent object pool.
[2016.03.27-09.52.38:432][  0]LogEngine: Initializing Engine...
[2016.03.27-09.52.38:436][  0]LogHMD: Can't find Oculus library dev build: is proper Runtime installed? Version: 0.8.0.0
[2016.03.27-09.52.38:436][  0]LogHMD: SteamVR failed to initialize.  Err: 110
[2016.03.27-09.52.38:534][  0]LogInit: XAudio2 using 'Speakers (2- High Definition Audio Device)' : 2 channels at 44.1 kHz using 16 bits per sample (channel mask 0x3)
[2016.03.27-09.52.38:544][  0]LogInit: FAudioDevice initialized.
[2016.03.27-09.52.38:571][  0]LogDerivedDataCache: Saved boot cache 0.03s 40MB C:/Users/Chris/AppData/Local/UnrealEngine/4.10/DerivedDataCache/Boot.ddc.
[2016.03.27-09.52.38:576][  0]LogInit: Texture streaming: Enabled
[2016.03.27-09.52.38:632][  0]LogNet: Browse: /Game/GameProject/Maps/MainMenu?Name=Player
[2016.03.27-09.52.38:633][  0]LogLoad: LoadMap: /Game/GameProject/Maps/MainMenu?Name=Player
[2016.03.27-09.52.38:642][  0]LogParticles: Destroying 0 GPU particle simulations for FXSystem 0x00000239A03553A0
[2016.03.27-09.52.38:651][  0]LogMemory: Platform Memory Stats for Windows
[2016.03.27-09.52.38:651][  0]LogMemory: Process Physical Memory: 371.03 MB used, 371.03 MB peak
[2016.03.27-09.52.38:651][  0]LogMemory: Process Virtual Memory: 451.23 MB used, 451.24 MB peak
[2016.03.27-09.52.38:651][  0]LogMemory: Physical Memory: 4252.19 MB used, 8130.79 MB total
[2016.03.27-09.52.38:651][  0]LogMemory: Virtual Memory: 1001.45 MB used, 134217728.00 MB total
[2016.03.27-09.52.38:651][  0]LogMemory: 
[2016.03.27-09.52.38:651][  0]Allocator Stats for TBB: (not implemented)
[2016.03.27-09.52.38:677][  0]LogAIModule: Creating AISystem for world MainMenu
[2016.03.27-09.52.38:677][  0]LogLinker:Warning: Can't find file '/Game/FirstPersonBP/Blueprints/FirstPersonGameMode'
[2016.03.27-09.52.38:677][  0]LogUObjectGlobals:Warning: Failed to load '/Game/FirstPersonBP/Blueprints/FirstPersonGameMode': Can't find file '/Game/FirstPersonBP/Blueprints/FirstPersonGameMode'
[2016.03.27-09.52.38:677][  0]LogLinker:Warning: Can't find file '/Game/FirstPersonBP/Blueprints/FirstPersonGameMode'
[2016.03.27-09.52.38:677][  0]LogUObjectGlobals:Warning: Failed to load '/Game/FirstPersonBP/Blueprints/FirstPersonGameMode': Can't find file '/Game/FirstPersonBP/Blueprints/FirstPersonGameMode'
[2016.03.27-09.52.38:677][  0]LogUObjectGlobals:Warning: Failed to find object 'Class /Game/FirstPersonBP/Blueprints/FirstPersonGameMode.FirstPersonGameMode_C'
[2016.03.27-09.52.38:677][  0]LogWorld: Game class is 'GameMode'
[2016.03.27-09.52.38:679][  0]LogWorld: Bringing World /Game/GameProject/Maps/MainMenu.MainMenu up for play (max tick rate 0) at 2016.03.27-10.52.38
[2016.03.27-09.52.38:679][  0]LogWorld: Bringing up level for play took: 0.000451
[2016.03.27-09.52.38:679][  0]LogGameMode: Warning - PATHS NOT DEFINED or NO PLAYERSTART with positive rating
[2016.03.27-09.52.38:682][  0]LogInit:Display: Game Engine Initialized.
[2016.03.27-09.52.38:908][  0]LogLoad: Full Startup: 3.29 seconds (BP compile: 0.01 seconds)
[2016.03.27-09.52.38:936][  0]LogOcInput: Can't find Oculus library dev build: is proper Runtime installed? Version: 0.8.0.0
[2016.03.27-09.52.39:064][  2]LogRenderer: Reallocating scene render targets to support 1600x900 (Frame:2).
[2016.03.27-09.53.11:686][887]LogPackageName: SearchForPackageOnDisk took   0.076s to resolve Arena.umap.
[2016.03.27-09.53.11:762][887]LogPackageName: SearchForPackageOnDisk took   0.075s to resolve Arena.umap.
[2016.03.27-09.53.11:762][887]LogNet: Browse: /Game/GameProject/Maps/Arena?listen
[2016.03.27-09.53.11:762][887]LogLoad: LoadMap: /Game/GameProject/Maps/Arena?listen
[2016.03.27-09.53.11:771][887]LogParticles: Destroying 0 GPU particle simulations for FXSystem 0x00000239A0CF8B80
[2016.03.27-09.53.11:781][887]LogMemory: Platform Memory Stats for Windows
[2016.03.27-09.53.11:781][887]LogMemory: Process Physical Memory: 413.20 MB used, 413.20 MB peak
[2016.03.27-09.53.11:781][887]LogMemory: Process Virtual Memory: 694.61 MB used, 695.06 MB peak
[2016.03.27-09.53.11:781][887]LogMemory: Physical Memory: 4544.23 MB used, 8130.79 MB total
[2016.03.27-09.53.11:781][887]LogMemory: Virtual Memory: 1265.39 MB used, 134217728.00 MB total
[2016.03.27-09.53.11:781][887]LogMemory: 
[2016.03.27-09.53.11:781][887]Allocator Stats for TBB: (not implemented)
[2016.03.27-09.53.11:853][887]LogLinker:Warning: CreateImport: Failed to load Outer for resource 'Arrow': FirstPersonCharacter_C /Game/GameProject/Blueprints/FirstPersonCharacter.Default__FirstPersonCharacter_C
[2016.03.27-09.53.11:855][887]LogLinker:Warning: CreateImport: Failed to load Outer for resource 'Arrow': SpawnPoint_C /Game/GameProject/Blueprints/SpawnPoint.Default__SpawnPoint_C
[2016.03.27-09.53.12:089][887]LogAIModule: Creating AISystem for world Arena
[2016.03.27-09.53.12:089][887]LogWorld: Game class is 'FirstPersonGameMode_C'
[2016.03.27-09.53.12:090][887]LogInit: WinSock: Socket queue 131072 / 131072
[2016.03.27-09.53.12:093][887]LogInit: WinSock: I am Chris-PC (192.168.0.2:0)
[2016.03.27-09.53.12:093][887]LogNet: GameNetDriver IpNetDriver_0 IpNetDriver listening on port 7777
[2016.03.27-09.53.12:095][887]LogWorld: Bringing World /Game/GameProject/Maps/Arena.Arena up for play (max tick rate 0) at 2016.03.27-10.53.12
[2016.03.27-09.53.12:096][887]LogWorld: Bringing up level for play took: 0.002462
[2016.03.27-09.53.12:096][887]LogPathFollowing:Warning: No NavigationData found while trying to cache it for AIController_0's PathFollowingComponent
[2016.03.27-09.53.13:748][956]LogNet: NotifyAcceptingConnection: Server Arena accept
[2016.03.27-09.53.13:748][956]LogNet: Open Arena 03/27/16 10:53:13 127.0.0.1
[2016.03.27-09.53.13:748][956]LogNet: Added client connection.  Remote address = 127.0.0.1:51303
[2016.03.27-09.53.13:748][956]LogNet: NotifyAcceptingChannel Control 0 server World /Game/GameProject/Maps/Arena.Arena: Accepted
[2016.03.27-09.53.13:748][956]LogNet: Remote platform little endian=1
[2016.03.27-09.53.13:748][956]LogNet: This platform little endian=1
[2016.03.27-09.53.13:748][956]LogNet: GetLocalNetworkVersion: GEngineNetVersion: 2872498, ProjectName: fpsproject, ProjectVersion: 1.0.0.0, InternalProtocolVersion: 9, LocalNetworkVersion: 1808045840
[2016.03.27-09.53.13:781][957]LogNet: Login request: /Game/GameProject/Maps/MainMenu userId: Invalid
[2016.03.27-09.53.13:804][958]LogNet: Client netspeed is 10000
[2016.03.27-09.53.14:165][980]LogNet: Join request: /Game/GameProject/Maps/MainMenu?SplitscreenCount=1
[2016.03.27-09.53.14:169][980]LogNet: Join succeeded: 258
[2016.03.27-09.53.55:149][199]LogNet: UChannel::ReceivedSequencedBunch: Bunch.bClose == true. ChIndex == 0. Calling ConditionalCleanUp.
[2016.03.27-09.53.55:149][199]LogNet: UChannel::CleanUp: [GameNetDriver] [PlayerController_2] [PlayerController_2]. ChIndex == 0. Closing connection.
[2016.03.27-09.53.55:149][199]LogNet: UNetConnection::Close: Name: IpConnection_0, Driver: GameNetDriver IpNetDriver_0, PC: PlayerController_2, Owner: PlayerController_2, Channels: 11, RemoteAddr: 127.0.0.1:51303, Time: 2016.03.27-09.53.55
[2016.03.27-09.53.55:149][199]LogNet: UChannel::Close: Sending CloseBunch. ChIndex == 0. Name: ControlChannel_0
[2016.03.27-09.53.55:630][214]LogWindowsTextInputMethodSystem:Display: IME system now deactivated.
[2016.03.27-09.53.55:635][214]LogEngine: All Windows Closed
[2016.03.27-09.53.55:635][214]LogWindows: FPlatformMisc::RequestExit(0)
[2016.03.27-09.53.56:453][215]LogNet: World NetDriver shutdown IpNetDriver_0 [GameNetDriver]
[2016.03.27-09.53.56:453][215]LogNet: DestroyNamedNetDriver IpNetDriver_0 [GameNetDriver]
[2016.03.27-09.53.56:453][215]LogExit: GameNetDriver IpNetDriver_0 shut down
[2016.03.27-09.53.56:517][215]LogExit: Preparing to exit.
[2016.03.27-09.53.56:561][215]LogExit: Game engine shut down
[2016.03.27-09.53.56:562][215]LogParticles: Destroying 0 GPU particle simulations for FXSystem 0x000002399F626480
[2016.03.27-09.53.56:671][215]LogExit: Object subsystem successfully closed.
[2016.03.27-09.53.56:679][215]LogD3D11RHI: Shutdown
[2016.03.27-09.53.56:679][215]LogD3D11RHI: CleanupD3DDevice
[2016.03.27-09.53.56:724][215]LogD3D11RHI: ~FD3D11DynamicRHI
[2016.03.27-09.53.56:736][215]LogModuleManager: Shutting down and abandoning module AndroidDeviceDetection (117)
[2016.03.27-09.53.56:935][215]LogModuleManager: Shutting down and abandoning module AutomationController (116)
[2016.03.27-09.53.56:935][215]LogModuleManager: Shutting down and abandoning module AutomationWorker (115)
[2016.03.27-09.53.56:935][215]LogModuleManager: Shutting down and abandoning module CharacterAI (114)
[2016.03.27-09.53.56:935][215]LogModuleManager: Shutting down and abandoning module AITestSuite (113)
[2016.03.27-09.53.56:935][215]LogModuleManager: Shutting down and abandoning module GameplayDebugger (112)
[2016.03.27-09.53.56:935][215]LogModuleManager: Shutting down and abandoning module AIModule (111)
[2016.03.27-09.53.56:935][215]LogModuleManager: Shutting down and abandoning module MovieSceneCapture (110)
[2016.03.27-09.53.56:935][215]LogModuleManager: Shutting down and abandoning module GameLiveStreaming (109)
[2016.03.27-09.53.56:935][215]LogModuleManager: Shutting down and abandoning module StreamingPauseRendering (108)
[2016.03.27-09.53.56:935][215]LogModuleManager: Shutting down and abandoning module ProfilerService (107)
[2016.03.27-09.53.57:006][215]LogModuleManager: Shutting down and abandoning module TaskGraph (106)
[2016.03.27-09.53.57:006][215]LogModuleManager: Shutting down and abandoning module SlateRemote (105)
[2016.03.27-09.53.57:007][215]LogModuleManager: Shutting down and abandoning module SteamVRController (104)
[2016.03.27-09.53.57:007][215]LogModuleManager: Shutting down and abandoning module SteamVR (103)
[2016.03.27-09.53.57:007][215]LogModuleManager: Shutting down and abandoning module ProceduralMeshComponent (102)
[2016.03.27-09.53.57:007][215]LogModuleManager: Shutting down and abandoning module OculusLibrary (101)
[2016.03.27-09.53.57:007][215]LogModuleManager: Shutting down and abandoning module OculusInput (100)
[2016.03.27-09.53.57:007][215]LogModuleManager: Shutting down and abandoning module LeapMotionController (99)
[2016.03.27-09.53.57:019][215]LogModuleManager: Shutting down and abandoning module CustomMeshComponent (98)
[2016.03.27-09.53.57:019][215]LogModuleManager: Shutting down and abandoning module CableComponent (97)
[2016.03.27-09.53.57:020][215]LogModuleManager: Shutting down and abandoning module ArchVisCharacter (96)
[2016.03.27-09.53.57:020][215]LogModuleManager: Shutting down and abandoning module HTML5Networking (95)
[2016.03.27-09.53.57:020][215]LogModuleManager: Shutting down and abandoning module DesktopPlatform (94)
[2016.03.27-09.53.57:020][215]LogModuleManager: Shutting down and abandoning module DirectoryWatcher (93)
[2016.03.27-09.53.57:020][215]LogModuleManager: Shutting down and abandoning module HotReload (92)
[2016.03.27-09.53.57:020][215]LogModuleManager: Shutting down and abandoning module VisualStudioSourceCodeAccess (91)
[2016.03.27-09.53.57:020][215]LogModuleManager: Shutting down and abandoning module UObjectPlugin (90)
[2016.03.27-09.53.57:020][215]LogModuleManager: Shutting down and abandoning module SubversionSourceControl (89)
[2016.03.27-09.53.57:020][215]LogModuleManager: Shutting down and abandoning module SourceControl (88)
[2016.03.27-09.53.57:020][215]LogModuleManager: Shutting down and abandoning module PerforceSourceControl (87)
[2016.03.27-09.53.57:020][215]LogModuleManager: Shutting down and abandoning module UdpMessaging (86)
[2016.03.27-09.53.57:020][215]LogModuleManager: Shutting down and abandoning module LightPropagationVolumeRuntime (85)
[2016.03.27-09.53.57:020][215]LogModuleManager: Shutting down and abandoning module Paper2D (84)
[2016.03.27-09.53.57:020][215]LogModuleManager: Shutting down and abandoning module WindowsMoviePlayer (83)
[2016.03.27-09.53.57:023][215]LogModuleManager: Shutting down and abandoning module Media (82)
[2016.03.27-09.53.57:023][215]LogModuleManager: Shutting down and abandoning module WmfMedia (81)
[2016.03.27-09.53.57:023][215]LogModuleManager: Shutting down and abandoning module OnlineBlueprintSupport (80)
[2016.03.27-09.53.57:023][215]LogModuleManager: Shutting down and abandoning module GameplayTasksEditor (79)
[2016.03.27-09.53.57:023][215]LogModuleManager: Shutting down and abandoning module PropertyEditor (78)
[2016.03.27-09.53.57:023][215]LogModuleManager: Shutting down and abandoning module BehaviorTreeEditor (77)
[2016.03.27-09.53.57:023][215]LogModuleManager: Shutting down and abandoning module FunctionalTesting (76)
[2016.03.27-09.53.57:023][215]LogModuleManager: Shutting down and abandoning module CollisionAnalyzer (75)
[2016.03.27-09.53.57:023][215]LogModuleManager: Shutting down and abandoning module WorkspaceMenuStructure (74)
[2016.03.27-09.53.57:023][215]LogModuleManager: Shutting down and abandoning module MessageLog (73)
[2016.03.27-09.53.57:023][215]LogModuleManager: Shutting down and abandoning module Sequencer (72)
[2016.03.27-09.53.57:023][215]LogModuleManager: Shutting down and abandoning module AssetTools (71)
[2016.03.27-09.53.57:023][215]LogModuleManager: Shutting down and abandoning module UMGEditor (70)
[2016.03.27-09.53.57:023][215]LogModuleManager: Shutting down and abandoning module UMG (69)
[2016.03.27-09.53.57:023][215]LogModuleManager: Shutting down and abandoning module Slate (68)
[2016.03.27-09.53.57:023][215]LogModuleManager: Shutting down and abandoning module EditorStyle (67)
[2016.03.27-09.53.57:027][215]LogModuleManager: Shutting down and abandoning module SessionServices (66)
[2016.03.27-09.53.57:027][215]LogModuleManager: Shutting down and abandoning module SourceCodeAccess (65)
[2016.03.27-09.53.57:027][215]LogModuleManager: Shutting down and abandoning module HeadMountedDisplay (64)
[2016.03.27-09.53.57:027][215]LogModuleManager: Shutting down and abandoning module XAudio2 (63)
[2016.03.27-09.53.57:027][215]LogModuleManager: Shutting down and abandoning module Networking (61)
[2016.03.27-09.53.57:027][215]LogModuleManager: Shutting down and abandoning module Core (60)
[2016.03.27-09.53.57:027][215]LogModuleManager: Shutting down and abandoning module KismetCompiler (59)
[2016.03.27-09.53.57:027][215]LogModuleManager: Shutting down and abandoning module PhysXFormats (58)
[2016.03.27-09.53.57:027][215]LogModuleManager: Shutting down and abandoning module MeshUtilities (57)
[2016.03.27-09.53.57:027][215]LogModuleManager: Shutting down and abandoning module DerivedDataCache (56)
[2016.03.27-09.53.57:490][215]LogDerivedDataCache: Shutdown
[2016.03.27-09.53.57:490][215]LogModuleManager: Shutting down and abandoning module ShaderFormatOpenGL (55)
[2016.03.27-09.53.57:490][215]LogModuleManager: Shutting down and abandoning module ShaderFormatD3D (54)
[2016.03.27-09.53.57:490][215]LogModuleManager: Shutting down and abandoning module MetalShaderFormat (53)
[2016.03.27-09.53.57:490][215]LogModuleManager: Shutting down and abandoning module TextureFormatUncompressed (52)
[2016.03.27-09.53.57:490][215]LogModuleManager: Shutting down and abandoning module TextureFormatPVR (51)
[2016.03.27-09.53.57:490][215]LogModuleManager: Shutting down and abandoning module TextureFormatIntelISPCTexComp (50)
[2016.03.27-09.53.57:490][215]LogModuleManager: Shutting down and abandoning module TextureFormatDXT (49)
[2016.03.27-09.53.57:490][215]LogModuleManager: Shutting down and abandoning module ImageWrapper (48)
[2016.03.27-09.53.57:490][215]LogModuleManager: Shutting down and abandoning module TextureFormatASTC (47)
[2016.03.27-09.53.57:490][215]LogModuleManager: Shutting down and abandoning module TextureFormatAndroid (46)
[2016.03.27-09.53.57:490][215]LogModuleManager: Shutting down and abandoning module AudioFormatOpus (45)
[2016.03.27-09.53.57:490][215]LogModuleManager: Shutting down and abandoning module AudioFormatOgg (44)
[2016.03.27-09.53.57:490][215]LogModuleManager: Shutting down and abandoning module AudioFormatADPCM (43)
[2016.03.27-09.53.57:490][215]LogModuleManager: Shutting down and abandoning module LinuxTargetPlatform (42)
[2016.03.27-09.53.57:491][215]LogModuleManager: Shutting down and abandoning module LinuxServerTargetPlatform (41)
[2016.03.27-09.53.57:491][215]LogModuleManager: Shutting down and abandoning module LinuxNoEditorTargetPlatform (40)
[2016.03.27-09.53.57:491][215]LogModuleManager: Shutting down and abandoning module Messaging (39)
[2016.03.27-09.53.57:491][215]LogModuleManager: Shutting down and abandoning module IOSTargetPlatform (38)
[2016.03.27-09.53.57:491][215]LogModuleManager: Shutting down and abandoning module HTML5TargetPlatform (37)
[2016.03.27-09.53.57:491][215]LogModuleManager: Shutting down and abandoning module Android_PVRTCTargetPlatform (36)
[2016.03.27-09.53.57:491][215]LogModuleManager: Shutting down and abandoning module Android_MultiTargetPlatform (35)
[2016.03.27-09.53.57:491][215]LogModuleManager: Shutting down and abandoning module Android_ETC2TargetPlatform (34)
[2016.03.27-09.53.57:491][215]LogModuleManager: Shutting down and abandoning module Android_ETC1TargetPlatform (33)
[2016.03.27-09.53.57:491][215]LogModuleManager: Shutting down and abandoning module Android_DXTTargetPlatform (32)
[2016.03.27-09.53.57:491][215]LogModuleManager: Shutting down and abandoning module Android_ATCTargetPlatform (31)
[2016.03.27-09.53.57:491][215]LogModuleManager: Shutting down and abandoning module Android_ASTCTargetPlatform (30)
[2016.03.27-09.53.57:491][215]LogModuleManager: Shutting down and abandoning module AndroidTargetPlatform (29)
[2016.03.27-09.53.57:491][215]LogModuleManager: Shutting down and abandoning module WindowsTargetPlatform (28)
[2016.03.27-09.53.57:491][215]LogModuleManager: Shutting down and abandoning module WindowsServerTargetPlatform (27)
[2016.03.27-09.53.57:491][215]LogModuleManager: Shutting down and abandoning module WindowsNoEditorTargetPlatform (26)
[2016.03.27-09.53.57:491][215]LogModuleManager: Shutting down and abandoning module WindowsClientTargetPlatform (25)
[2016.03.27-09.53.57:491][215]LogModuleManager: Shutting down and abandoning module AllDesktopTargetPlatform (24)
[2016.03.27-09.53.57:491][215]LogModuleManager: Shutting down and abandoning module TargetPlatform (23)
[2016.03.27-09.53.57:491][215]LogModuleManager: Shutting down and abandoning module InputCore (22)
[2016.03.27-09.53.57:491][215]LogModuleManager: Shutting down and abandoning module Settings (21)
[2016.03.27-09.53.57:491][215]LogModuleManager: Shutting down and abandoning module OnlineSubsystem (19)
[2016.03.27-09.53.57:491][215]LogModuleManager: Shutting down and abandoning module HTTP (18)
[2016.03.27-09.53.57:491][215]LogModuleManager: Shutting down and abandoning module XMPP (17)
[2016.03.27-09.53.57:491][215]LogModuleManager: Shutting down and abandoning module OculusRift (16)
[2016.03.27-09.53.57:491][215]LogModuleManager: Shutting down and abandoning module ExampleDeviceProfileSelector (15)
[2016.03.27-09.53.57:491][215]LogModuleManager: Shutting down and abandoning module TextureCompressor (14)
[2016.03.27-09.53.57:491][215]LogModuleManager: Shutting down and abandoning module ShaderCore (13)
[2016.03.27-09.53.57:491][215]LogModuleManager: Shutting down and abandoning module Landscape (12)
[2016.03.27-09.53.57:491][215]LogModuleManager: Shutting down and abandoning module SlateRHIRenderer (11)
[2016.03.27-09.53.57:492][215]LogModuleManager: Shutting down and abandoning module OpenGLDrv (10)
[2016.03.27-09.53.57:493][215]LogModuleManager: Shutting down and abandoning module D3D11RHI (9)
[2016.03.27-09.53.57:493][215]LogModuleManager: Shutting down and abandoning module AnimGraphRuntime (8)
[2016.03.27-09.53.57:493][215]LogModuleManager: Shutting down and abandoning module Renderer (7)
[2016.03.27-09.53.57:493][215]LogModuleManager: Shutting down and abandoning module Engine (6)
[2016.03.27-09.53.57:493][215]LogModuleManager: Shutting down and abandoning module CoreUObject (5)
[2016.03.27-09.53.57:493][215]LogModuleManager: Shutting down and abandoning module NetworkFile (4)
[2016.03.27-09.53.57:493][215]LogModuleManager: Shutting down and abandoning module StreamingFile (3)
[2016.03.27-09.53.57:493][215]LogModuleManager: Shutting down and abandoning module SandboxFile (2)
[2016.03.27-09.53.57:493][215]LogModuleManager: Shutting down and abandoning module PakFile (1)
[2016.03.27-09.53.57:496][215]LogExit: Exiting.
[2016.03.27-09.53.57:532][215]Log file closed, 03/27/16 10:53:57
