[2016.03.27-09.44.18:786][  0]Log file open, 03/27/16 10:44:18
[2016.03.27-09.44.18:786][  0]LogInit:Display: Running engine without a game
[2016.03.27-09.44.18:786][  0]LogPlatformFile: Not using cached read wrapper
[2016.03.27-09.44.18:786][  0]LogInit:Display: Loading recent project file: E:/Computing/Unreal/Unreal Projects/GameProject/FpsProject.uproject
[2016.03.27-09.44.18:786][  0]LogInit:Display: RandInit(795090825) SRandInit(795090826).
[2016.03.27-09.44.18:786][  0]LogTaskGraph: Started task graph with 4 named threads and 7 total threads.
[2016.03.27-09.44.18:786][  0]LogStats: Stats thread started at 0.074640
[2016.03.27-09.44.18:786][  0]LogInit: Version: 4.10.4-2872498+++depot+UE4-Releases+4.10
[2016.03.27-09.44.18:786][  0]LogInit: API Version: 2758231
[2016.03.27-09.44.18:786][  0]LogInit: Compiled (64-bit): Feb 18 2016 15:47:04
[2016.03.27-09.44.18:786][  0]LogInit: Compiled with Visual C++: 19.00.23026.00
[2016.03.27-09.44.18:786][  0]LogInit: Build Configuration: Development
[2016.03.27-09.44.18:786][  0]LogInit: Branch Name: ++depot+UE4-Releases+4.10
[2016.03.27-09.44.18:786][  0]LogInit: Command line: -EpicPortal 
[2016.03.27-09.44.18:786][  0]LogInit: Base directory: C:/Program Files (x86)/Epic Games/4.10/Engine/Binaries/Win64/
[2016.03.27-09.44.18:786][  0]LogInit: Rocket: 1
[2016.03.27-09.44.18:793][  0]LogInit: Using libcurl 7.41.0
[2016.03.27-09.44.18:793][  0]LogInit:  - built for x86_64-pc-win32
[2016.03.27-09.44.18:793][  0]LogInit:  - supports SSL with WinSSL
[2016.03.27-09.44.18:793][  0]LogInit:  - other features:
[2016.03.27-09.44.18:793][  0]LogInit:      CURL_VERSION_SSL
[2016.03.27-09.44.18:793][  0]LogInit:      CURL_VERSION_IPV6
[2016.03.27-09.44.18:793][  0]LogInit:      CURL_VERSION_ASYNCHDNS
[2016.03.27-09.44.18:793][  0]LogInit:      CURL_VERSION_LARGEFILE
[2016.03.27-09.44.18:793][  0]LogInit:      CURL_VERSION_IDN
[2016.03.27-09.44.18:793][  0]LogInit:  CurlRequestOptions (configurable via config and command line):
[2016.03.27-09.44.18:793][  0]LogInit:  - bVerifyPeer = true  - Libcurl will verify peer certificate
[2016.03.27-09.44.18:793][  0]LogInit:  - bUseHttpProxy = false  - Libcurl will NOT use HTTP proxy
[2016.03.27-09.44.18:793][  0]LogInit:  - bDontReuseConnections = false  - Libcurl will reuse connections
[2016.03.27-09.44.18:793][  0]LogInit:  - CertBundlePath = nullptr  - Libcurl will use whatever was configured at build time.
[2016.03.27-09.44.18:798][  0]LogInit: Presizing for 0 objects not considered by GC, pre-allocating 0 bytes.
[2016.03.27-09.44.18:803][  0]LogInit: Object subsystem initialized
[2016.03.27-09.44.18:804][  0]LogInit: Selected Device Profile: [Windows]
[2016.03.27-09.44.18:804][  0]LogInit: Applying CVar settings loaded from the selected device profile: [Windows]
[2016.03.27-09.44.18:810][  0]LogInit: Computer: CHRIS-PC
[2016.03.27-09.44.18:810][  0]LogInit: User: Chris
[2016.03.27-09.44.18:810][  0]LogInit: CPU Page size=4096, Cores=4
[2016.03.27-09.44.18:810][  0]LogInit: High frequency timer resolution =3.123193 MHz
[2016.03.27-09.44.18:810][  0]LogMemory: Memory total: Physical=7.9GB (8GB approx)
[2016.03.27-09.44.18:810][  0]LogMemory: Platform Memory Stats for Windows
[2016.03.27-09.44.18:810][  0]LogMemory: Process Physical Memory: 56.09 MB used, 56.09 MB peak
[2016.03.27-09.44.18:810][  0]LogMemory: Process Virtual Memory: 56.69 MB used, 56.69 MB peak
[2016.03.27-09.44.18:810][  0]LogMemory: Physical Memory: 4496.98 MB used, 8130.79 MB total
[2016.03.27-09.44.18:810][  0]LogMemory: Virtual Memory: 382.49 MB used, 134217728.00 MB total
[2016.03.27-09.44.18:844][  0]LogTextLocalizationManager: No specific translations for ('en-GB') exist, so ('en') translations will be used.
[2016.03.27-09.44.19:220][  0]LogD3D11RHI: Found D3D11 adapter 0: AMD Radeon HD 7700 Series (Feature Level 11_0)
[2016.03.27-09.44.19:220][  0]LogD3D11RHI: Adapter has 1002MB of dedicated video memory, 0MB of dedicated system memory, and 4065MB of shared system memory, 2 output[s]
[2016.03.27-09.44.19:222][  0]LogD3D11RHI: Found D3D11 adapter 1: Microsoft Basic Render Driver (Feature Level 11_0)
[2016.03.27-09.44.19:222][  0]LogD3D11RHI: Adapter has 0MB of dedicated video memory, 0MB of dedicated system memory, and 4065MB of shared system memory, 0 output[s]
[2016.03.27-09.44.19:222][  0]LogD3D11RHI: Chosen D3D11 Adapter Id = 0
[2016.03.27-09.44.19:225][  0]LogD3D11RHI: !Direct3DDevice
[2016.03.27-09.44.19:225][  0]LogRHI: Texture pool is 701 MB (70% of 1002 MB)
[2016.03.27-09.44.19:231][  0]LogD3D11RHI: Async texture creation disabled: no driver support
[2016.03.27-09.44.19:242][  0]LogShaderCompilers: Guid format shader working directory is -1 characters bigger than the processId version (E:/Computing/Unreal/Unreal Projects/GameProject/Intermediate/Shaders/WorkingDirectory/9036/).
[2016.03.27-09.44.19:242][  0]LogShaderCompilers: Cleaned the shader compiler working directory 'C:/Users/Chris/AppData/Local/Temp/UnrealShaderWorkingDir/D753C01441BC07A5A6F3D583433F3FE3/'.
[2016.03.27-09.44.19:242][  0]LogShaderCompilers:Display: Using Local Shader Compiler.
[2016.03.27-09.44.20:069][  0]LogTemp:Display: Loaded TP AllDesktopTargetPlatform
[2016.03.27-09.44.20:075][  0]LogTemp:Display: Loaded TP WindowsClientTargetPlatform
[2016.03.27-09.44.20:079][  0]LogTemp:Display: Loaded TP WindowsNoEditorTargetPlatform
[2016.03.27-09.44.20:083][  0]LogTemp:Display: Loaded TP WindowsServerTargetPlatform
[2016.03.27-09.44.20:087][  0]LogTemp:Display: Loaded TP WindowsTargetPlatform
[2016.03.27-09.44.20:091][  0]LogTemp:Display: Loaded TP AndroidTargetPlatform
[2016.03.27-09.44.20:093][  0]LogTemp:Display: Loaded TP Android_ASTCTargetPlatform
[2016.03.27-09.44.20:096][  0]LogTemp:Display: Loaded TP Android_ATCTargetPlatform
[2016.03.27-09.44.20:099][  0]LogTemp:Display: Loaded TP Android_DXTTargetPlatform
[2016.03.27-09.44.20:102][  0]LogTemp:Display: Loaded TP Android_ETC1TargetPlatform
[2016.03.27-09.44.20:105][  0]LogTemp:Display: Loaded TP Android_ETC2TargetPlatform
[2016.03.27-09.44.20:111][  0]LogTemp:Display: Loaded TP Android_MultiTargetPlatform
[2016.03.27-09.44.20:111][  0]LogTemp:Display: Loaded TP Android_PVRTCTargetPlatform
[2016.03.27-09.44.20:112][  0]LogTemp:Display: Loaded TP HTML5TargetPlatform
[2016.03.27-09.44.20:129][  0]LogTemp:Display: Loaded TP IOSTargetPlatform
[2016.03.27-09.44.20:132][  0]LogTemp:Display: Loaded TP LinuxNoEditorTargetPlatform
[2016.03.27-09.44.20:135][  0]LogTemp:Display: Loaded TP LinuxServerTargetPlatform
[2016.03.27-09.44.20:138][  0]LogTemp:Display: Loaded TP LinuxTargetPlatform
[2016.03.27-09.44.20:138][  0]LogTargetPlatformManager:Display: Building Assets For Windows
[2016.03.27-09.44.20:217][  0]LogDerivedDataCache:Display: Max Cache Size: 512 MB
[2016.03.27-09.44.20:275][  0]LogDerivedDataCache: Loaded boot cache 0.06s 41MB C:/Users/Chris/AppData/Local/UnrealEngine/4.10/DerivedDataCache/Boot.ddc.
[2016.03.27-09.44.20:275][  0]LogDerivedDataCache:Display: Loaded Boot cache: C:/Users/Chris/AppData/Local/UnrealEngine/4.10/DerivedDataCache/Boot.ddc
[2016.03.27-09.44.20:275][  0]LogDerivedDataCache: FDerivedDataBackendGraph:  Pak pak cache file E:/Computing/Unreal/Unreal Projects/GameProject/DerivedDataCache/DDC.ddp not found, will not use a pak cache.
[2016.03.27-09.44.20:275][  0]LogDerivedDataCache: Unable to find inner node Pak for hierarchical cache Hierarchy.
[2016.03.27-09.44.20:275][  0]LogDerivedDataCache: FDerivedDataBackendGraph:  CompressedPak pak cache file E:/Computing/Unreal/Unreal Projects/GameProject/DerivedDataCache/Compressed.ddp not found, will not use a pak cache.
[2016.03.27-09.44.20:275][  0]LogDerivedDataCache: Unable to find inner node CompressedPak for hierarchical cache Hierarchy.
[2016.03.27-09.44.20:331][  0]LogDerivedDataCache:Display: Pak cache opened for reading ../../../Engine/DerivedDataCache/Compressed.ddp.
[2016.03.27-09.44.20:343][  0]LogDerivedDataCache: Using Local data cache path C:/Users/Chris/AppData/Local/UnrealEngine/Common/DerivedDataCache: Writable
[2016.03.27-09.44.20:532][  0]LogInit: Selected Device Profile: [Windows]
[2016.03.27-09.44.20:534][  0]LogContentStreaming: Texture pool size is 0.000000MB
[2016.03.27-09.44.20:637][  0]LogMeshUtilities: No automatic mesh reduction module available
[2016.03.27-09.44.20:637][  0]LogMeshUtilities: No automatic mesh merging module available
[2016.03.27-09.44.20:885][  0]LogInit: WinSock: version 1.1 (2.2), MaxSocks=32767, MaxUdp=65467
[2016.03.27-09.44.21:818][  0]UdpMessaging: Initializing bridge on interface 0.0.0.0:0 to multicast group 230.0.0.1:6666.
[2016.03.27-09.44.21:917][  0]LogAssetRegistry: FAssetRegistry took 0.0107 seconds to start up
[2016.03.27-09.44.22:068][  0]SourceControl: Info Source control is disabled
[2016.03.27-09.44.22:070][  0]SourceControl: Info Source control is disabled
[2016.03.27-09.44.22:081][  0]SourceControl: Info Source control is disabled
[2016.03.27-09.44.22:093][  0]SourceControl: Info Source control is disabled
[2016.03.27-09.44.22:351][  0]LogObj: 28633 objects as part of root set at end of initial load.
[2016.03.27-09.44.22:351][  0]LogUObjectAllocator: 6099752 out of 0 bytes used by permanent object pool.
[2016.03.27-09.44.22:401][  0]LogEngine: Initializing Engine...
[2016.03.27-09.44.22:405][  0]LogHMD: Can't find Oculus library dev build: is proper Runtime installed? Version: 0.8.0.0
[2016.03.27-09.44.22:406][  0]LogHMD: SteamVR failed to initialize.  Err: 110
[2016.03.27-09.44.22:519][  0]LogAIModule: Creating AISystem for world NewWorld
[2016.03.27-09.44.22:529][  0]LogInit: XAudio2 using 'Speakers (2- High Definition Audio Device)' : 2 channels at 44.1 kHz using 16 bits per sample (channel mask 0x3)
[2016.03.27-09.44.22:539][  0]LogInit: FAudioDevice initialized.
[2016.03.27-09.44.22:571][  0]LogDerivedDataCache: Saved boot cache 0.03s 41MB C:/Users/Chris/AppData/Local/UnrealEngine/4.10/DerivedDataCache/Boot.ddc.
[2016.03.27-09.44.22:576][  0]LogInit: Texture streaming: Enabled
[2016.03.27-09.44.22:581][  0]LogAnalytics: Creating configured Analytics provider AnalyticsET
[2016.03.27-09.44.22:581][  0]LogAnalytics: [UEEditor.Rocket.Release] APIServer = http://et2.epicgames.com/ET2/. AppVersion = 4.10.4-2872498+++depot+UE4-Releases+4.10
[2016.03.27-09.44.22:582][  0]LogAnalytics: [UEEditor.Rocket.Release] SetUserId dda77f1544752f940c33e380f02beeee|581a2f5c95e34dd8b3eca337ee713eb1|baa8d59f-5337-46fd-ab7b-5719df139748
[2016.03.27-09.44.22:582][  0]LogAnalytics: [UEEditor.Rocket.Release] AnalyticsET::StartSession
[2016.03.27-09.44.22:588][  0]LogInit: Transaction tracking system initialized
[2016.03.27-09.44.22:612][  0]BlueprintLog: New page: Editor Load
[2016.03.27-09.44.22:678][  0]LocalizationService: Info Localization service is disabled
[2016.03.27-09.44.22:738][  0]LogLinker:Warning: Can't find file '/Game/GameProject/FirstPersonOverview'
[2016.03.27-09.44.22:738][  0]LogLinker:Warning: Can't find file '/Game/GameProject/FirstPersonOverview'
[2016.03.27-09.44.22:738][  0]LogUObjectGlobals:Warning: Failed to find object 'Class /Game/GameProject/FirstPersonOverview.FirstPersonOverview_C'
[2016.03.27-09.44.22:749][  0]LogConsoleResponse:Display: 
[2016.03.27-09.44.22:854][  0]LogCook:Display: Done creating registry. It took  0.00s.
[2016.03.27-09.44.22:909][  0]LogFileCache: Scanning file cache for directory 'E:/Computing/Unreal/Unreal Projects/GameProject/Content/' took 0.01s
[2016.03.27-09.44.22:909][  0]SourceControl: Info Source control is disabled
[2016.03.27-09.44.22:909][  0]Cmd: MAP LOAD FILE="E:/Computing/Unreal/Unreal Projects/GameProject/Content/GameProject/Maps/Arena.umap" TEMPLATE=0 SHOWPROGRESS=1 FEATURELEVEL=3
[2016.03.27-09.44.22:909][  0]LightingResults: New page: Lighting Build
[2016.03.27-09.44.22:911][  0]MapCheck: New page: Map Check
[2016.03.27-09.44.22:911][  0]LightingResults: New page: Lighting Build
[2016.03.27-09.44.22:922][  0]LogParticles: Destroying 0 GPU particle simulations for FXSystem 0x0000024A2AB576A0
[2016.03.27-09.44.23:387][  0]LogAIModule: Creating AISystem for world Arena
[2016.03.27-09.44.23:499][  0]LogEditorServer: Finished looking for orphan Actors (0.000 secs)
[2016.03.27-09.44.23:499][  0]Cmd: MAP CHECKDEP NOCLEARLOG
[2016.03.27-09.44.23:583][  0]MapCheck: Info Map check complete: 0 Error(s), 0 Warning(s), took 83.349ms to complete.
[2016.03.27-09.44.23:583][  0]LogFileHelpers: Loading map 'Arena' took 0.674
[2016.03.27-09.44.23:689][  0]LogCollectionManager: Loaded 0 collections in 0.001381 seconds
[2016.03.27-09.44.23:730][  0]LogFileCache: Scanning file cache for directory 'E:/Computing/Unreal/Unreal Projects/GameProject/Saved/Collections/' took 0.01s
[2016.03.27-09.44.23:731][  0]LogFileCache: Scanning file cache for directory 'E:/Computing/Unreal/Unreal Projects/GameProject/Content/Developers/Chris/Collections/' took 0.01s
[2016.03.27-09.44.23:731][  0]LogFileCache: Scanning file cache for directory 'E:/Computing/Unreal/Unreal Projects/GameProject/Content/Collections/' took 0.01s
[2016.03.27-09.44.23:731][  0]LogCollectionManager: Rebuilt the GUID cache for 0 collections in 0.000002 seconds
[2016.03.27-09.44.23:738][  0]LogContentBrowser: Native class hierarchy populated in 0.0069 seconds. Added 1893 classes and 338 folders.
[2016.03.27-09.44.23:742][  0]LogContentBrowser: Native class hierarchy updated for 'WidgetCarousel' in 0.0003 seconds. Added 0 classes and 0 folders.
[2016.03.27-09.44.23:805][  0]LogContentBrowser: Native class hierarchy updated for 'AddContentDialog' in 0.0003 seconds. Added 0 classes and 0 folders.
[2016.03.27-09.44.23:808][  0]LogContentBrowser: Native class hierarchy updated for 'SceneOutliner' in 0.0003 seconds. Added 1 classes and 2 folders.
[2016.03.27-09.44.23:854][  0]LogCrashTracker: Crashtracker disabled due to settings.
[2016.03.27-09.44.23:858][  0]LogUObjectGlobals:Warning: Failed to find object 'Class None.'
[2016.03.27-09.44.23:880][  0]LogLoad: Full Startup: 5.48 seconds (BP compile: 0.11 seconds)
[2016.03.27-09.44.24:223][  0]LogOcInput: Can't find Oculus library dev build: is proper Runtime installed? Version: 0.8.0.0
[2016.03.27-09.44.24:273][  0]LogContentStreaming: Texture pool size now 1000 MB
[2016.03.27-09.44.24:407][  0]LogRenderer: Reallocating scene render targets to support 1208x572 (Frame:2).
[2016.03.27-09.44.26:077][  5]LogAssetRegistry: Asset discovery search completed in 4.1711 seconds
[2016.03.27-09.44.26:077][  5]LogCollectionManager: Rebuilt the object cache for 0 collections in 0.000001 seconds (found 0 objects)
[2016.03.27-09.44.26:077][  5]LogCollectionManager: Fixed up redirectors for 0 collections in 0.000016 seconds (updated 0 objects)
[2016.03.27-09.44.33:381][343]LogBlueprintUserMessages: Early PlayInEditor Detection: Level '/Game/GameProject/Maps/Arena.Arena:PersistentLevel' has LevelScriptBlueprint '/Game/GameProject/Maps/Arena.Arena:PersistentLevel.Arena' with GeneratedClass '/Game/GameProject/Maps/Arena.Arena_C' with ClassGeneratedBy '/Game/GameProject/Maps/Arena.Arena:PersistentLevel.Arena'
[2016.03.27-09.44.33:381][343]LogPlayLevel: PlayLevel: No blueprints needed recompiling
[2016.03.27-09.44.33:381][343]PIE: New page: SIE session: Arena (27 Mar 2016 11:44:33)
[2016.03.27-09.44.33:381][343]LogPlayLevel: Creating play world package: /Game/GameProject/Maps/UEDPIE_0_Arena
[2016.03.27-09.44.33:406][343]LogPlayLevel: PIE: StaticDuplicateObject took: (0.024093s)
[2016.03.27-09.44.33:407][343]LogAIModule: Creating AISystem for world Arena
[2016.03.27-09.44.33:408][343]LogPlayLevel: PIE: World Init took: (0.002320s)
[2016.03.27-09.44.33:408][343]LogPlayLevel: PIE: Created PIE world by copying editor world from /Game/GameProject/Maps/Arena.Arena to /Game/GameProject/Maps/UEDPIE_0_Arena.Arena (0.026840s)
[2016.03.27-09.44.33:408][343]LogActorComponent: UnregisterComponent: (/Engine/Transient.ProjectileMovementComponent_40__A6522401) Not registered. Aborting.
[2016.03.27-09.44.33:408][343]LogActorComponent: UnregisterComponent: (/Engine/Transient.CharMoveComp) Not registered. Aborting.
[2016.03.27-09.44.33:437][343]LogInit: XAudio2 using 'Speakers (2- High Definition Audio Device)' : 2 channels at 44.1 kHz using 16 bits per sample (channel mask 0x3)
[2016.03.27-09.44.33:445][343]LogInit: FAudioDevice initialized.
[2016.03.27-09.44.33:490][343]LogWorld: Game class is 'FirstPersonGameMode_C'
[2016.03.27-09.44.33:493][343]LogWorld: Bringing World /Game/GameProject/Maps/UEDPIE_0_Arena.Arena up for play (max tick rate 0) at 2016.03.27-10.44.33
[2016.03.27-09.44.33:493][343]LogActor:Warning: GameSession /Game/GameProject/Maps/UEDPIE_0_Arena.Arena:PersistentLevel.GameSession_0 has natively added scene component(s), but none of them were set as the actor's RootComponent - picking one arbitrarily
[2016.03.27-09.44.33:493][343]LogActor:Warning: GameNetworkManager /Game/GameProject/Maps/UEDPIE_0_Arena.Arena:PersistentLevel.GameNetworkManager_0 has natively added scene component(s), but none of them were set as the actor's RootComponent - picking one arbitrarily
[2016.03.27-09.44.33:494][343]LogWorld: Bringing up level for play took: 0.002927
[2016.03.27-09.44.33:494][343]LogPathFollowing:Warning: No NavigationData found while trying to cache it for AIController_0's PathFollowingComponent
[2016.03.27-09.44.33:495][343]LogInit: WinSock: Socket queue 131072 / 131072
[2016.03.27-09.44.33:496][343]LogInit: WinSock: I am Chris-PC (192.168.0.2:0)
[2016.03.27-09.44.33:496][343]LogNet: GameNetDriver IpNetDriver_0 IpNetDriver listening on port 7777
[2016.03.27-09.44.33:497][343]PIE: Info Play in editor start time for /Game/GameProject/Maps/UEDPIE_0_Arena -0.163
[2016.03.27-09.44.33:501][343]LogBlueprintUserMessages: Late PlayInEditor Detection: Level '/Game/GameProject/Maps/Arena.Arena:PersistentLevel' has LevelScriptBlueprint '/Game/GameProject/Maps/Arena.Arena:PersistentLevel.Arena' with GeneratedClass '/Game/GameProject/Maps/Arena.Arena_C' with ClassGeneratedBy '/Game/GameProject/Maps/Arena.Arena:PersistentLevel.Arena'
[2016.03.27-09.45.30:692][773]LogEditorViewport:Warning: LoadPreviewMesh called while PIE world is GWorld.
[2016.03.27-09.46.54:044][360]LogBlueprintUserMessages: Early EndPlayMap Detection: Level '/Game/GameProject/Maps/Arena.Arena:PersistentLevel' has LevelScriptBlueprint '/Game/GameProject/Maps/Arena.Arena:PersistentLevel.Arena' with GeneratedClass '/Game/GameProject/Maps/Arena.Arena_C' with ClassGeneratedBy '/Game/GameProject/Maps/Arena.Arena:PersistentLevel.Arena'
[2016.03.27-09.46.54:115][360]LogBlueprintUserMessages: Late EndPlayMap Detection: Level '/Game/GameProject/Maps/Arena.Arena:PersistentLevel' has LevelScriptBlueprint '/Game/GameProject/Maps/Arena.Arena:PersistentLevel.Arena' with GeneratedClass '/Game/GameProject/Maps/Arena.Arena_C' with ClassGeneratedBy '/Game/GameProject/Maps/Arena.Arena:PersistentLevel.Arena'
[2016.03.27-09.46.54:126][360]LogExit: GameNetDriver None shut down
[2016.03.27-09.46.54:126][360]LogParticles: Destroying 0 GPU particle simulations for FXSystem 0x0000024A41991D00
[2016.03.27-09.46.54:948][426]LogBlueprintUserMessages: Early PlayInEditor Detection: Level '/Game/GameProject/Maps/Arena.Arena:PersistentLevel' has LevelScriptBlueprint '/Game/GameProject/Maps/Arena.Arena:PersistentLevel.Arena' with GeneratedClass '/Game/GameProject/Maps/Arena.Arena_C' with ClassGeneratedBy '/Game/GameProject/Maps/Arena.Arena:PersistentLevel.Arena'
[2016.03.27-09.46.54:948][426]LogPlayLevel: PlayLevel: No blueprints needed recompiling
[2016.03.27-09.46.54:948][426]PIE: New page: SIE session: Arena (27 Mar 2016 11:46:54)
[2016.03.27-09.46.54:948][426]LogPlayLevel: Creating play world package: /Game/GameProject/Maps/UEDPIE_0_Arena
[2016.03.27-09.46.54:972][426]LogPlayLevel: PIE: StaticDuplicateObject took: (0.022971s)
[2016.03.27-09.46.54:975][426]LogAIModule: Creating AISystem for world Arena
[2016.03.27-09.46.54:975][426]LogPlayLevel: PIE: World Init took: (0.002805s)
[2016.03.27-09.46.54:975][426]LogPlayLevel: PIE: Created PIE world by copying editor world from /Game/GameProject/Maps/Arena.Arena to /Game/GameProject/Maps/UEDPIE_0_Arena.Arena (0.026095s)
[2016.03.27-09.46.54:992][426]LogInit: XAudio2 using 'Speakers (2- High Definition Audio Device)' : 2 channels at 44.1 kHz using 16 bits per sample (channel mask 0x3)
[2016.03.27-09.46.54:999][426]LogInit: FAudioDevice initialized.
[2016.03.27-09.46.55:028][426]LogWorld: Game class is 'FirstPersonGameMode_C'
[2016.03.27-09.46.55:032][426]LogWorld: Bringing World /Game/GameProject/Maps/UEDPIE_0_Arena.Arena up for play (max tick rate 0) at 2016.03.27-10.46.55
[2016.03.27-09.46.55:032][426]LogActor:Warning: GameSession /Game/GameProject/Maps/UEDPIE_0_Arena.Arena:PersistentLevel.GameSession_1 has natively added scene component(s), but none of them were set as the actor's RootComponent - picking one arbitrarily
[2016.03.27-09.46.55:032][426]LogActor:Warning: GameNetworkManager /Game/GameProject/Maps/UEDPIE_0_Arena.Arena:PersistentLevel.GameNetworkManager_1 has natively added scene component(s), but none of them were set as the actor's RootComponent - picking one arbitrarily
[2016.03.27-09.46.55:032][426]LogWorld: Bringing up level for play took: 0.003254
[2016.03.27-09.46.55:032][426]LogPathFollowing:Warning: No NavigationData found while trying to cache it for AIController_1's PathFollowingComponent
[2016.03.27-09.46.55:033][426]LogInit: WinSock: Socket queue 131072 / 131072
[2016.03.27-09.46.55:034][426]LogNet: GameNetDriver IpNetDriver_1 IpNetDriver listening on port 7777
[2016.03.27-09.46.55:034][426]PIE: Info Play in editor start time for /Game/GameProject/Maps/UEDPIE_0_Arena -0.626
[2016.03.27-09.46.55:069][426]LogBlueprintUserMessages: Late PlayInEditor Detection: Level '/Game/GameProject/Maps/Arena.Arena:PersistentLevel' has LevelScriptBlueprint '/Game/GameProject/Maps/Arena.Arena:PersistentLevel.Arena' with GeneratedClass '/Game/GameProject/Maps/Arena.Arena_C' with ClassGeneratedBy '/Game/GameProject/Maps/Arena.Arena:PersistentLevel.Arena'
[2016.03.27-09.46.59:263][758]LogBlueprintUserMessages: Early EndPlayMap Detection: Level '/Game/GameProject/Maps/Arena.Arena:PersistentLevel' has LevelScriptBlueprint '/Game/GameProject/Maps/Arena.Arena:PersistentLevel.Arena' with GeneratedClass '/Game/GameProject/Maps/Arena.Arena_C' with ClassGeneratedBy '/Game/GameProject/Maps/Arena.Arena:PersistentLevel.Arena'
[2016.03.27-09.46.59:329][758]LogBlueprintUserMessages: Late EndPlayMap Detection: Level '/Game/GameProject/Maps/Arena.Arena:PersistentLevel' has LevelScriptBlueprint '/Game/GameProject/Maps/Arena.Arena:PersistentLevel.Arena' with GeneratedClass '/Game/GameProject/Maps/Arena.Arena_C' with ClassGeneratedBy '/Game/GameProject/Maps/Arena.Arena:PersistentLevel.Arena'
[2016.03.27-09.46.59:340][758]LogExit: GameNetDriver None shut down
[2016.03.27-09.46.59:351][759]LogParticles: Destroying 0 GPU particle simulations for FXSystem 0x0000024A1FADCF40
[2016.03.27-09.47.03:346][ 55]LogWindowsTextInputMethodSystem:Display: IME system now deactivated.
[2016.03.27-09.47.03:568][ 56]Cmd: QUIT_EDITOR
[2016.03.27-09.47.03:918][ 56]LogExit: Preparing to exit.
[2016.03.27-09.47.04:957][ 56]LogExit: Editor shut down
[2016.03.27-09.47.04:957][ 56]LogExit: Transaction tracking system shut down
[2016.03.27-09.47.04:959][ 56]LogParticles: Destroying 0 GPU particle simulations for FXSystem 0x0000024A1CF1D800
[2016.03.27-09.47.04:959][ 56]LogParticles: Destroying 0 GPU particle simulations for FXSystem 0x0000024A379A3880
[2016.03.27-09.47.04:959][ 56]LogParticles: Destroying 0 GPU particle simulations for FXSystem 0x0000024A375CC680
[2016.03.27-09.47.04:959][ 56]LogParticles: Destroying 0 GPU particle simulations for FXSystem 0x0000024A40771B20
[2016.03.27-09.47.05:098][ 56]LogExit: Object subsystem successfully closed.
[2016.03.27-09.47.05:109][ 56]LogD3D11RHI: Shutdown
[2016.03.27-09.47.05:109][ 56]LogD3D11RHI: CleanupD3DDevice
[2016.03.27-09.47.05:191][ 56]LogD3D11RHI: ~FD3D11DynamicRHI
[2016.03.27-09.47.05:214][ 56]LogModuleManager: Shutting down and abandoning module ExternalImagePicker (199)
[2016.03.27-09.47.05:214][ 56]LogModuleManager: Shutting down and abandoning module CrashTracker (198)
[2016.03.27-09.47.05:214][ 56]LogModuleManager: Shutting down and abandoning module SceneOutliner (197)
[2016.03.27-09.47.05:214][ 56]LogModuleManager: Shutting down and abandoning module SuperSearch (196)
[2016.03.27-09.47.05:214][ 56]LogModuleManager: Shutting down and abandoning module WidgetCarousel (195)
[2016.03.27-09.47.05:214][ 56]LogModuleManager: Shutting down and abandoning module AddContentDialog (194)
[2016.03.27-09.47.05:214][ 56]LogModuleManager: Shutting down and abandoning module EditorWidgets (193)
[2016.03.27-09.47.05:214][ 56]LogModuleManager: Shutting down and abandoning module CollectionManager (192)
[2016.03.27-09.47.05:215][ 56]LogModuleManager: Shutting down and abandoning module StatsViewer (191)
[2016.03.27-09.47.05:215][ 56]LogModuleManager: Shutting down and abandoning module FoliageEdit (190)
[2016.03.27-09.47.05:215][ 56]LogModuleManager: Shutting down and abandoning module LandscapeEditor (189)
[2016.03.27-09.47.05:215][ 56]LogModuleManager: Shutting down and abandoning module ActorPickerMode (188)
[2016.03.27-09.47.05:215][ 56]LogModuleManager: Shutting down and abandoning module GeometryMode (187)
[2016.03.27-09.47.05:215][ 56]LogModuleManager: Shutting down and abandoning module TextureAlignMode (186)
[2016.03.27-09.47.05:215][ 56]LogModuleManager: Shutting down and abandoning module BspMode (185)
[2016.03.27-09.47.05:215][ 56]LogModuleManager: Shutting down and abandoning module PlacementMode (184)
[2016.03.27-09.47.05:215][ 56]LogModuleManager: Shutting down and abandoning module AutomationWorker (183)
[2016.03.27-09.47.05:215][ 56]LogModuleManager: Shutting down and abandoning module CharacterAI (182)
[2016.03.27-09.47.05:215][ 56]LogModuleManager: Shutting down and abandoning module SmartSnapping (181)
[2016.03.27-09.47.05:215][ 56]LogModuleManager: Shutting down and abandoning module ViewportSnapping (180)
[2016.03.27-09.47.05:215][ 56]LogModuleManager: Shutting down and abandoning module LogVisualizer (179)
[2016.03.27-09.47.05:215][ 56]LogModuleManager: Shutting down and abandoning module GameProjectGeneration (178)
[2016.03.27-09.47.05:215][ 56]LogModuleManager: Shutting down and abandoning module IntroTutorials (177)
[2016.03.27-09.47.05:215][ 56]LogModuleManager: Shutting down and abandoning module EditorLiveStreaming (176)
[2016.03.27-09.47.05:215][ 56]LogModuleManager: Shutting down and abandoning module IOSPlatformEditor (175)
[2016.03.27-09.47.05:215][ 56]LogModuleManager: Shutting down and abandoning module HTML5PlatformEditor (174)
[2016.03.27-09.47.05:215][ 56]LogModuleManager: Shutting down and abandoning module AndroidDeviceDetection (173)
[2016.03.27-09.47.05:764][ 56]LogModuleManager: Shutting down and abandoning module AndroidPlatformEditor (172)
[2016.03.27-09.47.05:764][ 56]LogModuleManager: Shutting down and abandoning module IOSRuntimeSettings (171)
[2016.03.27-09.47.05:764][ 56]LogModuleManager: Shutting down and abandoning module AndroidRuntimeSettings (170)
[2016.03.27-09.47.05:764][ 56]LogModuleManager: Shutting down and abandoning module MergeActors (169)
[2016.03.27-09.47.05:764][ 56]LogModuleManager: Shutting down and abandoning module SizeMap (168)
[2016.03.27-09.47.05:764][ 56]LogModuleManager: Shutting down and abandoning module TreeMap (167)
[2016.03.27-09.47.05:764][ 56]LogModuleManager: Shutting down and abandoning module ReferenceViewer (166)
[2016.03.27-09.47.05:764][ 56]LogModuleManager: Shutting down and abandoning module LocalizationService (165)
[2016.03.27-09.47.05:764][ 56]LogModuleManager: Shutting down and abandoning module LocalizationDashboard (164)
[2016.03.27-09.47.05:764][ 56]LogModuleManager: Shutting down and abandoning module HardwareTargeting (163)
[2016.03.27-09.47.05:764][ 56]LogModuleManager: Shutting down and abandoning module DeviceProfileEditor (162)
[2016.03.27-09.47.05:764][ 56]LogModuleManager: Shutting down and abandoning module UndoHistory (161)
[2016.03.27-09.47.05:764][ 56]LogModuleManager: Shutting down and abandoning module GameplayTagsEditor (160)
[2016.03.27-09.47.05:764][ 56]LogModuleManager: Shutting down and abandoning module UserFeedback (159)
[2016.03.27-09.47.05:764][ 56]LogModuleManager: Shutting down and abandoning module XmlParser (158)
[2016.03.27-09.47.05:764][ 56]LogModuleManager: Shutting down and abandoning module Blutility (157)
[2016.03.27-09.47.05:764][ 56]LogModuleManager: Shutting down and abandoning module ProjectTargetPlatformEditor (156)
[2016.03.27-09.47.05:764][ 56]LogModuleManager: Shutting down and abandoning module ProjectSettingsViewer (155)
[2016.03.27-09.47.05:764][ 56]LogModuleManager: Shutting down and abandoning module InputBindingEditor (154)
[2016.03.27-09.47.05:765][ 56]LogModuleManager: Shutting down and abandoning module EditorSettingsViewer (153)
[2016.03.27-09.47.05:765][ 56]LogModuleManager: Shutting down and abandoning module SettingsEditor (152)
[2016.03.27-09.47.05:765][ 56]LogModuleManager: Shutting down and abandoning module ProjectLauncher (151)
[2016.03.27-09.47.05:765][ 56]LogModuleManager: Shutting down and abandoning module SessionFrontend (150)
[2016.03.27-09.47.05:765][ 56]LogModuleManager: Shutting down and abandoning module ProfilerClient (149)
[2016.03.27-09.47.05:765][ 56]LogModuleManager: Shutting down and abandoning module TargetDeviceServices (148)
[2016.03.27-09.47.05:765][ 56]LogModuleManager: Shutting down and abandoning module DeviceManager (147)
[2016.03.27-09.47.05:765][ 56]LogModuleManager: Shutting down and abandoning module AutomationController (146)
[2016.03.27-09.47.05:765][ 56]LogModuleManager: Shutting down and abandoning module AutomationWindow (145)
[2016.03.27-09.47.05:765][ 56]LogModuleManager: Shutting down and abandoning module Layers (144)
[2016.03.27-09.47.05:765][ 56]LogModuleManager: Shutting down and abandoning module ComponentVisualizers (143)
[2016.03.27-09.47.05:765][ 56]LogModuleManager: Shutting down and abandoning module DetailCustomizations (142)
[2016.03.27-09.47.05:765][ 56]LogModuleManager: Shutting down and abandoning module PackagesDialog (141)
[2016.03.27-09.47.05:765][ 56]LogModuleManager: Shutting down and abandoning module Persona (140)
[2016.03.27-09.47.05:765][ 56]LogModuleManager: Shutting down and abandoning module Kismet (139)
[2016.03.27-09.47.05:765][ 56]LogModuleManager: Shutting down and abandoning module GraphEditor (138)
[2016.03.27-09.47.05:765][ 56]LogModuleManager: Shutting down and abandoning module ClassViewer (137)
[2016.03.27-09.47.05:765][ 56]LogModuleManager: Shutting down and abandoning module Toolbox (136)
[2016.03.27-09.47.05:765][ 56]LogModuleManager: Shutting down and abandoning module ModuleUI (135)
[2016.03.27-09.47.05:765][ 56]LogModuleManager: Shutting down and abandoning module MovieSceneTools (134)
[2016.03.27-09.47.05:765][ 56]LogModuleManager: Shutting down and abandoning module OutputLog (133)
[2016.03.27-09.47.05:765][ 56]LogModuleManager: Shutting down and abandoning module GammaUI (132)
[2016.03.27-09.47.05:765][ 56]LogModuleManager: Shutting down and abandoning module Documentation (131)
[2016.03.27-09.47.05:765][ 56]LogModuleManager: Shutting down and abandoning module GameLiveStreaming (130)
[2016.03.27-09.47.05:765][ 56]LogModuleManager: Shutting down and abandoning module StreamingPauseRendering (129)
[2016.03.27-09.47.05:765][ 56]LogModuleManager: Shutting down and abandoning module AnalyticsET (128)
[2016.03.27-09.47.05:765][ 56]LogModuleManager: Shutting down and abandoning module Analytics (127)
[2016.03.27-09.47.05:765][ 56]LogModuleManager: Shutting down and abandoning module AITestSuite (126)
[2016.03.27-09.47.05:765][ 56]LogModuleManager: Shutting down and abandoning module GameplayDebugger (125)
[2016.03.27-09.47.05:765][ 56]LogModuleManager: Shutting down and abandoning module AIModule (124)
[2016.03.27-09.47.05:765][ 56]LogModuleManager: Shutting down and abandoning module ProfilerService (123)
[2016.03.27-09.47.05:790][ 56]LogModuleManager: Shutting down and abandoning module TaskGraph (122)
[2016.03.27-09.47.05:790][ 56]LogModuleManager: Shutting down and abandoning module SlateRemote (121)
[2016.03.27-09.47.05:790][ 56]LogModuleManager: Shutting down and abandoning module SteamVRController (120)
[2016.03.27-09.47.05:790][ 56]LogModuleManager: Shutting down and abandoning module SteamVR (119)
[2016.03.27-09.47.05:790][ 56]LogModuleManager: Shutting down and abandoning module ProceduralMeshComponent (118)
[2016.03.27-09.47.05:790][ 56]LogModuleManager: Shutting down and abandoning module OculusLibrary (117)
[2016.03.27-09.47.05:790][ 56]LogModuleManager: Shutting down and abandoning module OculusInput (116)
[2016.03.27-09.47.05:790][ 56]LogModuleManager: Shutting down and abandoning module LeapMotionController (115)
[2016.03.27-09.47.05:798][ 56]LogModuleManager: Shutting down and abandoning module CustomMeshComponent (114)
[2016.03.27-09.47.05:798][ 56]LogModuleManager: Shutting down and abandoning module CableComponent (113)
[2016.03.27-09.47.05:798][ 56]LogModuleManager: Shutting down and abandoning module ArchVisCharacter (112)
[2016.03.27-09.47.05:798][ 56]LogModuleManager: Shutting down and abandoning module MessagingDebugger (111)
[2016.03.27-09.47.05:798][ 56]LogModuleManager: Shutting down and abandoning module MediaPlayerEditor (110)
[2016.03.27-09.47.05:798][ 56]LogModuleManager: Shutting down and abandoning module HTML5Networking (109)
[2016.03.27-09.47.05:798][ 56]LogModuleManager: Shutting down and abandoning module SpeedTreeImporter (108)
[2016.03.27-09.47.05:798][ 56]LogModuleManager: Shutting down and abandoning module PluginBrowser (107)
[2016.03.27-09.47.05:798][ 56]LogModuleManager: Shutting down and abandoning module EpicSurvey (106)
[2016.03.27-09.47.05:798][ 56]LogModuleManager: Shutting down and abandoning module DesktopPlatform (105)
[2016.03.27-09.47.05:798][ 56]LogModuleManager: Shutting down and abandoning module VisualStudioSourceCodeAccess (104)
[2016.03.27-09.47.05:798][ 56]LogModuleManager: Shutting down and abandoning module UObjectPlugin (103)
[2016.03.27-09.47.05:798][ 56]LogModuleManager: Shutting down and abandoning module SubversionSourceControl (102)
[2016.03.27-09.47.05:798][ 56]LogModuleManager: Shutting down and abandoning module PerforceSourceControl (101)
[2016.03.27-09.47.05:798][ 56]LogModuleManager: Shutting down and abandoning module SourceControl (100)
[2016.03.27-09.47.05:798][ 56]LogModuleManager: Shutting down and abandoning module GitSourceControl (99)
[2016.03.27-09.47.05:798][ 56]LogModuleManager: Shutting down and abandoning module LightPropagationVolumeEditor (98)
[2016.03.27-09.47.05:798][ 56]LogModuleManager: Shutting down and abandoning module PaperTiledImporter (97)
[2016.03.27-09.47.05:798][ 56]LogModuleManager: Shutting down and abandoning module PaperSpriteSheetImporter (96)
[2016.03.27-09.47.05:798][ 56]LogModuleManager: Shutting down and abandoning module MeshPaint (95)
[2016.03.27-09.47.05:798][ 56]LogModuleManager: Shutting down and abandoning module SlateReflector (94)
[2016.03.27-09.47.05:798][ 56]LogModuleManager: Shutting down and abandoning module HotReload (93)
[2016.03.27-09.47.05:798][ 56]LogModuleManager: Shutting down and abandoning module MainFrame (92)
[2016.03.27-09.47.05:798][ 56]LogModuleManager: Shutting down and abandoning module LevelEditor (91)
[2016.03.27-09.47.05:799][ 56]LogModuleManager: Shutting down and abandoning module DirectoryWatcher (90)
[2016.03.27-09.47.05:800][ 56]LogModuleManager: Shutting down and abandoning module AssetRegistry (89)
[2016.03.27-09.47.05:921][ 56]LogModuleManager: Shutting down and abandoning module ContentBrowser (88)
[2016.03.27-09.47.05:922][ 56]LogModuleManager: Shutting down and abandoning module Paper2DEditor (87)
[2016.03.27-09.47.05:922][ 56]LogModuleManager: Shutting down and abandoning module UdpMessaging (86)
[2016.03.27-09.47.06:023][ 56]LogModuleManager: Shutting down and abandoning module LightPropagationVolumeRuntime (85)
[2016.03.27-09.47.06:023][ 56]LogModuleManager: Shutting down and abandoning module Paper2D (84)
[2016.03.27-09.47.06:023][ 56]LogModuleManager: Shutting down and abandoning module WindowsMoviePlayer (83)
[2016.03.27-09.47.06:026][ 56]LogModuleManager: Shutting down and abandoning module Media (82)
[2016.03.27-09.47.06:026][ 56]LogModuleManager: Shutting down and abandoning module WmfMedia (81)
[2016.03.27-09.47.06:026][ 56]LogModuleManager: Shutting down and abandoning module OnlineBlueprintSupport (80)
[2016.03.27-09.47.06:026][ 56]LogModuleManager: Shutting down and abandoning module GameplayTasksEditor (79)
[2016.03.27-09.47.06:026][ 56]LogModuleManager: Shutting down and abandoning module PropertyEditor (78)
[2016.03.27-09.47.06:026][ 56]LogModuleManager: Shutting down and abandoning module BehaviorTreeEditor (77)
[2016.03.27-09.47.06:026][ 56]LogModuleManager: Shutting down and abandoning module FunctionalTesting (76)
[2016.03.27-09.47.06:026][ 56]LogModuleManager: Shutting down and abandoning module CollisionAnalyzer (75)
[2016.03.27-09.47.06:026][ 56]LogModuleManager: Shutting down and abandoning module WorkspaceMenuStructure (74)
[2016.03.27-09.47.06:027][ 56]LogModuleManager: Shutting down and abandoning module MessageLog (73)
[2016.03.27-09.47.06:027][ 56]LogModuleManager: Shutting down and abandoning module Sequencer (72)
[2016.03.27-09.47.06:027][ 56]LogModuleManager: Shutting down and abandoning module AssetTools (71)
[2016.03.27-09.47.06:027][ 56]LogModuleManager: Shutting down and abandoning module UMGEditor (70)
[2016.03.27-09.47.06:027][ 56]LogModuleManager: Shutting down and abandoning module UMG (69)
[2016.03.27-09.47.06:027][ 56]LogModuleManager: Shutting down and abandoning module Slate (68)
[2016.03.27-09.47.06:027][ 56]LogModuleManager: Shutting down and abandoning module EditorStyle (67)
[2016.03.27-09.47.06:029][ 56]LogModuleManager: Shutting down and abandoning module SessionServices (66)
[2016.03.27-09.47.06:029][ 56]LogModuleManager: Shutting down and abandoning module SourceCodeAccess (65)
[2016.03.27-09.47.06:029][ 56]LogModuleManager: Shutting down and abandoning module HeadMountedDisplay (64)
[2016.03.27-09.47.06:029][ 56]LogModuleManager: Shutting down and abandoning module XAudio2 (63)
[2016.03.27-09.47.06:029][ 56]LogModuleManager: Shutting down and abandoning module Networking (61)
[2016.03.27-09.47.06:029][ 56]LogModuleManager: Shutting down and abandoning module Core (60)
[2016.03.27-09.47.06:029][ 56]LogModuleManager: Shutting down and abandoning module KismetCompiler (59)
[2016.03.27-09.47.06:029][ 56]LogModuleManager: Shutting down and abandoning module PhysXFormats (58)
[2016.03.27-09.47.06:029][ 56]LogModuleManager: Shutting down and abandoning module MeshUtilities (57)
[2016.03.27-09.47.06:029][ 56]LogModuleManager: Shutting down and abandoning module DerivedDataCache (56)
[2016.03.27-09.47.06:073][ 56]LogDerivedDataCache: Shutdown
[2016.03.27-09.47.06:073][ 56]LogModuleManager: Shutting down and abandoning module ShaderFormatOpenGL (55)
[2016.03.27-09.47.06:073][ 56]LogModuleManager: Shutting down and abandoning module ShaderFormatD3D (54)
[2016.03.27-09.47.06:073][ 56]LogModuleManager: Shutting down and abandoning module MetalShaderFormat (53)
[2016.03.27-09.47.06:073][ 56]LogModuleManager: Shutting down and abandoning module TextureFormatUncompressed (52)
[2016.03.27-09.47.06:074][ 56]LogModuleManager: Shutting down and abandoning module TextureFormatPVR (51)
[2016.03.27-09.47.06:074][ 56]LogModuleManager: Shutting down and abandoning module TextureFormatIntelISPCTexComp (50)
[2016.03.27-09.47.06:074][ 56]LogModuleManager: Shutting down and abandoning module TextureFormatDXT (49)
[2016.03.27-09.47.06:074][ 56]LogModuleManager: Shutting down and abandoning module ImageWrapper (48)
[2016.03.27-09.47.06:074][ 56]LogModuleManager: Shutting down and abandoning module TextureFormatASTC (47)
[2016.03.27-09.47.06:074][ 56]LogModuleManager: Shutting down and abandoning module TextureFormatAndroid (46)
[2016.03.27-09.47.06:074][ 56]LogModuleManager: Shutting down and abandoning module AudioFormatOpus (45)
[2016.03.27-09.47.06:074][ 56]LogModuleManager: Shutting down and abandoning module AudioFormatOgg (44)
[2016.03.27-09.47.06:074][ 56]LogModuleManager: Shutting down and abandoning module AudioFormatADPCM (43)
[2016.03.27-09.47.06:074][ 56]LogModuleManager: Shutting down and abandoning module LinuxTargetPlatform (42)
[2016.03.27-09.47.06:074][ 56]LogModuleManager: Shutting down and abandoning module LinuxServerTargetPlatform (41)
[2016.03.27-09.47.06:074][ 56]LogModuleManager: Shutting down and abandoning module LinuxNoEditorTargetPlatform (40)
[2016.03.27-09.47.06:074][ 56]LogModuleManager: Shutting down and abandoning module Messaging (39)
[2016.03.27-09.47.06:074][ 56]LogModuleManager: Shutting down and abandoning module IOSTargetPlatform (38)
[2016.03.27-09.47.06:074][ 56]LogModuleManager: Shutting down and abandoning module HTML5TargetPlatform (37)
[2016.03.27-09.47.06:074][ 56]LogModuleManager: Shutting down and abandoning module Android_PVRTCTargetPlatform (36)
[2016.03.27-09.47.06:074][ 56]LogModuleManager: Shutting down and abandoning module Android_MultiTargetPlatform (35)
[2016.03.27-09.47.06:074][ 56]LogModuleManager: Shutting down and abandoning module Android_ETC2TargetPlatform (34)
[2016.03.27-09.47.06:074][ 56]LogModuleManager: Shutting down and abandoning module Android_ETC1TargetPlatform (33)
[2016.03.27-09.47.06:074][ 56]LogModuleManager: Shutting down and abandoning module Android_DXTTargetPlatform (32)
[2016.03.27-09.47.06:074][ 56]LogModuleManager: Shutting down and abandoning module Android_ATCTargetPlatform (31)
[2016.03.27-09.47.06:074][ 56]LogModuleManager: Shutting down and abandoning module Android_ASTCTargetPlatform (30)
[2016.03.27-09.47.06:074][ 56]LogModuleManager: Shutting down and abandoning module AndroidTargetPlatform (29)
[2016.03.27-09.47.06:074][ 56]LogModuleManager: Shutting down and abandoning module WindowsTargetPlatform (28)
[2016.03.27-09.47.06:074][ 56]LogModuleManager: Shutting down and abandoning module WindowsServerTargetPlatform (27)
[2016.03.27-09.47.06:074][ 56]LogModuleManager: Shutting down and abandoning module WindowsNoEditorTargetPlatform (26)
[2016.03.27-09.47.06:074][ 56]LogModuleManager: Shutting down and abandoning module WindowsClientTargetPlatform (25)
[2016.03.27-09.47.06:074][ 56]LogModuleManager: Shutting down and abandoning module AllDesktopTargetPlatform (24)
[2016.03.27-09.47.06:074][ 56]LogModuleManager: Shutting down and abandoning module TargetPlatform (23)
[2016.03.27-09.47.06:074][ 56]LogModuleManager: Shutting down and abandoning module InputCore (22)
[2016.03.27-09.47.06:074][ 56]LogModuleManager: Shutting down and abandoning module Settings (21)
[2016.03.27-09.47.06:074][ 56]LogModuleManager: Shutting down and abandoning module OnlineSubsystem (19)
[2016.03.27-09.47.06:074][ 56]LogModuleManager: Shutting down and abandoning module HTTP (18)
[2016.03.27-09.47.08:076][ 56]LogModuleManager: Shutting down and abandoning module XMPP (17)
[2016.03.27-09.47.08:076][ 56]LogModuleManager: Shutting down and abandoning module OculusRift (16)
[2016.03.27-09.47.08:076][ 56]LogModuleManager: Shutting down and abandoning module ExampleDeviceProfileSelector (15)
[2016.03.27-09.47.08:076][ 56]LogModuleManager: Shutting down and abandoning module TextureCompressor (14)
[2016.03.27-09.47.08:076][ 56]LogModuleManager: Shutting down and abandoning module ShaderCore (13)
[2016.03.27-09.47.08:076][ 56]LogModuleManager: Shutting down and abandoning module Landscape (12)
[2016.03.27-09.47.08:076][ 56]LogModuleManager: Shutting down and abandoning module SlateRHIRenderer (11)
[2016.03.27-09.47.08:077][ 56]LogModuleManager: Shutting down and abandoning module OpenGLDrv (10)
[2016.03.27-09.47.08:077][ 56]LogModuleManager: Shutting down and abandoning module D3D11RHI (9)
[2016.03.27-09.47.08:077][ 56]LogModuleManager: Shutting down and abandoning module AnimGraphRuntime (8)
[2016.03.27-09.47.08:077][ 56]LogModuleManager: Shutting down and abandoning module Renderer (7)
[2016.03.27-09.47.08:077][ 56]LogModuleManager: Shutting down and abandoning module Engine (6)
[2016.03.27-09.47.08:077][ 56]LogModuleManager: Shutting down and abandoning module CoreUObject (5)
[2016.03.27-09.47.08:077][ 56]LogModuleManager: Shutting down and abandoning module NetworkFile (4)
[2016.03.27-09.47.08:077][ 56]LogModuleManager: Shutting down and abandoning module StreamingFile (3)
[2016.03.27-09.47.08:077][ 56]LogModuleManager: Shutting down and abandoning module SandboxFile (2)
[2016.03.27-09.47.08:077][ 56]LogModuleManager: Shutting down and abandoning module PakFile (1)
[2016.03.27-09.47.08:079][ 56]LogExit: Exiting.
[2016.03.27-09.47.08:082][ 56]Log file closed, 03/27/16 10:47:08
