[2016.03.18-19.03.42:728][  0]Log file open, 03/18/16 19:03:42
[2016.03.18-19.03.42:728][  0]LogInit:Display: Running engine for game: FpsProject
[2016.03.18-19.03.42:728][  0]LogPlatformFile: Not using cached read wrapper
[2016.03.18-19.03.42:728][  0]LogInit:Display: RandInit(-986128839) SRandInit(-986128837).
[2016.03.18-19.03.42:728][  0]LogTaskGraph: Started task graph with 4 named threads and 7 total threads.
[2016.03.18-19.03.42:728][  0]LogStats: Stats thread started at 0.083324
[2016.03.18-19.03.42:728][  0]LogInit: Version: 4.10.4-2872498+++depot+UE4-Releases+4.10
[2016.03.18-19.03.42:728][  0]LogInit: API Version: 2758231
[2016.03.18-19.03.42:728][  0]LogInit: Compiled (64-bit): Feb 18 2016 15:47:04
[2016.03.18-19.03.42:728][  0]LogInit: Compiled with Visual C++: 19.00.23026.00
[2016.03.18-19.03.42:728][  0]LogInit: Build Configuration: Development
[2016.03.18-19.03.42:728][  0]LogInit: Branch Name: ++depot+UE4-Releases+4.10
[2016.03.18-19.03.42:728][  0]LogInit: Command line: -EpicPortal 
[2016.03.18-19.03.42:728][  0]LogInit: Base directory: C:/Program Files (x86)/Epic Games/4.10/Engine/Binaries/Win64/
[2016.03.18-19.03.42:728][  0]LogInit: Rocket: 1
[2016.03.18-19.03.42:733][  0]LogInit: Using libcurl 7.41.0
[2016.03.18-19.03.42:733][  0]LogInit:  - built for x86_64-pc-win32
[2016.03.18-19.03.42:733][  0]LogInit:  - supports SSL with WinSSL
[2016.03.18-19.03.42:733][  0]LogInit:  - other features:
[2016.03.18-19.03.42:733][  0]LogInit:      CURL_VERSION_SSL
[2016.03.18-19.03.42:733][  0]LogInit:      CURL_VERSION_IPV6
[2016.03.18-19.03.42:733][  0]LogInit:      CURL_VERSION_ASYNCHDNS
[2016.03.18-19.03.42:733][  0]LogInit:      CURL_VERSION_LARGEFILE
[2016.03.18-19.03.42:733][  0]LogInit:      CURL_VERSION_IDN
[2016.03.18-19.03.42:733][  0]LogInit:  CurlRequestOptions (configurable via config and command line):
[2016.03.18-19.03.42:733][  0]LogInit:  - bVerifyPeer = true  - Libcurl will verify peer certificate
[2016.03.18-19.03.42:733][  0]LogInit:  - bUseHttpProxy = false  - Libcurl will NOT use HTTP proxy
[2016.03.18-19.03.42:733][  0]LogInit:  - bDontReuseConnections = false  - Libcurl will reuse connections
[2016.03.18-19.03.42:733][  0]LogInit:  - CertBundlePath = nullptr  - Libcurl will use whatever was configured at build time.
[2016.03.18-19.03.42:740][  0]LogInit: Presizing for 0 objects not considered by GC, pre-allocating 0 bytes.
[2016.03.18-19.03.42:745][  0]LogInit: Object subsystem initialized
[2016.03.18-19.03.42:746][  0]LogInit: Selected Device Profile: [Windows]
[2016.03.18-19.03.42:746][  0]LogInit: Applying CVar settings loaded from the selected device profile: [Windows]
[2016.03.18-19.03.42:751][  0]LogInit: Computer: CHRIS-PC
[2016.03.18-19.03.42:752][  0]LogInit: User: Chris
[2016.03.18-19.03.42:752][  0]LogInit: CPU Page size=4096, Cores=4
[2016.03.18-19.03.42:752][  0]LogInit: High frequency timer resolution =3.123191 MHz
[2016.03.18-19.03.42:752][  0]LogMemory: Memory total: Physical=7.9GB (8GB approx)
[2016.03.18-19.03.42:752][  0]LogMemory: Platform Memory Stats for Windows
[2016.03.18-19.03.42:752][  0]LogMemory: Process Physical Memory: 56.08 MB used, 56.08 MB peak
[2016.03.18-19.03.42:752][  0]LogMemory: Process Virtual Memory: 58.83 MB used, 58.83 MB peak
[2016.03.18-19.03.42:752][  0]LogMemory: Physical Memory: 3008.45 MB used, 8130.79 MB total
[2016.03.18-19.03.42:752][  0]LogMemory: Virtual Memory: 385.43 MB used, 134217728.00 MB total
[2016.03.18-19.03.42:784][  0]LogTextLocalizationManager: No specific translations for ('en-GB') exist, so ('en') translations will be used.
[2016.03.18-19.03.43:198][  0]LogD3D11RHI: Found D3D11 adapter 0: AMD Radeon HD 7700 Series (Feature Level 11_0)
[2016.03.18-19.03.43:198][  0]LogD3D11RHI: Adapter has 1002MB of dedicated video memory, 0MB of dedicated system memory, and 4065MB of shared system memory, 2 output[s]
[2016.03.18-19.03.43:199][  0]LogD3D11RHI: Found D3D11 adapter 1: Microsoft Basic Render Driver (Feature Level 11_0)
[2016.03.18-19.03.43:199][  0]LogD3D11RHI: Adapter has 0MB of dedicated video memory, 0MB of dedicated system memory, and 4065MB of shared system memory, 0 output[s]
[2016.03.18-19.03.43:199][  0]LogD3D11RHI: Chosen D3D11 Adapter Id = 0
[2016.03.18-19.03.43:204][  0]LogD3D11RHI: !Direct3DDevice
[2016.03.18-19.03.43:204][  0]LogRHI: Texture pool is 701 MB (70% of 1002 MB)
[2016.03.18-19.03.43:211][  0]LogD3D11RHI: Async texture creation disabled: no driver support
[2016.03.18-19.03.43:221][  0]LogShaderCompilers: Guid format shader working directory is -1 characters bigger than the processId version (E:/Computing/Unreal/Unreal Projects/GameProject/Intermediate/Shaders/WorkingDirectory/6120/).
[2016.03.18-19.03.43:222][  0]LogShaderCompilers: Cleaned the shader compiler working directory 'C:/Users/Chris/AppData/Local/Temp/UnrealShaderWorkingDir/EDCB3C78453539EF5F154091F1AAE326/'.
[2016.03.18-19.03.43:222][  0]LogShaderCompilers:Display: Using Local Shader Compiler.
[2016.03.18-19.03.44:013][  0]LogTemp:Display: Loaded TP AllDesktopTargetPlatform
[2016.03.18-19.03.44:017][  0]LogTemp:Display: Loaded TP WindowsClientTargetPlatform
[2016.03.18-19.03.44:022][  0]LogTemp:Display: Loaded TP WindowsNoEditorTargetPlatform
[2016.03.18-19.03.44:026][  0]LogTemp:Display: Loaded TP WindowsServerTargetPlatform
[2016.03.18-19.03.44:030][  0]LogTemp:Display: Loaded TP WindowsTargetPlatform
[2016.03.18-19.03.44:033][  0]LogTemp:Display: Loaded TP AndroidTargetPlatform
[2016.03.18-19.03.44:037][  0]LogTemp:Display: Loaded TP Android_ASTCTargetPlatform
[2016.03.18-19.03.44:040][  0]LogTemp:Display: Loaded TP Android_ATCTargetPlatform
[2016.03.18-19.03.44:043][  0]LogTemp:Display: Loaded TP Android_DXTTargetPlatform
[2016.03.18-19.03.44:045][  0]LogTemp:Display: Loaded TP Android_ETC1TargetPlatform
[2016.03.18-19.03.44:048][  0]LogTemp:Display: Loaded TP Android_ETC2TargetPlatform
[2016.03.18-19.03.44:054][  0]LogTemp:Display: Loaded TP Android_MultiTargetPlatform
[2016.03.18-19.03.44:054][  0]LogTemp:Display: Loaded TP Android_PVRTCTargetPlatform
[2016.03.18-19.03.44:055][  0]LogTemp:Display: Loaded TP HTML5TargetPlatform
[2016.03.18-19.03.44:071][  0]LogTemp:Display: Loaded TP IOSTargetPlatform
[2016.03.18-19.03.44:074][  0]LogTemp:Display: Loaded TP LinuxNoEditorTargetPlatform
[2016.03.18-19.03.44:077][  0]LogTemp:Display: Loaded TP LinuxServerTargetPlatform
[2016.03.18-19.03.44:080][  0]LogTemp:Display: Loaded TP LinuxTargetPlatform
[2016.03.18-19.03.44:080][  0]LogTargetPlatformManager:Display: Building Assets For Windows
[2016.03.18-19.03.44:156][  0]LogDerivedDataCache:Display: Max Cache Size: 512 MB
[2016.03.18-19.03.44:208][  0]LogDerivedDataCache: Loaded boot cache 0.05s 41MB C:/Users/Chris/AppData/Local/UnrealEngine/4.10/DerivedDataCache/Boot.ddc.
[2016.03.18-19.03.44:208][  0]LogDerivedDataCache:Display: Loaded Boot cache: C:/Users/Chris/AppData/Local/UnrealEngine/4.10/DerivedDataCache/Boot.ddc
[2016.03.18-19.03.44:208][  0]LogDerivedDataCache: FDerivedDataBackendGraph:  Pak pak cache file E:/Computing/Unreal/Unreal Projects/GameProject/DerivedDataCache/DDC.ddp not found, will not use a pak cache.
[2016.03.18-19.03.44:208][  0]LogDerivedDataCache: Unable to find inner node Pak for hierarchical cache Hierarchy.
[2016.03.18-19.03.44:208][  0]LogDerivedDataCache: FDerivedDataBackendGraph:  CompressedPak pak cache file E:/Computing/Unreal/Unreal Projects/GameProject/DerivedDataCache/Compressed.ddp not found, will not use a pak cache.
[2016.03.18-19.03.44:208][  0]LogDerivedDataCache: Unable to find inner node CompressedPak for hierarchical cache Hierarchy.
[2016.03.18-19.03.44:263][  0]LogDerivedDataCache:Display: Pak cache opened for reading ../../../Engine/DerivedDataCache/Compressed.ddp.
[2016.03.18-19.03.44:275][  0]LogDerivedDataCache: Using Local data cache path C:/Users/Chris/AppData/Local/UnrealEngine/Common/DerivedDataCache: Writable
[2016.03.18-19.03.44:463][  0]LogInit: Selected Device Profile: [Windows]
[2016.03.18-19.03.44:465][  0]LogContentStreaming: Texture pool size is 0.000000MB
[2016.03.18-19.03.44:568][  0]LogMeshUtilities: No automatic mesh reduction module available
[2016.03.18-19.03.44:568][  0]LogMeshUtilities: No automatic mesh merging module available
[2016.03.18-19.03.44:819][  0]LogInit: WinSock: version 1.1 (2.2), MaxSocks=32767, MaxUdp=65467
[2016.03.18-19.03.45:688][  0]UdpMessaging: Initializing bridge on interface 0.0.0.0:0 to multicast group 230.0.0.1:6666.
[2016.03.18-19.03.45:786][  0]LogAssetRegistry: FAssetRegistry took 0.0109 seconds to start up
[2016.03.18-19.03.45:940][  0]SourceControl: Info Source control is disabled
[2016.03.18-19.03.45:941][  0]SourceControl: Info Source control is disabled
[2016.03.18-19.03.45:952][  0]SourceControl: Info Source control is disabled
[2016.03.18-19.03.45:964][  0]SourceControl: Info Source control is disabled
[2016.03.18-19.03.46:228][  0]LogObj: 28633 objects as part of root set at end of initial load.
[2016.03.18-19.03.46:228][  0]LogUObjectAllocator: 6099752 out of 0 bytes used by permanent object pool.
[2016.03.18-19.03.46:279][  0]LogEngine: Initializing Engine...
[2016.03.18-19.03.46:283][  0]LogHMD: Can't find Oculus library dev build: is proper Runtime installed? Version: 0.8.0.0
[2016.03.18-19.03.46:283][  0]LogHMD: SteamVR failed to initialize.  Err: 110
[2016.03.18-19.03.46:402][  0]LogAIModule: Creating AISystem for world NewWorld
[2016.03.18-19.03.46:412][  0]LogInit: XAudio2 using 'Speakers (2- High Definition Audio Device)' : 2 channels at 44.1 kHz using 16 bits per sample (channel mask 0x3)
[2016.03.18-19.03.46:423][  0]LogInit: FAudioDevice initialized.
[2016.03.18-19.03.46:453][  0]LogDerivedDataCache: Saved boot cache 0.03s 41MB C:/Users/Chris/AppData/Local/UnrealEngine/4.10/DerivedDataCache/Boot.ddc.
[2016.03.18-19.03.46:458][  0]LogInit: Texture streaming: Enabled
[2016.03.18-19.03.46:463][  0]LogAnalytics: Creating configured Analytics provider AnalyticsET
[2016.03.18-19.03.46:463][  0]LogAnalytics: [UEEditor.Rocket.Release] APIServer = http://et2.epicgames.com/ET2/. AppVersion = 4.10.4-2872498+++depot+UE4-Releases+4.10
[2016.03.18-19.03.46:463][  0]LogAnalytics: [UEEditor.Rocket.Release] SetUserId dda77f1544752f940c33e380f02beeee|581a2f5c95e34dd8b3eca337ee713eb1|baa8d59f-5337-46fd-ab7b-5719df139748
[2016.03.18-19.03.46:463][  0]LogAnalytics: [UEEditor.Rocket.Release] AnalyticsET::StartSession
[2016.03.18-19.03.46:471][  0]LogInit: Transaction tracking system initialized
[2016.03.18-19.03.46:494][  0]BlueprintLog: New page: Editor Load
[2016.03.18-19.03.46:560][  0]LocalizationService: Info Localization service is disabled
[2016.03.18-19.03.46:626][  0]LogConsoleResponse:Display: 
[2016.03.18-19.03.46:731][  0]LogCook:Display: Done creating registry. It took  0.00s.
[2016.03.18-19.03.46:782][  0]LogFileCache: Scanning file cache for directory 'E:/Computing/Unreal/Unreal Projects/GameProject/Content/' took 0.01s
[2016.03.18-19.03.46:782][  0]SourceControl: Info Source control is disabled
[2016.03.18-19.03.46:782][  0]Cmd: MAP LOAD FILE="E:/Computing/Unreal/Unreal Projects/GameProject/Content/FirstPersonBP/Maps/FirstPersonExampleMap.umap" TEMPLATE=0 SHOWPROGRESS=1 FEATURELEVEL=3
[2016.03.18-19.03.46:783][  0]LogEditorServer:Warning: Can't find file 'E:/Computing/Unreal/Unreal Projects/GameProject/Content/FirstPersonBP/Maps/FirstPersonExampleMap.umap'
[2016.03.18-19.03.46:783][  0]Cmd: MAP CHECKDEP NOCLEARLOG
[2016.03.18-19.03.46:851][  0]MapCheck: Info Map check complete: 0 Error(s), 0 Warning(s), took 68.097ms to complete.
[2016.03.18-19.03.46:852][  0]LogFileHelpers: Loading map 'FirstPersonExampleMap' took 0.069
[2016.03.18-19.03.46:964][  0]LogCollectionManager: Loaded 0 collections in 0.001741 seconds
[2016.03.18-19.03.47:008][  0]LogFileCache: Scanning file cache for directory 'E:/Computing/Unreal/Unreal Projects/GameProject/Saved/Collections/' took 0.01s
[2016.03.18-19.03.47:008][  0]LogFileCache: Scanning file cache for directory 'E:/Computing/Unreal/Unreal Projects/GameProject/Content/Developers/Chris/Collections/' took 0.01s
[2016.03.18-19.03.47:008][  0]LogFileCache: Scanning file cache for directory 'E:/Computing/Unreal/Unreal Projects/GameProject/Content/Collections/' took 0.01s
[2016.03.18-19.03.47:008][  0]LogCollectionManager: Rebuilt the GUID cache for 0 collections in 0.000002 seconds
[2016.03.18-19.03.47:015][  0]LogContentBrowser: Native class hierarchy populated in 0.0061 seconds. Added 1893 classes and 338 folders.
[2016.03.18-19.03.47:021][  0]LogContentBrowser: Native class hierarchy updated for 'WidgetCarousel' in 0.0003 seconds. Added 0 classes and 0 folders.
[2016.03.18-19.03.47:150][  0]LogContentBrowser: Native class hierarchy updated for 'AddContentDialog' in 0.0003 seconds. Added 0 classes and 0 folders.
[2016.03.18-19.03.47:176][  0]LogContentBrowser: Native class hierarchy updated for 'SceneOutliner' in 0.0004 seconds. Added 1 classes and 2 folders.
[2016.03.18-19.03.47:199][  0]LogCrashTracker: Crashtracker disabled due to settings.
[2016.03.18-19.03.47:206][  0]LogUObjectGlobals:Warning: Failed to find object 'Class None.'
[2016.03.18-19.03.47:230][  0]LogLoad: Full Startup: 4.93 seconds (BP compile: 0.00 seconds)
[2016.03.18-19.03.47:239][  0]LogWindowsTextInputMethodSystem:Display: IME system now deactivated.
[2016.03.18-19.03.47:243][  0]LogOcInput: Can't find Oculus library dev build: is proper Runtime installed? Version: 0.8.0.0
[2016.03.18-19.03.47:299][  0]LogContentStreaming: Texture pool size now 1000 MB
[2016.03.18-19.03.47:598][  0]LogRenderer: Reallocating scene render targets to support 1208x572 (Frame:2).
[2016.03.18-19.03.47:678][  1]LogAssetRegistry: Asset discovery search completed in 1.9039 seconds
[2016.03.18-19.03.47:678][  1]LogCollectionManager: Rebuilt the object cache for 0 collections in 0.000002 seconds (found 0 objects)
[2016.03.18-19.03.47:678][  1]LogCollectionManager: Fixed up redirectors for 0 collections in 0.000020 seconds (updated 0 objects)
[2016.03.18-19.03.51:730][295]LogLinker:Warning: Asset '../../../Engine/Content/ArtTools/RenderToTexture/Macros/RenderToTextureMacros.uasset' has been saved with empty engine version. The asset will be loaded but may be incompatible.
[2016.03.18-19.03.52:077][295]LogContentBrowser: Native class hierarchy updated for 'BlueprintGraph' in 0.0007 seconds. Added 107 classes and 0 folders.
[2016.03.18-19.03.56:306][592]LogPlayLevel: PlayLevel: No blueprints needed recompiling
[2016.03.18-19.03.56:309][592]PIE: New page: PIE session: Untitled_0 (18 Mar 2016 19:03:56)
[2016.03.18-19.03.56:309][592]LogPlayLevel: Creating play world package: /Temp/UEDPIE_0_Untitled_0
[2016.03.18-19.03.56:309][592]LogPlayLevel: PIE: StaticDuplicateObject took: (0.000425s)
[2016.03.18-19.03.56:310][592]LogAIModule: Creating AISystem for world NewWorld
[2016.03.18-19.03.56:310][592]LogPlayLevel: PIE: World Init took: (0.000529s)
[2016.03.18-19.03.56:310][592]LogPlayLevel: PIE: Created PIE world by copying editor world from /Temp/Untitled_0.NewWorld to /Temp/UEDPIE_0_Untitled_0.NewWorld (0.001111s)
[2016.03.18-19.03.56:310][592]LogActorComponent: UnregisterComponent: (/Engine/Transient.CharMoveComp) Not registered. Aborting.
[2016.03.18-19.03.56:346][592]LogInit: XAudio2 using 'Speakers (2- High Definition Audio Device)' : 2 channels at 44.1 kHz using 16 bits per sample (channel mask 0x3)
[2016.03.18-19.03.56:353][592]LogInit: FAudioDevice initialized.
[2016.03.18-19.03.56:400][592]LogLinker:Warning: Can't find file '/Game/FirstPersonBP/Blueprints/FirstPersonGameMode'
[2016.03.18-19.03.56:400][592]LogLinker:Warning: Can't find file '/Game/FirstPersonBP/Blueprints/FirstPersonGameMode'
[2016.03.18-19.03.56:400][592]LogUObjectGlobals:Warning: Failed to find object 'Class /Game/FirstPersonBP/Blueprints/FirstPersonGameMode.FirstPersonGameMode_C'
[2016.03.18-19.03.56:400][592]LogWorld: Game class is 'GameMode'
[2016.03.18-19.03.56:403][592]LogWorld: Bringing World /Temp/UEDPIE_0_Untitled_0.NewWorld up for play (max tick rate 0) at 2016.03.18-19.03.56
[2016.03.18-19.03.56:403][592]LogActor:Warning: GameSession /Temp/UEDPIE_0_Untitled_0.NewWorld:PersistentLevel.GameSession_0 has natively added scene component(s), but none of them were set as the actor's RootComponent - picking one arbitrarily
[2016.03.18-19.03.56:403][592]LogActor:Warning: GameNetworkManager /Temp/UEDPIE_0_Untitled_0.NewWorld:PersistentLevel.GameNetworkManager_0 has natively added scene component(s), but none of them were set as the actor's RootComponent - picking one arbitrarily
[2016.03.18-19.03.56:403][592]LogWorld: Bringing up level for play took: 0.000920
[2016.03.18-19.03.56:405][592]PIE: Info Play in editor start time for /Temp/UEDPIE_0_Untitled_0 0.131
[2016.03.18-19.03.59:224][919]LogParticles: Destroying 0 GPU particle simulations for FXSystem 0x0000011B076EC220
[2016.03.18-19.04.06:589][378]LogRenderer: Reallocating scene render targets to support 1208x712 (Frame:1587).
[2016.03.18-19.04.09:025][494]LogActorComponent: UnregisterComponent: (/Engine/Transient.EditorFloorComp) Not registered. Aborting.
[2016.03.18-19.04.29:342][170]LogActorComponent: UnregisterComponent: (/Engine/Transient.CharMoveComp) Not registered. Aborting.
[2016.03.18-19.04.29:362][170]LogParticles: Destroying 0 GPU particle simulations for FXSystem 0x0000011B6509EF20
[2016.03.18-19.04.29:363][170]LogParticles: Destroying 0 GPU particle simulations for FXSystem 0x0000011B1562F060
[2016.03.18-19.04.29:363][170]LogParticles: Destroying 0 GPU particle simulations for FXSystem 0x0000011B49F0AAC0
[2016.03.18-19.04.29:368][170]Cmd: MAP LOAD FILE="E:/Computing/Unreal/Unreal Projects/GameProject/Content/GameProject/Maps/FirstPersonExampleMap.umap" TEMPLATE=0 SHOWPROGRESS=1 FEATURELEVEL=3
[2016.03.18-19.04.29:388][170]LightingResults: New page: Lighting Build
[2016.03.18-19.04.29:392][170]LogContentBrowser: Native class hierarchy updated for 'StatsViewer' in 0.0005 seconds. Added 5 classes and 0 folders.
[2016.03.18-19.04.29:412][170]LoadErrors: New page: Loading map: FirstPersonExampleMap.umap
[2016.03.18-19.04.29:412][170]MapCheck: New page: Map Check
[2016.03.18-19.04.29:412][170]LightingResults: New page: Lighting Build
[2016.03.18-19.04.29:430][170]LogParticles: Destroying 0 GPU particle simulations for FXSystem 0x0000011B236DBB00
[2016.03.18-19.04.29:748][170]LogAIModule: Creating AISystem for world FirstPersonExampleMap
[2016.03.18-19.04.29:756][170]LogEditorServer: Finished looking for orphan Actors (0.000 secs)
[2016.03.18-19.04.29:779][170]Cmd: MAP CHECKDEP NOCLEARLOG
[2016.03.18-19.04.29:866][170]MapCheck: Info Map check complete: 0 Error(s), 0 Warning(s), took 87.047ms to complete.
[2016.03.18-19.04.29:866][170]LogFileHelpers: Loading map 'FirstPersonExampleMap' took 0.499
[2016.03.18-19.04.31:021][246]LogBlueprintUserMessages: Early PlayInEditor Detection: Level '/Game/GameProject/Maps/FirstPersonExampleMap.FirstPersonExampleMap:PersistentLevel' has LevelScriptBlueprint '/Game/GameProject/Maps/FirstPersonExampleMap.FirstPersonExampleMap:PersistentLevel.FirstPersonExampleMap' with GeneratedClass '/Game/GameProject/Maps/FirstPersonExampleMap.FirstPersonExampleMap_C' with ClassGeneratedBy '/Game/GameProject/Maps/FirstPersonExampleMap.FirstPersonExampleMap:PersistentLevel.FirstPersonExampleMap'
[2016.03.18-19.04.31:021][246]LogPlayLevel: PlayLevel: No blueprints needed recompiling
[2016.03.18-19.04.31:021][246]PIE: New page: PIE session: FirstPersonExampleMap (18 Mar 2016 19:04:31)
[2016.03.18-19.04.31:021][246]LogPlayLevel: Creating play world package: /Game/GameProject/Maps/UEDPIE_0_FirstPersonExampleMap
[2016.03.18-19.04.31:053][246]LogPlayLevel: PIE: StaticDuplicateObject took: (0.031984s)
[2016.03.18-19.04.31:055][246]LogAIModule: Creating AISystem for world FirstPersonExampleMap
[2016.03.18-19.04.31:055][246]LogPlayLevel: PIE: World Init took: (0.001753s)
[2016.03.18-19.04.31:055][246]LogPlayLevel: PIE: Created PIE world by copying editor world from /Game/GameProject/Maps/FirstPersonExampleMap.FirstPersonExampleMap to /Game/GameProject/Maps/UEDPIE_0_FirstPersonExampleMap.FirstPersonExampleMap (0.034250s)
[2016.03.18-19.04.31:055][246]LogActorComponent: UnregisterComponent: (/Engine/Transient.CharMoveComp) Not registered. Aborting.
[2016.03.18-19.04.31:091][246]LogInit: XAudio2 using 'Speakers (2- High Definition Audio Device)' : 2 channels at 44.1 kHz using 16 bits per sample (channel mask 0x3)
[2016.03.18-19.04.31:098][246]LogInit: FAudioDevice initialized.
[2016.03.18-19.04.31:134][246]LogWorld: Game class is 'FirstPersonGameMode_C'
[2016.03.18-19.04.31:138][246]LogWorld: Bringing World /Game/GameProject/Maps/UEDPIE_0_FirstPersonExampleMap.FirstPersonExampleMap up for play (max tick rate 0) at 2016.03.18-19.04.31
[2016.03.18-19.04.31:138][246]LogActor:Warning: GameSession /Game/GameProject/Maps/UEDPIE_0_FirstPersonExampleMap.FirstPersonExampleMap:PersistentLevel.GameSession_1 has natively added scene component(s), but none of them were set as the actor's RootComponent - picking one arbitrarily
[2016.03.18-19.04.31:138][246]LogActor:Warning: GameNetworkManager /Game/GameProject/Maps/UEDPIE_0_FirstPersonExampleMap.FirstPersonExampleMap:PersistentLevel.GameNetworkManager_1 has natively added scene component(s), but none of them were set as the actor's RootComponent - picking one arbitrarily
[2016.03.18-19.04.31:139][246]LogWorld: Bringing up level for play took: 0.003691
[2016.03.18-19.04.31:142][246]PIE: Info Play in editor start time for /Game/GameProject/Maps/UEDPIE_0_FirstPersonExampleMap 0.868
[2016.03.18-19.04.31:142][246]LogBlueprintUserMessages: Late PlayInEditor Detection: Level '/Game/GameProject/Maps/FirstPersonExampleMap.FirstPersonExampleMap:PersistentLevel' has LevelScriptBlueprint '/Game/GameProject/Maps/FirstPersonExampleMap.FirstPersonExampleMap:PersistentLevel.FirstPersonExampleMap' with GeneratedClass '/Game/GameProject/Maps/FirstPersonExampleMap.FirstPersonExampleMap_C' with ClassGeneratedBy '/Game/GameProject/Maps/FirstPersonExampleMap.FirstPersonExampleMap:PersistentLevel.FirstPersonExampleMap'
[2016.03.18-19.04.45:132][221]LogBlueprintUserMessages: Early EndPlayMap Detection: Level '/Game/GameProject/Maps/FirstPersonExampleMap.FirstPersonExampleMap:PersistentLevel' has LevelScriptBlueprint '/Game/GameProject/Maps/FirstPersonExampleMap.FirstPersonExampleMap:PersistentLevel.FirstPersonExampleMap' with GeneratedClass '/Game/GameProject/Maps/FirstPersonExampleMap.FirstPersonExampleMap_C' with ClassGeneratedBy '/Game/GameProject/Maps/FirstPersonExampleMap.FirstPersonExampleMap:PersistentLevel.FirstPersonExampleMap'
[2016.03.18-19.04.45:168][221]LogBlueprintUserMessages: Late EndPlayMap Detection: Level '/Game/GameProject/Maps/FirstPersonExampleMap.FirstPersonExampleMap:PersistentLevel' has LevelScriptBlueprint '/Game/GameProject/Maps/FirstPersonExampleMap.FirstPersonExampleMap:PersistentLevel.FirstPersonExampleMap' with GeneratedClass '/Game/GameProject/Maps/FirstPersonExampleMap.FirstPersonExampleMap_C' with ClassGeneratedBy '/Game/GameProject/Maps/FirstPersonExampleMap.FirstPersonExampleMap:PersistentLevel.FirstPersonExampleMap'
[2016.03.18-19.04.45:190][221]LogParticles: Destroying 0 GPU particle simulations for FXSystem 0x0000011B5B565E40
[2016.03.18-19.04.45:750][264]LogBlueprintUserMessages: Early PlayInEditor Detection: Level '/Game/GameProject/Maps/FirstPersonExampleMap.FirstPersonExampleMap:PersistentLevel' has LevelScriptBlueprint '/Game/GameProject/Maps/FirstPersonExampleMap.FirstPersonExampleMap:PersistentLevel.FirstPersonExampleMap' with GeneratedClass '/Game/GameProject/Maps/FirstPersonExampleMap.FirstPersonExampleMap_C' with ClassGeneratedBy '/Game/GameProject/Maps/FirstPersonExampleMap.FirstPersonExampleMap:PersistentLevel.FirstPersonExampleMap'
[2016.03.18-19.04.45:750][264]LogPlayLevel: PlayLevel: No blueprints needed recompiling
[2016.03.18-19.04.45:750][264]PIE: New page: SIE session: FirstPersonExampleMap (18 Mar 2016 19:04:45)
[2016.03.18-19.04.45:750][264]LogPlayLevel: Creating play world package: /Game/GameProject/Maps/UEDPIE_0_FirstPersonExampleMap
[2016.03.18-19.04.45:778][264]LogPlayLevel: PIE: StaticDuplicateObject took: (0.028194s)
[2016.03.18-19.04.45:780][264]LogAIModule: Creating AISystem for world FirstPersonExampleMap
[2016.03.18-19.04.45:780][264]LogPlayLevel: PIE: World Init took: (0.002171s)
[2016.03.18-19.04.45:780][264]LogPlayLevel: PIE: Created PIE world by copying editor world from /Game/GameProject/Maps/FirstPersonExampleMap.FirstPersonExampleMap to /Game/GameProject/Maps/UEDPIE_0_FirstPersonExampleMap.FirstPersonExampleMap (0.030629s)
[2016.03.18-19.04.45:809][264]LogInit: XAudio2 using 'Speakers (2- High Definition Audio Device)' : 2 channels at 44.1 kHz using 16 bits per sample (channel mask 0x3)
[2016.03.18-19.04.45:816][264]LogInit: FAudioDevice initialized.
[2016.03.18-19.04.45:845][264]LogWorld: Game class is 'FirstPersonGameMode_C'
[2016.03.18-19.04.45:848][264]LogWorld: Bringing World /Game/GameProject/Maps/UEDPIE_0_FirstPersonExampleMap.FirstPersonExampleMap up for play (max tick rate 0) at 2016.03.18-19.04.45
[2016.03.18-19.04.45:848][264]LogActor:Warning: GameSession /Game/GameProject/Maps/UEDPIE_0_FirstPersonExampleMap.FirstPersonExampleMap:PersistentLevel.GameSession_2 has natively added scene component(s), but none of them were set as the actor's RootComponent - picking one arbitrarily
[2016.03.18-19.04.45:848][264]LogActor:Warning: GameNetworkManager /Game/GameProject/Maps/UEDPIE_0_FirstPersonExampleMap.FirstPersonExampleMap:PersistentLevel.GameNetworkManager_2 has natively added scene component(s), but none of them were set as the actor's RootComponent - picking one arbitrarily
[2016.03.18-19.04.45:849][264]LogWorld: Bringing up level for play took: 0.002754
[2016.03.18-19.04.45:850][264]PIE: Info Play in editor start time for /Game/GameProject/Maps/UEDPIE_0_FirstPersonExampleMap -0.424
[2016.03.18-19.04.45:851][264]LogBlueprintUserMessages: Late PlayInEditor Detection: Level '/Game/GameProject/Maps/FirstPersonExampleMap.FirstPersonExampleMap:PersistentLevel' has LevelScriptBlueprint '/Game/GameProject/Maps/FirstPersonExampleMap.FirstPersonExampleMap:PersistentLevel.FirstPersonExampleMap' with GeneratedClass '/Game/GameProject/Maps/FirstPersonExampleMap.FirstPersonExampleMap_C' with ClassGeneratedBy '/Game/GameProject/Maps/FirstPersonExampleMap.FirstPersonExampleMap:PersistentLevel.FirstPersonExampleMap'
[2016.03.18-19.04.46:728][329]LogBlueprintUserMessages: Early EndPlayMap Detection: Level '/Game/GameProject/Maps/FirstPersonExampleMap.FirstPersonExampleMap:PersistentLevel' has LevelScriptBlueprint '/Game/GameProject/Maps/FirstPersonExampleMap.FirstPersonExampleMap:PersistentLevel.FirstPersonExampleMap' with GeneratedClass '/Game/GameProject/Maps/FirstPersonExampleMap.FirstPersonExampleMap_C' with ClassGeneratedBy '/Game/GameProject/Maps/FirstPersonExampleMap.FirstPersonExampleMap:PersistentLevel.FirstPersonExampleMap'
[2016.03.18-19.04.46:762][329]LogBlueprintUserMessages: Late EndPlayMap Detection: Level '/Game/GameProject/Maps/FirstPersonExampleMap.FirstPersonExampleMap:PersistentLevel' has LevelScriptBlueprint '/Game/GameProject/Maps/FirstPersonExampleMap.FirstPersonExampleMap:PersistentLevel.FirstPersonExampleMap' with GeneratedClass '/Game/GameProject/Maps/FirstPersonExampleMap.FirstPersonExampleMap_C' with ClassGeneratedBy '/Game/GameProject/Maps/FirstPersonExampleMap.FirstPersonExampleMap:PersistentLevel.FirstPersonExampleMap'
[2016.03.18-19.04.46:799][330]LogParticles: Destroying 0 GPU particle simulations for FXSystem 0x0000011B5B9EE340
[2016.03.18-19.04.49:398][522]LogBlueprintUserMessages: Early PlayInEditor Detection: Level '/Game/GameProject/Maps/FirstPersonExampleMap.FirstPersonExampleMap:PersistentLevel' has LevelScriptBlueprint '/Game/GameProject/Maps/FirstPersonExampleMap.FirstPersonExampleMap:PersistentLevel.FirstPersonExampleMap' with GeneratedClass '/Game/GameProject/Maps/FirstPersonExampleMap.FirstPersonExampleMap_C' with ClassGeneratedBy '/Game/GameProject/Maps/FirstPersonExampleMap.FirstPersonExampleMap:PersistentLevel.FirstPersonExampleMap'
[2016.03.18-19.04.49:398][522]LogPlayLevel: PlayLevel: No blueprints needed recompiling
[2016.03.18-19.04.49:398][522]PIE: New page: SIE session: FirstPersonExampleMap (18 Mar 2016 19:04:49)
[2016.03.18-19.04.49:398][522]LogPlayLevel: Creating play world package: /Game/GameProject/Maps/UEDPIE_0_FirstPersonExampleMap
[2016.03.18-19.04.49:424][522]LogPlayLevel: PIE: StaticDuplicateObject took: (0.026199s)
[2016.03.18-19.04.49:426][522]LogAIModule: Creating AISystem for world FirstPersonExampleMap
[2016.03.18-19.04.49:427][522]LogPlayLevel: PIE: World Init took: (0.001989s)
[2016.03.18-19.04.49:427][522]LogPlayLevel: PIE: Created PIE world by copying editor world from /Game/GameProject/Maps/FirstPersonExampleMap.FirstPersonExampleMap to /Game/GameProject/Maps/UEDPIE_0_FirstPersonExampleMap.FirstPersonExampleMap (0.028683s)
[2016.03.18-19.04.49:459][522]LogInit: XAudio2 using 'Speakers (2- High Definition Audio Device)' : 2 channels at 44.1 kHz using 16 bits per sample (channel mask 0x3)
[2016.03.18-19.04.49:465][522]LogInit: FAudioDevice initialized.
[2016.03.18-19.04.49:498][522]LogWorld: Game class is 'FirstPersonGameMode_C'
[2016.03.18-19.04.49:501][522]LogWorld: Bringing World /Game/GameProject/Maps/UEDPIE_0_FirstPersonExampleMap.FirstPersonExampleMap up for play (max tick rate 0) at 2016.03.18-19.04.49
[2016.03.18-19.04.49:501][522]LogActor:Warning: GameSession /Game/GameProject/Maps/UEDPIE_0_FirstPersonExampleMap.FirstPersonExampleMap:PersistentLevel.GameSession_3 has natively added scene component(s), but none of them were set as the actor's RootComponent - picking one arbitrarily
[2016.03.18-19.04.49:501][522]LogActor:Warning: GameNetworkManager /Game/GameProject/Maps/UEDPIE_0_FirstPersonExampleMap.FirstPersonExampleMap:PersistentLevel.GameNetworkManager_3 has natively added scene component(s), but none of them were set as the actor's RootComponent - picking one arbitrarily
[2016.03.18-19.04.49:502][522]LogWorld: Bringing up level for play took: 0.002933
[2016.03.18-19.04.49:504][522]PIE: Info Play in editor start time for /Game/GameProject/Maps/UEDPIE_0_FirstPersonExampleMap -0.77
[2016.03.18-19.04.49:505][522]LogBlueprintUserMessages: Late PlayInEditor Detection: Level '/Game/GameProject/Maps/FirstPersonExampleMap.FirstPersonExampleMap:PersistentLevel' has LevelScriptBlueprint '/Game/GameProject/Maps/FirstPersonExampleMap.FirstPersonExampleMap:PersistentLevel.FirstPersonExampleMap' with GeneratedClass '/Game/GameProject/Maps/FirstPersonExampleMap.FirstPersonExampleMap_C' with ClassGeneratedBy '/Game/GameProject/Maps/FirstPersonExampleMap.FirstPersonExampleMap:PersistentLevel.FirstPersonExampleMap'
[2016.03.18-19.04.50:340][582]LogBlueprintUserMessages: Early EndPlayMap Detection: Level '/Game/GameProject/Maps/FirstPersonExampleMap.FirstPersonExampleMap:PersistentLevel' has LevelScriptBlueprint '/Game/GameProject/Maps/FirstPersonExampleMap.FirstPersonExampleMap:PersistentLevel.FirstPersonExampleMap' with GeneratedClass '/Game/GameProject/Maps/FirstPersonExampleMap.FirstPersonExampleMap_C' with ClassGeneratedBy '/Game/GameProject/Maps/FirstPersonExampleMap.FirstPersonExampleMap:PersistentLevel.FirstPersonExampleMap'
[2016.03.18-19.04.50:370][582]LogBlueprintUserMessages: Late EndPlayMap Detection: Level '/Game/GameProject/Maps/FirstPersonExampleMap.FirstPersonExampleMap:PersistentLevel' has LevelScriptBlueprint '/Game/GameProject/Maps/FirstPersonExampleMap.FirstPersonExampleMap:PersistentLevel.FirstPersonExampleMap' with GeneratedClass '/Game/GameProject/Maps/FirstPersonExampleMap.FirstPersonExampleMap_C' with ClassGeneratedBy '/Game/GameProject/Maps/FirstPersonExampleMap.FirstPersonExampleMap:PersistentLevel.FirstPersonExampleMap'
[2016.03.18-19.04.50:406][583]LogParticles: Destroying 0 GPU particle simulations for FXSystem 0x0000011B65117100
[2016.03.18-19.04.51:342][654]LogBlueprintUserMessages: Early PlayInEditor Detection: Level '/Game/GameProject/Maps/FirstPersonExampleMap.FirstPersonExampleMap:PersistentLevel' has LevelScriptBlueprint '/Game/GameProject/Maps/FirstPersonExampleMap.FirstPersonExampleMap:PersistentLevel.FirstPersonExampleMap' with GeneratedClass '/Game/GameProject/Maps/FirstPersonExampleMap.FirstPersonExampleMap_C' with ClassGeneratedBy '/Game/GameProject/Maps/FirstPersonExampleMap.FirstPersonExampleMap:PersistentLevel.FirstPersonExampleMap'
[2016.03.18-19.04.51:342][654]LogPlayLevel: PlayLevel: No blueprints needed recompiling
[2016.03.18-19.04.51:343][654]PIE: New page: SIE session: FirstPersonExampleMap (18 Mar 2016 19:04:51)
[2016.03.18-19.04.51:343][654]LogPlayLevel: Creating play world package: /Game/GameProject/Maps/UEDPIE_0_FirstPersonExampleMap
[2016.03.18-19.04.51:368][654]LogPlayLevel: PIE: StaticDuplicateObject took: (0.024803s)
[2016.03.18-19.04.51:370][654]LogAIModule: Creating AISystem for world FirstPersonExampleMap
[2016.03.18-19.04.51:370][654]LogPlayLevel: PIE: World Init took: (0.002558s)
[2016.03.18-19.04.51:371][654]LogPlayLevel: PIE: Created PIE world by copying editor world from /Game/GameProject/Maps/FirstPersonExampleMap.FirstPersonExampleMap to /Game/GameProject/Maps/UEDPIE_0_FirstPersonExampleMap.FirstPersonExampleMap (0.027792s)
[2016.03.18-19.04.51:400][654]LogInit: XAudio2 using 'Speakers (2- High Definition Audio Device)' : 2 channels at 44.1 kHz using 16 bits per sample (channel mask 0x3)
[2016.03.18-19.04.51:407][654]LogInit: FAudioDevice initialized.
[2016.03.18-19.04.51:441][654]LogWorld: Game class is 'FirstPersonGameMode_C'
[2016.03.18-19.04.51:443][654]LogWorld: Bringing World /Game/GameProject/Maps/UEDPIE_0_FirstPersonExampleMap.FirstPersonExampleMap up for play (max tick rate 0) at 2016.03.18-19.04.51
[2016.03.18-19.04.51:443][654]LogActor:Warning: GameSession /Game/GameProject/Maps/UEDPIE_0_FirstPersonExampleMap.FirstPersonExampleMap:PersistentLevel.GameSession_4 has natively added scene component(s), but none of them were set as the actor's RootComponent - picking one arbitrarily
[2016.03.18-19.04.51:444][654]LogActor:Warning: GameNetworkManager /Game/GameProject/Maps/UEDPIE_0_FirstPersonExampleMap.FirstPersonExampleMap:PersistentLevel.GameNetworkManager_4 has natively added scene component(s), but none of them were set as the actor's RootComponent - picking one arbitrarily
[2016.03.18-19.04.51:444][654]LogWorld: Bringing up level for play took: 0.002854
[2016.03.18-19.04.51:446][654]PIE: Info Play in editor start time for /Game/GameProject/Maps/UEDPIE_0_FirstPersonExampleMap -0.828
[2016.03.18-19.04.51:447][654]LogBlueprintUserMessages: Late PlayInEditor Detection: Level '/Game/GameProject/Maps/FirstPersonExampleMap.FirstPersonExampleMap:PersistentLevel' has LevelScriptBlueprint '/Game/GameProject/Maps/FirstPersonExampleMap.FirstPersonExampleMap:PersistentLevel.FirstPersonExampleMap' with GeneratedClass '/Game/GameProject/Maps/FirstPersonExampleMap.FirstPersonExampleMap_C' with ClassGeneratedBy '/Game/GameProject/Maps/FirstPersonExampleMap.FirstPersonExampleMap:PersistentLevel.FirstPersonExampleMap'
[2016.03.18-19.04.54:945][859]LogBlueprintUserMessages: Early EndPlayMap Detection: Level '/Game/GameProject/Maps/FirstPersonExampleMap.FirstPersonExampleMap:PersistentLevel' has LevelScriptBlueprint '/Game/GameProject/Maps/FirstPersonExampleMap.FirstPersonExampleMap:PersistentLevel.FirstPersonExampleMap' with GeneratedClass '/Game/GameProject/Maps/FirstPersonExampleMap.FirstPersonExampleMap_C' with ClassGeneratedBy '/Game/GameProject/Maps/FirstPersonExampleMap.FirstPersonExampleMap:PersistentLevel.FirstPersonExampleMap'
[2016.03.18-19.04.54:979][859]LogBlueprintUserMessages: Late EndPlayMap Detection: Level '/Game/GameProject/Maps/FirstPersonExampleMap.FirstPersonExampleMap:PersistentLevel' has LevelScriptBlueprint '/Game/GameProject/Maps/FirstPersonExampleMap.FirstPersonExampleMap:PersistentLevel.FirstPersonExampleMap' with GeneratedClass '/Game/GameProject/Maps/FirstPersonExampleMap.FirstPersonExampleMap_C' with ClassGeneratedBy '/Game/GameProject/Maps/FirstPersonExampleMap.FirstPersonExampleMap:PersistentLevel.FirstPersonExampleMap'
[2016.03.18-19.04.55:013][860]LogParticles: Destroying 0 GPU particle simulations for FXSystem 0x0000011B515554E0
[2016.03.18-19.04.59:652][184]LogBlueprintUserMessages: Early PlayInEditor Detection: Level '/Game/GameProject/Maps/FirstPersonExampleMap.FirstPersonExampleMap:PersistentLevel' has LevelScriptBlueprint '/Game/GameProject/Maps/FirstPersonExampleMap.FirstPersonExampleMap:PersistentLevel.FirstPersonExampleMap' with GeneratedClass '/Game/GameProject/Maps/FirstPersonExampleMap.FirstPersonExampleMap_C' with ClassGeneratedBy '/Game/GameProject/Maps/FirstPersonExampleMap.FirstPersonExampleMap:PersistentLevel.FirstPersonExampleMap'
[2016.03.18-19.04.59:652][184]LogPlayLevel: PlayLevel: No blueprints needed recompiling
[2016.03.18-19.04.59:652][184]PIE: New page: SIE session: FirstPersonExampleMap (18 Mar 2016 19:04:59)
[2016.03.18-19.04.59:652][184]LogPlayLevel: Creating play world package: /Game/GameProject/Maps/UEDPIE_0_FirstPersonExampleMap
[2016.03.18-19.04.59:677][184]LogPlayLevel: PIE: StaticDuplicateObject took: (0.024643s)
[2016.03.18-19.04.59:678][184]LogAIModule: Creating AISystem for world FirstPersonExampleMap
[2016.03.18-19.04.59:679][184]LogPlayLevel: PIE: World Init took: (0.001354s)
[2016.03.18-19.04.59:679][184]LogPlayLevel: PIE: Created PIE world by copying editor world from /Game/GameProject/Maps/FirstPersonExampleMap.FirstPersonExampleMap to /Game/GameProject/Maps/UEDPIE_0_FirstPersonExampleMap.FirstPersonExampleMap (0.026313s)
[2016.03.18-19.04.59:709][184]LogInit: XAudio2 using 'Speakers (2- High Definition Audio Device)' : 2 channels at 44.1 kHz using 16 bits per sample (channel mask 0x3)
[2016.03.18-19.04.59:716][184]LogInit: FAudioDevice initialized.
[2016.03.18-19.04.59:750][184]LogWorld: Game class is 'FirstPersonGameMode_C'
[2016.03.18-19.04.59:753][184]LogWorld: Bringing World /Game/GameProject/Maps/UEDPIE_0_FirstPersonExampleMap.FirstPersonExampleMap up for play (max tick rate 0) at 2016.03.18-19.04.59
[2016.03.18-19.04.59:753][184]LogActor:Warning: GameSession /Game/GameProject/Maps/UEDPIE_0_FirstPersonExampleMap.FirstPersonExampleMap:PersistentLevel.GameSession_5 has natively added scene component(s), but none of them were set as the actor's RootComponent - picking one arbitrarily
[2016.03.18-19.04.59:753][184]LogActor:Warning: GameNetworkManager /Game/GameProject/Maps/UEDPIE_0_FirstPersonExampleMap.FirstPersonExampleMap:PersistentLevel.GameNetworkManager_5 has natively added scene component(s), but none of them were set as the actor's RootComponent - picking one arbitrarily
[2016.03.18-19.04.59:754][184]LogWorld: Bringing up level for play took: 0.003392
[2016.03.18-19.04.59:756][184]PIE: Info Play in editor start time for /Game/GameProject/Maps/UEDPIE_0_FirstPersonExampleMap -0.518
[2016.03.18-19.04.59:757][184]LogBlueprintUserMessages: Late PlayInEditor Detection: Level '/Game/GameProject/Maps/FirstPersonExampleMap.FirstPersonExampleMap:PersistentLevel' has LevelScriptBlueprint '/Game/GameProject/Maps/FirstPersonExampleMap.FirstPersonExampleMap:PersistentLevel.FirstPersonExampleMap' with GeneratedClass '/Game/GameProject/Maps/FirstPersonExampleMap.FirstPersonExampleMap_C' with ClassGeneratedBy '/Game/GameProject/Maps/FirstPersonExampleMap.FirstPersonExampleMap:PersistentLevel.FirstPersonExampleMap'
[2016.03.18-19.05.01:136][282]LogBlueprintUserMessages: Early EndPlayMap Detection: Level '/Game/GameProject/Maps/FirstPersonExampleMap.FirstPersonExampleMap:PersistentLevel' has LevelScriptBlueprint '/Game/GameProject/Maps/FirstPersonExampleMap.FirstPersonExampleMap:PersistentLevel.FirstPersonExampleMap' with GeneratedClass '/Game/GameProject/Maps/FirstPersonExampleMap.FirstPersonExampleMap_C' with ClassGeneratedBy '/Game/GameProject/Maps/FirstPersonExampleMap.FirstPersonExampleMap:PersistentLevel.FirstPersonExampleMap'
[2016.03.18-19.05.01:170][282]LogBlueprintUserMessages: Late EndPlayMap Detection: Level '/Game/GameProject/Maps/FirstPersonExampleMap.FirstPersonExampleMap:PersistentLevel' has LevelScriptBlueprint '/Game/GameProject/Maps/FirstPersonExampleMap.FirstPersonExampleMap:PersistentLevel.FirstPersonExampleMap' with GeneratedClass '/Game/GameProject/Maps/FirstPersonExampleMap.FirstPersonExampleMap_C' with ClassGeneratedBy '/Game/GameProject/Maps/FirstPersonExampleMap.FirstPersonExampleMap:PersistentLevel.FirstPersonExampleMap'
[2016.03.18-19.05.01:205][283]LogParticles: Destroying 0 GPU particle simulations for FXSystem 0x0000011B50C279C0
[2016.03.18-19.05.06:610][887]LogBlueprintUserMessages: Early PlayInEditor Detection: Level '/Game/GameProject/Maps/FirstPersonExampleMap.FirstPersonExampleMap:PersistentLevel' has LevelScriptBlueprint '/Game/GameProject/Maps/FirstPersonExampleMap.FirstPersonExampleMap:PersistentLevel.FirstPersonExampleMap' with GeneratedClass '/Game/GameProject/Maps/FirstPersonExampleMap.FirstPersonExampleMap_C' with ClassGeneratedBy '/Game/GameProject/Maps/FirstPersonExampleMap.FirstPersonExampleMap:PersistentLevel.FirstPersonExampleMap'
[2016.03.18-19.05.06:610][887]LogPlayLevel: PlayLevel: No blueprints needed recompiling
[2016.03.18-19.05.06:610][887]PIE: New page: SIE session: FirstPersonExampleMap (18 Mar 2016 19:05:06)
[2016.03.18-19.05.06:610][887]LogPlayLevel: Creating play world package: /Game/GameProject/Maps/UEDPIE_0_FirstPersonExampleMap
[2016.03.18-19.05.06:636][887]LogPlayLevel: PIE: StaticDuplicateObject took: (0.026067s)
[2016.03.18-19.05.06:638][887]LogAIModule: Creating AISystem for world FirstPersonExampleMap
[2016.03.18-19.05.06:638][887]LogPlayLevel: PIE: World Init took: (0.001680s)
[2016.03.18-19.05.06:638][887]LogPlayLevel: PIE: Created PIE world by copying editor world from /Game/GameProject/Maps/FirstPersonExampleMap.FirstPersonExampleMap to /Game/GameProject/Maps/UEDPIE_0_FirstPersonExampleMap.FirstPersonExampleMap (0.028145s)
[2016.03.18-19.05.06:671][887]LogInit: XAudio2 using 'Speakers (2- High Definition Audio Device)' : 2 channels at 44.1 kHz using 16 bits per sample (channel mask 0x3)
[2016.03.18-19.05.06:678][887]LogInit: FAudioDevice initialized.
[2016.03.18-19.05.06:710][887]LogWorld: Game class is 'FirstPersonGameMode_C'
[2016.03.18-19.05.06:713][887]LogWorld: Bringing World /Game/GameProject/Maps/UEDPIE_0_FirstPersonExampleMap.FirstPersonExampleMap up for play (max tick rate 0) at 2016.03.18-19.05.06
[2016.03.18-19.05.06:713][887]LogActor:Warning: GameSession /Game/GameProject/Maps/UEDPIE_0_FirstPersonExampleMap.FirstPersonExampleMap:PersistentLevel.GameSession_6 has natively added scene component(s), but none of them were set as the actor's RootComponent - picking one arbitrarily
[2016.03.18-19.05.06:714][887]LogActor:Warning: GameNetworkManager /Game/GameProject/Maps/UEDPIE_0_FirstPersonExampleMap.FirstPersonExampleMap:PersistentLevel.GameNetworkManager_6 has natively added scene component(s), but none of them were set as the actor's RootComponent - picking one arbitrarily
[2016.03.18-19.05.06:715][887]LogWorld: Bringing up level for play took: 0.003357
[2016.03.18-19.05.06:716][887]PIE: Info Play in editor start time for /Game/GameProject/Maps/UEDPIE_0_FirstPersonExampleMap 0.442
[2016.03.18-19.05.06:718][887]LogBlueprintUserMessages: Late PlayInEditor Detection: Level '/Game/GameProject/Maps/FirstPersonExampleMap.FirstPersonExampleMap:PersistentLevel' has LevelScriptBlueprint '/Game/GameProject/Maps/FirstPersonExampleMap.FirstPersonExampleMap:PersistentLevel.FirstPersonExampleMap' with GeneratedClass '/Game/GameProject/Maps/FirstPersonExampleMap.FirstPersonExampleMap_C' with ClassGeneratedBy '/Game/GameProject/Maps/FirstPersonExampleMap.FirstPersonExampleMap:PersistentLevel.FirstPersonExampleMap'
[2016.03.18-19.05.10:513][158]LogBlueprintUserMessages: Early EndPlayMap Detection: Level '/Game/GameProject/Maps/FirstPersonExampleMap.FirstPersonExampleMap:PersistentLevel' has LevelScriptBlueprint '/Game/GameProject/Maps/FirstPersonExampleMap.FirstPersonExampleMap:PersistentLevel.FirstPersonExampleMap' with GeneratedClass '/Game/GameProject/Maps/FirstPersonExampleMap.FirstPersonExampleMap_C' with ClassGeneratedBy '/Game/GameProject/Maps/FirstPersonExampleMap.FirstPersonExampleMap:PersistentLevel.FirstPersonExampleMap'
[2016.03.18-19.05.10:546][158]LogBlueprintUserMessages: Late EndPlayMap Detection: Level '/Game/GameProject/Maps/FirstPersonExampleMap.FirstPersonExampleMap:PersistentLevel' has LevelScriptBlueprint '/Game/GameProject/Maps/FirstPersonExampleMap.FirstPersonExampleMap:PersistentLevel.FirstPersonExampleMap' with GeneratedClass '/Game/GameProject/Maps/FirstPersonExampleMap.FirstPersonExampleMap_C' with ClassGeneratedBy '/Game/GameProject/Maps/FirstPersonExampleMap.FirstPersonExampleMap:PersistentLevel.FirstPersonExampleMap'
[2016.03.18-19.05.10:582][159]LogParticles: Destroying 0 GPU particle simulations for FXSystem 0x0000011B5074EC00
[2016.03.18-19.05.17:299][630]LogBlueprintUserMessages: Early PlayInEditor Detection: Level '/Game/GameProject/Maps/FirstPersonExampleMap.FirstPersonExampleMap:PersistentLevel' has LevelScriptBlueprint '/Game/GameProject/Maps/FirstPersonExampleMap.FirstPersonExampleMap:PersistentLevel.FirstPersonExampleMap' with GeneratedClass '/Game/GameProject/Maps/FirstPersonExampleMap.FirstPersonExampleMap_C' with ClassGeneratedBy '/Game/GameProject/Maps/FirstPersonExampleMap.FirstPersonExampleMap:PersistentLevel.FirstPersonExampleMap'
[2016.03.18-19.05.17:299][630]LogPlayLevel: PlayLevel: No blueprints needed recompiling
[2016.03.18-19.05.17:299][630]PIE: New page: SIE session: FirstPersonExampleMap (18 Mar 2016 19:05:17)
[2016.03.18-19.05.17:299][630]LogPlayLevel: Creating play world package: /Game/GameProject/Maps/UEDPIE_0_FirstPersonExampleMap
[2016.03.18-19.05.17:325][630]LogPlayLevel: PIE: StaticDuplicateObject took: (0.025662s)
[2016.03.18-19.05.17:327][630]LogAIModule: Creating AISystem for world FirstPersonExampleMap
[2016.03.18-19.05.17:327][630]LogPlayLevel: PIE: World Init took: (0.002520s)
[2016.03.18-19.05.17:328][630]LogPlayLevel: PIE: Created PIE world by copying editor world from /Game/GameProject/Maps/FirstPersonExampleMap.FirstPersonExampleMap to /Game/GameProject/Maps/UEDPIE_0_FirstPersonExampleMap.FirstPersonExampleMap (0.028651s)
[2016.03.18-19.05.17:357][630]LogInit: XAudio2 using 'Speakers (2- High Definition Audio Device)' : 2 channels at 44.1 kHz using 16 bits per sample (channel mask 0x3)
[2016.03.18-19.05.17:363][630]LogInit: FAudioDevice initialized.
[2016.03.18-19.05.17:398][630]LogWorld: Game class is 'FirstPersonGameMode_C'
[2016.03.18-19.05.17:401][630]LogWorld: Bringing World /Game/GameProject/Maps/UEDPIE_0_FirstPersonExampleMap.FirstPersonExampleMap up for play (max tick rate 0) at 2016.03.18-19.05.17
[2016.03.18-19.05.17:401][630]LogActor:Warning: GameSession /Game/GameProject/Maps/UEDPIE_0_FirstPersonExampleMap.FirstPersonExampleMap:PersistentLevel.GameSession_7 has natively added scene component(s), but none of them were set as the actor's RootComponent - picking one arbitrarily
[2016.03.18-19.05.17:401][630]LogActor:Warning: GameNetworkManager /Game/GameProject/Maps/UEDPIE_0_FirstPersonExampleMap.FirstPersonExampleMap:PersistentLevel.GameNetworkManager_7 has natively added scene component(s), but none of them were set as the actor's RootComponent - picking one arbitrarily
[2016.03.18-19.05.17:402][630]LogWorld: Bringing up level for play took: 0.002752
[2016.03.18-19.05.17:404][630]PIE: Info Play in editor start time for /Game/GameProject/Maps/UEDPIE_0_FirstPersonExampleMap -0.87
[2016.03.18-19.05.17:405][630]LogBlueprintUserMessages: Late PlayInEditor Detection: Level '/Game/GameProject/Maps/FirstPersonExampleMap.FirstPersonExampleMap:PersistentLevel' has LevelScriptBlueprint '/Game/GameProject/Maps/FirstPersonExampleMap.FirstPersonExampleMap:PersistentLevel.FirstPersonExampleMap' with GeneratedClass '/Game/GameProject/Maps/FirstPersonExampleMap.FirstPersonExampleMap_C' with ClassGeneratedBy '/Game/GameProject/Maps/FirstPersonExampleMap.FirstPersonExampleMap:PersistentLevel.FirstPersonExampleMap'
[2016.03.18-19.06.06:874][982]LogWindowsTextInputMethodSystem:Display: IME system now deactivated.
[2016.03.18-19.06.06:948][982]LogBlueprintUserMessages: Early EndPlayMap Detection: Level '/Game/GameProject/Maps/FirstPersonExampleMap.FirstPersonExampleMap:PersistentLevel' has LevelScriptBlueprint '/Game/GameProject/Maps/FirstPersonExampleMap.FirstPersonExampleMap:PersistentLevel.FirstPersonExampleMap' with GeneratedClass '/Game/GameProject/Maps/FirstPersonExampleMap.FirstPersonExampleMap_C' with ClassGeneratedBy '/Game/GameProject/Maps/FirstPersonExampleMap.FirstPersonExampleMap:PersistentLevel.FirstPersonExampleMap'
[2016.03.18-19.06.06:980][982]LogBlueprintUserMessages: Late EndPlayMap Detection: Level '/Game/GameProject/Maps/FirstPersonExampleMap.FirstPersonExampleMap:PersistentLevel' has LevelScriptBlueprint '/Game/GameProject/Maps/FirstPersonExampleMap.FirstPersonExampleMap:PersistentLevel.FirstPersonExampleMap' with GeneratedClass '/Game/GameProject/Maps/FirstPersonExampleMap.FirstPersonExampleMap_C' with ClassGeneratedBy '/Game/GameProject/Maps/FirstPersonExampleMap.FirstPersonExampleMap:PersistentLevel.FirstPersonExampleMap'
[2016.03.18-19.06.07:014][982]LogParticles: Destroying 0 GPU particle simulations for FXSystem 0x0000011B507D3100
[2016.03.18-19.06.07:118][983]Cmd: QUIT_EDITOR
[2016.03.18-19.06.07:570][983]LogExit: Preparing to exit.
[2016.03.18-19.06.07:831][983]LogExit: Editor shut down
[2016.03.18-19.06.07:832][983]LogExit: Transaction tracking system shut down
[2016.03.18-19.06.07:836][983]LogParticles: Destroying 0 GPU particle simulations for FXSystem 0x0000011B15840720
[2016.03.18-19.06.07:836][983]LogParticles: Destroying 0 GPU particle simulations for FXSystem 0x0000011B30013F60
[2016.03.18-19.06.07:836][983]LogParticles: Destroying 0 GPU particle simulations for FXSystem 0x0000011B300127A0
[2016.03.18-19.06.07:844][983]LogParticles: Destroying 0 GPU particle simulations for FXSystem 0x0000011B5B194FE0
[2016.03.18-19.06.08:011][983]LogExit: Object subsystem successfully closed.
[2016.03.18-19.06.08:025][983]LogD3D11RHI: Shutdown
[2016.03.18-19.06.08:025][983]LogD3D11RHI: CleanupD3DDevice
[2016.03.18-19.06.08:102][983]LogD3D11RHI: ~FD3D11DynamicRHI
[2016.03.18-19.06.08:121][983]LogModuleManager: Shutting down and abandoning module StatsViewer (199)
[2016.03.18-19.06.08:121][983]LogModuleManager: Shutting down and abandoning module BlueprintGraph (198)
[2016.03.18-19.06.08:121][983]LogModuleManager: Shutting down and abandoning module CrashTracker (197)
[2016.03.18-19.06.08:121][983]LogModuleManager: Shutting down and abandoning module SceneOutliner (196)
[2016.03.18-19.06.08:121][983]LogModuleManager: Shutting down and abandoning module SuperSearch (195)
[2016.03.18-19.06.08:122][983]LogModuleManager: Shutting down and abandoning module WidgetCarousel (194)
[2016.03.18-19.06.08:122][983]LogModuleManager: Shutting down and abandoning module AddContentDialog (193)
[2016.03.18-19.06.08:122][983]LogModuleManager: Shutting down and abandoning module EditorWidgets (192)
[2016.03.18-19.06.08:122][983]LogModuleManager: Shutting down and abandoning module CollectionManager (191)
[2016.03.18-19.06.08:122][983]LogModuleManager: Shutting down and abandoning module FoliageEdit (190)
[2016.03.18-19.06.08:122][983]LogModuleManager: Shutting down and abandoning module LandscapeEditor (189)
[2016.03.18-19.06.08:122][983]LogModuleManager: Shutting down and abandoning module ActorPickerMode (188)
[2016.03.18-19.06.08:122][983]LogModuleManager: Shutting down and abandoning module GeometryMode (187)
[2016.03.18-19.06.08:122][983]LogModuleManager: Shutting down and abandoning module TextureAlignMode (186)
[2016.03.18-19.06.08:122][983]LogModuleManager: Shutting down and abandoning module BspMode (185)
[2016.03.18-19.06.08:122][983]LogModuleManager: Shutting down and abandoning module PlacementMode (184)
[2016.03.18-19.06.08:122][983]LogModuleManager: Shutting down and abandoning module AutomationWorker (183)
[2016.03.18-19.06.08:122][983]LogModuleManager: Shutting down and abandoning module CharacterAI (182)
[2016.03.18-19.06.08:122][983]LogModuleManager: Shutting down and abandoning module SmartSnapping (181)
[2016.03.18-19.06.08:122][983]LogModuleManager: Shutting down and abandoning module ViewportSnapping (180)
[2016.03.18-19.06.08:122][983]LogModuleManager: Shutting down and abandoning module LogVisualizer (179)
[2016.03.18-19.06.08:122][983]LogModuleManager: Shutting down and abandoning module GameProjectGeneration (178)
[2016.03.18-19.06.08:122][983]LogModuleManager: Shutting down and abandoning module IntroTutorials (177)
[2016.03.18-19.06.08:122][983]LogModuleManager: Shutting down and abandoning module EditorLiveStreaming (176)
[2016.03.18-19.06.08:122][983]LogModuleManager: Shutting down and abandoning module IOSPlatformEditor (175)
[2016.03.18-19.06.08:122][983]LogModuleManager: Shutting down and abandoning module HTML5PlatformEditor (174)
[2016.03.18-19.06.08:122][983]LogModuleManager: Shutting down and abandoning module AndroidDeviceDetection (173)
[2016.03.18-19.06.08:641][983]LogModuleManager: Shutting down and abandoning module AndroidPlatformEditor (172)
[2016.03.18-19.06.08:641][983]LogModuleManager: Shutting down and abandoning module IOSRuntimeSettings (171)
[2016.03.18-19.06.08:641][983]LogModuleManager: Shutting down and abandoning module AndroidRuntimeSettings (170)
[2016.03.18-19.06.08:641][983]LogModuleManager: Shutting down and abandoning module MergeActors (169)
[2016.03.18-19.06.08:641][983]LogModuleManager: Shutting down and abandoning module SizeMap (168)
[2016.03.18-19.06.08:641][983]LogModuleManager: Shutting down and abandoning module TreeMap (167)
[2016.03.18-19.06.08:641][983]LogModuleManager: Shutting down and abandoning module ReferenceViewer (166)
[2016.03.18-19.06.08:641][983]LogModuleManager: Shutting down and abandoning module LocalizationService (165)
[2016.03.18-19.06.08:641][983]LogModuleManager: Shutting down and abandoning module LocalizationDashboard (164)
[2016.03.18-19.06.08:641][983]LogModuleManager: Shutting down and abandoning module HardwareTargeting (163)
[2016.03.18-19.06.08:641][983]LogModuleManager: Shutting down and abandoning module DeviceProfileEditor (162)
[2016.03.18-19.06.08:641][983]LogModuleManager: Shutting down and abandoning module UndoHistory (161)
[2016.03.18-19.06.08:641][983]LogModuleManager: Shutting down and abandoning module GameplayTagsEditor (160)
[2016.03.18-19.06.08:641][983]LogModuleManager: Shutting down and abandoning module UserFeedback (159)
[2016.03.18-19.06.08:641][983]LogModuleManager: Shutting down and abandoning module XmlParser (158)
[2016.03.18-19.06.08:641][983]LogModuleManager: Shutting down and abandoning module Blutility (157)
[2016.03.18-19.06.08:641][983]LogModuleManager: Shutting down and abandoning module ProjectTargetPlatformEditor (156)
[2016.03.18-19.06.08:641][983]LogModuleManager: Shutting down and abandoning module ProjectSettingsViewer (155)
[2016.03.18-19.06.08:641][983]LogModuleManager: Shutting down and abandoning module InputBindingEditor (154)
[2016.03.18-19.06.08:641][983]LogModuleManager: Shutting down and abandoning module EditorSettingsViewer (153)
[2016.03.18-19.06.08:641][983]LogModuleManager: Shutting down and abandoning module SettingsEditor (152)
[2016.03.18-19.06.08:641][983]LogModuleManager: Shutting down and abandoning module ProjectLauncher (151)
[2016.03.18-19.06.08:641][983]LogModuleManager: Shutting down and abandoning module SessionFrontend (150)
[2016.03.18-19.06.08:641][983]LogModuleManager: Shutting down and abandoning module ProfilerClient (149)
[2016.03.18-19.06.08:641][983]LogModuleManager: Shutting down and abandoning module TargetDeviceServices (148)
[2016.03.18-19.06.08:641][983]LogModuleManager: Shutting down and abandoning module DeviceManager (147)
[2016.03.18-19.06.08:642][983]LogModuleManager: Shutting down and abandoning module AutomationController (146)
[2016.03.18-19.06.08:642][983]LogModuleManager: Shutting down and abandoning module AutomationWindow (145)
[2016.03.18-19.06.08:642][983]LogModuleManager: Shutting down and abandoning module Layers (144)
[2016.03.18-19.06.08:642][983]LogModuleManager: Shutting down and abandoning module ComponentVisualizers (143)
[2016.03.18-19.06.08:642][983]LogModuleManager: Shutting down and abandoning module DetailCustomizations (142)
[2016.03.18-19.06.08:642][983]LogModuleManager: Shutting down and abandoning module PackagesDialog (141)
[2016.03.18-19.06.08:642][983]LogModuleManager: Shutting down and abandoning module Persona (140)
[2016.03.18-19.06.08:642][983]LogModuleManager: Shutting down and abandoning module Kismet (139)
[2016.03.18-19.06.08:642][983]LogModuleManager: Shutting down and abandoning module GraphEditor (138)
[2016.03.18-19.06.08:642][983]LogModuleManager: Shutting down and abandoning module ClassViewer (137)
[2016.03.18-19.06.08:642][983]LogModuleManager: Shutting down and abandoning module Toolbox (136)
[2016.03.18-19.06.08:642][983]LogModuleManager: Shutting down and abandoning module ModuleUI (135)
[2016.03.18-19.06.08:642][983]LogModuleManager: Shutting down and abandoning module MovieSceneTools (134)
[2016.03.18-19.06.08:642][983]LogModuleManager: Shutting down and abandoning module OutputLog (133)
[2016.03.18-19.06.08:642][983]LogModuleManager: Shutting down and abandoning module GammaUI (132)
[2016.03.18-19.06.08:642][983]LogModuleManager: Shutting down and abandoning module Documentation (131)
[2016.03.18-19.06.08:642][983]LogModuleManager: Shutting down and abandoning module GameLiveStreaming (130)
[2016.03.18-19.06.08:642][983]LogModuleManager: Shutting down and abandoning module StreamingPauseRendering (129)
[2016.03.18-19.06.08:642][983]LogModuleManager: Shutting down and abandoning module AnalyticsET (128)
[2016.03.18-19.06.08:642][983]LogModuleManager: Shutting down and abandoning module Analytics (127)
[2016.03.18-19.06.08:642][983]LogModuleManager: Shutting down and abandoning module AITestSuite (126)
[2016.03.18-19.06.08:642][983]LogModuleManager: Shutting down and abandoning module GameplayDebugger (125)
[2016.03.18-19.06.08:642][983]LogModuleManager: Shutting down and abandoning module AIModule (124)
[2016.03.18-19.06.08:642][983]LogModuleManager: Shutting down and abandoning module ProfilerService (123)
[2016.03.18-19.06.08:658][983]LogModuleManager: Shutting down and abandoning module TaskGraph (122)
[2016.03.18-19.06.08:658][983]LogModuleManager: Shutting down and abandoning module SlateRemote (121)
[2016.03.18-19.06.08:658][983]LogModuleManager: Shutting down and abandoning module SteamVRController (120)
[2016.03.18-19.06.08:658][983]LogModuleManager: Shutting down and abandoning module SteamVR (119)
[2016.03.18-19.06.08:658][983]LogModuleManager: Shutting down and abandoning module ProceduralMeshComponent (118)
[2016.03.18-19.06.08:658][983]LogModuleManager: Shutting down and abandoning module OculusLibrary (117)
[2016.03.18-19.06.08:658][983]LogModuleManager: Shutting down and abandoning module OculusInput (116)
[2016.03.18-19.06.08:658][983]LogModuleManager: Shutting down and abandoning module LeapMotionController (115)
[2016.03.18-19.06.08:667][983]LogModuleManager: Shutting down and abandoning module CustomMeshComponent (114)
[2016.03.18-19.06.08:667][983]LogModuleManager: Shutting down and abandoning module CableComponent (113)
[2016.03.18-19.06.08:667][983]LogModuleManager: Shutting down and abandoning module ArchVisCharacter (112)
[2016.03.18-19.06.08:667][983]LogModuleManager: Shutting down and abandoning module MessagingDebugger (111)
[2016.03.18-19.06.08:667][983]LogModuleManager: Shutting down and abandoning module MediaPlayerEditor (110)
[2016.03.18-19.06.08:667][983]LogModuleManager: Shutting down and abandoning module HTML5Networking (109)
[2016.03.18-19.06.08:667][983]LogModuleManager: Shutting down and abandoning module SpeedTreeImporter (108)
[2016.03.18-19.06.08:667][983]LogModuleManager: Shutting down and abandoning module PluginBrowser (107)
[2016.03.18-19.06.08:667][983]LogModuleManager: Shutting down and abandoning module EpicSurvey (106)
[2016.03.18-19.06.08:667][983]LogModuleManager: Shutting down and abandoning module DesktopPlatform (105)
[2016.03.18-19.06.08:667][983]LogModuleManager: Shutting down and abandoning module VisualStudioSourceCodeAccess (104)
[2016.03.18-19.06.08:667][983]LogModuleManager: Shutting down and abandoning module UObjectPlugin (103)
[2016.03.18-19.06.08:667][983]LogModuleManager: Shutting down and abandoning module SubversionSourceControl (102)
[2016.03.18-19.06.08:667][983]LogModuleManager: Shutting down and abandoning module PerforceSourceControl (101)
[2016.03.18-19.06.08:667][983]LogModuleManager: Shutting down and abandoning module SourceControl (100)
[2016.03.18-19.06.08:667][983]LogModuleManager: Shutting down and abandoning module GitSourceControl (99)
[2016.03.18-19.06.08:667][983]LogModuleManager: Shutting down and abandoning module LightPropagationVolumeEditor (98)
[2016.03.18-19.06.08:667][983]LogModuleManager: Shutting down and abandoning module PaperTiledImporter (97)
[2016.03.18-19.06.08:667][983]LogModuleManager: Shutting down and abandoning module PaperSpriteSheetImporter (96)
[2016.03.18-19.06.08:667][983]LogModuleManager: Shutting down and abandoning module MeshPaint (95)
[2016.03.18-19.06.08:667][983]LogModuleManager: Shutting down and abandoning module SlateReflector (94)
[2016.03.18-19.06.08:667][983]LogModuleManager: Shutting down and abandoning module HotReload (93)
[2016.03.18-19.06.08:667][983]LogModuleManager: Shutting down and abandoning module MainFrame (92)
[2016.03.18-19.06.08:667][983]LogModuleManager: Shutting down and abandoning module LevelEditor (91)
[2016.03.18-19.06.08:668][983]LogModuleManager: Shutting down and abandoning module DirectoryWatcher (90)
[2016.03.18-19.06.08:669][983]LogModuleManager: Shutting down and abandoning module AssetRegistry (89)
[2016.03.18-19.06.08:703][983]LogModuleManager: Shutting down and abandoning module ContentBrowser (88)
[2016.03.18-19.06.08:704][983]LogModuleManager: Shutting down and abandoning module Paper2DEditor (87)
[2016.03.18-19.06.08:704][983]LogModuleManager: Shutting down and abandoning module UdpMessaging (86)
[2016.03.18-19.06.08:804][983]LogModuleManager: Shutting down and abandoning module LightPropagationVolumeRuntime (85)
[2016.03.18-19.06.08:805][983]LogModuleManager: Shutting down and abandoning module Paper2D (84)
[2016.03.18-19.06.08:805][983]LogModuleManager: Shutting down and abandoning module WindowsMoviePlayer (83)
[2016.03.18-19.06.08:812][983]LogModuleManager: Shutting down and abandoning module Media (82)
[2016.03.18-19.06.08:812][983]LogModuleManager: Shutting down and abandoning module WmfMedia (81)
[2016.03.18-19.06.08:812][983]LogModuleManager: Shutting down and abandoning module OnlineBlueprintSupport (80)
[2016.03.18-19.06.08:812][983]LogModuleManager: Shutting down and abandoning module GameplayTasksEditor (79)
[2016.03.18-19.06.08:812][983]LogModuleManager: Shutting down and abandoning module PropertyEditor (78)
[2016.03.18-19.06.08:812][983]LogModuleManager: Shutting down and abandoning module BehaviorTreeEditor (77)
[2016.03.18-19.06.08:812][983]LogModuleManager: Shutting down and abandoning module FunctionalTesting (76)
[2016.03.18-19.06.08:812][983]LogModuleManager: Shutting down and abandoning module CollisionAnalyzer (75)
[2016.03.18-19.06.08:812][983]LogModuleManager: Shutting down and abandoning module WorkspaceMenuStructure (74)
[2016.03.18-19.06.08:812][983]LogModuleManager: Shutting down and abandoning module MessageLog (73)
[2016.03.18-19.06.08:812][983]LogModuleManager: Shutting down and abandoning module Sequencer (72)
[2016.03.18-19.06.08:812][983]LogModuleManager: Shutting down and abandoning module AssetTools (71)
[2016.03.18-19.06.08:812][983]LogModuleManager: Shutting down and abandoning module UMGEditor (70)
[2016.03.18-19.06.08:812][983]LogModuleManager: Shutting down and abandoning module UMG (69)
[2016.03.18-19.06.08:812][983]LogModuleManager: Shutting down and abandoning module Slate (68)
[2016.03.18-19.06.08:812][983]LogModuleManager: Shutting down and abandoning module EditorStyle (67)
[2016.03.18-19.06.08:814][983]LogModuleManager: Shutting down and abandoning module SessionServices (66)
[2016.03.18-19.06.08:814][983]LogModuleManager: Shutting down and abandoning module SourceCodeAccess (65)
[2016.03.18-19.06.08:814][983]LogModuleManager: Shutting down and abandoning module HeadMountedDisplay (64)
[2016.03.18-19.06.08:814][983]LogModuleManager: Shutting down and abandoning module XAudio2 (63)
[2016.03.18-19.06.08:814][983]LogModuleManager: Shutting down and abandoning module Networking (61)
[2016.03.18-19.06.08:814][983]LogModuleManager: Shutting down and abandoning module Core (60)
[2016.03.18-19.06.08:814][983]LogModuleManager: Shutting down and abandoning module KismetCompiler (59)
[2016.03.18-19.06.08:814][983]LogModuleManager: Shutting down and abandoning module PhysXFormats (58)
[2016.03.18-19.06.08:814][983]LogModuleManager: Shutting down and abandoning module MeshUtilities (57)
[2016.03.18-19.06.08:814][983]LogModuleManager: Shutting down and abandoning module DerivedDataCache (56)
[2016.03.18-19.06.08:837][983]LogDerivedDataCache: Shutdown
[2016.03.18-19.06.08:837][983]LogModuleManager: Shutting down and abandoning module ShaderFormatOpenGL (55)
[2016.03.18-19.06.08:837][983]LogModuleManager: Shutting down and abandoning module ShaderFormatD3D (54)
[2016.03.18-19.06.08:837][983]LogModuleManager: Shutting down and abandoning module MetalShaderFormat (53)
[2016.03.18-19.06.08:837][983]LogModuleManager: Shutting down and abandoning module TextureFormatUncompressed (52)
[2016.03.18-19.06.08:837][983]LogModuleManager: Shutting down and abandoning module TextureFormatPVR (51)
[2016.03.18-19.06.08:837][983]LogModuleManager: Shutting down and abandoning module TextureFormatIntelISPCTexComp (50)
[2016.03.18-19.06.08:837][983]LogModuleManager: Shutting down and abandoning module TextureFormatDXT (49)
[2016.03.18-19.06.08:837][983]LogModuleManager: Shutting down and abandoning module ImageWrapper (48)
[2016.03.18-19.06.08:837][983]LogModuleManager: Shutting down and abandoning module TextureFormatASTC (47)
[2016.03.18-19.06.08:837][983]LogModuleManager: Shutting down and abandoning module TextureFormatAndroid (46)
[2016.03.18-19.06.08:837][983]LogModuleManager: Shutting down and abandoning module AudioFormatOpus (45)
[2016.03.18-19.06.08:837][983]LogModuleManager: Shutting down and abandoning module AudioFormatOgg (44)
[2016.03.18-19.06.08:837][983]LogModuleManager: Shutting down and abandoning module AudioFormatADPCM (43)
[2016.03.18-19.06.08:837][983]LogModuleManager: Shutting down and abandoning module LinuxTargetPlatform (42)
[2016.03.18-19.06.08:837][983]LogModuleManager: Shutting down and abandoning module LinuxServerTargetPlatform (41)
[2016.03.18-19.06.08:837][983]LogModuleManager: Shutting down and abandoning module LinuxNoEditorTargetPlatform (40)
[2016.03.18-19.06.08:837][983]LogModuleManager: Shutting down and abandoning module Messaging (39)
[2016.03.18-19.06.08:837][983]LogModuleManager: Shutting down and abandoning module IOSTargetPlatform (38)
[2016.03.18-19.06.08:837][983]LogModuleManager: Shutting down and abandoning module HTML5TargetPlatform (37)
[2016.03.18-19.06.08:837][983]LogModuleManager: Shutting down and abandoning module Android_PVRTCTargetPlatform (36)
[2016.03.18-19.06.08:837][983]LogModuleManager: Shutting down and abandoning module Android_MultiTargetPlatform (35)
[2016.03.18-19.06.08:837][983]LogModuleManager: Shutting down and abandoning module Android_ETC2TargetPlatform (34)
[2016.03.18-19.06.08:837][983]LogModuleManager: Shutting down and abandoning module Android_ETC1TargetPlatform (33)
[2016.03.18-19.06.08:837][983]LogModuleManager: Shutting down and abandoning module Android_DXTTargetPlatform (32)
[2016.03.18-19.06.08:837][983]LogModuleManager: Shutting down and abandoning module Android_ATCTargetPlatform (31)
[2016.03.18-19.06.08:837][983]LogModuleManager: Shutting down and abandoning module Android_ASTCTargetPlatform (30)
[2016.03.18-19.06.08:837][983]LogModuleManager: Shutting down and abandoning module AndroidTargetPlatform (29)
[2016.03.18-19.06.08:837][983]LogModuleManager: Shutting down and abandoning module WindowsTargetPlatform (28)
[2016.03.18-19.06.08:837][983]LogModuleManager: Shutting down and abandoning module WindowsServerTargetPlatform (27)
[2016.03.18-19.06.08:837][983]LogModuleManager: Shutting down and abandoning module WindowsNoEditorTargetPlatform (26)
[2016.03.18-19.06.08:837][983]LogModuleManager: Shutting down and abandoning module WindowsClientTargetPlatform (25)
[2016.03.18-19.06.08:837][983]LogModuleManager: Shutting down and abandoning module AllDesktopTargetPlatform (24)
[2016.03.18-19.06.08:837][983]LogModuleManager: Shutting down and abandoning module TargetPlatform (23)
[2016.03.18-19.06.08:837][983]LogModuleManager: Shutting down and abandoning module InputCore (22)
[2016.03.18-19.06.08:838][983]LogModuleManager: Shutting down and abandoning module Settings (21)
[2016.03.18-19.06.08:838][983]LogModuleManager: Shutting down and abandoning module OnlineSubsystem (19)
[2016.03.18-19.06.08:838][983]LogModuleManager: Shutting down and abandoning module HTTP (18)
[2016.03.18-19.06.09:839][983]LogModuleManager: Shutting down and abandoning module XMPP (17)
[2016.03.18-19.06.09:839][983]LogModuleManager: Shutting down and abandoning module OculusRift (16)
[2016.03.18-19.06.09:839][983]LogModuleManager: Shutting down and abandoning module ExampleDeviceProfileSelector (15)
[2016.03.18-19.06.09:839][983]LogModuleManager: Shutting down and abandoning module TextureCompressor (14)
[2016.03.18-19.06.09:839][983]LogModuleManager: Shutting down and abandoning module ShaderCore (13)
[2016.03.18-19.06.09:839][983]LogModuleManager: Shutting down and abandoning module Landscape (12)
[2016.03.18-19.06.09:839][983]LogModuleManager: Shutting down and abandoning module SlateRHIRenderer (11)
[2016.03.18-19.06.09:840][983]LogModuleManager: Shutting down and abandoning module OpenGLDrv (10)
[2016.03.18-19.06.09:841][983]LogModuleManager: Shutting down and abandoning module D3D11RHI (9)
[2016.03.18-19.06.09:841][983]LogModuleManager: Shutting down and abandoning module AnimGraphRuntime (8)
[2016.03.18-19.06.09:841][983]LogModuleManager: Shutting down and abandoning module Renderer (7)
[2016.03.18-19.06.09:841][983]LogModuleManager: Shutting down and abandoning module Engine (6)
[2016.03.18-19.06.09:841][983]LogModuleManager: Shutting down and abandoning module CoreUObject (5)
[2016.03.18-19.06.09:841][983]LogModuleManager: Shutting down and abandoning module NetworkFile (4)
[2016.03.18-19.06.09:841][983]LogModuleManager: Shutting down and abandoning module StreamingFile (3)
[2016.03.18-19.06.09:841][983]LogModuleManager: Shutting down and abandoning module SandboxFile (2)
[2016.03.18-19.06.09:841][983]LogModuleManager: Shutting down and abandoning module PakFile (1)
[2016.03.18-19.06.09:843][983]LogExit: Exiting.
[2016.03.18-19.06.09:853][983]Log file closed, 03/18/16 19:06:09
