[2016.03.27-09.51.54:077][  0]Log file open, 03/27/16 10:51:54
[2016.03.27-09.51.54:077][  0]LogInit:Display: Running engine for game: FpsProject
[2016.03.27-09.51.54:077][  0]LogPlatformFile: Not using cached read wrapper
[2016.03.27-09.51.54:077][  0]LogInit:Display: RandInit(-2077829416) SRandInit(-2077829416).
[2016.03.27-09.51.54:077][  0]LogTaskGraph: Started task graph with 4 named threads and 7 total threads.
[2016.03.27-09.51.54:077][  0]LogStats: Stats thread started at 0.068874
[2016.03.27-09.51.54:077][  0]LogInit: Version: 4.10.4-2872498+++depot+UE4-Releases+4.10
[2016.03.27-09.51.54:077][  0]LogInit: API Version: 2758231
[2016.03.27-09.51.54:077][  0]LogInit: Compiled (64-bit): Feb 18 2016 15:47:04
[2016.03.27-09.51.54:077][  0]LogInit: Compiled with Visual C++: 19.00.23026.00
[2016.03.27-09.51.54:077][  0]LogInit: Build Configuration: Development
[2016.03.27-09.51.54:077][  0]LogInit: Branch Name: ++depot+UE4-Releases+4.10
[2016.03.27-09.51.54:077][  0]LogInit: Command line:  -game
[2016.03.27-09.51.54:077][  0]LogInit: Base directory: C:/Program Files (x86)/Epic Games/4.10/Engine/Binaries/Win64/
[2016.03.27-09.51.54:077][  0]LogInit: Rocket: 1
[2016.03.27-09.51.54:082][  0]LogInit: Using libcurl 7.41.0
[2016.03.27-09.51.54:082][  0]LogInit:  - built for x86_64-pc-win32
[2016.03.27-09.51.54:082][  0]LogInit:  - supports SSL with WinSSL
[2016.03.27-09.51.54:082][  0]LogInit:  - other features:
[2016.03.27-09.51.54:082][  0]LogInit:      CURL_VERSION_SSL
[2016.03.27-09.51.54:082][  0]LogInit:      CURL_VERSION_IPV6
[2016.03.27-09.51.54:082][  0]LogInit:      CURL_VERSION_ASYNCHDNS
[2016.03.27-09.51.54:082][  0]LogInit:      CURL_VERSION_LARGEFILE
[2016.03.27-09.51.54:082][  0]LogInit:      CURL_VERSION_IDN
[2016.03.27-09.51.54:082][  0]LogInit:  CurlRequestOptions (configurable via config and command line):
[2016.03.27-09.51.54:082][  0]LogInit:  - bVerifyPeer = true  - Libcurl will verify peer certificate
[2016.03.27-09.51.54:082][  0]LogInit:  - bUseHttpProxy = false  - Libcurl will NOT use HTTP proxy
[2016.03.27-09.51.54:082][  0]LogInit:  - bDontReuseConnections = false  - Libcurl will reuse connections
[2016.03.27-09.51.54:082][  0]LogInit:  - CertBundlePath = nullptr  - Libcurl will use whatever was configured at build time.
[2016.03.27-09.51.54:088][  0]LogInit: Presizing for 0 objects not considered by GC, pre-allocating 0 bytes.
[2016.03.27-09.51.54:093][  0]LogInit: Object subsystem initialized
[2016.03.27-09.51.54:094][  0]LogInit: Selected Device Profile: [Windows]
[2016.03.27-09.51.54:094][  0]LogInit: Applying CVar settings loaded from the selected device profile: [Windows]
[2016.03.27-09.51.54:100][  0]LogInit: Computer: CHRIS-PC
[2016.03.27-09.51.54:100][  0]LogInit: User: Chris
[2016.03.27-09.51.54:100][  0]LogInit: CPU Page size=4096, Cores=4
[2016.03.27-09.51.54:100][  0]LogInit: High frequency timer resolution =3.123193 MHz
[2016.03.27-09.51.54:100][  0]LogMemory: Memory total: Physical=7.9GB (8GB approx)
[2016.03.27-09.51.54:100][  0]LogMemory: Platform Memory Stats for Windows
[2016.03.27-09.51.54:100][  0]LogMemory: Process Physical Memory: 56.05 MB used, 56.05 MB peak
[2016.03.27-09.51.54:100][  0]LogMemory: Process Virtual Memory: 56.61 MB used, 56.61 MB peak
[2016.03.27-09.51.54:100][  0]LogMemory: Physical Memory: 3933.83 MB used, 8130.79 MB total
[2016.03.27-09.51.54:100][  0]LogMemory: Virtual Memory: 368.07 MB used, 134217728.00 MB total
[2016.03.27-09.51.54:133][  0]LogTextLocalizationManager: No specific translations for ('en-GB') exist, so ('en') translations will be used.
[2016.03.27-09.51.54:541][  0]LogD3D11RHI: Found D3D11 adapter 0: AMD Radeon HD 7700 Series (Feature Level 11_0)
[2016.03.27-09.51.54:541][  0]LogD3D11RHI: Adapter has 1002MB of dedicated video memory, 0MB of dedicated system memory, and 4065MB of shared system memory, 2 output[s]
[2016.03.27-09.51.54:542][  0]LogD3D11RHI: Found D3D11 adapter 1: Microsoft Basic Render Driver (Feature Level 11_0)
[2016.03.27-09.51.54:542][  0]LogD3D11RHI: Adapter has 0MB of dedicated video memory, 0MB of dedicated system memory, and 4065MB of shared system memory, 0 output[s]
[2016.03.27-09.51.54:542][  0]LogD3D11RHI: Chosen D3D11 Adapter Id = 0
[2016.03.27-09.51.54:545][  0]LogD3D11RHI: !Direct3DDevice
[2016.03.27-09.51.54:545][  0]LogRHI: Texture pool is 701 MB (70% of 1002 MB)
[2016.03.27-09.51.54:552][  0]LogD3D11RHI: Async texture creation disabled: no driver support
[2016.03.27-09.51.54:563][  0]LogShaderCompilers: Guid format shader working directory is -1 characters bigger than the processId version (E:/Computing/Unreal/Unreal Projects/GameProject/Intermediate/Shaders/WorkingDirectory/5040/).
[2016.03.27-09.51.54:563][  0]LogShaderCompilers: Cleaned the shader compiler working directory 'C:/Users/Chris/AppData/Local/Temp/UnrealShaderWorkingDir/7A5BC5A7401806DFCA722E86D0FFAC8F/'.
[2016.03.27-09.51.54:563][  0]LogShaderCompilers:Display: Using Local Shader Compiler.
[2016.03.27-09.51.55:325][  0]LogTemp:Display: Loaded TP AllDesktopTargetPlatform
[2016.03.27-09.51.55:329][  0]LogTemp:Display: Loaded TP WindowsClientTargetPlatform
[2016.03.27-09.51.55:332][  0]LogTemp:Display: Loaded TP WindowsNoEditorTargetPlatform
[2016.03.27-09.51.55:337][  0]LogTemp:Display: Loaded TP WindowsServerTargetPlatform
[2016.03.27-09.51.55:340][  0]LogTemp:Display: Loaded TP WindowsTargetPlatform
[2016.03.27-09.51.55:343][  0]LogTemp:Display: Loaded TP AndroidTargetPlatform
[2016.03.27-09.51.55:346][  0]LogTemp:Display: Loaded TP Android_ASTCTargetPlatform
[2016.03.27-09.51.55:348][  0]LogTemp:Display: Loaded TP Android_ATCTargetPlatform
[2016.03.27-09.51.55:351][  0]LogTemp:Display: Loaded TP Android_DXTTargetPlatform
[2016.03.27-09.51.55:354][  0]LogTemp:Display: Loaded TP Android_ETC1TargetPlatform
[2016.03.27-09.51.55:356][  0]LogTemp:Display: Loaded TP Android_ETC2TargetPlatform
[2016.03.27-09.51.55:362][  0]LogTemp:Display: Loaded TP Android_MultiTargetPlatform
[2016.03.27-09.51.55:362][  0]LogTemp:Display: Loaded TP Android_PVRTCTargetPlatform
[2016.03.27-09.51.55:363][  0]LogTemp:Display: Loaded TP HTML5TargetPlatform
[2016.03.27-09.51.55:380][  0]LogTemp:Display: Loaded TP IOSTargetPlatform
[2016.03.27-09.51.55:383][  0]LogTemp:Display: Loaded TP LinuxNoEditorTargetPlatform
[2016.03.27-09.51.55:385][  0]LogTemp:Display: Loaded TP LinuxServerTargetPlatform
[2016.03.27-09.51.55:388][  0]LogTemp:Display: Loaded TP LinuxTargetPlatform
[2016.03.27-09.51.55:388][  0]LogTargetPlatformManager:Display: Building Assets For Windows
[2016.03.27-09.51.55:461][  0]LogDerivedDataCache:Display: Max Cache Size: 512 MB
[2016.03.27-09.51.55:509][  0]LogDerivedDataCache: Loaded boot cache 0.05s 41MB C:/Users/Chris/AppData/Local/UnrealEngine/4.10/DerivedDataCache/Boot.ddc.
[2016.03.27-09.51.55:509][  0]LogDerivedDataCache:Display: Loaded Boot cache: C:/Users/Chris/AppData/Local/UnrealEngine/4.10/DerivedDataCache/Boot.ddc
[2016.03.27-09.51.55:509][  0]LogDerivedDataCache: FDerivedDataBackendGraph:  Pak pak cache file E:/Computing/Unreal/Unreal Projects/GameProject/DerivedDataCache/DDC.ddp not found, will not use a pak cache.
[2016.03.27-09.51.55:509][  0]LogDerivedDataCache: Unable to find inner node Pak for hierarchical cache Hierarchy.
[2016.03.27-09.51.55:509][  0]LogDerivedDataCache: FDerivedDataBackendGraph:  CompressedPak pak cache file E:/Computing/Unreal/Unreal Projects/GameProject/DerivedDataCache/Compressed.ddp not found, will not use a pak cache.
[2016.03.27-09.51.55:509][  0]LogDerivedDataCache: Unable to find inner node CompressedPak for hierarchical cache Hierarchy.
[2016.03.27-09.51.55:561][  0]LogDerivedDataCache:Display: Pak cache opened for reading ../../../Engine/DerivedDataCache/Compressed.ddp.
[2016.03.27-09.51.55:572][  0]LogDerivedDataCache: Using Local data cache path C:/Users/Chris/AppData/Local/UnrealEngine/Common/DerivedDataCache: Writable
[2016.03.27-09.51.55:739][  0]LogInit: Selected Device Profile: [Windows]
[2016.03.27-09.51.55:742][  0]LogContentStreaming: Texture pool size is 1000.000000MB
[2016.03.27-09.51.55:832][  0]LogMeshUtilities: No automatic mesh reduction module available
[2016.03.27-09.51.55:832][  0]LogMeshUtilities: No automatic mesh merging module available
[2016.03.27-09.51.56:038][  0]LogInit: WinSock: version 1.1 (2.2), MaxSocks=32767, MaxUdp=65467
[2016.03.27-09.51.56:239][  0]LogWindowsMoviePlayer: Unable to load movie: E:/Computing/Unreal/Unreal Projects/GameProject/Content/Movies/Default_Startup.mp4
[2016.03.27-09.51.56:337][  0]SourceControl: Info Source control is disabled
[2016.03.27-09.51.56:337][  0]SourceControl: Info Source control is disabled
[2016.03.27-09.51.56:348][  0]SourceControl: Info Source control is disabled
[2016.03.27-09.51.56:516][  0]LogObj: 27935 objects as part of root set at end of initial load.
[2016.03.27-09.51.56:516][  0]LogUObjectAllocator: 5830072 out of 0 bytes used by permanent object pool.
[2016.03.27-09.51.56:564][  0]LogEngine: Initializing Engine...
[2016.03.27-09.51.56:567][  0]LogHMD: Can't find Oculus library dev build: is proper Runtime installed? Version: 0.8.0.0
[2016.03.27-09.51.56:568][  0]LogHMD: SteamVR failed to initialize.  Err: 110
[2016.03.27-09.51.56:664][  0]LogInit: XAudio2 using 'Speakers (2- High Definition Audio Device)' : 2 channels at 44.1 kHz using 16 bits per sample (channel mask 0x3)
[2016.03.27-09.51.56:674][  0]LogInit: FAudioDevice initialized.
[2016.03.27-09.51.56:704][  0]LogDerivedDataCache: Saved boot cache 0.03s 41MB C:/Users/Chris/AppData/Local/UnrealEngine/4.10/DerivedDataCache/Boot.ddc.
[2016.03.27-09.51.56:709][  0]LogInit: Texture streaming: Enabled
[2016.03.27-09.51.56:772][  0]LogNet: Browse: /Game/GameProject/Maps/Arena?Name=Player
[2016.03.27-09.51.56:772][  0]LogLoad: LoadMap: /Game/GameProject/Maps/Arena?Name=Player
[2016.03.27-09.51.56:781][  0]LogParticles: Destroying 0 GPU particle simulations for FXSystem 0x000001DBAE0DD3A0
[2016.03.27-09.51.56:789][  0]LogMemory: Platform Memory Stats for Windows
[2016.03.27-09.51.56:789][  0]LogMemory: Process Physical Memory: 371.63 MB used, 371.63 MB peak
[2016.03.27-09.51.56:789][  0]LogMemory: Process Virtual Memory: 454.01 MB used, 454.01 MB peak
[2016.03.27-09.51.56:789][  0]LogMemory: Physical Memory: 4193.70 MB used, 8130.79 MB total
[2016.03.27-09.51.56:789][  0]LogMemory: Virtual Memory: 1004.75 MB used, 134217728.00 MB total
[2016.03.27-09.51.56:789][  0]LogMemory: 
[2016.03.27-09.51.56:789][  0]Allocator Stats for TBB: (not implemented)
[2016.03.27-09.51.56:863][  0]LogLinker:Warning: CreateImport: Failed to load Outer for resource 'Arrow': FirstPersonCharacter_C /Game/GameProject/Blueprints/FirstPersonCharacter.Default__FirstPersonCharacter_C
[2016.03.27-09.51.56:865][  0]LogLinker:Warning: CreateImport: Failed to load Outer for resource 'Arrow': SpawnPoint_C /Game/GameProject/Blueprints/SpawnPoint.Default__SpawnPoint_C
[2016.03.27-09.51.57:108][  0]LogAIModule: Creating AISystem for world Arena
[2016.03.27-09.51.57:108][  0]LogWorld: Game class is 'FirstPersonGameMode_C'
[2016.03.27-09.51.57:111][  0]LogWorld: Bringing World /Game/GameProject/Maps/Arena.Arena up for play (max tick rate 0) at 2016.03.27-10.51.57
[2016.03.27-09.51.57:112][  0]LogWorld: Bringing up level for play took: 0.002685
[2016.03.27-09.51.57:112][  0]LogPathFollowing:Warning: No NavigationData found while trying to cache it for AIController_0's PathFollowingComponent
[2016.03.27-09.51.57:115][  0]LogInit:Display: Game Engine Initialized.
[2016.03.27-09.51.57:340][  0]LogLoad: Full Startup: 3.62 seconds (BP compile: 0.07 seconds)
[2016.03.27-09.51.57:363][  0]LogOcInput: Can't find Oculus library dev build: is proper Runtime installed? Version: 0.8.0.0
[2016.03.27-09.51.57:439][  0]LogRenderer: Reallocating scene render targets to support 128x128 (Frame:1).
[2016.03.27-09.51.57:561][  1]LogRenderer: Reallocating scene render targets to support 1600x900 (Frame:2).
[2016.03.27-09.52.13:918][775]LogWindowsTextInputMethodSystem:Display: IME system now deactivated.
[2016.03.27-09.52.13:922][775]LogEngine: All Windows Closed
[2016.03.27-09.52.13:922][775]LogWindows: FPlatformMisc::RequestExit(0)
[2016.03.27-09.52.14:658][776]LogExit: Preparing to exit.
[2016.03.27-09.52.14:748][776]LogExit: Game engine shut down
[2016.03.27-09.52.14:749][776]LogParticles: Destroying 0 GPU particle simulations for FXSystem 0x000001DBAB462840
[2016.03.27-09.52.14:851][776]LogExit: Object subsystem successfully closed.
[2016.03.27-09.52.14:859][776]LogD3D11RHI: Shutdown
[2016.03.27-09.52.14:859][776]LogD3D11RHI: CleanupD3DDevice
[2016.03.27-09.52.14:892][776]LogD3D11RHI: ~FD3D11DynamicRHI
[2016.03.27-09.52.14:904][776]LogModuleManager: Shutting down and abandoning module AndroidDeviceDetection (117)
[2016.03.27-09.52.15:354][776]LogModuleManager: Shutting down and abandoning module AutomationController (116)
[2016.03.27-09.52.15:354][776]LogModuleManager: Shutting down and abandoning module AutomationWorker (115)
[2016.03.27-09.52.15:354][776]LogModuleManager: Shutting down and abandoning module CharacterAI (114)
[2016.03.27-09.52.15:354][776]LogModuleManager: Shutting down and abandoning module AITestSuite (113)
[2016.03.27-09.52.15:354][776]LogModuleManager: Shutting down and abandoning module GameplayDebugger (112)
[2016.03.27-09.52.15:354][776]LogModuleManager: Shutting down and abandoning module AIModule (111)
[2016.03.27-09.52.15:354][776]LogModuleManager: Shutting down and abandoning module MovieSceneCapture (110)
[2016.03.27-09.52.15:354][776]LogModuleManager: Shutting down and abandoning module GameLiveStreaming (109)
[2016.03.27-09.52.15:354][776]LogModuleManager: Shutting down and abandoning module StreamingPauseRendering (108)
[2016.03.27-09.52.15:354][776]LogModuleManager: Shutting down and abandoning module ProfilerService (107)
[2016.03.27-09.52.15:546][776]LogModuleManager: Shutting down and abandoning module TaskGraph (106)
[2016.03.27-09.52.15:546][776]LogModuleManager: Shutting down and abandoning module SlateRemote (105)
[2016.03.27-09.52.15:546][776]LogModuleManager: Shutting down and abandoning module SteamVRController (104)
[2016.03.27-09.52.15:546][776]LogModuleManager: Shutting down and abandoning module SteamVR (103)
[2016.03.27-09.52.15:546][776]LogModuleManager: Shutting down and abandoning module ProceduralMeshComponent (102)
[2016.03.27-09.52.15:546][776]LogModuleManager: Shutting down and abandoning module OculusLibrary (101)
[2016.03.27-09.52.15:546][776]LogModuleManager: Shutting down and abandoning module OculusInput (100)
[2016.03.27-09.52.15:546][776]LogModuleManager: Shutting down and abandoning module LeapMotionController (99)
[2016.03.27-09.52.15:555][776]LogModuleManager: Shutting down and abandoning module CustomMeshComponent (98)
[2016.03.27-09.52.15:555][776]LogModuleManager: Shutting down and abandoning module CableComponent (97)
[2016.03.27-09.52.15:555][776]LogModuleManager: Shutting down and abandoning module ArchVisCharacter (96)
[2016.03.27-09.52.15:555][776]LogModuleManager: Shutting down and abandoning module HTML5Networking (95)
[2016.03.27-09.52.15:555][776]LogModuleManager: Shutting down and abandoning module DesktopPlatform (94)
[2016.03.27-09.52.15:555][776]LogModuleManager: Shutting down and abandoning module DirectoryWatcher (93)
[2016.03.27-09.52.15:555][776]LogModuleManager: Shutting down and abandoning module HotReload (92)
[2016.03.27-09.52.15:555][776]LogModuleManager: Shutting down and abandoning module VisualStudioSourceCodeAccess (91)
[2016.03.27-09.52.15:555][776]LogModuleManager: Shutting down and abandoning module UObjectPlugin (90)
[2016.03.27-09.52.15:555][776]LogModuleManager: Shutting down and abandoning module SubversionSourceControl (89)
[2016.03.27-09.52.15:555][776]LogModuleManager: Shutting down and abandoning module SourceControl (88)
[2016.03.27-09.52.15:555][776]LogModuleManager: Shutting down and abandoning module PerforceSourceControl (87)
[2016.03.27-09.52.15:555][776]LogModuleManager: Shutting down and abandoning module UdpMessaging (86)
[2016.03.27-09.52.15:555][776]LogModuleManager: Shutting down and abandoning module LightPropagationVolumeRuntime (85)
[2016.03.27-09.52.15:555][776]LogModuleManager: Shutting down and abandoning module Paper2D (84)
[2016.03.27-09.52.15:555][776]LogModuleManager: Shutting down and abandoning module WindowsMoviePlayer (83)
[2016.03.27-09.52.15:557][776]LogModuleManager: Shutting down and abandoning module Media (82)
[2016.03.27-09.52.15:557][776]LogModuleManager: Shutting down and abandoning module WmfMedia (81)
[2016.03.27-09.52.15:558][776]LogModuleManager: Shutting down and abandoning module OnlineBlueprintSupport (80)
[2016.03.27-09.52.15:558][776]LogModuleManager: Shutting down and abandoning module GameplayTasksEditor (79)
[2016.03.27-09.52.15:558][776]LogModuleManager: Shutting down and abandoning module PropertyEditor (78)
[2016.03.27-09.52.15:558][776]LogModuleManager: Shutting down and abandoning module BehaviorTreeEditor (77)
[2016.03.27-09.52.15:558][776]LogModuleManager: Shutting down and abandoning module FunctionalTesting (76)
[2016.03.27-09.52.15:558][776]LogModuleManager: Shutting down and abandoning module CollisionAnalyzer (75)
[2016.03.27-09.52.15:558][776]LogModuleManager: Shutting down and abandoning module WorkspaceMenuStructure (74)
[2016.03.27-09.52.15:558][776]LogModuleManager: Shutting down and abandoning module MessageLog (73)
[2016.03.27-09.52.15:558][776]LogModuleManager: Shutting down and abandoning module Sequencer (72)
[2016.03.27-09.52.15:558][776]LogModuleManager: Shutting down and abandoning module AssetTools (71)
[2016.03.27-09.52.15:558][776]LogModuleManager: Shutting down and abandoning module UMGEditor (70)
[2016.03.27-09.52.15:558][776]LogModuleManager: Shutting down and abandoning module UMG (69)
[2016.03.27-09.52.15:558][776]LogModuleManager: Shutting down and abandoning module Slate (68)
[2016.03.27-09.52.15:558][776]LogModuleManager: Shutting down and abandoning module EditorStyle (67)
[2016.03.27-09.52.15:560][776]LogModuleManager: Shutting down and abandoning module SessionServices (66)
[2016.03.27-09.52.15:560][776]LogModuleManager: Shutting down and abandoning module SourceCodeAccess (65)
[2016.03.27-09.52.15:560][776]LogModuleManager: Shutting down and abandoning module HeadMountedDisplay (64)
[2016.03.27-09.52.15:560][776]LogModuleManager: Shutting down and abandoning module XAudio2 (63)
[2016.03.27-09.52.15:560][776]LogModuleManager: Shutting down and abandoning module Networking (61)
[2016.03.27-09.52.15:560][776]LogModuleManager: Shutting down and abandoning module Core (60)
[2016.03.27-09.52.15:560][776]LogModuleManager: Shutting down and abandoning module KismetCompiler (59)
[2016.03.27-09.52.15:560][776]LogModuleManager: Shutting down and abandoning module PhysXFormats (58)
[2016.03.27-09.52.15:560][776]LogModuleManager: Shutting down and abandoning module MeshUtilities (57)
[2016.03.27-09.52.15:560][776]LogModuleManager: Shutting down and abandoning module DerivedDataCache (56)
[2016.03.27-09.52.15:575][776]LogDerivedDataCache: Shutdown
[2016.03.27-09.52.15:575][776]LogModuleManager: Shutting down and abandoning module ShaderFormatOpenGL (55)
[2016.03.27-09.52.15:575][776]LogModuleManager: Shutting down and abandoning module ShaderFormatD3D (54)
[2016.03.27-09.52.15:575][776]LogModuleManager: Shutting down and abandoning module MetalShaderFormat (53)
[2016.03.27-09.52.15:575][776]LogModuleManager: Shutting down and abandoning module TextureFormatUncompressed (52)
[2016.03.27-09.52.15:575][776]LogModuleManager: Shutting down and abandoning module TextureFormatPVR (51)
[2016.03.27-09.52.15:575][776]LogModuleManager: Shutting down and abandoning module TextureFormatIntelISPCTexComp (50)
[2016.03.27-09.52.15:575][776]LogModuleManager: Shutting down and abandoning module TextureFormatDXT (49)
[2016.03.27-09.52.15:575][776]LogModuleManager: Shutting down and abandoning module ImageWrapper (48)
[2016.03.27-09.52.15:575][776]LogModuleManager: Shutting down and abandoning module TextureFormatASTC (47)
[2016.03.27-09.52.15:575][776]LogModuleManager: Shutting down and abandoning module TextureFormatAndroid (46)
[2016.03.27-09.52.15:575][776]LogModuleManager: Shutting down and abandoning module AudioFormatOpus (45)
[2016.03.27-09.52.15:575][776]LogModuleManager: Shutting down and abandoning module AudioFormatOgg (44)
[2016.03.27-09.52.15:575][776]LogModuleManager: Shutting down and abandoning module AudioFormatADPCM (43)
[2016.03.27-09.52.15:575][776]LogModuleManager: Shutting down and abandoning module LinuxTargetPlatform (42)
[2016.03.27-09.52.15:575][776]LogModuleManager: Shutting down and abandoning module LinuxServerTargetPlatform (41)
[2016.03.27-09.52.15:575][776]LogModuleManager: Shutting down and abandoning module LinuxNoEditorTargetPlatform (40)
[2016.03.27-09.52.15:575][776]LogModuleManager: Shutting down and abandoning module Messaging (39)
[2016.03.27-09.52.15:575][776]LogModuleManager: Shutting down and abandoning module IOSTargetPlatform (38)
[2016.03.27-09.52.15:575][776]LogModuleManager: Shutting down and abandoning module HTML5TargetPlatform (37)
[2016.03.27-09.52.15:575][776]LogModuleManager: Shutting down and abandoning module Android_PVRTCTargetPlatform (36)
[2016.03.27-09.52.15:575][776]LogModuleManager: Shutting down and abandoning module Android_MultiTargetPlatform (35)
[2016.03.27-09.52.15:575][776]LogModuleManager: Shutting down and abandoning module Android_ETC2TargetPlatform (34)
[2016.03.27-09.52.15:575][776]LogModuleManager: Shutting down and abandoning module Android_ETC1TargetPlatform (33)
[2016.03.27-09.52.15:575][776]LogModuleManager: Shutting down and abandoning module Android_DXTTargetPlatform (32)
[2016.03.27-09.52.15:575][776]LogModuleManager: Shutting down and abandoning module Android_ATCTargetPlatform (31)
[2016.03.27-09.52.15:575][776]LogModuleManager: Shutting down and abandoning module Android_ASTCTargetPlatform (30)
[2016.03.27-09.52.15:575][776]LogModuleManager: Shutting down and abandoning module AndroidTargetPlatform (29)
[2016.03.27-09.52.15:575][776]LogModuleManager: Shutting down and abandoning module WindowsTargetPlatform (28)
[2016.03.27-09.52.15:575][776]LogModuleManager: Shutting down and abandoning module WindowsServerTargetPlatform (27)
[2016.03.27-09.52.15:575][776]LogModuleManager: Shutting down and abandoning module WindowsNoEditorTargetPlatform (26)
[2016.03.27-09.52.15:575][776]LogModuleManager: Shutting down and abandoning module WindowsClientTargetPlatform (25)
[2016.03.27-09.52.15:575][776]LogModuleManager: Shutting down and abandoning module AllDesktopTargetPlatform (24)
[2016.03.27-09.52.15:575][776]LogModuleManager: Shutting down and abandoning module TargetPlatform (23)
[2016.03.27-09.52.15:575][776]LogModuleManager: Shutting down and abandoning module InputCore (22)
[2016.03.27-09.52.15:575][776]LogModuleManager: Shutting down and abandoning module Settings (21)
[2016.03.27-09.52.15:575][776]LogModuleManager: Shutting down and abandoning module OnlineSubsystem (19)
[2016.03.27-09.52.15:575][776]LogModuleManager: Shutting down and abandoning module HTTP (18)
[2016.03.27-09.52.15:575][776]LogModuleManager: Shutting down and abandoning module XMPP (17)
[2016.03.27-09.52.15:575][776]LogModuleManager: Shutting down and abandoning module OculusRift (16)
[2016.03.27-09.52.15:575][776]LogModuleManager: Shutting down and abandoning module ExampleDeviceProfileSelector (15)
[2016.03.27-09.52.15:575][776]LogModuleManager: Shutting down and abandoning module TextureCompressor (14)
[2016.03.27-09.52.15:575][776]LogModuleManager: Shutting down and abandoning module ShaderCore (13)
[2016.03.27-09.52.15:575][776]LogModuleManager: Shutting down and abandoning module Landscape (12)
[2016.03.27-09.52.15:575][776]LogModuleManager: Shutting down and abandoning module SlateRHIRenderer (11)
[2016.03.27-09.52.15:575][776]LogModuleManager: Shutting down and abandoning module OpenGLDrv (10)
[2016.03.27-09.52.15:575][776]LogModuleManager: Shutting down and abandoning module D3D11RHI (9)
[2016.03.27-09.52.15:575][776]LogModuleManager: Shutting down and abandoning module AnimGraphRuntime (8)
[2016.03.27-09.52.15:575][776]LogModuleManager: Shutting down and abandoning module Renderer (7)
[2016.03.27-09.52.15:575][776]LogModuleManager: Shutting down and abandoning module Engine (6)
[2016.03.27-09.52.15:576][776]LogModuleManager: Shutting down and abandoning module CoreUObject (5)
[2016.03.27-09.52.15:576][776]LogModuleManager: Shutting down and abandoning module NetworkFile (4)
[2016.03.27-09.52.15:576][776]LogModuleManager: Shutting down and abandoning module StreamingFile (3)
[2016.03.27-09.52.15:576][776]LogModuleManager: Shutting down and abandoning module SandboxFile (2)
[2016.03.27-09.52.15:576][776]LogModuleManager: Shutting down and abandoning module PakFile (1)
[2016.03.27-09.52.15:576][776]LogExit: Exiting.
[2016.03.27-09.52.15:587][776]Log file closed, 03/27/16 10:52:15
