[2016.03.26-20.08.33:531][  0]Log file open, 03/26/16 20:08:33
[2016.03.26-20.08.33:531][  0]LogInit:Display: Running engine without a game
[2016.03.26-20.08.33:531][  0]LogPlatformFile: Not using cached read wrapper
[2016.03.26-20.08.33:531][  0]LogInit:Display: Loading recent project file: E:/Computing/Unreal/Unreal Projects/GameProject/FpsProject.uproject
[2016.03.26-20.08.33:531][  0]LogInit:Display: RandInit(-1754293479) SRandInit(-1754293478).
[2016.03.26-20.08.33:531][  0]LogTaskGraph: Started task graph with 4 named threads and 7 total threads.
[2016.03.26-20.08.33:531][  0]LogStats: Stats thread started at 0.071616
[2016.03.26-20.08.33:531][  0]LogInit: Version: 4.10.4-2872498+++depot+UE4-Releases+4.10
[2016.03.26-20.08.33:531][  0]LogInit: API Version: 2758231
[2016.03.26-20.08.33:531][  0]LogInit: Compiled (64-bit): Feb 18 2016 15:47:04
[2016.03.26-20.08.33:531][  0]LogInit: Compiled with Visual C++: 19.00.23026.00
[2016.03.26-20.08.33:531][  0]LogInit: Build Configuration: Development
[2016.03.26-20.08.33:531][  0]LogInit: Branch Name: ++depot+UE4-Releases+4.10
[2016.03.26-20.08.33:531][  0]LogInit: Command line: -EpicPortal 
[2016.03.26-20.08.33:531][  0]LogInit: Base directory: C:/Program Files (x86)/Epic Games/4.10/Engine/Binaries/Win64/
[2016.03.26-20.08.33:531][  0]LogInit: Rocket: 1
[2016.03.26-20.08.33:537][  0]LogInit: Using libcurl 7.41.0
[2016.03.26-20.08.33:537][  0]LogInit:  - built for x86_64-pc-win32
[2016.03.26-20.08.33:537][  0]LogInit:  - supports SSL with WinSSL
[2016.03.26-20.08.33:537][  0]LogInit:  - other features:
[2016.03.26-20.08.33:537][  0]LogInit:      CURL_VERSION_SSL
[2016.03.26-20.08.33:537][  0]LogInit:      CURL_VERSION_IPV6
[2016.03.26-20.08.33:537][  0]LogInit:      CURL_VERSION_ASYNCHDNS
[2016.03.26-20.08.33:537][  0]LogInit:      CURL_VERSION_LARGEFILE
[2016.03.26-20.08.33:537][  0]LogInit:      CURL_VERSION_IDN
[2016.03.26-20.08.33:537][  0]LogInit:  CurlRequestOptions (configurable via config and command line):
[2016.03.26-20.08.33:537][  0]LogInit:  - bVerifyPeer = true  - Libcurl will verify peer certificate
[2016.03.26-20.08.33:537][  0]LogInit:  - bUseHttpProxy = false  - Libcurl will NOT use HTTP proxy
[2016.03.26-20.08.33:537][  0]LogInit:  - bDontReuseConnections = false  - Libcurl will reuse connections
[2016.03.26-20.08.33:537][  0]LogInit:  - CertBundlePath = nullptr  - Libcurl will use whatever was configured at build time.
[2016.03.26-20.08.33:542][  0]LogInit: Presizing for 0 objects not considered by GC, pre-allocating 0 bytes.
[2016.03.26-20.08.33:547][  0]LogInit: Object subsystem initialized
[2016.03.26-20.08.33:548][  0]LogInit: Selected Device Profile: [Windows]
[2016.03.26-20.08.33:548][  0]LogInit: Applying CVar settings loaded from the selected device profile: [Windows]
[2016.03.26-20.08.33:553][  0]LogInit: Computer: CHRIS-PC
[2016.03.26-20.08.33:553][  0]LogInit: User: Chris
[2016.03.26-20.08.33:553][  0]LogInit: CPU Page size=4096, Cores=4
[2016.03.26-20.08.33:553][  0]LogInit: High frequency timer resolution =3.123193 MHz
[2016.03.26-20.08.33:553][  0]LogMemory: Memory total: Physical=7.9GB (8GB approx)
[2016.03.26-20.08.33:553][  0]LogMemory: Platform Memory Stats for Windows
[2016.03.26-20.08.33:553][  0]LogMemory: Process Physical Memory: 56.11 MB used, 56.11 MB peak
[2016.03.26-20.08.33:553][  0]LogMemory: Process Virtual Memory: 58.73 MB used, 58.73 MB peak
[2016.03.26-20.08.33:553][  0]LogMemory: Physical Memory: 2082.02 MB used, 8130.79 MB total
[2016.03.26-20.08.33:553][  0]LogMemory: Virtual Memory: 384.43 MB used, 134217728.00 MB total
[2016.03.26-20.08.33:585][  0]LogTextLocalizationManager: No specific translations for ('en-GB') exist, so ('en') translations will be used.
[2016.03.26-20.08.33:947][  0]LogD3D11RHI: Found D3D11 adapter 0: AMD Radeon HD 7700 Series (Feature Level 11_0)
[2016.03.26-20.08.33:947][  0]LogD3D11RHI: Adapter has 1002MB of dedicated video memory, 0MB of dedicated system memory, and 4065MB of shared system memory, 2 output[s]
[2016.03.26-20.08.33:949][  0]LogD3D11RHI: Found D3D11 adapter 1: Microsoft Basic Render Driver (Feature Level 11_0)
[2016.03.26-20.08.33:949][  0]LogD3D11RHI: Adapter has 0MB of dedicated video memory, 0MB of dedicated system memory, and 4065MB of shared system memory, 0 output[s]
[2016.03.26-20.08.33:949][  0]LogD3D11RHI: Chosen D3D11 Adapter Id = 0
[2016.03.26-20.08.33:952][  0]LogD3D11RHI: !Direct3DDevice
[2016.03.26-20.08.33:952][  0]LogRHI: Texture pool is 701 MB (70% of 1002 MB)
[2016.03.26-20.08.33:959][  0]LogD3D11RHI: Async texture creation disabled: no driver support
[2016.03.26-20.08.33:970][  0]LogShaderCompilers: Guid format shader working directory is -1 characters bigger than the processId version (E:/Computing/Unreal/Unreal Projects/GameProject/Intermediate/Shaders/WorkingDirectory/2740/).
[2016.03.26-20.08.33:970][  0]LogShaderCompilers: Cleaned the shader compiler working directory 'C:/Users/Chris/AppData/Local/Temp/UnrealShaderWorkingDir/812943C944AD45E532970A83590C50DB/'.
[2016.03.26-20.08.33:970][  0]LogShaderCompilers:Display: Using Local Shader Compiler.
[2016.03.26-20.08.34:682][  0]LogTemp:Display: Loaded TP AllDesktopTargetPlatform
[2016.03.26-20.08.34:686][  0]LogTemp:Display: Loaded TP WindowsClientTargetPlatform
[2016.03.26-20.08.34:690][  0]LogTemp:Display: Loaded TP WindowsNoEditorTargetPlatform
[2016.03.26-20.08.34:694][  0]LogTemp:Display: Loaded TP WindowsServerTargetPlatform
[2016.03.26-20.08.34:697][  0]LogTemp:Display: Loaded TP WindowsTargetPlatform
[2016.03.26-20.08.34:700][  0]LogTemp:Display: Loaded TP AndroidTargetPlatform
[2016.03.26-20.08.34:702][  0]LogTemp:Display: Loaded TP Android_ASTCTargetPlatform
[2016.03.26-20.08.34:705][  0]LogTemp:Display: Loaded TP Android_ATCTargetPlatform
[2016.03.26-20.08.34:707][  0]LogTemp:Display: Loaded TP Android_DXTTargetPlatform
[2016.03.26-20.08.34:710][  0]LogTemp:Display: Loaded TP Android_ETC1TargetPlatform
[2016.03.26-20.08.34:712][  0]LogTemp:Display: Loaded TP Android_ETC2TargetPlatform
[2016.03.26-20.08.34:717][  0]LogTemp:Display: Loaded TP Android_MultiTargetPlatform
[2016.03.26-20.08.34:717][  0]LogTemp:Display: Loaded TP Android_PVRTCTargetPlatform
[2016.03.26-20.08.34:717][  0]LogTemp:Display: Loaded TP HTML5TargetPlatform
[2016.03.26-20.08.34:733][  0]LogTemp:Display: Loaded TP IOSTargetPlatform
[2016.03.26-20.08.34:735][  0]LogTemp:Display: Loaded TP LinuxNoEditorTargetPlatform
[2016.03.26-20.08.34:738][  0]LogTemp:Display: Loaded TP LinuxServerTargetPlatform
[2016.03.26-20.08.34:741][  0]LogTemp:Display: Loaded TP LinuxTargetPlatform
[2016.03.26-20.08.34:741][  0]LogTargetPlatformManager:Display: Building Assets For Windows
[2016.03.26-20.08.34:810][  0]LogDerivedDataCache:Display: Max Cache Size: 512 MB
[2016.03.26-20.08.34:854][  0]LogDerivedDataCache: Loaded boot cache 0.04s 41MB C:/Users/Chris/AppData/Local/UnrealEngine/4.10/DerivedDataCache/Boot.ddc.
[2016.03.26-20.08.34:854][  0]LogDerivedDataCache:Display: Loaded Boot cache: C:/Users/Chris/AppData/Local/UnrealEngine/4.10/DerivedDataCache/Boot.ddc
[2016.03.26-20.08.34:854][  0]LogDerivedDataCache: FDerivedDataBackendGraph:  Pak pak cache file E:/Computing/Unreal/Unreal Projects/GameProject/DerivedDataCache/DDC.ddp not found, will not use a pak cache.
[2016.03.26-20.08.34:854][  0]LogDerivedDataCache: Unable to find inner node Pak for hierarchical cache Hierarchy.
[2016.03.26-20.08.34:854][  0]LogDerivedDataCache: FDerivedDataBackendGraph:  CompressedPak pak cache file E:/Computing/Unreal/Unreal Projects/GameProject/DerivedDataCache/Compressed.ddp not found, will not use a pak cache.
[2016.03.26-20.08.34:854][  0]LogDerivedDataCache: Unable to find inner node CompressedPak for hierarchical cache Hierarchy.
[2016.03.26-20.08.34:904][  0]LogDerivedDataCache:Display: Pak cache opened for reading ../../../Engine/DerivedDataCache/Compressed.ddp.
[2016.03.26-20.08.34:916][  0]LogDerivedDataCache: Using Local data cache path C:/Users/Chris/AppData/Local/UnrealEngine/Common/DerivedDataCache: Writable
[2016.03.26-20.08.35:081][  0]LogInit: Selected Device Profile: [Windows]
[2016.03.26-20.08.35:083][  0]LogContentStreaming: Texture pool size is 0.000000MB
[2016.03.26-20.08.35:178][  0]LogMeshUtilities: No automatic mesh reduction module available
[2016.03.26-20.08.35:178][  0]LogMeshUtilities: No automatic mesh merging module available
[2016.03.26-20.08.35:392][  0]LogInit: WinSock: version 1.1 (2.2), MaxSocks=32767, MaxUdp=65467
[2016.03.26-20.08.36:163][  0]UdpMessaging: Initializing bridge on interface 0.0.0.0:0 to multicast group 230.0.0.1:6666.
[2016.03.26-20.08.36:306][  0]LogAssetRegistry: FAssetRegistry took 0.0109 seconds to start up
[2016.03.26-20.08.36:447][  0]SourceControl: Info Source control is disabled
[2016.03.26-20.08.36:448][  0]SourceControl: Info Source control is disabled
[2016.03.26-20.08.36:459][  0]SourceControl: Info Source control is disabled
[2016.03.26-20.08.36:470][  0]SourceControl: Info Source control is disabled
[2016.03.26-20.08.36:704][  0]LogObj: 28633 objects as part of root set at end of initial load.
[2016.03.26-20.08.36:704][  0]LogUObjectAllocator: 6099752 out of 0 bytes used by permanent object pool.
[2016.03.26-20.08.36:752][  0]LogEngine: Initializing Engine...
[2016.03.26-20.08.36:756][  0]LogHMD: Can't find Oculus library dev build: is proper Runtime installed? Version: 0.8.0.0
[2016.03.26-20.08.36:756][  0]LogHMD: SteamVR failed to initialize.  Err: 110
[2016.03.26-20.08.36:854][  0]LogAIModule: Creating AISystem for world NewWorld
[2016.03.26-20.08.36:863][  0]LogInit: XAudio2 using 'Speakers (2- High Definition Audio Device)' : 2 channels at 44.1 kHz using 16 bits per sample (channel mask 0x3)
[2016.03.26-20.08.36:882][  0]LogInit: FAudioDevice initialized.
[2016.03.26-20.08.36:908][  0]LogDerivedDataCache: Saved boot cache 0.03s 41MB C:/Users/Chris/AppData/Local/UnrealEngine/4.10/DerivedDataCache/Boot.ddc.
[2016.03.26-20.08.36:912][  0]LogInit: Texture streaming: Enabled
[2016.03.26-20.08.36:917][  0]LogAnalytics: Creating configured Analytics provider AnalyticsET
[2016.03.26-20.08.36:917][  0]LogAnalytics: [UEEditor.Rocket.Release] APIServer = http://et2.epicgames.com/ET2/. AppVersion = 4.10.4-2872498+++depot+UE4-Releases+4.10
[2016.03.26-20.08.36:917][  0]LogAnalytics: [UEEditor.Rocket.Release] SetUserId dda77f1544752f940c33e380f02beeee|581a2f5c95e34dd8b3eca337ee713eb1|baa8d59f-5337-46fd-ab7b-5719df139748
[2016.03.26-20.08.36:917][  0]LogAnalytics: [UEEditor.Rocket.Release] AnalyticsET::StartSession
[2016.03.26-20.08.36:924][  0]LogInit: Transaction tracking system initialized
[2016.03.26-20.08.36:943][  0]BlueprintLog: New page: Editor Load
[2016.03.26-20.08.37:003][  0]LocalizationService: Info Localization service is disabled
[2016.03.26-20.08.37:057][  0]LogLinker:Warning: Can't find file '/Game/GameProject/FirstPersonOverview'
[2016.03.26-20.08.37:057][  0]LogLinker:Warning: Can't find file '/Game/GameProject/FirstPersonOverview'
[2016.03.26-20.08.37:057][  0]LogUObjectGlobals:Warning: Failed to find object 'Class /Game/GameProject/FirstPersonOverview.FirstPersonOverview_C'
[2016.03.26-20.08.37:067][  0]LogConsoleResponse:Display: 
[2016.03.26-20.08.37:162][  0]LogCook:Display: Done creating registry. It took  0.00s.
[2016.03.26-20.08.37:212][  0]LogFileCache: Scanning file cache for directory 'E:/Computing/Unreal/Unreal Projects/GameProject/Content/' took 0.01s
[2016.03.26-20.08.37:212][  0]SourceControl: Info Source control is disabled
[2016.03.26-20.08.37:213][  0]Cmd: MAP LOAD FILE="E:/Computing/Unreal/Unreal Projects/GameProject/Content/GameProject/Maps/Arena.umap" TEMPLATE=0 SHOWPROGRESS=1 FEATURELEVEL=3
[2016.03.26-20.08.37:213][  0]LightingResults: New page: Lighting Build
[2016.03.26-20.08.37:215][  0]MapCheck: New page: Map Check
[2016.03.26-20.08.37:215][  0]LightingResults: New page: Lighting Build
[2016.03.26-20.08.37:224][  0]LogParticles: Destroying 0 GPU particle simulations for FXSystem 0x000001A3D0CEBB00
[2016.03.26-20.08.37:472][  0]LogLinker:Warning: Can't find file '/Game/GameProject/Blueprints/old'
[2016.03.26-20.08.37:472][  0]LogLinker:Warning: Can't find file for asset '/Game/GameProject/Blueprints/old' while loading E:/Computing/Unreal/Unreal Projects/GameProject/Content/GameProject/Maps/Arena.umap.
[2016.03.26-20.08.37:472][  0]LoadErrors:Error: Error /Game/GameProject/Maps/Arena : Can't find file for asset. /Game/GameProject/Blueprints/old
[2016.03.26-20.08.37:475][  0]LogLinker:Warning: Can't find file '/Game/GameProject/Blueprints/old'
[2016.03.26-20.08.37:475][  0]LogLinker:Warning: Can't find file for asset '/Game/GameProject/Blueprints/old' while loading E:/Computing/Unreal/Unreal Projects/GameProject/Content/GameProject/Maps/Arena.umap.
[2016.03.26-20.08.37:475][  0]LoadErrors:Error: Error /Game/GameProject/Maps/Arena : Can't find file for asset. /Game/GameProject/Blueprints/old
[2016.03.26-20.08.37:477][  0]LogLinker:Warning: Can't find file '/Game/GameProject/Blueprints/old'
[2016.03.26-20.08.37:477][  0]LogLinker:Warning: Can't find file for asset '/Game/GameProject/Blueprints/old' while loading E:/Computing/Unreal/Unreal Projects/GameProject/Content/GameProject/Maps/Arena.umap.
[2016.03.26-20.08.37:477][  0]LoadErrors:Error: Error /Game/GameProject/Maps/Arena : Can't find file for asset. /Game/GameProject/Blueprints/old
[2016.03.26-20.08.37:477][  0]LogLinker:Warning: Can't find file '/Game/GameProject/Blueprints/old'
[2016.03.26-20.08.37:477][  0]LogLinker:Warning: Can't find file for asset '/Game/GameProject/Blueprints/old' while loading E:/Computing/Unreal/Unreal Projects/GameProject/Content/GameProject/Maps/Arena.umap.
[2016.03.26-20.08.37:477][  0]LoadErrors:Error: Error /Game/GameProject/Maps/Arena : Can't find file for asset. /Game/GameProject/Blueprints/old
[2016.03.26-20.08.37:478][  0]LogLinker:Warning: Can't find file '/Game/GameProject/Blueprints/old'
[2016.03.26-20.08.37:478][  0]LogLinker:Warning: Can't find file for asset '/Game/GameProject/Blueprints/old' while loading NULL.
[2016.03.26-20.08.37:478][  0]LogLinker:Warning: Can't find file '/Game/GameProject/Blueprints/old'
[2016.03.26-20.08.37:478][  0]LogLinker:Warning: Can't find file for asset '/Game/GameProject/Blueprints/old' while loading NULL.
[2016.03.26-20.08.37:478][  0]LogLinker:Warning: Can't find file '/Game/GameProject/Blueprints/old'
[2016.03.26-20.08.37:478][  0]LogLinker:Warning: Can't find file for asset '/Game/GameProject/Blueprints/old' while loading NULL.
[2016.03.26-20.08.37:478][  0]LogLinker:Warning: Can't find file '/Game/GameProject/Blueprints/old'
[2016.03.26-20.08.37:478][  0]LogLinker:Warning: Can't find file for asset '/Game/GameProject/Blueprints/old' while loading NULL.
[2016.03.26-20.08.37:481][  0]LogLinker:Warning: Can't find file '/Game/GameProject/Blueprints/old'
[2016.03.26-20.08.37:482][  0]LogLinker:Warning: Can't find file for asset '/Game/GameProject/Blueprints/old' while loading NULL.
[2016.03.26-20.08.37:482][  0]LogLinker:Warning: Can't find file '/Game/GameProject/Blueprints/old'
[2016.03.26-20.08.37:482][  0]LogLinker:Warning: Can't find file for asset '/Game/GameProject/Blueprints/old' while loading NULL.
[2016.03.26-20.08.37:482][  0]LogLinker:Warning: Can't find file '/Game/GameProject/Blueprints/old'
[2016.03.26-20.08.37:482][  0]LogLinker:Warning: Can't find file for asset '/Game/GameProject/Blueprints/old' while loading NULL.
[2016.03.26-20.08.37:482][  0]LogLinker:Warning: Can't find file '/Game/GameProject/Blueprints/old'
[2016.03.26-20.08.37:482][  0]LogLinker:Warning: Can't find file for asset '/Game/GameProject/Blueprints/old' while loading NULL.
[2016.03.26-20.08.37:482][  0]LogLinker:Warning: Can't find file '/Game/GameProject/Blueprints/old'
[2016.03.26-20.08.37:483][  0]LogLinker:Warning: Can't find file for asset '/Game/GameProject/Blueprints/old' while loading NULL.
[2016.03.26-20.08.37:483][  0]LogLinker:Warning: Can't find file '/Game/GameProject/Blueprints/old'
[2016.03.26-20.08.37:483][  0]LogLinker:Warning: Can't find file for asset '/Game/GameProject/Blueprints/old' while loading NULL.
[2016.03.26-20.08.37:488][  0]LogLinker:Warning: Can't find file '/Game/GameProject/Blueprints/old'
[2016.03.26-20.08.37:488][  0]LogLinker:Warning: Can't find file for asset '/Game/GameProject/Blueprints/old' while loading NULL.
[2016.03.26-20.08.37:488][  0]LogLinker:Warning: Can't find file '/Game/GameProject/Blueprints/old'
[2016.03.26-20.08.37:488][  0]LoadErrors: Info Failed to load /Game/GameProject/Blueprints/old.old_C Referenced by PersistentLevel
[2016.03.26-20.08.37:488][  0]LogLinker:Warning: Can't find file for asset '/Game/GameProject/Blueprints/old' while loading NULL.
[2016.03.26-20.08.37:488][  0]LoadErrors: Info Failed to load /Game/GameProject/Blueprints/old.old_C Referenced by PersistentLevel
[2016.03.26-20.08.37:611][  0]LogAIModule: Creating AISystem for world Arena
[2016.03.26-20.08.37:615][  0]LogEditorServer: Finished looking for orphan Actors (0.000 secs)
[2016.03.26-20.08.37:616][  0]Cmd: MAP CHECKDEP NOCLEARLOG
[2016.03.26-20.08.37:687][  0]MapCheck: Info Map check complete: 0 Error(s), 0 Warning(s), took 71.661ms to complete.
[2016.03.26-20.08.37:687][  0]LogFileHelpers: Loading map 'Arena' took 0.475
[2016.03.26-20.08.37:795][  0]LogCollectionManager: Loaded 0 collections in 0.001481 seconds
[2016.03.26-20.08.37:837][  0]LogFileCache: Scanning file cache for directory 'E:/Computing/Unreal/Unreal Projects/GameProject/Saved/Collections/' took 0.01s
[2016.03.26-20.08.37:837][  0]LogFileCache: Scanning file cache for directory 'E:/Computing/Unreal/Unreal Projects/GameProject/Content/Developers/Chris/Collections/' took 0.01s
[2016.03.26-20.08.37:837][  0]LogFileCache: Scanning file cache for directory 'E:/Computing/Unreal/Unreal Projects/GameProject/Content/Collections/' took 0.01s
[2016.03.26-20.08.37:837][  0]LogCollectionManager: Rebuilt the GUID cache for 0 collections in 0.000002 seconds
[2016.03.26-20.08.37:843][  0]LogContentBrowser: Native class hierarchy populated in 0.0062 seconds. Added 1893 classes and 338 folders.
[2016.03.26-20.08.37:848][  0]LogContentBrowser: Native class hierarchy updated for 'WidgetCarousel' in 0.0003 seconds. Added 0 classes and 0 folders.
[2016.03.26-20.08.37:899][  0]LogContentBrowser: Native class hierarchy updated for 'AddContentDialog' in 0.0004 seconds. Added 0 classes and 0 folders.
[2016.03.26-20.08.37:902][  0]LogContentBrowser: Native class hierarchy updated for 'SceneOutliner' in 0.0004 seconds. Added 1 classes and 2 folders.
[2016.03.26-20.08.37:945][  0]LogCrashTracker: Crashtracker disabled due to settings.
[2016.03.26-20.08.37:949][  0]LogUObjectGlobals:Warning: Failed to find object 'Class None.'
[2016.03.26-20.08.37:971][  0]LogLoad: Full Startup: 4.79 seconds (BP compile: 0.09 seconds)
[2016.03.26-20.08.37:980][  0]LogWindowsTextInputMethodSystem:Display: IME system now deactivated.
[2016.03.26-20.08.37:984][  0]LogOcInput: Can't find Oculus library dev build: is proper Runtime installed? Version: 0.8.0.0
[2016.03.26-20.08.37:985][  0]LoadErrors:Warning: Warning CreateExport: Failed to load Outer for resource 'Root': old_C /Game/GameProject/Maps/Arena.Arena:PersistentLevel.old_C_1
[2016.03.26-20.08.37:985][  0]LoadErrors:Warning: Warning CreateExport: Failed to load Outer for resource 'StaticMesh': old_C /Game/GameProject/Maps/Arena.Arena:PersistentLevel.old_C_1
[2016.03.26-20.08.38:029][  0]LogContentStreaming: Texture pool size now 1000 MB
[2016.03.26-20.08.38:162][  0]LogRenderer: Reallocating scene render targets to support 1208x572 (Frame:2).
[2016.03.26-20.08.38:598][  4]LogAssetRegistry: Asset discovery search completed in 2.3022 seconds
[2016.03.26-20.08.38:598][  4]LogCollectionManager: Rebuilt the object cache for 0 collections in 0.000001 seconds (found 0 objects)
[2016.03.26-20.08.38:598][  4]LogCollectionManager: Fixed up redirectors for 0 collections in 0.000015 seconds (updated 0 objects)
[2016.03.26-20.08.53:248][120]LogActorComponent: UnregisterComponent: (/Engine/Transient.ProjectileMovementComponent_40__A6522401) Not registered. Aborting.
[2016.03.26-20.08.53:248][120]LogActorComponent: UnregisterComponent: (/Engine/Transient.CharMoveComp) Not registered. Aborting.
[2016.03.26-20.09.00:385][489]LogLinker:Warning: Asset '../../../Engine/Content/ArtTools/RenderToTexture/Macros/RenderToTextureMacros.uasset' has been saved with empty engine version. The asset will be loaded but may be incompatible.
[2016.03.26-20.09.00:705][489]LogContentBrowser: Native class hierarchy updated for 'BlueprintGraph' in 0.0006 seconds. Added 107 classes and 0 folders.
[2016.03.26-20.09.01:036][489]LogRenderer: Reallocating scene render targets to support 1208x712 (Frame:1186).
[2016.03.26-20.09.12:801][333]LogActorComponent: UnregisterComponent: (/Engine/Transient.ProjectileMovementComponent_40__A6522401) Not registered. Aborting.
[2016.03.26-20.09.12:801][333]LogActorComponent: UnregisterComponent: (/Engine/Transient.CharMoveComp) Not registered. Aborting.
[2016.03.26-20.10.41:759][345]LogActorComponent: UnregisterComponent: (/Engine/Transient.ProjectileMovementComponent_0) Not registered. Aborting.
[2016.03.26-20.10.41:759][345]LogActorComponent: UnregisterComponent: (/Engine/Transient.CharacterMovementComponent_0) Not registered. Aborting.
[2016.03.26-20.10.51:799][155]Cmd: OBJ SAVEPACKAGE PACKAGE="/Game/GameProject/Blueprints/LeftArm" FILE="E:/Computing/Unreal/Unreal Projects/GameProject/Content/GameProject/Blueprints/LeftArm.uasset" SILENT=true
[2016.03.26-20.10.51:819][155]LogSavePackage: Save=16.035513ms
[2016.03.26-20.10.51:819][155]LogSavePackage: Moving 'E:/Computing/Unreal/Unreal Projects/GameProject/Saved/LeftArm3D756A904CAAFB27CE631181E3AA4FC7.tmp' to 'E:/Computing/Unreal/Unreal Projects/GameProject/Content/GameProject/Blueprints/LeftArm.uasset'
[2016.03.26-20.10.51:820][155]LogSavePackage: Total save time: 21.160714ms
[2016.03.26-20.10.51:820][155]LogSavePackage:Display: Finished SavePackage E:/Computing/Unreal/Unreal Projects/GameProject/Content/GameProject/Blueprints/LeftArm.uasset
[2016.03.26-20.10.54:048][249]LogActor:Warning: GameNetworkManager /Engine/Transient.World_5:PersistentLevel.GameNetworkManager_0 has natively added scene component(s), but none of them were set as the actor's RootComponent - picking one arbitrarily
[2016.03.26-20.11.02:514][773]LogUObjectHash:Warning: Ambiguous search, could be K2Node_CallFunction /Game/GameProject/Blueprints/FirstPersonCharacter.FirstPersonCharacter:EventGraph.K2Node_CallFunction_2561 or K2Node_CallFunction /Game/GameProject/Blueprints/LeftArm.LeftArm:EventGraph.K2Node_CallFunction_2561
[2016.03.26-20.11.02:514][773]LogProperty:Warning: Illegal TEXT reference to a private object in external package (EdGraphPin /Game/GameProject/Blueprints/FirstPersonCharacter.FirstPersonCharacter:EventGraph.K2Node_CallFunction_2561.EdGraphPin_6181) from referencer (EdGraphPin /Game/GameProject/Blueprints/LeftArm.LeftArm:EventGraph.K2Node_SpawnActorFromClass_4.EdGraphPin_6135).  Import failed...
[2016.03.26-20.11.02:514][773]LogProperty:Warning: ObjectProperty /Script/Engine.EdGraphPin:LinkedTo.LinkedTo: unresolved reference to 'EdGraphPin'K2Node_CallFunction_2561.EdGraphPin_6181''
[2016.03.26-20.11.02:514][773]LogUObjectHash:Warning: Ambiguous search, could be K2Node_CommutativeAssociativeBinaryOperator /Game/GameProject/Blueprints/FirstPersonCharacter.FirstPersonCharacter:EventGraph.K2Node_CommutativeAssociativeBinaryOperator_36 or K2Node_CommutativeAssociativeBinaryOperator /Game/GameProject/Blueprints/LeftArm.LeftArm:EventGraph.K2Node_CommutativeAssociativeBinaryOperator_36
[2016.03.26-20.11.02:514][773]LogUObjectHash:Warning: Ambiguous search, could be K2Node_CommutativeAssociativeBinaryOperator /Game/GameProject/Blueprints/FirstPersonCharacter.FirstPersonCharacter:EventGraph.K2Node_CommutativeAssociativeBinaryOperator_36 or K2Node_CommutativeAssociativeBinaryOperator /Engine/Transient.PROTO_BP_Blueprint_0:UserConstructionScript.K2Node_CommutativeAssociativeBinaryOperator_36
[2016.03.26-20.11.02:514][773]LogProperty:Warning: Illegal TEXT reference to a private object in external package (EdGraphPin /Game/GameProject/Blueprints/FirstPersonCharacter.FirstPersonCharacter:EventGraph.K2Node_CommutativeAssociativeBinaryOperator_36.EdGraphPin_6205) from referencer (EdGraphPin /Game/GameProject/Blueprints/LeftArm.LeftArm:EventGraph.K2Node_CallFunction_2558.EdGraphPin_6157).  Import failed...
[2016.03.26-20.11.02:514][773]LogProperty:Warning: ObjectProperty /Script/Engine.EdGraphPin:LinkedTo.LinkedTo: unresolved reference to 'EdGraphPin'K2Node_CommutativeAssociativeBinaryOperator_36.EdGraphPin_6205''
[2016.03.26-20.11.02:515][773]LogUObjectHash:Warning: Ambiguous search, could be K2Node_CallFunction /Game/GameProject/Blueprints/FirstPersonCharacter.FirstPersonCharacter:EventGraph.K2Node_CallFunction_2560 or K2Node_CallFunction /Game/GameProject/Blueprints/LeftArm.LeftArm:EventGraph.K2Node_CallFunction_2560
[2016.03.26-20.11.02:515][773]LogProperty:Warning: Illegal TEXT reference to a private object in external package (EdGraphPin /Game/GameProject/Blueprints/FirstPersonCharacter.FirstPersonCharacter:EventGraph.K2Node_CallFunction_2560.EdGraphPin_6169) from referencer (EdGraphPin /Game/GameProject/Blueprints/LeftArm.LeftArm:EventGraph.K2Node_CallFunction_2559.EdGraphPin_6163).  Import failed...
[2016.03.26-20.11.02:515][773]LogProperty:Warning: ObjectProperty /Script/Engine.EdGraphPin:LinkedTo.LinkedTo: unresolved reference to 'EdGraphPin'K2Node_CallFunction_2560.EdGraphPin_6169''
[2016.03.26-20.11.02:515][773]LogUObjectHash:Warning: Ambiguous search, could be K2Node_CallFunction /Game/GameProject/Blueprints/FirstPersonCharacter.FirstPersonCharacter:EventGraph.K2Node_CallFunction_2561 or K2Node_CallFunction /Game/GameProject/Blueprints/LeftArm.LeftArm:EventGraph.K2Node_CallFunction_2561
[2016.03.26-20.11.02:515][773]LogProperty:Warning: Illegal TEXT reference to a private object in external package (EdGraphPin /Game/GameProject/Blueprints/FirstPersonCharacter.FirstPersonCharacter:EventGraph.K2Node_CallFunction_2561.EdGraphPin_6179) from referencer (EdGraphPin /Game/GameProject/Blueprints/LeftArm.LeftArm:EventGraph.K2Node_CallFunction_2559.EdGraphPin_6163).  Import failed...
[2016.03.26-20.11.02:515][773]LogProperty:Warning: ObjectProperty /Script/Engine.EdGraphPin:LinkedTo.LinkedTo: unresolved reference to 'EdGraphPin'K2Node_CallFunction_2561.EdGraphPin_6179''
[2016.03.26-20.11.02:515][773]LogProperty:Warning: Illegal TEXT reference to a private object in external package (EdGraphPin /Game/GameProject/Blueprints/FirstPersonCharacter.FirstPersonCharacter:EventGraph.K2Node_CallFunction_2559.EdGraphPin_6163) from referencer (EdGraphPin /Game/GameProject/Blueprints/LeftArm.LeftArm:EventGraph.K2Node_CallFunction_2560.EdGraphPin_6169).  Import failed...
[2016.03.26-20.11.02:515][773]LogProperty:Warning: ObjectProperty /Script/Engine.EdGraphPin:LinkedTo.LinkedTo: unresolved reference to 'EdGraphPin'K2Node_CallFunction_2559.EdGraphPin_6163''
[2016.03.26-20.11.02:515][773]LogUObjectHash:Warning: Ambiguous search, could be K2Node_CallFunction /Game/GameProject/Blueprints/FirstPersonCharacter.FirstPersonCharacter:EventGraph.K2Node_CallFunction_2562 or K2Node_CallFunction /Game/GameProject/Blueprints/LeftArm.LeftArm:EventGraph.K2Node_CallFunction_2562
[2016.03.26-20.11.02:515][773]LogProperty:Warning: Illegal TEXT reference to a private object in external package (EdGraphPin /Game/GameProject/Blueprints/FirstPersonCharacter.FirstPersonCharacter:EventGraph.K2Node_CallFunction_2562.EdGraphPin_6193) from referencer (EdGraphPin /Game/GameProject/Blueprints/LeftArm.LeftArm:EventGraph.K2Node_CallFunction_2560.EdGraphPin_6170).  Import failed...
[2016.03.26-20.11.02:515][773]LogProperty:Warning: ObjectProperty /Script/Engine.EdGraphPin:LinkedTo.LinkedTo: unresolved reference to 'EdGraphPin'K2Node_CallFunction_2562.EdGraphPin_6193''
[2016.03.26-20.11.02:515][773]LogUObjectHash:Warning: Ambiguous search, could be K2Node_CommutativeAssociativeBinaryOperator /Game/GameProject/Blueprints/FirstPersonCharacter.FirstPersonCharacter:EventGraph.K2Node_CommutativeAssociativeBinaryOperator_36 or K2Node_CommutativeAssociativeBinaryOperator /Game/GameProject/Blueprints/LeftArm.LeftArm:EventGraph.K2Node_CommutativeAssociativeBinaryOperator_36
[2016.03.26-20.11.02:515][773]LogUObjectHash:Warning: Ambiguous search, could be K2Node_CommutativeAssociativeBinaryOperator /Game/GameProject/Blueprints/FirstPersonCharacter.FirstPersonCharacter:EventGraph.K2Node_CommutativeAssociativeBinaryOperator_36 or K2Node_CommutativeAssociativeBinaryOperator /Engine/Transient.PROTO_BP_Blueprint_0:UserConstructionScript.K2Node_CommutativeAssociativeBinaryOperator_36
[2016.03.26-20.11.02:515][773]LogProperty:Warning: Illegal TEXT reference to a private object in external package (EdGraphPin /Game/GameProject/Blueprints/FirstPersonCharacter.FirstPersonCharacter:EventGraph.K2Node_CommutativeAssociativeBinaryOperator_36.EdGraphPin_6207) from referencer (EdGraphPin /Game/GameProject/Blueprints/LeftArm.LeftArm:EventGraph.K2Node_CallFunction_2561.EdGraphPin_6178).  Import failed...
[2016.03.26-20.11.02:515][773]LogProperty:Warning: ObjectProperty /Script/Engine.EdGraphPin:LinkedTo.LinkedTo: unresolved reference to 'EdGraphPin'K2Node_CommutativeAssociativeBinaryOperator_36.EdGraphPin_6207''
[2016.03.26-20.11.02:515][773]LogProperty:Warning: Illegal TEXT reference to a private object in external package (EdGraphPin /Game/GameProject/Blueprints/FirstPersonCharacter.FirstPersonCharacter:EventGraph.K2Node_CallFunction_2559.EdGraphPin_6163) from referencer (EdGraphPin /Game/GameProject/Blueprints/LeftArm.LeftArm:EventGraph.K2Node_CallFunction_2561.EdGraphPin_6179).  Import failed...
[2016.03.26-20.11.02:515][773]LogProperty:Warning: ObjectProperty /Script/Engine.EdGraphPin:LinkedTo.LinkedTo: unresolved reference to 'EdGraphPin'K2Node_CallFunction_2559.EdGraphPin_6163''
[2016.03.26-20.11.02:516][773]LogUObjectHash:Warning: Ambiguous search, could be K2Node_CommutativeAssociativeBinaryOperator /Game/GameProject/Blueprints/FirstPersonCharacter.FirstPersonCharacter:EventGraph.K2Node_CommutativeAssociativeBinaryOperator_36 or K2Node_CommutativeAssociativeBinaryOperator /Game/GameProject/Blueprints/LeftArm.LeftArm:EventGraph.K2Node_CommutativeAssociativeBinaryOperator_36
[2016.03.26-20.11.02:516][773]LogUObjectHash:Warning: Ambiguous search, could be K2Node_CommutativeAssociativeBinaryOperator /Game/GameProject/Blueprints/FirstPersonCharacter.FirstPersonCharacter:EventGraph.K2Node_CommutativeAssociativeBinaryOperator_36 or K2Node_CommutativeAssociativeBinaryOperator /Engine/Transient.PROTO_BP_Blueprint_0:UserConstructionScript.K2Node_CommutativeAssociativeBinaryOperator_36
[2016.03.26-20.11.02:516][773]LogProperty:Warning: Illegal TEXT reference to a private object in external package (EdGraphPin /Game/GameProject/Blueprints/FirstPersonCharacter.FirstPersonCharacter:EventGraph.K2Node_CommutativeAssociativeBinaryOperator_36.EdGraphPin_6206) from referencer (EdGraphPin /Game/GameProject/Blueprints/LeftArm.LeftArm:EventGraph.K2Node_CallFunction_2562.EdGraphPin_6195).  Import failed...
[2016.03.26-20.11.02:516][773]LogProperty:Warning: ObjectProperty /Script/Engine.EdGraphPin:LinkedTo.LinkedTo: unresolved reference to 'EdGraphPin'K2Node_CommutativeAssociativeBinaryOperator_36.EdGraphPin_6206''
[2016.03.26-20.11.07:271][178]LogActorComponent: UnregisterComponent: (/Engine/Transient.ProjectileMovementComponent_40__A6522401) Not registered. Aborting.
[2016.03.26-20.11.07:271][178]LogActorComponent: UnregisterComponent: (/Engine/Transient.CharMoveComp) Not registered. Aborting.
[2016.03.26-20.11.07:293][178]LogParticles: Destroying 0 GPU particle simulations for FXSystem 0x000001A3C13D04A0
[2016.03.26-20.11.07:344][178]Cmd: OBJ SAVEPACKAGE PACKAGE="/Game/GameProject/Blueprints/LeftArm" FILE="E:/Computing/Unreal/Unreal Projects/GameProject/Content/GameProject/Blueprints/LeftArm.uasset" SILENT=true
[2016.03.26-20.11.07:378][178]LogSavePackage: Save=22.600908ms
[2016.03.26-20.11.07:378][178]LogSavePackage: Moving 'E:/Computing/Unreal/Unreal Projects/GameProject/Saved/LeftArm7D7EB27947F5BBEB25A4659298E68B09.tmp' to 'E:/Computing/Unreal/Unreal Projects/GameProject/Content/GameProject/Blueprints/LeftArm.uasset'
[2016.03.26-20.11.07:379][178]LogSavePackage: Total save time: 34.299515ms
[2016.03.26-20.11.07:379][178]LogSavePackage:Display: Finished SavePackage E:/Computing/Unreal/Unreal Projects/GameProject/Content/GameProject/Blueprints/LeftArm.uasset
[2016.03.26-20.12.52:645][435]Cmd: DELETE
[2016.03.26-20.12.52:645][435]Cmd: ACTOR DELETE
[2016.03.26-20.12.52:646][435]LogEditorActor: Deleted Actor: LeftArm_C
[2016.03.26-20.12.52:647][435]LogActorComponent: UnregisterComponent: (/Engine/Transient.ProjectileMovementComponent_40__A6522401) Not registered. Aborting.
[2016.03.26-20.12.52:647][435]LogActorComponent: UnregisterComponent: (/Engine/Transient.CharMoveComp) Not registered. Aborting.
[2016.03.26-20.12.52:672][435]LogEditorActor: Deleted 1 Actors (0.026 secs)
[2016.03.26-20.13.03:341][772]Cmd: OBJ SAVEPACKAGE PACKAGE="/Game/GameProject/Maps/Arena" FILE="E:/Computing/Unreal/Unreal Projects/GameProject/Content/GameProject/Maps/Arena.umap" SILENT=true AUTOSAVING=false KEEPDIRTY=false
[2016.03.26-20.13.03:672][772]LogSavePackage: Save=262.793549ms
[2016.03.26-20.13.03:672][772]LogSavePackage: Moving 'E:/Computing/Unreal/Unreal Projects/GameProject/Saved/Arena7173E40B45939D7B56BEF5B10A5CF7BB.tmp' to 'E:/Computing/Unreal/Unreal Projects/GameProject/Content/GameProject/Maps/Arena.umap'
[2016.03.26-20.13.03:675][772]LogSavePackage: Total save time: 310.782906ms
[2016.03.26-20.13.03:675][772]LogSavePackage:Display: Finished SavePackage E:/Computing/Unreal/Unreal Projects/GameProject/Content/GameProject/Maps/Arena.umap
[2016.03.26-20.13.03:694][772]LogFileHelpers: Saving map 'Arena' took 0.444
[2016.03.26-20.13.03:715][772]Cmd: OBJ SAVEPACKAGE PACKAGE="/Game/GameProject/Blueprints/LeftArm" FILE="E:/Computing/Unreal/Unreal Projects/GameProject/Content/GameProject/Blueprints/LeftArm.uasset" SILENT=true
[2016.03.26-20.13.03:747][772]LogSavePackage: Save=23.390486ms
[2016.03.26-20.13.03:747][772]LogSavePackage: Moving 'E:/Computing/Unreal/Unreal Projects/GameProject/Saved/LeftArmFA22CD754561BAE38F6E129FCA9480F9.tmp' to 'E:/Computing/Unreal/Unreal Projects/GameProject/Content/GameProject/Blueprints/LeftArm.uasset'
[2016.03.26-20.13.03:749][772]LogSavePackage: Total save time: 32.848436ms
[2016.03.26-20.13.03:749][772]LogSavePackage:Display: Finished SavePackage E:/Computing/Unreal/Unreal Projects/GameProject/Content/GameProject/Blueprints/LeftArm.uasset
[2016.03.26-20.13.06:259][867]LogBlueprintUserMessages: Early PlayInEditor Detection: Level '/Game/GameProject/Maps/Arena.Arena:PersistentLevel' has LevelScriptBlueprint '/Game/GameProject/Maps/Arena.Arena:PersistentLevel.Arena' with GeneratedClass '/Game/GameProject/Maps/Arena.Arena_C' with ClassGeneratedBy '/Game/GameProject/Maps/Arena.Arena:PersistentLevel.Arena'
[2016.03.26-20.13.06:259][867]BlueprintLog: New page: Pre-Play auto-recompile
[2016.03.26-20.13.06:261][867]LogActorComponent: UnregisterComponent: (/Engine/Transient.ProjectileMovementComponent_40__A6522401) Not registered. Aborting.
[2016.03.26-20.13.06:261][867]LogActorComponent: UnregisterComponent: (/Engine/Transient.CharMoveComp) Not registered. Aborting.
[2016.03.26-20.13.06:263][867]LogPlayLevel: [PlayLevel] Compiling LeftArm before play...
[2016.03.26-20.13.06:309][867]LogPlayLevel: PlayLevel: Blueprint regeneration took 49 ms (1 blueprints)
[2016.03.26-20.13.06:332][867]PIE: New page: PIE session: Arena (26 Mar 2016 20:13:06)
[2016.03.26-20.13.06:332][867]LogPlayLevel: Creating play world package: /Game/GameProject/Maps/UEDPIE_0_Arena
[2016.03.26-20.13.06:358][867]LogPlayLevel: PIE: StaticDuplicateObject took: (0.026057s)
[2016.03.26-20.13.06:359][867]LogAIModule: Creating AISystem for world Arena
[2016.03.26-20.13.06:360][867]LogPlayLevel: PIE: World Init took: (0.001208s)
[2016.03.26-20.13.06:360][867]LogPlayLevel: PIE: Created PIE world by copying editor world from /Game/GameProject/Maps/Arena.Arena to /Game/GameProject/Maps/UEDPIE_0_Arena.Arena (0.027498s)
[2016.03.26-20.13.06:390][867]LogInit: XAudio2 using 'Speakers (2- High Definition Audio Device)' : 2 channels at 44.1 kHz using 16 bits per sample (channel mask 0x3)
[2016.03.26-20.13.06:397][867]LogInit: FAudioDevice initialized.
[2016.03.26-20.13.06:447][867]LogWorld: Game class is 'FirstPersonGameMode_C'
[2016.03.26-20.13.06:453][867]LogWorld: Bringing World /Game/GameProject/Maps/UEDPIE_0_Arena.Arena up for play (max tick rate 0) at 2016.03.26-20.13.06
[2016.03.26-20.13.06:453][867]LogActor:Warning: GameSession /Game/GameProject/Maps/UEDPIE_0_Arena.Arena:PersistentLevel.GameSession_0 has natively added scene component(s), but none of them were set as the actor's RootComponent - picking one arbitrarily
[2016.03.26-20.13.06:453][867]LogActor:Warning: GameNetworkManager /Game/GameProject/Maps/UEDPIE_0_Arena.Arena:PersistentLevel.GameNetworkManager_1 has natively added scene component(s), but none of them were set as the actor's RootComponent - picking one arbitrarily
[2016.03.26-20.13.06:453][867]LogWorld: Bringing up level for play took: 0.005314
[2016.03.26-20.13.06:461][867]PIE: Info Play in editor start time for /Game/GameProject/Maps/UEDPIE_0_Arena 0.279
[2016.03.26-20.13.06:461][867]LogBlueprintUserMessages: Late PlayInEditor Detection: Level '/Game/GameProject/Maps/Arena.Arena:PersistentLevel' has LevelScriptBlueprint '/Game/GameProject/Maps/Arena.Arena:PersistentLevel.Arena' with GeneratedClass '/Game/GameProject/Maps/Arena.Arena_C' with ClassGeneratedBy '/Game/GameProject/Maps/Arena.Arena:PersistentLevel.Arena'
[2016.03.26-20.13.09:653][ 90]LogBlueprintUserMessages: Early EndPlayMap Detection: Level '/Game/GameProject/Maps/Arena.Arena:PersistentLevel' has LevelScriptBlueprint '/Game/GameProject/Maps/Arena.Arena:PersistentLevel.Arena' with GeneratedClass '/Game/GameProject/Maps/Arena.Arena_C' with ClassGeneratedBy '/Game/GameProject/Maps/Arena.Arena:PersistentLevel.Arena'
[2016.03.26-20.13.09:702][ 90]LogBlueprintUserMessages: Late EndPlayMap Detection: Level '/Game/GameProject/Maps/Arena.Arena:PersistentLevel' has LevelScriptBlueprint '/Game/GameProject/Maps/Arena.Arena:PersistentLevel.Arena' with GeneratedClass '/Game/GameProject/Maps/Arena.Arena_C' with ClassGeneratedBy '/Game/GameProject/Maps/Arena.Arena:PersistentLevel.Arena'
[2016.03.26-20.13.09:785][ 91]LogParticles: Destroying 0 GPU particle simulations for FXSystem 0x000001A3981282C0
[2016.03.26-20.13.11:480][155]Cmd: OBJ SAVEPACKAGE PACKAGE="/Game/GameProject/Maps/Arena" FILE="E:/Computing/Unreal/Unreal Projects/GameProject/Content/GameProject/Maps/Arena.umap" SILENT=true AUTOSAVING=false KEEPDIRTY=false
[2016.03.26-20.13.11:765][155]LogSavePackage: Save=254.742188ms
[2016.03.26-20.13.11:765][155]LogSavePackage: Moving 'E:/Computing/Unreal/Unreal Projects/GameProject/Saved/ArenaA6914CA6476B6AA00858D7ACB7F74A00.tmp' to 'E:/Computing/Unreal/Unreal Projects/GameProject/Content/GameProject/Maps/Arena.umap'
[2016.03.26-20.13.11:768][155]LogSavePackage: Total save time: 265.107539ms
[2016.03.26-20.13.11:768][155]LogSavePackage:Display: Finished SavePackage E:/Computing/Unreal/Unreal Projects/GameProject/Content/GameProject/Maps/Arena.umap
[2016.03.26-20.13.11:787][155]LogFileHelpers: Saving map 'Arena' took 0.394
[2016.03.26-20.13.15:176][294]LogActorComponent: UnregisterComponent: (/Engine/Transient.EditorFloorComp) Not registered. Aborting.
[2016.03.26-20.13.23:803][805]LogActorComponent: UnregisterComponent: (/Engine/Transient.EditorFloorComp) Not registered. Aborting.
[2016.03.26-20.13.28:079][109]LogEditorViewport: Clicking on Actor (LMB): BP_Sky_Sphere_C (SkySphereBlueprint)
[2016.03.26-20.13.30:040][244]LogParticles: Destroying 0 GPU particle simulations for FXSystem 0x000001A3C16CE840
[2016.03.26-20.13.30:042][244]LogParticles: Destroying 0 GPU particle simulations for FXSystem 0x000001A39CA220C0
[2016.03.26-20.13.44:774][291]LogWindowsTextInputMethodSystem:Display: IME system now deactivated.
[2016.03.26-20.13.44:955][292]Cmd: QUIT_EDITOR
[2016.03.26-20.13.45:900][292]LogExit: Preparing to exit.
[2016.03.26-20.13.46:387][292]LogExit: Editor shut down
[2016.03.26-20.13.46:387][292]LogExit: Transaction tracking system shut down
[2016.03.26-20.13.46:389][292]LogParticles: Destroying 0 GPU particle simulations for FXSystem 0x000001A3C2CE7E20
[2016.03.26-20.13.46:390][292]LogParticles: Destroying 0 GPU particle simulations for FXSystem 0x000001A3D98C0540
[2016.03.26-20.13.46:390][292]LogParticles: Destroying 0 GPU particle simulations for FXSystem 0x000001A3D9633B00
[2016.03.26-20.13.46:390][292]LogParticles: Destroying 0 GPU particle simulations for FXSystem 0x000001A3E325D620
[2016.03.26-20.13.46:392][292]LogParticles: Destroying 0 GPU particle simulations for FXSystem 0x000001A392135940
[2016.03.26-20.13.46:549][292]LogExit: Object subsystem successfully closed.
[2016.03.26-20.13.46:566][292]LogD3D11RHI: Shutdown
[2016.03.26-20.13.46:566][292]LogD3D11RHI: CleanupD3DDevice
[2016.03.26-20.13.46:623][292]LogD3D11RHI: ~FD3D11DynamicRHI
[2016.03.26-20.13.46:646][292]LogModuleManager: Shutting down and abandoning module CookingStats (200)
[2016.03.26-20.13.46:646][292]LogModuleManager: Shutting down and abandoning module BlueprintGraph (199)
[2016.03.26-20.13.46:646][292]LogModuleManager: Shutting down and abandoning module CrashTracker (198)
[2016.03.26-20.13.46:646][292]LogModuleManager: Shutting down and abandoning module SceneOutliner (197)
[2016.03.26-20.13.46:646][292]LogModuleManager: Shutting down and abandoning module SuperSearch (196)
[2016.03.26-20.13.46:646][292]LogModuleManager: Shutting down and abandoning module WidgetCarousel (195)
[2016.03.26-20.13.46:646][292]LogModuleManager: Shutting down and abandoning module AddContentDialog (194)
[2016.03.26-20.13.46:647][292]LogModuleManager: Shutting down and abandoning module EditorWidgets (193)
[2016.03.26-20.13.46:647][292]LogModuleManager: Shutting down and abandoning module CollectionManager (192)
[2016.03.26-20.13.46:647][292]LogModuleManager: Shutting down and abandoning module StatsViewer (191)
[2016.03.26-20.13.46:648][292]LogModuleManager: Shutting down and abandoning module FoliageEdit (190)
[2016.03.26-20.13.46:648][292]LogModuleManager: Shutting down and abandoning module LandscapeEditor (189)
[2016.03.26-20.13.46:648][292]LogModuleManager: Shutting down and abandoning module ActorPickerMode (188)
[2016.03.26-20.13.46:648][292]LogModuleManager: Shutting down and abandoning module GeometryMode (187)
[2016.03.26-20.13.46:648][292]LogModuleManager: Shutting down and abandoning module TextureAlignMode (186)
[2016.03.26-20.13.46:648][292]LogModuleManager: Shutting down and abandoning module BspMode (185)
[2016.03.26-20.13.46:648][292]LogModuleManager: Shutting down and abandoning module PlacementMode (184)
[2016.03.26-20.13.46:648][292]LogModuleManager: Shutting down and abandoning module AutomationWorker (183)
[2016.03.26-20.13.46:648][292]LogModuleManager: Shutting down and abandoning module CharacterAI (182)
[2016.03.26-20.13.46:648][292]LogModuleManager: Shutting down and abandoning module SmartSnapping (181)
[2016.03.26-20.13.46:648][292]LogModuleManager: Shutting down and abandoning module ViewportSnapping (180)
[2016.03.26-20.13.46:648][292]LogModuleManager: Shutting down and abandoning module LogVisualizer (179)
[2016.03.26-20.13.46:648][292]LogModuleManager: Shutting down and abandoning module GameProjectGeneration (178)
[2016.03.26-20.13.46:648][292]LogModuleManager: Shutting down and abandoning module IntroTutorials (177)
[2016.03.26-20.13.46:648][292]LogModuleManager: Shutting down and abandoning module EditorLiveStreaming (176)
[2016.03.26-20.13.46:648][292]LogModuleManager: Shutting down and abandoning module IOSPlatformEditor (175)
[2016.03.26-20.13.46:648][292]LogModuleManager: Shutting down and abandoning module HTML5PlatformEditor (174)
[2016.03.26-20.13.46:648][292]LogModuleManager: Shutting down and abandoning module AndroidDeviceDetection (173)
[2016.03.26-20.13.47:142][292]LogModuleManager: Shutting down and abandoning module AndroidPlatformEditor (172)
[2016.03.26-20.13.47:142][292]LogModuleManager: Shutting down and abandoning module IOSRuntimeSettings (171)
[2016.03.26-20.13.47:142][292]LogModuleManager: Shutting down and abandoning module AndroidRuntimeSettings (170)
[2016.03.26-20.13.47:142][292]LogModuleManager: Shutting down and abandoning module MergeActors (169)
[2016.03.26-20.13.47:142][292]LogModuleManager: Shutting down and abandoning module SizeMap (168)
[2016.03.26-20.13.47:142][292]LogModuleManager: Shutting down and abandoning module TreeMap (167)
[2016.03.26-20.13.47:142][292]LogModuleManager: Shutting down and abandoning module ReferenceViewer (166)
[2016.03.26-20.13.47:142][292]LogModuleManager: Shutting down and abandoning module LocalizationService (165)
[2016.03.26-20.13.47:142][292]LogModuleManager: Shutting down and abandoning module LocalizationDashboard (164)
[2016.03.26-20.13.47:143][292]LogModuleManager: Shutting down and abandoning module HardwareTargeting (163)
[2016.03.26-20.13.47:143][292]LogModuleManager: Shutting down and abandoning module DeviceProfileEditor (162)
[2016.03.26-20.13.47:143][292]LogModuleManager: Shutting down and abandoning module UndoHistory (161)
[2016.03.26-20.13.47:143][292]LogModuleManager: Shutting down and abandoning module GameplayTagsEditor (160)
[2016.03.26-20.13.47:143][292]LogModuleManager: Shutting down and abandoning module UserFeedback (159)
[2016.03.26-20.13.47:143][292]LogModuleManager: Shutting down and abandoning module XmlParser (158)
[2016.03.26-20.13.47:143][292]LogModuleManager: Shutting down and abandoning module Blutility (157)
[2016.03.26-20.13.47:143][292]LogModuleManager: Shutting down and abandoning module ProjectTargetPlatformEditor (156)
[2016.03.26-20.13.47:143][292]LogModuleManager: Shutting down and abandoning module ProjectSettingsViewer (155)
[2016.03.26-20.13.47:143][292]LogModuleManager: Shutting down and abandoning module InputBindingEditor (154)
[2016.03.26-20.13.47:143][292]LogModuleManager: Shutting down and abandoning module EditorSettingsViewer (153)
[2016.03.26-20.13.47:143][292]LogModuleManager: Shutting down and abandoning module SettingsEditor (152)
[2016.03.26-20.13.47:143][292]LogModuleManager: Shutting down and abandoning module ProjectLauncher (151)
[2016.03.26-20.13.47:143][292]LogModuleManager: Shutting down and abandoning module SessionFrontend (150)
[2016.03.26-20.13.47:143][292]LogModuleManager: Shutting down and abandoning module ProfilerClient (149)
[2016.03.26-20.13.47:143][292]LogModuleManager: Shutting down and abandoning module TargetDeviceServices (148)
[2016.03.26-20.13.47:143][292]LogModuleManager: Shutting down and abandoning module DeviceManager (147)
[2016.03.26-20.13.47:143][292]LogModuleManager: Shutting down and abandoning module AutomationController (146)
[2016.03.26-20.13.47:143][292]LogModuleManager: Shutting down and abandoning module AutomationWindow (145)
[2016.03.26-20.13.47:144][292]LogModuleManager: Shutting down and abandoning module Layers (144)
[2016.03.26-20.13.47:144][292]LogModuleManager: Shutting down and abandoning module ComponentVisualizers (143)
[2016.03.26-20.13.47:144][292]LogModuleManager: Shutting down and abandoning module DetailCustomizations (142)
[2016.03.26-20.13.47:144][292]LogModuleManager: Shutting down and abandoning module PackagesDialog (141)
[2016.03.26-20.13.47:144][292]LogModuleManager: Shutting down and abandoning module Persona (140)
[2016.03.26-20.13.47:144][292]LogModuleManager: Shutting down and abandoning module Kismet (139)
[2016.03.26-20.13.47:144][292]LogModuleManager: Shutting down and abandoning module GraphEditor (138)
[2016.03.26-20.13.47:144][292]LogModuleManager: Shutting down and abandoning module ClassViewer (137)
[2016.03.26-20.13.47:146][292]LogModuleManager: Shutting down and abandoning module Toolbox (136)
[2016.03.26-20.13.47:146][292]LogModuleManager: Shutting down and abandoning module ModuleUI (135)
[2016.03.26-20.13.47:146][292]LogModuleManager: Shutting down and abandoning module MovieSceneTools (134)
[2016.03.26-20.13.47:146][292]LogModuleManager: Shutting down and abandoning module OutputLog (133)
[2016.03.26-20.13.47:146][292]LogModuleManager: Shutting down and abandoning module GammaUI (132)
[2016.03.26-20.13.47:146][292]LogModuleManager: Shutting down and abandoning module Documentation (131)
[2016.03.26-20.13.47:146][292]LogModuleManager: Shutting down and abandoning module GameLiveStreaming (130)
[2016.03.26-20.13.47:146][292]LogModuleManager: Shutting down and abandoning module StreamingPauseRendering (129)
[2016.03.26-20.13.47:146][292]LogModuleManager: Shutting down and abandoning module AnalyticsET (128)
[2016.03.26-20.13.47:147][292]LogModuleManager: Shutting down and abandoning module Analytics (127)
[2016.03.26-20.13.47:147][292]LogModuleManager: Shutting down and abandoning module AITestSuite (126)
[2016.03.26-20.13.47:147][292]LogModuleManager: Shutting down and abandoning module GameplayDebugger (125)
[2016.03.26-20.13.47:147][292]LogModuleManager: Shutting down and abandoning module AIModule (124)
[2016.03.26-20.13.47:147][292]LogModuleManager: Shutting down and abandoning module ProfilerService (123)
[2016.03.26-20.13.47:195][292]LogModuleManager: Shutting down and abandoning module TaskGraph (122)
[2016.03.26-20.13.47:196][292]LogModuleManager: Shutting down and abandoning module SlateRemote (121)
[2016.03.26-20.13.47:196][292]LogModuleManager: Shutting down and abandoning module SteamVRController (120)
[2016.03.26-20.13.47:196][292]LogModuleManager: Shutting down and abandoning module SteamVR (119)
[2016.03.26-20.13.47:196][292]LogModuleManager: Shutting down and abandoning module ProceduralMeshComponent (118)
[2016.03.26-20.13.47:196][292]LogModuleManager: Shutting down and abandoning module OculusLibrary (117)
[2016.03.26-20.13.47:196][292]LogModuleManager: Shutting down and abandoning module OculusInput (116)
[2016.03.26-20.13.47:196][292]LogModuleManager: Shutting down and abandoning module LeapMotionController (115)
[2016.03.26-20.13.47:224][292]LogModuleManager: Shutting down and abandoning module CustomMeshComponent (114)
[2016.03.26-20.13.47:224][292]LogModuleManager: Shutting down and abandoning module CableComponent (113)
[2016.03.26-20.13.47:224][292]LogModuleManager: Shutting down and abandoning module ArchVisCharacter (112)
[2016.03.26-20.13.47:224][292]LogModuleManager: Shutting down and abandoning module MessagingDebugger (111)
[2016.03.26-20.13.47:224][292]LogModuleManager: Shutting down and abandoning module MediaPlayerEditor (110)
[2016.03.26-20.13.47:224][292]LogModuleManager: Shutting down and abandoning module HTML5Networking (109)
[2016.03.26-20.13.47:224][292]LogModuleManager: Shutting down and abandoning module SpeedTreeImporter (108)
[2016.03.26-20.13.47:224][292]LogModuleManager: Shutting down and abandoning module PluginBrowser (107)
[2016.03.26-20.13.47:224][292]LogModuleManager: Shutting down and abandoning module EpicSurvey (106)
[2016.03.26-20.13.47:224][292]LogModuleManager: Shutting down and abandoning module DesktopPlatform (105)
[2016.03.26-20.13.47:225][292]LogModuleManager: Shutting down and abandoning module VisualStudioSourceCodeAccess (104)
[2016.03.26-20.13.47:225][292]LogModuleManager: Shutting down and abandoning module UObjectPlugin (103)
[2016.03.26-20.13.47:225][292]LogModuleManager: Shutting down and abandoning module SubversionSourceControl (102)
[2016.03.26-20.13.47:225][292]LogModuleManager: Shutting down and abandoning module PerforceSourceControl (101)
[2016.03.26-20.13.47:225][292]LogModuleManager: Shutting down and abandoning module SourceControl (100)
[2016.03.26-20.13.47:225][292]LogModuleManager: Shutting down and abandoning module GitSourceControl (99)
[2016.03.26-20.13.47:225][292]LogModuleManager: Shutting down and abandoning module LightPropagationVolumeEditor (98)
[2016.03.26-20.13.47:225][292]LogModuleManager: Shutting down and abandoning module PaperTiledImporter (97)
[2016.03.26-20.13.47:225][292]LogModuleManager: Shutting down and abandoning module PaperSpriteSheetImporter (96)
[2016.03.26-20.13.47:225][292]LogModuleManager: Shutting down and abandoning module MeshPaint (95)
[2016.03.26-20.13.47:225][292]LogModuleManager: Shutting down and abandoning module SlateReflector (94)
[2016.03.26-20.13.47:225][292]LogModuleManager: Shutting down and abandoning module HotReload (93)
[2016.03.26-20.13.47:225][292]LogModuleManager: Shutting down and abandoning module MainFrame (92)
[2016.03.26-20.13.47:225][292]LogModuleManager: Shutting down and abandoning module LevelEditor (91)
[2016.03.26-20.13.47:226][292]LogModuleManager: Shutting down and abandoning module DirectoryWatcher (90)
[2016.03.26-20.13.47:228][292]LogModuleManager: Shutting down and abandoning module AssetRegistry (89)
[2016.03.26-20.13.47:353][292]LogModuleManager: Shutting down and abandoning module ContentBrowser (88)
[2016.03.26-20.13.47:354][292]LogModuleManager: Shutting down and abandoning module Paper2DEditor (87)
[2016.03.26-20.13.47:354][292]LogModuleManager: Shutting down and abandoning module UdpMessaging (86)
[2016.03.26-20.13.47:454][292]LogModuleManager: Shutting down and abandoning module LightPropagationVolumeRuntime (85)
[2016.03.26-20.13.47:454][292]LogModuleManager: Shutting down and abandoning module Paper2D (84)
[2016.03.26-20.13.47:454][292]LogModuleManager: Shutting down and abandoning module WindowsMoviePlayer (83)
[2016.03.26-20.13.47:459][292]LogModuleManager: Shutting down and abandoning module Media (82)
[2016.03.26-20.13.47:459][292]LogModuleManager: Shutting down and abandoning module WmfMedia (81)
[2016.03.26-20.13.47:459][292]LogModuleManager: Shutting down and abandoning module OnlineBlueprintSupport (80)
[2016.03.26-20.13.47:459][292]LogModuleManager: Shutting down and abandoning module GameplayTasksEditor (79)
[2016.03.26-20.13.47:459][292]LogModuleManager: Shutting down and abandoning module PropertyEditor (78)
[2016.03.26-20.13.47:459][292]LogModuleManager: Shutting down and abandoning module BehaviorTreeEditor (77)
[2016.03.26-20.13.47:459][292]LogModuleManager: Shutting down and abandoning module FunctionalTesting (76)
[2016.03.26-20.13.47:459][292]LogModuleManager: Shutting down and abandoning module CollisionAnalyzer (75)
[2016.03.26-20.13.47:459][292]LogModuleManager: Shutting down and abandoning module WorkspaceMenuStructure (74)
[2016.03.26-20.13.47:459][292]LogModuleManager: Shutting down and abandoning module MessageLog (73)
[2016.03.26-20.13.47:459][292]LogModuleManager: Shutting down and abandoning module Sequencer (72)
[2016.03.26-20.13.47:460][292]LogModuleManager: Shutting down and abandoning module AssetTools (71)
[2016.03.26-20.13.47:460][292]LogModuleManager: Shutting down and abandoning module UMGEditor (70)
[2016.03.26-20.13.47:460][292]LogModuleManager: Shutting down and abandoning module UMG (69)
[2016.03.26-20.13.47:460][292]LogModuleManager: Shutting down and abandoning module Slate (68)
[2016.03.26-20.13.47:460][292]LogModuleManager: Shutting down and abandoning module EditorStyle (67)
[2016.03.26-20.13.47:465][292]LogModuleManager: Shutting down and abandoning module SessionServices (66)
[2016.03.26-20.13.47:465][292]LogModuleManager: Shutting down and abandoning module SourceCodeAccess (65)
[2016.03.26-20.13.47:465][292]LogModuleManager: Shutting down and abandoning module HeadMountedDisplay (64)
[2016.03.26-20.13.47:465][292]LogModuleManager: Shutting down and abandoning module XAudio2 (63)
[2016.03.26-20.13.47:465][292]LogModuleManager: Shutting down and abandoning module Networking (61)
[2016.03.26-20.13.47:465][292]LogModuleManager: Shutting down and abandoning module Core (60)
[2016.03.26-20.13.47:465][292]LogModuleManager: Shutting down and abandoning module KismetCompiler (59)
[2016.03.26-20.13.47:465][292]LogModuleManager: Shutting down and abandoning module PhysXFormats (58)
[2016.03.26-20.13.47:465][292]LogModuleManager: Shutting down and abandoning module MeshUtilities (57)
[2016.03.26-20.13.47:465][292]LogModuleManager: Shutting down and abandoning module DerivedDataCache (56)
[2016.03.26-20.13.47:502][292]LogDerivedDataCache: Shutdown
[2016.03.26-20.13.47:502][292]LogModuleManager: Shutting down and abandoning module ShaderFormatOpenGL (55)
[2016.03.26-20.13.47:502][292]LogModuleManager: Shutting down and abandoning module ShaderFormatD3D (54)
[2016.03.26-20.13.47:502][292]LogModuleManager: Shutting down and abandoning module MetalShaderFormat (53)
[2016.03.26-20.13.47:502][292]LogModuleManager: Shutting down and abandoning module TextureFormatUncompressed (52)
[2016.03.26-20.13.47:502][292]LogModuleManager: Shutting down and abandoning module TextureFormatPVR (51)
[2016.03.26-20.13.47:502][292]LogModuleManager: Shutting down and abandoning module TextureFormatIntelISPCTexComp (50)
[2016.03.26-20.13.47:502][292]LogModuleManager: Shutting down and abandoning module TextureFormatDXT (49)
[2016.03.26-20.13.47:502][292]LogModuleManager: Shutting down and abandoning module ImageWrapper (48)
[2016.03.26-20.13.47:502][292]LogModuleManager: Shutting down and abandoning module TextureFormatASTC (47)
[2016.03.26-20.13.47:502][292]LogModuleManager: Shutting down and abandoning module TextureFormatAndroid (46)
[2016.03.26-20.13.47:502][292]LogModuleManager: Shutting down and abandoning module AudioFormatOpus (45)
[2016.03.26-20.13.47:502][292]LogModuleManager: Shutting down and abandoning module AudioFormatOgg (44)
[2016.03.26-20.13.47:503][292]LogModuleManager: Shutting down and abandoning module AudioFormatADPCM (43)
[2016.03.26-20.13.47:503][292]LogModuleManager: Shutting down and abandoning module LinuxTargetPlatform (42)
[2016.03.26-20.13.47:503][292]LogModuleManager: Shutting down and abandoning module LinuxServerTargetPlatform (41)
[2016.03.26-20.13.47:503][292]LogModuleManager: Shutting down and abandoning module LinuxNoEditorTargetPlatform (40)
[2016.03.26-20.13.47:503][292]LogModuleManager: Shutting down and abandoning module Messaging (39)
[2016.03.26-20.13.47:503][292]LogModuleManager: Shutting down and abandoning module IOSTargetPlatform (38)
[2016.03.26-20.13.47:503][292]LogModuleManager: Shutting down and abandoning module HTML5TargetPlatform (37)
[2016.03.26-20.13.47:503][292]LogModuleManager: Shutting down and abandoning module Android_PVRTCTargetPlatform (36)
[2016.03.26-20.13.47:503][292]LogModuleManager: Shutting down and abandoning module Android_MultiTargetPlatform (35)
[2016.03.26-20.13.47:503][292]LogModuleManager: Shutting down and abandoning module Android_ETC2TargetPlatform (34)
[2016.03.26-20.13.47:503][292]LogModuleManager: Shutting down and abandoning module Android_ETC1TargetPlatform (33)
[2016.03.26-20.13.47:503][292]LogModuleManager: Shutting down and abandoning module Android_DXTTargetPlatform (32)
[2016.03.26-20.13.47:503][292]LogModuleManager: Shutting down and abandoning module Android_ATCTargetPlatform (31)
[2016.03.26-20.13.47:503][292]LogModuleManager: Shutting down and abandoning module Android_ASTCTargetPlatform (30)
[2016.03.26-20.13.47:503][292]LogModuleManager: Shutting down and abandoning module AndroidTargetPlatform (29)
[2016.03.26-20.13.47:503][292]LogModuleManager: Shutting down and abandoning module WindowsTargetPlatform (28)
[2016.03.26-20.13.47:503][292]LogModuleManager: Shutting down and abandoning module WindowsServerTargetPlatform (27)
[2016.03.26-20.13.47:503][292]LogModuleManager: Shutting down and abandoning module WindowsNoEditorTargetPlatform (26)
[2016.03.26-20.13.47:503][292]LogModuleManager: Shutting down and abandoning module WindowsClientTargetPlatform (25)
[2016.03.26-20.13.47:503][292]LogModuleManager: Shutting down and abandoning module AllDesktopTargetPlatform (24)
[2016.03.26-20.13.47:503][292]LogModuleManager: Shutting down and abandoning module TargetPlatform (23)
[2016.03.26-20.13.47:503][292]LogModuleManager: Shutting down and abandoning module InputCore (22)
[2016.03.26-20.13.47:503][292]LogModuleManager: Shutting down and abandoning module Settings (21)
[2016.03.26-20.13.47:503][292]LogModuleManager: Shutting down and abandoning module OnlineSubsystem (19)
[2016.03.26-20.13.47:503][292]LogModuleManager: Shutting down and abandoning module HTTP (18)
[2016.03.26-20.13.49:506][292]LogModuleManager: Shutting down and abandoning module XMPP (17)
[2016.03.26-20.13.49:506][292]LogModuleManager: Shutting down and abandoning module OculusRift (16)
[2016.03.26-20.13.49:506][292]LogModuleManager: Shutting down and abandoning module ExampleDeviceProfileSelector (15)
[2016.03.26-20.13.49:506][292]LogModuleManager: Shutting down and abandoning module TextureCompressor (14)
[2016.03.26-20.13.49:506][292]LogModuleManager: Shutting down and abandoning module ShaderCore (13)
[2016.03.26-20.13.49:506][292]LogModuleManager: Shutting down and abandoning module Landscape (12)
[2016.03.26-20.13.49:506][292]LogModuleManager: Shutting down and abandoning module SlateRHIRenderer (11)
[2016.03.26-20.13.49:514][292]LogModuleManager: Shutting down and abandoning module OpenGLDrv (10)
[2016.03.26-20.13.49:514][292]LogModuleManager: Shutting down and abandoning module D3D11RHI (9)
[2016.03.26-20.13.49:514][292]LogModuleManager: Shutting down and abandoning module AnimGraphRuntime (8)
[2016.03.26-20.13.49:514][292]LogModuleManager: Shutting down and abandoning module Renderer (7)
[2016.03.26-20.13.49:514][292]LogModuleManager: Shutting down and abandoning module Engine (6)
[2016.03.26-20.13.49:514][292]LogModuleManager: Shutting down and abandoning module CoreUObject (5)
[2016.03.26-20.13.49:514][292]LogModuleManager: Shutting down and abandoning module NetworkFile (4)
[2016.03.26-20.13.49:514][292]LogModuleManager: Shutting down and abandoning module StreamingFile (3)
[2016.03.26-20.13.49:514][292]LogModuleManager: Shutting down and abandoning module SandboxFile (2)
[2016.03.26-20.13.49:514][292]LogModuleManager: Shutting down and abandoning module PakFile (1)
[2016.03.26-20.13.49:516][292]LogExit: Exiting.
[2016.03.26-20.13.49:517][292]Log file closed, 03/26/16 20:13:49
