[2016.03.23-20.37.47:826][  0]Log file open, 03/23/16 20:37:47
[2016.03.23-20.37.47:826][  0]LogInit:Display: Running engine for game: FpsProject
[2016.03.23-20.37.47:826][  0]LogPlatformFile: Not using cached read wrapper
[2016.03.23-20.37.47:826][  0]LogInit:Display: RandInit(-899734259) SRandInit(-899734259).
[2016.03.23-20.37.47:826][  0]LogTaskGraph: Started task graph with 4 named threads and 7 total threads.
[2016.03.23-20.37.47:826][  0]LogStats: Stats thread started at 0.080030
[2016.03.23-20.37.47:826][  0]LogInit: Version: 4.10.4-2872498+++depot+UE4-Releases+4.10
[2016.03.23-20.37.47:826][  0]LogInit: API Version: 2758231
[2016.03.23-20.37.47:826][  0]LogInit: Compiled (64-bit): Feb 18 2016 15:47:04
[2016.03.23-20.37.47:826][  0]LogInit: Compiled with Visual C++: 19.00.23026.00
[2016.03.23-20.37.47:826][  0]LogInit: Build Configuration: Development
[2016.03.23-20.37.47:826][  0]LogInit: Branch Name: ++depot+UE4-Releases+4.10
[2016.03.23-20.37.47:826][  0]LogInit: Command line: -EpicPortal 
[2016.03.23-20.37.47:826][  0]LogInit: Base directory: C:/Program Files (x86)/Epic Games/4.10/Engine/Binaries/Win64/
[2016.03.23-20.37.47:826][  0]LogInit: Rocket: 1
[2016.03.23-20.37.47:836][  0]LogInit: Using libcurl 7.41.0
[2016.03.23-20.37.47:836][  0]LogInit:  - built for x86_64-pc-win32
[2016.03.23-20.37.47:836][  0]LogInit:  - supports SSL with WinSSL
[2016.03.23-20.37.47:836][  0]LogInit:  - other features:
[2016.03.23-20.37.47:836][  0]LogInit:      CURL_VERSION_SSL
[2016.03.23-20.37.47:836][  0]LogInit:      CURL_VERSION_IPV6
[2016.03.23-20.37.47:836][  0]LogInit:      CURL_VERSION_ASYNCHDNS
[2016.03.23-20.37.47:836][  0]LogInit:      CURL_VERSION_LARGEFILE
[2016.03.23-20.37.47:836][  0]LogInit:      CURL_VERSION_IDN
[2016.03.23-20.37.47:836][  0]LogInit:  CurlRequestOptions (configurable via config and command line):
[2016.03.23-20.37.47:836][  0]LogInit:  - bVerifyPeer = true  - Libcurl will verify peer certificate
[2016.03.23-20.37.47:836][  0]LogInit:  - bUseHttpProxy = false  - Libcurl will NOT use HTTP proxy
[2016.03.23-20.37.47:836][  0]LogInit:  - bDontReuseConnections = false  - Libcurl will reuse connections
[2016.03.23-20.37.47:836][  0]LogInit:  - CertBundlePath = nullptr  - Libcurl will use whatever was configured at build time.
[2016.03.23-20.37.47:842][  0]LogInit: Presizing for 0 objects not considered by GC, pre-allocating 0 bytes.
[2016.03.23-20.37.47:847][  0]LogInit: Object subsystem initialized
[2016.03.23-20.37.47:848][  0]LogInit: Selected Device Profile: [Windows]
[2016.03.23-20.37.47:848][  0]LogInit: Applying CVar settings loaded from the selected device profile: [Windows]
[2016.03.23-20.37.47:854][  0]LogInit: Computer: CHRIS-PC
[2016.03.23-20.37.47:854][  0]LogInit: User: Chris
[2016.03.23-20.37.47:854][  0]LogInit: CPU Page size=4096, Cores=4
[2016.03.23-20.37.47:854][  0]LogInit: High frequency timer resolution =3.123191 MHz
[2016.03.23-20.37.47:854][  0]LogMemory: Memory total: Physical=7.9GB (8GB approx)
[2016.03.23-20.37.47:854][  0]LogMemory: Platform Memory Stats for Windows
[2016.03.23-20.37.47:854][  0]LogMemory: Process Physical Memory: 56.16 MB used, 56.16 MB peak
[2016.03.23-20.37.47:854][  0]LogMemory: Process Virtual Memory: 58.73 MB used, 58.73 MB peak
[2016.03.23-20.37.47:854][  0]LogMemory: Physical Memory: 2866.12 MB used, 8130.79 MB total
[2016.03.23-20.37.47:854][  0]LogMemory: Virtual Memory: 385.43 MB used, 134217728.00 MB total
[2016.03.23-20.37.47:886][  0]LogTextLocalizationManager: No specific translations for ('en-GB') exist, so ('en') translations will be used.
[2016.03.23-20.37.48:274][  0]LogD3D11RHI: Found D3D11 adapter 0: AMD Radeon HD 7700 Series (Feature Level 11_0)
[2016.03.23-20.37.48:274][  0]LogD3D11RHI: Adapter has 1002MB of dedicated video memory, 0MB of dedicated system memory, and 4065MB of shared system memory, 2 output[s]
[2016.03.23-20.37.48:276][  0]LogD3D11RHI: Found D3D11 adapter 1: Microsoft Basic Render Driver (Feature Level 11_0)
[2016.03.23-20.37.48:276][  0]LogD3D11RHI: Adapter has 0MB of dedicated video memory, 0MB of dedicated system memory, and 4065MB of shared system memory, 0 output[s]
[2016.03.23-20.37.48:276][  0]LogD3D11RHI: Chosen D3D11 Adapter Id = 0
[2016.03.23-20.37.48:279][  0]LogD3D11RHI: !Direct3DDevice
[2016.03.23-20.37.48:279][  0]LogRHI: Texture pool is 701 MB (70% of 1002 MB)
[2016.03.23-20.37.48:286][  0]LogD3D11RHI: Async texture creation disabled: no driver support
[2016.03.23-20.37.48:296][  0]LogShaderCompilers: Guid format shader working directory is -1 characters bigger than the processId version (E:/Computing/Unreal/Unreal Projects/GameProject/Intermediate/Shaders/WorkingDirectory/4408/).
[2016.03.23-20.37.48:297][  0]LogShaderCompilers: Cleaned the shader compiler working directory 'C:/Users/Chris/AppData/Local/Temp/UnrealShaderWorkingDir/C32E69604B922FB82C3528B8286975D4/'.
[2016.03.23-20.37.48:297][  0]LogShaderCompilers:Display: Using Local Shader Compiler.
[2016.03.23-20.37.49:056][  0]LogTemp:Display: Loaded TP AllDesktopTargetPlatform
[2016.03.23-20.37.49:060][  0]LogTemp:Display: Loaded TP WindowsClientTargetPlatform
[2016.03.23-20.37.49:063][  0]LogTemp:Display: Loaded TP WindowsNoEditorTargetPlatform
[2016.03.23-20.37.49:068][  0]LogTemp:Display: Loaded TP WindowsServerTargetPlatform
[2016.03.23-20.37.49:071][  0]LogTemp:Display: Loaded TP WindowsTargetPlatform
[2016.03.23-20.37.49:074][  0]LogTemp:Display: Loaded TP AndroidTargetPlatform
[2016.03.23-20.37.49:076][  0]LogTemp:Display: Loaded TP Android_ASTCTargetPlatform
[2016.03.23-20.37.49:080][  0]LogTemp:Display: Loaded TP Android_ATCTargetPlatform
[2016.03.23-20.37.49:083][  0]LogTemp:Display: Loaded TP Android_DXTTargetPlatform
[2016.03.23-20.37.49:086][  0]LogTemp:Display: Loaded TP Android_ETC1TargetPlatform
[2016.03.23-20.37.49:089][  0]LogTemp:Display: Loaded TP Android_ETC2TargetPlatform
[2016.03.23-20.37.49:096][  0]LogTemp:Display: Loaded TP Android_MultiTargetPlatform
[2016.03.23-20.37.49:096][  0]LogTemp:Display: Loaded TP Android_PVRTCTargetPlatform
[2016.03.23-20.37.49:097][  0]LogTemp:Display: Loaded TP HTML5TargetPlatform
[2016.03.23-20.37.49:114][  0]LogTemp:Display: Loaded TP IOSTargetPlatform
[2016.03.23-20.37.49:117][  0]LogTemp:Display: Loaded TP LinuxNoEditorTargetPlatform
[2016.03.23-20.37.49:121][  0]LogTemp:Display: Loaded TP LinuxServerTargetPlatform
[2016.03.23-20.37.49:124][  0]LogTemp:Display: Loaded TP LinuxTargetPlatform
[2016.03.23-20.37.49:124][  0]LogTargetPlatformManager:Display: Building Assets For Windows
[2016.03.23-20.37.49:198][  0]LogDerivedDataCache:Display: Max Cache Size: 512 MB
[2016.03.23-20.37.49:247][  0]LogDerivedDataCache: Loaded boot cache 0.05s 41MB C:/Users/Chris/AppData/Local/UnrealEngine/4.10/DerivedDataCache/Boot.ddc.
[2016.03.23-20.37.49:247][  0]LogDerivedDataCache:Display: Loaded Boot cache: C:/Users/Chris/AppData/Local/UnrealEngine/4.10/DerivedDataCache/Boot.ddc
[2016.03.23-20.37.49:247][  0]LogDerivedDataCache: FDerivedDataBackendGraph:  Pak pak cache file E:/Computing/Unreal/Unreal Projects/GameProject/DerivedDataCache/DDC.ddp not found, will not use a pak cache.
[2016.03.23-20.37.49:247][  0]LogDerivedDataCache: Unable to find inner node Pak for hierarchical cache Hierarchy.
[2016.03.23-20.37.49:247][  0]LogDerivedDataCache: FDerivedDataBackendGraph:  CompressedPak pak cache file E:/Computing/Unreal/Unreal Projects/GameProject/DerivedDataCache/Compressed.ddp not found, will not use a pak cache.
[2016.03.23-20.37.49:247][  0]LogDerivedDataCache: Unable to find inner node CompressedPak for hierarchical cache Hierarchy.
[2016.03.23-20.37.49:315][  0]LogDerivedDataCache:Display: Pak cache opened for reading ../../../Engine/DerivedDataCache/Compressed.ddp.
[2016.03.23-20.37.49:327][  0]LogDerivedDataCache: Using Local data cache path C:/Users/Chris/AppData/Local/UnrealEngine/Common/DerivedDataCache: Writable
[2016.03.23-20.37.49:505][  0]LogInit: Selected Device Profile: [Windows]
[2016.03.23-20.37.49:507][  0]LogContentStreaming: Texture pool size is 0.000000MB
[2016.03.23-20.37.49:604][  0]LogMeshUtilities: No automatic mesh reduction module available
[2016.03.23-20.37.49:604][  0]LogMeshUtilities: No automatic mesh merging module available
[2016.03.23-20.37.49:833][  0]LogInit: WinSock: version 1.1 (2.2), MaxSocks=32767, MaxUdp=65467
[2016.03.23-20.37.50:638][  0]UdpMessaging: Initializing bridge on interface 0.0.0.0:0 to multicast group 230.0.0.1:6666.
[2016.03.23-20.37.50:749][  0]LogAssetRegistry: FAssetRegistry took 0.0109 seconds to start up
[2016.03.23-20.37.50:894][  0]SourceControl: Info Source control is disabled
[2016.03.23-20.37.50:895][  0]SourceControl: Info Source control is disabled
[2016.03.23-20.37.50:906][  0]SourceControl: Info Source control is disabled
[2016.03.23-20.37.50:916][  0]SourceControl: Info Source control is disabled
[2016.03.23-20.37.51:150][  0]LogObj: 28633 objects as part of root set at end of initial load.
[2016.03.23-20.37.51:150][  0]LogUObjectAllocator: 6099752 out of 0 bytes used by permanent object pool.
[2016.03.23-20.37.51:201][  0]LogEngine: Initializing Engine...
[2016.03.23-20.37.51:204][  0]LogHMD: Can't find Oculus library dev build: is proper Runtime installed? Version: 0.8.0.0
[2016.03.23-20.37.51:205][  0]LogHMD: SteamVR failed to initialize.  Err: 110
[2016.03.23-20.37.51:314][  0]LogAIModule: Creating AISystem for world NewWorld
[2016.03.23-20.37.51:324][  0]LogInit: XAudio2 using 'Speakers (2- High Definition Audio Device)' : 2 channels at 44.1 kHz using 16 bits per sample (channel mask 0x3)
[2016.03.23-20.37.51:334][  0]LogInit: FAudioDevice initialized.
[2016.03.23-20.37.51:360][  0]LogDerivedDataCache: Saved boot cache 0.03s 41MB C:/Users/Chris/AppData/Local/UnrealEngine/4.10/DerivedDataCache/Boot.ddc.
[2016.03.23-20.37.51:365][  0]LogInit: Texture streaming: Enabled
[2016.03.23-20.37.51:370][  0]LogAnalytics: Creating configured Analytics provider AnalyticsET
[2016.03.23-20.37.51:370][  0]LogAnalytics: [UEEditor.Rocket.Release] APIServer = http://et2.epicgames.com/ET2/. AppVersion = 4.10.4-2872498+++depot+UE4-Releases+4.10
[2016.03.23-20.37.51:370][  0]LogAnalytics: [UEEditor.Rocket.Release] SetUserId dda77f1544752f940c33e380f02beeee|581a2f5c95e34dd8b3eca337ee713eb1|baa8d59f-5337-46fd-ab7b-5719df139748
[2016.03.23-20.37.51:370][  0]LogAnalytics: [UEEditor.Rocket.Release] AnalyticsET::StartSession
[2016.03.23-20.37.51:376][  0]LogInit: Transaction tracking system initialized
[2016.03.23-20.37.51:396][  0]BlueprintLog: New page: Editor Load
[2016.03.23-20.37.51:456][  0]LocalizationService: Info Localization service is disabled
[2016.03.23-20.37.51:520][  0]LogConsoleResponse:Display: 
[2016.03.23-20.37.51:617][  0]LogCook:Display: Done creating registry. It took  0.00s.
[2016.03.23-20.37.51:668][  0]LogFileCache: Scanning file cache for directory 'E:/Computing/Unreal/Unreal Projects/GameProject/Content/' took 0.01s
[2016.03.23-20.37.51:668][  0]SourceControl: Info Source control is disabled
[2016.03.23-20.37.51:668][  0]Cmd: MAP LOAD FILE="E:/Computing/Unreal/Unreal Projects/GameProject/Content/GameProject/Maps/FirstPersonExampleMap.umap" TEMPLATE=0 SHOWPROGRESS=1 FEATURELEVEL=3
[2016.03.23-20.37.51:669][  0]LightingResults: New page: Lighting Build
[2016.03.23-20.37.51:671][  0]MapCheck: New page: Map Check
[2016.03.23-20.37.51:671][  0]LightingResults: New page: Lighting Build
[2016.03.23-20.37.51:680][  0]LogParticles: Destroying 0 GPU particle simulations for FXSystem 0x000001D7E51E3B00
[2016.03.23-20.37.52:059][  0]LogAIModule: Creating AISystem for world FirstPersonExampleMap
[2016.03.23-20.37.52:065][  0]LogEditorServer: Finished looking for orphan Actors (0.000 secs)
[2016.03.23-20.37.52:065][  0]Cmd: MAP CHECKDEP NOCLEARLOG
[2016.03.23-20.37.52:142][  0]MapCheck: Info Map check complete: 0 Error(s), 0 Warning(s), took 76.381ms to complete.
[2016.03.23-20.37.52:142][  0]LogFileHelpers: Loading map 'FirstPersonExampleMap' took 0.474
[2016.03.23-20.37.52:264][  0]LogCollectionManager: Loaded 0 collections in 0.001669 seconds
[2016.03.23-20.37.52:305][  0]LogFileCache: Scanning file cache for directory 'E:/Computing/Unreal/Unreal Projects/GameProject/Saved/Collections/' took 0.01s
[2016.03.23-20.37.52:305][  0]LogFileCache: Scanning file cache for directory 'E:/Computing/Unreal/Unreal Projects/GameProject/Content/Developers/Chris/Collections/' took 0.01s
[2016.03.23-20.37.52:305][  0]LogFileCache: Scanning file cache for directory 'E:/Computing/Unreal/Unreal Projects/GameProject/Content/Collections/' took 0.01s
[2016.03.23-20.37.52:305][  0]LogCollectionManager: Rebuilt the GUID cache for 0 collections in 0.000002 seconds
[2016.03.23-20.37.52:312][  0]LogContentBrowser: Native class hierarchy populated in 0.0066 seconds. Added 1893 classes and 338 folders.
[2016.03.23-20.37.52:317][  0]LogContentBrowser: Native class hierarchy updated for 'WidgetCarousel' in 0.0003 seconds. Added 0 classes and 0 folders.
[2016.03.23-20.37.52:382][  0]LogContentBrowser: Native class hierarchy updated for 'AddContentDialog' in 0.0003 seconds. Added 0 classes and 0 folders.
[2016.03.23-20.37.52:402][  0]LogContentBrowser: Native class hierarchy updated for 'SceneOutliner' in 0.0004 seconds. Added 1 classes and 2 folders.
[2016.03.23-20.37.52:445][  0]LogCrashTracker: Crashtracker disabled due to settings.
[2016.03.23-20.37.52:449][  0]LogUObjectGlobals:Warning: Failed to find object 'Class None.'
[2016.03.23-20.37.52:471][  0]LogLoad: Full Startup: 5.01 seconds (BP compile: 0.09 seconds)
[2016.03.23-20.37.52:480][  0]LogWindowsTextInputMethodSystem:Display: IME system now deactivated.
[2016.03.23-20.37.52:484][  0]LogOcInput: Can't find Oculus library dev build: is proper Runtime installed? Version: 0.8.0.0
[2016.03.23-20.37.52:530][  0]LogContentStreaming: Texture pool size now 1000 MB
[2016.03.23-20.37.52:661][  0]LogRenderer: Reallocating scene render targets to support 1208x572 (Frame:2).
[2016.03.23-20.37.53:018][  4]LogAssetRegistry: Asset discovery search completed in 2.2801 seconds
[2016.03.23-20.37.53:018][  4]LogCollectionManager: Rebuilt the object cache for 0 collections in 0.000001 seconds (found 0 objects)
[2016.03.23-20.37.53:018][  4]LogCollectionManager: Fixed up redirectors for 0 collections in 0.000018 seconds (updated 0 objects)
[2016.03.23-20.38.40:256][373]LogLinker:Warning: Asset '../../../Engine/Content/ArtTools/RenderToTexture/Macros/RenderToTextureMacros.uasset' has been saved with empty engine version. The asset will be loaded but may be incompatible.
[2016.03.23-20.38.40:599][373]LogContentBrowser: Native class hierarchy updated for 'BlueprintGraph' in 0.0006 seconds. Added 107 classes and 0 folders.
[2016.03.23-20.38.40:953][373]LogRenderer: Reallocating scene render targets to support 1208x712 (Frame:1451).
[2016.03.23-20.45.57:343][ 86]BlueprintLog: New page: Compile SpawnPoint
[2016.03.23-20.45.57:385][ 86]LogActorComponent: UnregisterComponent: (/Engine/Transient.CharMoveComp) Not registered. Aborting.
[2016.03.23-20.45.57:425][ 86]BlueprintEditorCompileResults: Info [0489.96] Compile of SpawnPoint successful! [in 82 ms]
[2016.03.23-20.46.04:574][398]BlueprintLog: New page: Compile SpawnPoint
[2016.03.23-20.46.04:633][398]BlueprintEditorCompileResults: Info [0497.17] Compile of SpawnPoint successful! [in 59 ms]
[2016.03.23-20.46.08:631][608]LogNavigationPoint: PostEditMove Clear paths rebuilt
[2016.03.23-20.46.09:152][643]LogNavigationPoint: PostEditMove Clear paths rebuilt
[2016.03.23-20.46.15:550][ 81]LogEditorViewport: Clicking on Actor (LMB): PlayerStart (NetworkPlayerStart)
[2016.03.23-20.46.19:490][357]Cmd: DELETE
[2016.03.23-20.46.19:490][357]Cmd: ACTOR DELETE
[2016.03.23-20.46.19:491][357]LogEditorActor: Deleted Actor: PlayerStart
[2016.03.23-20.46.19:492][357]LogActorComponent: UnregisterComponent: (/Engine/Transient.CharMoveComp) Not registered. Aborting.
[2016.03.23-20.46.19:514][357]LogEditorActor: Deleted 1 Actors (0.023 secs)
[2016.03.23-20.46.20:695][449]LogBlueprintUserMessages: Early PlayInEditor Detection: Level '/Game/GameProject/Maps/FirstPersonExampleMap.FirstPersonExampleMap:PersistentLevel' has LevelScriptBlueprint '/Game/GameProject/Maps/FirstPersonExampleMap.FirstPersonExampleMap:PersistentLevel.FirstPersonExampleMap' with GeneratedClass '/Game/GameProject/Maps/FirstPersonExampleMap.FirstPersonExampleMap_C' with ClassGeneratedBy '/Game/GameProject/Maps/FirstPersonExampleMap.FirstPersonExampleMap:PersistentLevel.FirstPersonExampleMap'
[2016.03.23-20.46.20:695][449]LogPlayLevel: PlayLevel: No blueprints needed recompiling
[2016.03.23-20.46.20:696][449]PIE: New page: PIE session: FirstPersonExampleMap (23 Mar 2016 20:46:20)
[2016.03.23-20.46.20:696][449]LogPlayLevel: Creating play world package: /Game/GameProject/Maps/UEDPIE_0_FirstPersonExampleMap
[2016.03.23-20.46.20:722][449]LogPlayLevel: PIE: StaticDuplicateObject took: (0.026604s)
[2016.03.23-20.46.20:724][449]LogAIModule: Creating AISystem for world FirstPersonExampleMap
[2016.03.23-20.46.20:724][449]LogPlayLevel: PIE: World Init took: (0.001672s)
[2016.03.23-20.46.20:724][449]LogPlayLevel: PIE: Created PIE world by copying editor world from /Game/GameProject/Maps/FirstPersonExampleMap.FirstPersonExampleMap to /Game/GameProject/Maps/UEDPIE_0_FirstPersonExampleMap.FirstPersonExampleMap (0.028627s)
[2016.03.23-20.46.20:754][449]LogInit: XAudio2 using 'Speakers (2- High Definition Audio Device)' : 2 channels at 44.1 kHz using 16 bits per sample (channel mask 0x3)
[2016.03.23-20.46.20:761][449]LogInit: FAudioDevice initialized.
[2016.03.23-20.46.20:808][449]LogWorld: Game class is 'FirstPersonGameMode_C'
[2016.03.23-20.46.20:812][449]LogWorld: Bringing World /Game/GameProject/Maps/UEDPIE_0_FirstPersonExampleMap.FirstPersonExampleMap up for play (max tick rate 0) at 2016.03.23-20.46.20
[2016.03.23-20.46.20:812][449]LogActor:Warning: GameSession /Game/GameProject/Maps/UEDPIE_0_FirstPersonExampleMap.FirstPersonExampleMap:PersistentLevel.GameSession_0 has natively added scene component(s), but none of them were set as the actor's RootComponent - picking one arbitrarily
[2016.03.23-20.46.20:812][449]LogActor:Warning: GameNetworkManager /Game/GameProject/Maps/UEDPIE_0_FirstPersonExampleMap.FirstPersonExampleMap:PersistentLevel.GameNetworkManager_0 has natively added scene component(s), but none of them were set as the actor's RootComponent - picking one arbitrarily
[2016.03.23-20.46.20:813][449]LogWorld: Bringing up level for play took: 0.003571
[2016.03.23-20.46.20:813][449]LogPathFollowing:Warning: No NavigationData found while trying to cache it for AIController_0's PathFollowingComponent
[2016.03.23-20.46.20:816][449]PIE: Info Play in editor start time for /Game/GameProject/Maps/UEDPIE_0_FirstPersonExampleMap 1.053
[2016.03.23-20.46.20:816][449]LogBlueprintUserMessages: Late PlayInEditor Detection: Level '/Game/GameProject/Maps/FirstPersonExampleMap.FirstPersonExampleMap:PersistentLevel' has LevelScriptBlueprint '/Game/GameProject/Maps/FirstPersonExampleMap.FirstPersonExampleMap:PersistentLevel.FirstPersonExampleMap' with GeneratedClass '/Game/GameProject/Maps/FirstPersonExampleMap.FirstPersonExampleMap_C' with ClassGeneratedBy '/Game/GameProject/Maps/FirstPersonExampleMap.FirstPersonExampleMap:PersistentLevel.FirstPersonExampleMap'
[2016.03.23-20.46.22:282][576]LogBlueprintUserMessages: Early EndPlayMap Detection: Level '/Game/GameProject/Maps/FirstPersonExampleMap.FirstPersonExampleMap:PersistentLevel' has LevelScriptBlueprint '/Game/GameProject/Maps/FirstPersonExampleMap.FirstPersonExampleMap:PersistentLevel.FirstPersonExampleMap' with GeneratedClass '/Game/GameProject/Maps/FirstPersonExampleMap.FirstPersonExampleMap_C' with ClassGeneratedBy '/Game/GameProject/Maps/FirstPersonExampleMap.FirstPersonExampleMap:PersistentLevel.FirstPersonExampleMap'
[2016.03.23-20.46.22:317][576]LogBlueprintUserMessages: Late EndPlayMap Detection: Level '/Game/GameProject/Maps/FirstPersonExampleMap.FirstPersonExampleMap:PersistentLevel' has LevelScriptBlueprint '/Game/GameProject/Maps/FirstPersonExampleMap.FirstPersonExampleMap:PersistentLevel.FirstPersonExampleMap' with GeneratedClass '/Game/GameProject/Maps/FirstPersonExampleMap.FirstPersonExampleMap_C' with ClassGeneratedBy '/Game/GameProject/Maps/FirstPersonExampleMap.FirstPersonExampleMap:PersistentLevel.FirstPersonExampleMap'
[2016.03.23-20.46.22:355][577]LogParticles: Destroying 0 GPU particle simulations for FXSystem 0x000001D7C907DF80
[2016.03.23-20.46.25:499][785]LogEditorViewport: Clicking on Actor (LMB): SpawnPoint_C (SpawnPoint)
[2016.03.23-20.46.26:747][868]LogNavigationPoint: PostEditMove Clear paths rebuilt
[2016.03.23-20.46.27:299][905]LogEditorViewport: Clicking on Actor (LMB): FirstPersonCharacter_C (FirstPersonCharacter)
[2016.03.23-20.46.29:552][ 19]LogEditorViewport: Clicking on Actor (LMB): SpawnPoint_C (SpawnPoint)
[2016.03.23-20.46.43:179][975]LogSavePackage: Save=266.992004ms
[2016.03.23-20.46.43:179][975]LogSavePackage: Moving 'E:/Computing/Unreal/Unreal Projects/GameProject/Saved/FirstPersonExampleMapFCECD2394B8BBA614BBF2CBAFF4C5933.tmp' to 'E:/Computing/Unreal/Unreal Projects/GameProject/Content/GameProject/Maps/FirstPersonExampleMap.umap'
[2016.03.23-20.46.43:182][975]LogSavePackage: Total save time: 304.699264ms
[2016.03.23-20.46.43:182][975]LogSavePackage:Display: Finished SavePackage E:/Computing/Unreal/Unreal Projects/GameProject/Content/GameProject/Maps/FirstPersonExampleMap.umap
[2016.03.23-20.46.43:203][975]LogFileHelpers: Saving map 'FirstPersonExampleMap' took 0.442
[2016.03.23-20.46.43:211][975]Cmd: OBJ SAVEPACKAGE PACKAGE="/Game/GameProject/Blueprints/SpawnPoint" FILE="E:/Computing/Unreal/Unreal Projects/GameProject/Content/GameProject/Blueprints/SpawnPoint.uasset" SILENT=true
[2016.03.23-20.46.43:222][975]LogSavePackage: Save=10.121699ms
[2016.03.23-20.46.43:222][975]LogSavePackage: Moving 'E:/Computing/Unreal/Unreal Projects/GameProject/Saved/SpawnPointBCD1C55C45D712103F6BFB921516F75A.tmp' to 'E:/Computing/Unreal/Unreal Projects/GameProject/Content/GameProject/Blueprints/SpawnPoint.uasset'
[2016.03.23-20.46.43:223][975]LogSavePackage: Total save time: 11.571821ms
[2016.03.23-20.46.43:223][975]LogSavePackage:Display: Finished SavePackage E:/Computing/Unreal/Unreal Projects/GameProject/Content/GameProject/Blueprints/SpawnPoint.uasset
[2016.03.23-20.46.43:565][  1]LogBlueprintUserMessages: Early PlayInEditor Detection: Level '/Game/GameProject/Maps/FirstPersonExampleMap.FirstPersonExampleMap:PersistentLevel' has LevelScriptBlueprint '/Game/GameProject/Maps/FirstPersonExampleMap.FirstPersonExampleMap:PersistentLevel.FirstPersonExampleMap' with GeneratedClass '/Game/GameProject/Maps/FirstPersonExampleMap.FirstPersonExampleMap_C' with ClassGeneratedBy '/Game/GameProject/Maps/FirstPersonExampleMap.FirstPersonExampleMap:PersistentLevel.FirstPersonExampleMap'
[2016.03.23-20.46.43:565][  1]LogPlayLevel: PlayLevel: No blueprints needed recompiling
[2016.03.23-20.46.43:565][  1]PIE: New page: PIE session: FirstPersonExampleMap (23 Mar 2016 20:46:43)
[2016.03.23-20.46.43:565][  1]LogPlayLevel: Creating play world package: /Game/GameProject/Maps/UEDPIE_0_FirstPersonExampleMap
[2016.03.23-20.46.43:588][  1]LogPlayLevel: PIE: StaticDuplicateObject took: (0.023319s)
[2016.03.23-20.46.43:590][  1]LogAIModule: Creating AISystem for world FirstPersonExampleMap
[2016.03.23-20.46.43:591][  1]LogPlayLevel: PIE: World Init took: (0.002109s)
[2016.03.23-20.46.43:591][  1]LogPlayLevel: PIE: Created PIE world by copying editor world from /Game/GameProject/Maps/FirstPersonExampleMap.FirstPersonExampleMap to /Game/GameProject/Maps/UEDPIE_0_FirstPersonExampleMap.FirstPersonExampleMap (0.025854s)
[2016.03.23-20.46.43:611][  1]LogParticles: Destroying 0 GPU particle simulations for FXSystem 0x000001D7EDDC3240
[2016.03.23-20.46.43:623][  1]LogInit: XAudio2 using 'Speakers (2- High Definition Audio Device)' : 2 channels at 44.1 kHz using 16 bits per sample (channel mask 0x3)
[2016.03.23-20.46.43:629][  1]LogInit: FAudioDevice initialized.
[2016.03.23-20.46.43:662][  1]LogWorld: Game class is 'FirstPersonGameMode_C'
[2016.03.23-20.46.43:665][  1]LogWorld: Bringing World /Game/GameProject/Maps/UEDPIE_0_FirstPersonExampleMap.FirstPersonExampleMap up for play (max tick rate 0) at 2016.03.23-20.46.43
[2016.03.23-20.46.43:665][  1]LogActor:Warning: GameSession /Game/GameProject/Maps/UEDPIE_0_FirstPersonExampleMap.FirstPersonExampleMap:PersistentLevel.GameSession_1 has natively added scene component(s), but none of them were set as the actor's RootComponent - picking one arbitrarily
[2016.03.23-20.46.43:666][  1]LogActor:Warning: GameNetworkManager /Game/GameProject/Maps/UEDPIE_0_FirstPersonExampleMap.FirstPersonExampleMap:PersistentLevel.GameNetworkManager_1 has natively added scene component(s), but none of them were set as the actor's RootComponent - picking one arbitrarily
[2016.03.23-20.46.43:666][  1]LogWorld: Bringing up level for play took: 0.003025
[2016.03.23-20.46.43:666][  1]LogPathFollowing:Warning: No NavigationData found while trying to cache it for AIController_1's PathFollowingComponent
[2016.03.23-20.46.43:669][  1]PIE: Info Play in editor start time for /Game/GameProject/Maps/UEDPIE_0_FirstPersonExampleMap -0.094
[2016.03.23-20.46.43:669][  1]LogBlueprintUserMessages: Late PlayInEditor Detection: Level '/Game/GameProject/Maps/FirstPersonExampleMap.FirstPersonExampleMap:PersistentLevel' has LevelScriptBlueprint '/Game/GameProject/Maps/FirstPersonExampleMap.FirstPersonExampleMap:PersistentLevel.FirstPersonExampleMap' with GeneratedClass '/Game/GameProject/Maps/FirstPersonExampleMap.FirstPersonExampleMap_C' with ClassGeneratedBy '/Game/GameProject/Maps/FirstPersonExampleMap.FirstPersonExampleMap:PersistentLevel.FirstPersonExampleMap'
[2016.03.23-20.46.45:932][198]LogBlueprintUserMessages: Early EndPlayMap Detection: Level '/Game/GameProject/Maps/FirstPersonExampleMap.FirstPersonExampleMap:PersistentLevel' has LevelScriptBlueprint '/Game/GameProject/Maps/FirstPersonExampleMap.FirstPersonExampleMap:PersistentLevel.FirstPersonExampleMap' with GeneratedClass '/Game/GameProject/Maps/FirstPersonExampleMap.FirstPersonExampleMap_C' with ClassGeneratedBy '/Game/GameProject/Maps/FirstPersonExampleMap.FirstPersonExampleMap:PersistentLevel.FirstPersonExampleMap'
[2016.03.23-20.46.45:973][198]LogBlueprintUserMessages: Late EndPlayMap Detection: Level '/Game/GameProject/Maps/FirstPersonExampleMap.FirstPersonExampleMap:PersistentLevel' has LevelScriptBlueprint '/Game/GameProject/Maps/FirstPersonExampleMap.FirstPersonExampleMap:PersistentLevel.FirstPersonExampleMap' with GeneratedClass '/Game/GameProject/Maps/FirstPersonExampleMap.FirstPersonExampleMap_C' with ClassGeneratedBy '/Game/GameProject/Maps/FirstPersonExampleMap.FirstPersonExampleMap:PersistentLevel.FirstPersonExampleMap'
[2016.03.23-20.46.45:995][198]LogParticles: Destroying 0 GPU particle simulations for FXSystem 0x000001D79C9ED6C0
[2016.03.23-20.47.04:282][442]Cmd: EDIT COPY
[2016.03.23-20.47.04:801][479]Cmd: EDIT PASTE
[2016.03.23-20.47.04:817][479]LogNavigationPoint: PostEditMove Clear paths rebuilt
[2016.03.23-20.47.28:965][180]LogNavigationPoint: PostEditMove Clear paths rebuilt
[2016.03.23-20.47.31:681][352]LogNavigationPoint: PostEditMove Clear paths rebuilt
[2016.03.23-20.47.43:046][131]LogEditorViewport: Clicking on Actor (LMB): SpawnPoint_C (BlueSpawnPoint)
[2016.03.23-20.47.57:591][117]LogEditorViewport: Clicking on Actor (LMB): StaticMeshActor (Floor)
[2016.03.23-20.47.58:272][161]LogEditorViewport: Clicking on Actor (LMB): SpawnPoint_C (RedSpawnPoint)
[2016.03.23-20.48.01:668][398]LogActorComponent: UnregisterComponent: (/Engine/Transient.CharMoveComp) Not registered. Aborting.
[2016.03.23-20.48.02:106][398]LogSavePackage: Save=270.938599ms
[2016.03.23-20.48.02:106][398]LogSavePackage: Moving 'E:/Computing/Unreal/Unreal Projects/GameProject/Saved/FirstPersonExampleMap76231D3042313F7002CA12976FBFA52E.tmp' to 'E:/Computing/Unreal/Unreal Projects/GameProject/Content/GameProject/Maps/FirstPersonExampleMap.umap'
[2016.03.23-20.48.02:109][398]LogSavePackage: Total save time: 279.515404ms
[2016.03.23-20.48.02:109][398]LogSavePackage:Display: Finished SavePackage E:/Computing/Unreal/Unreal Projects/GameProject/Content/GameProject/Maps/FirstPersonExampleMap.umap
[2016.03.23-20.48.02:128][398]LogFileHelpers: Saving map 'FirstPersonExampleMap' took 0.415
[2016.03.23-20.48.05:814][641]LogBlueprintUserMessages: Early PlayInEditor Detection: Level '/Game/GameProject/Maps/FirstPersonExampleMap.FirstPersonExampleMap:PersistentLevel' has LevelScriptBlueprint '/Game/GameProject/Maps/FirstPersonExampleMap.FirstPersonExampleMap:PersistentLevel.FirstPersonExampleMap' with GeneratedClass '/Game/GameProject/Maps/FirstPersonExampleMap.FirstPersonExampleMap_C' with ClassGeneratedBy '/Game/GameProject/Maps/FirstPersonExampleMap.FirstPersonExampleMap:PersistentLevel.FirstPersonExampleMap'
[2016.03.23-20.48.05:814][641]LogPlayLevel: PlayLevel: No blueprints needed recompiling
[2016.03.23-20.48.05:814][641]PIE: New page: PIE session: FirstPersonExampleMap (23 Mar 2016 20:48:05)
[2016.03.23-20.48.05:814][641]LogPlayLevel: Creating play world package: /Game/GameProject/Maps/UEDPIE_0_FirstPersonExampleMap
[2016.03.23-20.48.05:840][641]LogPlayLevel: PIE: StaticDuplicateObject took: (0.025771s)
[2016.03.23-20.48.05:841][641]LogAIModule: Creating AISystem for world FirstPersonExampleMap
[2016.03.23-20.48.05:841][641]LogPlayLevel: PIE: World Init took: (0.001259s)
[2016.03.23-20.48.05:841][641]LogPlayLevel: PIE: Created PIE world by copying editor world from /Game/GameProject/Maps/FirstPersonExampleMap.FirstPersonExampleMap to /Game/GameProject/Maps/UEDPIE_0_FirstPersonExampleMap.FirstPersonExampleMap (0.027280s)
[2016.03.23-20.48.05:870][641]LogInit: XAudio2 using 'Speakers (2- High Definition Audio Device)' : 2 channels at 44.1 kHz using 16 bits per sample (channel mask 0x3)
[2016.03.23-20.48.05:877][641]LogInit: FAudioDevice initialized.
[2016.03.23-20.48.05:913][641]LogWorld: Game class is 'FirstPersonGameMode_C'
[2016.03.23-20.48.05:916][641]LogWorld: Bringing World /Game/GameProject/Maps/UEDPIE_0_FirstPersonExampleMap.FirstPersonExampleMap up for play (max tick rate 0) at 2016.03.23-20.48.05
[2016.03.23-20.48.05:916][641]LogActor:Warning: GameSession /Game/GameProject/Maps/UEDPIE_0_FirstPersonExampleMap.FirstPersonExampleMap:PersistentLevel.GameSession_2 has natively added scene component(s), but none of them were set as the actor's RootComponent - picking one arbitrarily
[2016.03.23-20.48.05:916][641]LogActor:Warning: GameNetworkManager /Game/GameProject/Maps/UEDPIE_0_FirstPersonExampleMap.FirstPersonExampleMap:PersistentLevel.GameNetworkManager_2 has natively added scene component(s), but none of them were set as the actor's RootComponent - picking one arbitrarily
[2016.03.23-20.48.05:917][641]LogWorld: Bringing up level for play took: 0.003486
[2016.03.23-20.48.05:917][641]LogPathFollowing:Warning: No NavigationData found while trying to cache it for AIController_2's PathFollowingComponent
[2016.03.23-20.48.05:919][641]PIE: Info Play in editor start time for /Game/GameProject/Maps/UEDPIE_0_FirstPersonExampleMap 0.157
[2016.03.23-20.48.05:919][641]LogBlueprintUserMessages: Late PlayInEditor Detection: Level '/Game/GameProject/Maps/FirstPersonExampleMap.FirstPersonExampleMap:PersistentLevel' has LevelScriptBlueprint '/Game/GameProject/Maps/FirstPersonExampleMap.FirstPersonExampleMap:PersistentLevel.FirstPersonExampleMap' with GeneratedClass '/Game/GameProject/Maps/FirstPersonExampleMap.FirstPersonExampleMap_C' with ClassGeneratedBy '/Game/GameProject/Maps/FirstPersonExampleMap.FirstPersonExampleMap:PersistentLevel.FirstPersonExampleMap'
[2016.03.23-20.48.08:832][897]LogBlueprintUserMessages: Early EndPlayMap Detection: Level '/Game/GameProject/Maps/FirstPersonExampleMap.FirstPersonExampleMap:PersistentLevel' has LevelScriptBlueprint '/Game/GameProject/Maps/FirstPersonExampleMap.FirstPersonExampleMap:PersistentLevel.FirstPersonExampleMap' with GeneratedClass '/Game/GameProject/Maps/FirstPersonExampleMap.FirstPersonExampleMap_C' with ClassGeneratedBy '/Game/GameProject/Maps/FirstPersonExampleMap.FirstPersonExampleMap:PersistentLevel.FirstPersonExampleMap'
[2016.03.23-20.48.08:869][897]LogBlueprintUserMessages: Late EndPlayMap Detection: Level '/Game/GameProject/Maps/FirstPersonExampleMap.FirstPersonExampleMap:PersistentLevel' has LevelScriptBlueprint '/Game/GameProject/Maps/FirstPersonExampleMap.FirstPersonExampleMap:PersistentLevel.FirstPersonExampleMap' with GeneratedClass '/Game/GameProject/Maps/FirstPersonExampleMap.FirstPersonExampleMap_C' with ClassGeneratedBy '/Game/GameProject/Maps/FirstPersonExampleMap.FirstPersonExampleMap:PersistentLevel.FirstPersonExampleMap'
[2016.03.23-20.48.08:891][897]LogParticles: Destroying 0 GPU particle simulations for FXSystem 0x000001D79D0CF100
[2016.03.23-20.48.14:723][285]LogEditorViewport: Clicking on Actor (LMB): StaticMeshActor (Floor)
[2016.03.23-20.48.16:388][389]LogEditorViewport: Clicking on Actor (LMB): StaticMeshActor (Floor)
[2016.03.23-20.48.16:895][422]LogEditorViewport: Clicking on Actor (LMB): SpawnPoint_C (BlueSpawnPoint)
[2016.03.23-20.49.55:929][938]LogBlueprintUserMessages: Early PlayInEditor Detection: Level '/Game/GameProject/Maps/FirstPersonExampleMap.FirstPersonExampleMap:PersistentLevel' has LevelScriptBlueprint '/Game/GameProject/Maps/FirstPersonExampleMap.FirstPersonExampleMap:PersistentLevel.FirstPersonExampleMap' with GeneratedClass '/Game/GameProject/Maps/FirstPersonExampleMap.FirstPersonExampleMap_C' with ClassGeneratedBy '/Game/GameProject/Maps/FirstPersonExampleMap.FirstPersonExampleMap:PersistentLevel.FirstPersonExampleMap'
[2016.03.23-20.49.55:929][938]LogPlayLevel: PlayLevel: No blueprints needed recompiling
[2016.03.23-20.49.55:929][938]PIE: New page: PIE session: FirstPersonExampleMap (23 Mar 2016 20:49:55)
[2016.03.23-20.49.55:930][938]LogPlayLevel: Creating play world package: /Game/GameProject/Maps/UEDPIE_0_FirstPersonExampleMap
[2016.03.23-20.49.55:963][938]LogPlayLevel: PIE: StaticDuplicateObject took: (0.033169s)
[2016.03.23-20.49.55:964][938]LogAIModule: Creating AISystem for world FirstPersonExampleMap
[2016.03.23-20.49.55:965][938]LogPlayLevel: PIE: World Init took: (0.002521s)
[2016.03.23-20.49.55:966][938]LogPlayLevel: PIE: Created PIE world by copying editor world from /Game/GameProject/Maps/FirstPersonExampleMap.FirstPersonExampleMap to /Game/GameProject/Maps/UEDPIE_0_FirstPersonExampleMap.FirstPersonExampleMap (0.036172s)
[2016.03.23-20.49.56:008][938]LogInit: XAudio2 using 'Speakers (2- High Definition Audio Device)' : 2 channels at 44.1 kHz using 16 bits per sample (channel mask 0x3)
[2016.03.23-20.49.56:015][938]LogInit: FAudioDevice initialized.
[2016.03.23-20.49.56:053][938]LogWorld: Game class is 'FirstPersonGameMode_C'
[2016.03.23-20.49.56:056][938]LogWorld: Bringing World /Game/GameProject/Maps/UEDPIE_0_FirstPersonExampleMap.FirstPersonExampleMap up for play (max tick rate 0) at 2016.03.23-20.49.56
[2016.03.23-20.49.56:056][938]LogActor:Warning: GameSession /Game/GameProject/Maps/UEDPIE_0_FirstPersonExampleMap.FirstPersonExampleMap:PersistentLevel.GameSession_3 has natively added scene component(s), but none of them were set as the actor's RootComponent - picking one arbitrarily
[2016.03.23-20.49.56:056][938]LogActor:Warning: GameNetworkManager /Game/GameProject/Maps/UEDPIE_0_FirstPersonExampleMap.FirstPersonExampleMap:PersistentLevel.GameNetworkManager_3 has natively added scene component(s), but none of them were set as the actor's RootComponent - picking one arbitrarily
[2016.03.23-20.49.56:057][938]LogWorld: Bringing up level for play took: 0.003516
[2016.03.23-20.49.56:057][938]LogPathFollowing:Warning: No NavigationData found while trying to cache it for AIController_3's PathFollowingComponent
[2016.03.23-20.49.56:059][938]PIE: Info Play in editor start time for /Game/GameProject/Maps/UEDPIE_0_FirstPersonExampleMap 0.297
[2016.03.23-20.49.56:060][938]LogBlueprintUserMessages: Late PlayInEditor Detection: Level '/Game/GameProject/Maps/FirstPersonExampleMap.FirstPersonExampleMap:PersistentLevel' has LevelScriptBlueprint '/Game/GameProject/Maps/FirstPersonExampleMap.FirstPersonExampleMap:PersistentLevel.FirstPersonExampleMap' with GeneratedClass '/Game/GameProject/Maps/FirstPersonExampleMap.FirstPersonExampleMap_C' with ClassGeneratedBy '/Game/GameProject/Maps/FirstPersonExampleMap.FirstPersonExampleMap:PersistentLevel.FirstPersonExampleMap'
[2016.03.23-20.49.58:334][123]LogBlueprintUserMessages: Early EndPlayMap Detection: Level '/Game/GameProject/Maps/FirstPersonExampleMap.FirstPersonExampleMap:PersistentLevel' has LevelScriptBlueprint '/Game/GameProject/Maps/FirstPersonExampleMap.FirstPersonExampleMap:PersistentLevel.FirstPersonExampleMap' with GeneratedClass '/Game/GameProject/Maps/FirstPersonExampleMap.FirstPersonExampleMap_C' with ClassGeneratedBy '/Game/GameProject/Maps/FirstPersonExampleMap.FirstPersonExampleMap:PersistentLevel.FirstPersonExampleMap'
[2016.03.23-20.49.58:374][123]LogBlueprintUserMessages: Late EndPlayMap Detection: Level '/Game/GameProject/Maps/FirstPersonExampleMap.FirstPersonExampleMap:PersistentLevel' has LevelScriptBlueprint '/Game/GameProject/Maps/FirstPersonExampleMap.FirstPersonExampleMap:PersistentLevel.FirstPersonExampleMap' with GeneratedClass '/Game/GameProject/Maps/FirstPersonExampleMap.FirstPersonExampleMap_C' with ClassGeneratedBy '/Game/GameProject/Maps/FirstPersonExampleMap.FirstPersonExampleMap:PersistentLevel.FirstPersonExampleMap'
[2016.03.23-20.49.58:432][124]LogParticles: Destroying 0 GPU particle simulations for FXSystem 0x000001D79CF38EA0
[2016.03.23-20.50.04:588][446]LogActorComponent: UnregisterComponent: (/Engine/Transient.CharMoveComp) Not registered. Aborting.
[2016.03.23-20.50.06:038][446]LogObjectTools:Warning: ForceReplaceReferences replaced references for a transient object 'DEADCLASS_PlayerView_C_0' or package '/Engine/Transient'.
[2016.03.23-20.50.06:038][446]LogObjectTools:Warning: ForceReplaceReferences replaced references for a transient object 'DEADCLASS_PlayerView_C_1' or package '/Engine/Transient'.
[2016.03.23-20.50.06:038][446]LogObjectTools:Warning: ForceReplaceReferences replaced references for a transient object 'REINST_SKEL_PlayerView_C_76' or package '/Engine/Transient'.
[2016.03.23-20.50.06:038][446]LogObjectTools:Warning: ForceReplaceReferences replaced references for a transient object 'REINST_PlayerView_C_75' or package '/Engine/Transient'.
[2016.03.23-20.50.10:142][610]LogActorComponent: UnregisterComponent: (/Engine/Transient.CharMoveComp) Not registered. Aborting.
[2016.03.23-20.50.11:497][610]LogObjectTools:Warning: ForceReplaceReferences replaced references for a transient object 'REINST_SKEL_Teleport_BP_C_83' or package '/Engine/Transient'.
[2016.03.23-20.50.11:497][610]LogObjectTools:Warning: ForceReplaceReferences replaced references for a transient object 'DEADCLASS_Teleport_BP_C_3' or package '/Engine/Transient'.
[2016.03.23-20.50.11:497][610]LogObjectTools:Warning: ForceReplaceReferences replaced references for a transient object 'DEADCLASS_Teleport_BP_C_2' or package '/Engine/Transient'.
[2016.03.23-20.50.11:497][610]LogObjectTools:Warning: ForceReplaceReferences replaced references for a transient object 'REINST_Teleport_BP_C_82' or package '/Engine/Transient'.
[2016.03.23-20.50.13:139][685]LogActorComponent: UnregisterComponent: (/Engine/Transient.CharMoveComp) Not registered. Aborting.
[2016.03.23-20.50.13:651][685]LogSavePackage: Save=299.091858ms
[2016.03.23-20.50.13:651][685]LogSavePackage: Moving 'E:/Computing/Unreal/Unreal Projects/GameProject/Saved/FirstPersonExampleMap593842314163A92DD2F4BC9FC147F980.tmp' to 'E:/Computing/Unreal/Unreal Projects/GameProject/Content/GameProject/Maps/FirstPersonExampleMap.umap'
[2016.03.23-20.50.13:656][685]LogSavePackage: Total save time: 309.674304ms
[2016.03.23-20.50.13:656][685]LogSavePackage:Display: Finished SavePackage E:/Computing/Unreal/Unreal Projects/GameProject/Content/GameProject/Maps/FirstPersonExampleMap.umap
[2016.03.23-20.50.13:680][685]LogFileHelpers: Saving map 'FirstPersonExampleMap' took 0.478
[2016.03.23-20.50.13:861][685]LogSavePackage: Save=133.536819ms
[2016.03.23-20.50.13:861][685]LogSavePackage: Moving 'E:/Computing/Unreal/Unreal Projects/GameProject/Saved/FirstPersonCharacter04F6DF9C43743D142AA278951BF74B6E.tmp' to 'E:/Computing/Unreal/Unreal Projects/GameProject/Content/GameProject/Blueprints/FirstPersonCharacter.uasset'
[2016.03.23-20.50.13:863][685]LogSavePackage: Total save time: 155.585106ms
[2016.03.23-20.50.13:863][685]LogSavePackage:Display: Finished SavePackage E:/Computing/Unreal/Unreal Projects/GameProject/Content/GameProject/Blueprints/FirstPersonCharacter.uasset
[2016.03.23-20.50.17:197][855]LogBlueprintUserMessages: Early PlayInEditor Detection: Level '/Game/GameProject/Maps/FirstPersonExampleMap.FirstPersonExampleMap:PersistentLevel' has LevelScriptBlueprint '/Game/GameProject/Maps/FirstPersonExampleMap.FirstPersonExampleMap:PersistentLevel.FirstPersonExampleMap' with GeneratedClass '/Game/GameProject/Maps/FirstPersonExampleMap.FirstPersonExampleMap_C' with ClassGeneratedBy '/Game/GameProject/Maps/FirstPersonExampleMap.FirstPersonExampleMap:PersistentLevel.FirstPersonExampleMap'
[2016.03.23-20.50.17:197][855]LogPlayLevel: PlayLevel: No blueprints needed recompiling
[2016.03.23-20.50.17:197][855]PIE: New page: PIE session: FirstPersonExampleMap (23 Mar 2016 20:50:17)
[2016.03.23-20.50.17:198][855]LogPlayLevel: Creating play world package: /Game/GameProject/Maps/UEDPIE_0_FirstPersonExampleMap
[2016.03.23-20.50.17:226][855]LogPlayLevel: PIE: StaticDuplicateObject took: (0.027885s)
[2016.03.23-20.50.17:228][855]LogAIModule: Creating AISystem for world FirstPersonExampleMap
[2016.03.23-20.50.17:228][855]LogPlayLevel: PIE: World Init took: (0.001718s)
[2016.03.23-20.50.17:228][855]LogPlayLevel: PIE: Created PIE world by copying editor world from /Game/GameProject/Maps/FirstPersonExampleMap.FirstPersonExampleMap to /Game/GameProject/Maps/UEDPIE_0_FirstPersonExampleMap.FirstPersonExampleMap (0.029823s)
[2016.03.23-20.50.17:228][855]LogActorComponent: UnregisterComponent: (/Engine/Transient.CharMoveComp) Not registered. Aborting.
[2016.03.23-20.50.17:272][855]LogInit: XAudio2 using 'Speakers (2- High Definition Audio Device)' : 2 channels at 44.1 kHz using 16 bits per sample (channel mask 0x3)
[2016.03.23-20.50.17:283][855]LogInit: FAudioDevice initialized.
[2016.03.23-20.50.17:320][855]LogWorld: Game class is 'FirstPersonGameMode_C'
[2016.03.23-20.50.17:327][855]LogWorld: Bringing World /Game/GameProject/Maps/UEDPIE_0_FirstPersonExampleMap.FirstPersonExampleMap up for play (max tick rate 0) at 2016.03.23-20.50.17
[2016.03.23-20.50.17:327][855]LogActor:Warning: GameSession /Game/GameProject/Maps/UEDPIE_0_FirstPersonExampleMap.FirstPersonExampleMap:PersistentLevel.GameSession_4 has natively added scene component(s), but none of them were set as the actor's RootComponent - picking one arbitrarily
[2016.03.23-20.50.17:328][855]LogActor:Warning: GameNetworkManager /Game/GameProject/Maps/UEDPIE_0_FirstPersonExampleMap.FirstPersonExampleMap:PersistentLevel.GameNetworkManager_4 has natively added scene component(s), but none of them were set as the actor's RootComponent - picking one arbitrarily
[2016.03.23-20.50.17:329][855]LogWorld: Bringing up level for play took: 0.007454
[2016.03.23-20.50.17:329][855]LogPathFollowing:Warning: No NavigationData found while trying to cache it for AIController_4's PathFollowingComponent
[2016.03.23-20.50.17:332][855]PIE: Info Play in editor start time for /Game/GameProject/Maps/UEDPIE_0_FirstPersonExampleMap -0.431
[2016.03.23-20.50.17:332][855]LogBlueprintUserMessages: Late PlayInEditor Detection: Level '/Game/GameProject/Maps/FirstPersonExampleMap.FirstPersonExampleMap:PersistentLevel' has LevelScriptBlueprint '/Game/GameProject/Maps/FirstPersonExampleMap.FirstPersonExampleMap:PersistentLevel.FirstPersonExampleMap' with GeneratedClass '/Game/GameProject/Maps/FirstPersonExampleMap.FirstPersonExampleMap_C' with ClassGeneratedBy '/Game/GameProject/Maps/FirstPersonExampleMap.FirstPersonExampleMap:PersistentLevel.FirstPersonExampleMap'
[2016.03.23-20.50.19:827][ 56]LogBlueprintUserMessages: Early EndPlayMap Detection: Level '/Game/GameProject/Maps/FirstPersonExampleMap.FirstPersonExampleMap:PersistentLevel' has LevelScriptBlueprint '/Game/GameProject/Maps/FirstPersonExampleMap.FirstPersonExampleMap:PersistentLevel.FirstPersonExampleMap' with GeneratedClass '/Game/GameProject/Maps/FirstPersonExampleMap.FirstPersonExampleMap_C' with ClassGeneratedBy '/Game/GameProject/Maps/FirstPersonExampleMap.FirstPersonExampleMap:PersistentLevel.FirstPersonExampleMap'
[2016.03.23-20.50.19:868][ 56]LogBlueprintUserMessages: Late EndPlayMap Detection: Level '/Game/GameProject/Maps/FirstPersonExampleMap.FirstPersonExampleMap:PersistentLevel' has LevelScriptBlueprint '/Game/GameProject/Maps/FirstPersonExampleMap.FirstPersonExampleMap:PersistentLevel.FirstPersonExampleMap' with GeneratedClass '/Game/GameProject/Maps/FirstPersonExampleMap.FirstPersonExampleMap_C' with ClassGeneratedBy '/Game/GameProject/Maps/FirstPersonExampleMap.FirstPersonExampleMap:PersistentLevel.FirstPersonExampleMap'
[2016.03.23-20.50.19:896][ 56]LogParticles: Destroying 0 GPU particle simulations for FXSystem 0x000001D79D4122A0
[2016.03.23-20.50.23:046][237]Cmd: QUIT_EDITOR
[2016.03.23-20.50.23:666][237]LogWindowsTextInputMethodSystem:Display: IME system now deactivated.
[2016.03.23-20.50.23:730][237]LogExit: Preparing to exit.
[2016.03.23-20.50.24:999][237]LogExit: Editor shut down
[2016.03.23-20.50.24:999][237]LogExit: Transaction tracking system shut down
[2016.03.23-20.50.25:002][237]LogParticles: Destroying 0 GPU particle simulations for FXSystem 0x000001D7D72CB4C0
[2016.03.23-20.50.25:002][237]LogParticles: Destroying 0 GPU particle simulations for FXSystem 0x000001D7EDD63880
[2016.03.23-20.50.25:002][237]LogParticles: Destroying 0 GPU particle simulations for FXSystem 0x000001D7EDB46A20
[2016.03.23-20.50.25:002][237]LogParticles: Destroying 0 GPU particle simulations for FXSystem 0x000001D7F7F5B240
[2016.03.23-20.50.25:005][237]LogParticles: Destroying 0 GPU particle simulations for FXSystem 0x000001D79CF38CC0
[2016.03.23-20.50.25:291][237]LogExit: Object subsystem successfully closed.
[2016.03.23-20.50.25:305][237]LogD3D11RHI: Shutdown
[2016.03.23-20.50.25:305][237]LogD3D11RHI: CleanupD3DDevice
[2016.03.23-20.50.25:396][237]LogD3D11RHI: ~FD3D11DynamicRHI
[2016.03.23-20.50.25:422][237]LogModuleManager: Shutting down and abandoning module CookingStats (200)
[2016.03.23-20.50.25:422][237]LogModuleManager: Shutting down and abandoning module BlueprintGraph (199)
[2016.03.23-20.50.25:422][237]LogModuleManager: Shutting down and abandoning module CrashTracker (198)
[2016.03.23-20.50.25:422][237]LogModuleManager: Shutting down and abandoning module SceneOutliner (197)
[2016.03.23-20.50.25:422][237]LogModuleManager: Shutting down and abandoning module SuperSearch (196)
[2016.03.23-20.50.25:422][237]LogModuleManager: Shutting down and abandoning module WidgetCarousel (195)
[2016.03.23-20.50.25:422][237]LogModuleManager: Shutting down and abandoning module AddContentDialog (194)
[2016.03.23-20.50.25:423][237]LogModuleManager: Shutting down and abandoning module EditorWidgets (193)
[2016.03.23-20.50.25:423][237]LogModuleManager: Shutting down and abandoning module CollectionManager (192)
[2016.03.23-20.50.25:423][237]LogModuleManager: Shutting down and abandoning module StatsViewer (191)
[2016.03.23-20.50.25:423][237]LogModuleManager: Shutting down and abandoning module FoliageEdit (190)
[2016.03.23-20.50.25:423][237]LogModuleManager: Shutting down and abandoning module LandscapeEditor (189)
[2016.03.23-20.50.25:423][237]LogModuleManager: Shutting down and abandoning module ActorPickerMode (188)
[2016.03.23-20.50.25:423][237]LogModuleManager: Shutting down and abandoning module GeometryMode (187)
[2016.03.23-20.50.25:423][237]LogModuleManager: Shutting down and abandoning module TextureAlignMode (186)
[2016.03.23-20.50.25:424][237]LogModuleManager: Shutting down and abandoning module BspMode (185)
[2016.03.23-20.50.25:424][237]LogModuleManager: Shutting down and abandoning module PlacementMode (184)
[2016.03.23-20.50.25:424][237]LogModuleManager: Shutting down and abandoning module AutomationWorker (183)
[2016.03.23-20.50.25:424][237]LogModuleManager: Shutting down and abandoning module CharacterAI (182)
[2016.03.23-20.50.25:424][237]LogModuleManager: Shutting down and abandoning module SmartSnapping (181)
[2016.03.23-20.50.25:424][237]LogModuleManager: Shutting down and abandoning module ViewportSnapping (180)
[2016.03.23-20.50.25:424][237]LogModuleManager: Shutting down and abandoning module LogVisualizer (179)
[2016.03.23-20.50.25:424][237]LogModuleManager: Shutting down and abandoning module GameProjectGeneration (178)
[2016.03.23-20.50.25:424][237]LogModuleManager: Shutting down and abandoning module IntroTutorials (177)
[2016.03.23-20.50.25:424][237]LogModuleManager: Shutting down and abandoning module EditorLiveStreaming (176)
[2016.03.23-20.50.25:424][237]LogModuleManager: Shutting down and abandoning module IOSPlatformEditor (175)
[2016.03.23-20.50.25:424][237]LogModuleManager: Shutting down and abandoning module HTML5PlatformEditor (174)
[2016.03.23-20.50.25:424][237]LogModuleManager: Shutting down and abandoning module AndroidDeviceDetection (173)
[2016.03.23-20.50.25:744][237]LogModuleManager: Shutting down and abandoning module AndroidPlatformEditor (172)
[2016.03.23-20.50.25:744][237]LogModuleManager: Shutting down and abandoning module IOSRuntimeSettings (171)
[2016.03.23-20.50.25:744][237]LogModuleManager: Shutting down and abandoning module AndroidRuntimeSettings (170)
[2016.03.23-20.50.25:744][237]LogModuleManager: Shutting down and abandoning module MergeActors (169)
[2016.03.23-20.50.25:744][237]LogModuleManager: Shutting down and abandoning module SizeMap (168)
[2016.03.23-20.50.25:744][237]LogModuleManager: Shutting down and abandoning module TreeMap (167)
[2016.03.23-20.50.25:744][237]LogModuleManager: Shutting down and abandoning module ReferenceViewer (166)
[2016.03.23-20.50.25:744][237]LogModuleManager: Shutting down and abandoning module LocalizationService (165)
[2016.03.23-20.50.25:744][237]LogModuleManager: Shutting down and abandoning module LocalizationDashboard (164)
[2016.03.23-20.50.25:744][237]LogModuleManager: Shutting down and abandoning module HardwareTargeting (163)
[2016.03.23-20.50.25:744][237]LogModuleManager: Shutting down and abandoning module DeviceProfileEditor (162)
[2016.03.23-20.50.25:744][237]LogModuleManager: Shutting down and abandoning module UndoHistory (161)
[2016.03.23-20.50.25:744][237]LogModuleManager: Shutting down and abandoning module GameplayTagsEditor (160)
[2016.03.23-20.50.25:744][237]LogModuleManager: Shutting down and abandoning module UserFeedback (159)
[2016.03.23-20.50.25:744][237]LogModuleManager: Shutting down and abandoning module XmlParser (158)
[2016.03.23-20.50.25:744][237]LogModuleManager: Shutting down and abandoning module Blutility (157)
[2016.03.23-20.50.25:744][237]LogModuleManager: Shutting down and abandoning module ProjectTargetPlatformEditor (156)
[2016.03.23-20.50.25:744][237]LogModuleManager: Shutting down and abandoning module ProjectSettingsViewer (155)
[2016.03.23-20.50.25:745][237]LogModuleManager: Shutting down and abandoning module InputBindingEditor (154)
[2016.03.23-20.50.25:745][237]LogModuleManager: Shutting down and abandoning module EditorSettingsViewer (153)
[2016.03.23-20.50.25:745][237]LogModuleManager: Shutting down and abandoning module SettingsEditor (152)
[2016.03.23-20.50.25:745][237]LogModuleManager: Shutting down and abandoning module ProjectLauncher (151)
[2016.03.23-20.50.25:745][237]LogModuleManager: Shutting down and abandoning module SessionFrontend (150)
[2016.03.23-20.50.25:745][237]LogModuleManager: Shutting down and abandoning module ProfilerClient (149)
[2016.03.23-20.50.25:745][237]LogModuleManager: Shutting down and abandoning module TargetDeviceServices (148)
[2016.03.23-20.50.25:745][237]LogModuleManager: Shutting down and abandoning module DeviceManager (147)
[2016.03.23-20.50.25:745][237]LogModuleManager: Shutting down and abandoning module AutomationController (146)
[2016.03.23-20.50.25:745][237]LogModuleManager: Shutting down and abandoning module AutomationWindow (145)
[2016.03.23-20.50.25:745][237]LogModuleManager: Shutting down and abandoning module Layers (144)
[2016.03.23-20.50.25:745][237]LogModuleManager: Shutting down and abandoning module ComponentVisualizers (143)
[2016.03.23-20.50.25:745][237]LogModuleManager: Shutting down and abandoning module DetailCustomizations (142)
[2016.03.23-20.50.25:745][237]LogModuleManager: Shutting down and abandoning module PackagesDialog (141)
[2016.03.23-20.50.25:746][237]LogModuleManager: Shutting down and abandoning module Persona (140)
[2016.03.23-20.50.25:746][237]LogModuleManager: Shutting down and abandoning module Kismet (139)
[2016.03.23-20.50.25:746][237]LogModuleManager: Shutting down and abandoning module GraphEditor (138)
[2016.03.23-20.50.25:746][237]LogModuleManager: Shutting down and abandoning module ClassViewer (137)
[2016.03.23-20.50.25:752][237]LogModuleManager: Shutting down and abandoning module Toolbox (136)
[2016.03.23-20.50.25:752][237]LogModuleManager: Shutting down and abandoning module ModuleUI (135)
[2016.03.23-20.50.25:752][237]LogModuleManager: Shutting down and abandoning module MovieSceneTools (134)
[2016.03.23-20.50.25:752][237]LogModuleManager: Shutting down and abandoning module OutputLog (133)
[2016.03.23-20.50.25:752][237]LogModuleManager: Shutting down and abandoning module GammaUI (132)
[2016.03.23-20.50.25:752][237]LogModuleManager: Shutting down and abandoning module Documentation (131)
[2016.03.23-20.50.25:753][237]LogModuleManager: Shutting down and abandoning module GameLiveStreaming (130)
[2016.03.23-20.50.25:753][237]LogModuleManager: Shutting down and abandoning module StreamingPauseRendering (129)
[2016.03.23-20.50.25:753][237]LogModuleManager: Shutting down and abandoning module AnalyticsET (128)
[2016.03.23-20.50.25:753][237]LogModuleManager: Shutting down and abandoning module Analytics (127)
[2016.03.23-20.50.25:753][237]LogModuleManager: Shutting down and abandoning module AITestSuite (126)
[2016.03.23-20.50.25:753][237]LogModuleManager: Shutting down and abandoning module GameplayDebugger (125)
[2016.03.23-20.50.25:753][237]LogModuleManager: Shutting down and abandoning module AIModule (124)
[2016.03.23-20.50.25:753][237]LogModuleManager: Shutting down and abandoning module ProfilerService (123)
[2016.03.23-20.50.25:960][237]LogModuleManager: Shutting down and abandoning module TaskGraph (122)
[2016.03.23-20.50.25:960][237]LogModuleManager: Shutting down and abandoning module SlateRemote (121)
[2016.03.23-20.50.25:960][237]LogModuleManager: Shutting down and abandoning module SteamVRController (120)
[2016.03.23-20.50.25:960][237]LogModuleManager: Shutting down and abandoning module SteamVR (119)
[2016.03.23-20.50.25:960][237]LogModuleManager: Shutting down and abandoning module ProceduralMeshComponent (118)
[2016.03.23-20.50.25:960][237]LogModuleManager: Shutting down and abandoning module OculusLibrary (117)
[2016.03.23-20.50.25:960][237]LogModuleManager: Shutting down and abandoning module OculusInput (116)
[2016.03.23-20.50.25:960][237]LogModuleManager: Shutting down and abandoning module LeapMotionController (115)
[2016.03.23-20.50.25:971][237]LogModuleManager: Shutting down and abandoning module CustomMeshComponent (114)
[2016.03.23-20.50.25:971][237]LogModuleManager: Shutting down and abandoning module CableComponent (113)
[2016.03.23-20.50.25:971][237]LogModuleManager: Shutting down and abandoning module ArchVisCharacter (112)
[2016.03.23-20.50.25:971][237]LogModuleManager: Shutting down and abandoning module MessagingDebugger (111)
[2016.03.23-20.50.25:971][237]LogModuleManager: Shutting down and abandoning module MediaPlayerEditor (110)
[2016.03.23-20.50.25:971][237]LogModuleManager: Shutting down and abandoning module HTML5Networking (109)
[2016.03.23-20.50.25:971][237]LogModuleManager: Shutting down and abandoning module SpeedTreeImporter (108)
[2016.03.23-20.50.25:971][237]LogModuleManager: Shutting down and abandoning module PluginBrowser (107)
[2016.03.23-20.50.25:971][237]LogModuleManager: Shutting down and abandoning module EpicSurvey (106)
[2016.03.23-20.50.25:971][237]LogModuleManager: Shutting down and abandoning module DesktopPlatform (105)
[2016.03.23-20.50.25:971][237]LogModuleManager: Shutting down and abandoning module VisualStudioSourceCodeAccess (104)
[2016.03.23-20.50.25:971][237]LogModuleManager: Shutting down and abandoning module UObjectPlugin (103)
[2016.03.23-20.50.25:971][237]LogModuleManager: Shutting down and abandoning module SubversionSourceControl (102)
[2016.03.23-20.50.25:971][237]LogModuleManager: Shutting down and abandoning module PerforceSourceControl (101)
[2016.03.23-20.50.25:971][237]LogModuleManager: Shutting down and abandoning module SourceControl (100)
[2016.03.23-20.50.25:971][237]LogModuleManager: Shutting down and abandoning module GitSourceControl (99)
[2016.03.23-20.50.25:971][237]LogModuleManager: Shutting down and abandoning module LightPropagationVolumeEditor (98)
[2016.03.23-20.50.25:971][237]LogModuleManager: Shutting down and abandoning module PaperTiledImporter (97)
[2016.03.23-20.50.25:971][237]LogModuleManager: Shutting down and abandoning module PaperSpriteSheetImporter (96)
[2016.03.23-20.50.25:971][237]LogModuleManager: Shutting down and abandoning module MeshPaint (95)
[2016.03.23-20.50.25:971][237]LogModuleManager: Shutting down and abandoning module SlateReflector (94)
[2016.03.23-20.50.25:971][237]LogModuleManager: Shutting down and abandoning module HotReload (93)
[2016.03.23-20.50.25:971][237]LogModuleManager: Shutting down and abandoning module MainFrame (92)
[2016.03.23-20.50.25:971][237]LogModuleManager: Shutting down and abandoning module LevelEditor (91)
[2016.03.23-20.50.25:972][237]LogModuleManager: Shutting down and abandoning module DirectoryWatcher (90)
[2016.03.23-20.50.25:973][237]LogModuleManager: Shutting down and abandoning module AssetRegistry (89)
[2016.03.23-20.50.26:025][237]LogModuleManager: Shutting down and abandoning module ContentBrowser (88)
[2016.03.23-20.50.26:026][237]LogModuleManager: Shutting down and abandoning module Paper2DEditor (87)
[2016.03.23-20.50.26:026][237]LogModuleManager: Shutting down and abandoning module UdpMessaging (86)
[2016.03.23-20.50.26:127][237]LogModuleManager: Shutting down and abandoning module LightPropagationVolumeRuntime (85)
[2016.03.23-20.50.26:127][237]LogModuleManager: Shutting down and abandoning module Paper2D (84)
[2016.03.23-20.50.26:127][237]LogModuleManager: Shutting down and abandoning module WindowsMoviePlayer (83)
[2016.03.23-20.50.26:130][237]LogModuleManager: Shutting down and abandoning module Media (82)
[2016.03.23-20.50.26:130][237]LogModuleManager: Shutting down and abandoning module WmfMedia (81)
[2016.03.23-20.50.26:130][237]LogModuleManager: Shutting down and abandoning module OnlineBlueprintSupport (80)
[2016.03.23-20.50.26:130][237]LogModuleManager: Shutting down and abandoning module GameplayTasksEditor (79)
[2016.03.23-20.50.26:130][237]LogModuleManager: Shutting down and abandoning module PropertyEditor (78)
[2016.03.23-20.50.26:130][237]LogModuleManager: Shutting down and abandoning module BehaviorTreeEditor (77)
[2016.03.23-20.50.26:130][237]LogModuleManager: Shutting down and abandoning module FunctionalTesting (76)
[2016.03.23-20.50.26:130][237]LogModuleManager: Shutting down and abandoning module CollisionAnalyzer (75)
[2016.03.23-20.50.26:130][237]LogModuleManager: Shutting down and abandoning module WorkspaceMenuStructure (74)
[2016.03.23-20.50.26:130][237]LogModuleManager: Shutting down and abandoning module MessageLog (73)
[2016.03.23-20.50.26:130][237]LogModuleManager: Shutting down and abandoning module Sequencer (72)
[2016.03.23-20.50.26:130][237]LogModuleManager: Shutting down and abandoning module AssetTools (71)
[2016.03.23-20.50.26:130][237]LogModuleManager: Shutting down and abandoning module UMGEditor (70)
[2016.03.23-20.50.26:131][237]LogModuleManager: Shutting down and abandoning module UMG (69)
[2016.03.23-20.50.26:131][237]LogModuleManager: Shutting down and abandoning module Slate (68)
[2016.03.23-20.50.26:131][237]LogModuleManager: Shutting down and abandoning module EditorStyle (67)
[2016.03.23-20.50.26:133][237]LogModuleManager: Shutting down and abandoning module SessionServices (66)
[2016.03.23-20.50.26:133][237]LogModuleManager: Shutting down and abandoning module SourceCodeAccess (65)
[2016.03.23-20.50.26:133][237]LogModuleManager: Shutting down and abandoning module HeadMountedDisplay (64)
[2016.03.23-20.50.26:133][237]LogModuleManager: Shutting down and abandoning module XAudio2 (63)
[2016.03.23-20.50.26:133][237]LogModuleManager: Shutting down and abandoning module Networking (61)
[2016.03.23-20.50.26:133][237]LogModuleManager: Shutting down and abandoning module Core (60)
[2016.03.23-20.50.26:133][237]LogModuleManager: Shutting down and abandoning module KismetCompiler (59)
[2016.03.23-20.50.26:133][237]LogModuleManager: Shutting down and abandoning module PhysXFormats (58)
[2016.03.23-20.50.26:133][237]LogModuleManager: Shutting down and abandoning module MeshUtilities (57)
[2016.03.23-20.50.26:133][237]LogModuleManager: Shutting down and abandoning module DerivedDataCache (56)
[2016.03.23-20.50.26:149][237]LogDerivedDataCache: Shutdown
[2016.03.23-20.50.26:149][237]LogModuleManager: Shutting down and abandoning module ShaderFormatOpenGL (55)
[2016.03.23-20.50.26:149][237]LogModuleManager: Shutting down and abandoning module ShaderFormatD3D (54)
[2016.03.23-20.50.26:149][237]LogModuleManager: Shutting down and abandoning module MetalShaderFormat (53)
[2016.03.23-20.50.26:149][237]LogModuleManager: Shutting down and abandoning module TextureFormatUncompressed (52)
[2016.03.23-20.50.26:149][237]LogModuleManager: Shutting down and abandoning module TextureFormatPVR (51)
[2016.03.23-20.50.26:149][237]LogModuleManager: Shutting down and abandoning module TextureFormatIntelISPCTexComp (50)
[2016.03.23-20.50.26:149][237]LogModuleManager: Shutting down and abandoning module TextureFormatDXT (49)
[2016.03.23-20.50.26:149][237]LogModuleManager: Shutting down and abandoning module ImageWrapper (48)
[2016.03.23-20.50.26:149][237]LogModuleManager: Shutting down and abandoning module TextureFormatASTC (47)
[2016.03.23-20.50.26:149][237]LogModuleManager: Shutting down and abandoning module TextureFormatAndroid (46)
[2016.03.23-20.50.26:149][237]LogModuleManager: Shutting down and abandoning module AudioFormatOpus (45)
[2016.03.23-20.50.26:149][237]LogModuleManager: Shutting down and abandoning module AudioFormatOgg (44)
[2016.03.23-20.50.26:149][237]LogModuleManager: Shutting down and abandoning module AudioFormatADPCM (43)
[2016.03.23-20.50.26:149][237]LogModuleManager: Shutting down and abandoning module LinuxTargetPlatform (42)
[2016.03.23-20.50.26:149][237]LogModuleManager: Shutting down and abandoning module LinuxServerTargetPlatform (41)
[2016.03.23-20.50.26:149][237]LogModuleManager: Shutting down and abandoning module LinuxNoEditorTargetPlatform (40)
[2016.03.23-20.50.26:149][237]LogModuleManager: Shutting down and abandoning module Messaging (39)
[2016.03.23-20.50.26:149][237]LogModuleManager: Shutting down and abandoning module IOSTargetPlatform (38)
[2016.03.23-20.50.26:149][237]LogModuleManager: Shutting down and abandoning module HTML5TargetPlatform (37)
[2016.03.23-20.50.26:149][237]LogModuleManager: Shutting down and abandoning module Android_PVRTCTargetPlatform (36)
[2016.03.23-20.50.26:149][237]LogModuleManager: Shutting down and abandoning module Android_MultiTargetPlatform (35)
[2016.03.23-20.50.26:149][237]LogModuleManager: Shutting down and abandoning module Android_ETC2TargetPlatform (34)
[2016.03.23-20.50.26:149][237]LogModuleManager: Shutting down and abandoning module Android_ETC1TargetPlatform (33)
[2016.03.23-20.50.26:149][237]LogModuleManager: Shutting down and abandoning module Android_DXTTargetPlatform (32)
[2016.03.23-20.50.26:149][237]LogModuleManager: Shutting down and abandoning module Android_ATCTargetPlatform (31)
[2016.03.23-20.50.26:149][237]LogModuleManager: Shutting down and abandoning module Android_ASTCTargetPlatform (30)
[2016.03.23-20.50.26:149][237]LogModuleManager: Shutting down and abandoning module AndroidTargetPlatform (29)
[2016.03.23-20.50.26:149][237]LogModuleManager: Shutting down and abandoning module WindowsTargetPlatform (28)
[2016.03.23-20.50.26:149][237]LogModuleManager: Shutting down and abandoning module WindowsServerTargetPlatform (27)
[2016.03.23-20.50.26:149][237]LogModuleManager: Shutting down and abandoning module WindowsNoEditorTargetPlatform (26)
[2016.03.23-20.50.26:149][237]LogModuleManager: Shutting down and abandoning module WindowsClientTargetPlatform (25)
[2016.03.23-20.50.26:149][237]LogModuleManager: Shutting down and abandoning module AllDesktopTargetPlatform (24)
[2016.03.23-20.50.26:149][237]LogModuleManager: Shutting down and abandoning module TargetPlatform (23)
[2016.03.23-20.50.26:149][237]LogModuleManager: Shutting down and abandoning module InputCore (22)
[2016.03.23-20.50.26:149][237]LogModuleManager: Shutting down and abandoning module Settings (21)
[2016.03.23-20.50.26:149][237]LogModuleManager: Shutting down and abandoning module OnlineSubsystem (19)
[2016.03.23-20.50.26:149][237]LogModuleManager: Shutting down and abandoning module HTTP (18)
[2016.03.23-20.50.28:162][237]LogModuleManager: Shutting down and abandoning module XMPP (17)
[2016.03.23-20.50.28:162][237]LogModuleManager: Shutting down and abandoning module OculusRift (16)
[2016.03.23-20.50.28:162][237]LogModuleManager: Shutting down and abandoning module ExampleDeviceProfileSelector (15)
[2016.03.23-20.50.28:162][237]LogModuleManager: Shutting down and abandoning module TextureCompressor (14)
[2016.03.23-20.50.28:162][237]LogModuleManager: Shutting down and abandoning module ShaderCore (13)
[2016.03.23-20.50.28:162][237]LogModuleManager: Shutting down and abandoning module Landscape (12)
[2016.03.23-20.50.28:162][237]LogModuleManager: Shutting down and abandoning module SlateRHIRenderer (11)
[2016.03.23-20.50.28:164][237]LogModuleManager: Shutting down and abandoning module OpenGLDrv (10)
[2016.03.23-20.50.28:164][237]LogModuleManager: Shutting down and abandoning module D3D11RHI (9)
[2016.03.23-20.50.28:164][237]LogModuleManager: Shutting down and abandoning module AnimGraphRuntime (8)
[2016.03.23-20.50.28:164][237]LogModuleManager: Shutting down and abandoning module Renderer (7)
[2016.03.23-20.50.28:164][237]LogModuleManager: Shutting down and abandoning module Engine (6)
[2016.03.23-20.50.28:164][237]LogModuleManager: Shutting down and abandoning module CoreUObject (5)
[2016.03.23-20.50.28:164][237]LogModuleManager: Shutting down and abandoning module NetworkFile (4)
[2016.03.23-20.50.28:164][237]LogModuleManager: Shutting down and abandoning module StreamingFile (3)
[2016.03.23-20.50.28:164][237]LogModuleManager: Shutting down and abandoning module SandboxFile (2)
[2016.03.23-20.50.28:164][237]LogModuleManager: Shutting down and abandoning module PakFile (1)
[2016.03.23-20.50.28:166][237]LogExit: Exiting.
[2016.03.23-20.50.28:167][237]Log file closed, 03/23/16 20:50:28
