[2016.03.28-13.53.21:787][  0]Log file open, 03/28/16 14:53:21
[2016.03.28-13.53.21:787][  0]LogInit:Display: Running engine without a game
[2016.03.28-13.53.21:787][  0]LogPlatformFile: Not using cached read wrapper
[2016.03.28-13.53.21:787][  0]LogInit:Display: Loading recent project file: E:/Computing/Unreal/Unreal Projects/GameProject/FpsProject.uproject
[2016.03.28-13.53.21:787][  0]LogInit:Display: RandInit(-511646617) SRandInit(-511646616).
[2016.03.28-13.53.21:787][  0]LogTaskGraph: Started task graph with 4 named threads and 7 total threads.
[2016.03.28-13.53.21:787][  0]LogStats: Stats thread started at 0.098344
[2016.03.28-13.53.21:787][  0]LogInit: Version: 4.10.4-2872498+++depot+UE4-Releases+4.10
[2016.03.28-13.53.21:787][  0]LogInit: API Version: 2758231
[2016.03.28-13.53.21:787][  0]LogInit: Compiled (64-bit): Feb 18 2016 15:47:04
[2016.03.28-13.53.21:787][  0]LogInit: Compiled with Visual C++: 19.00.23026.00
[2016.03.28-13.53.21:787][  0]LogInit: Build Configuration: Development
[2016.03.28-13.53.21:787][  0]LogInit: Branch Name: ++depot+UE4-Releases+4.10
[2016.03.28-13.53.21:787][  0]LogInit: Command line: -EpicPortal 
[2016.03.28-13.53.21:787][  0]LogInit: Base directory: C:/Program Files (x86)/Epic Games/4.10/Engine/Binaries/Win64/
[2016.03.28-13.53.21:787][  0]LogInit: Rocket: 1
[2016.03.28-13.53.21:951][  0]LogInit: Using libcurl 7.41.0
[2016.03.28-13.53.21:951][  0]LogInit:  - built for x86_64-pc-win32
[2016.03.28-13.53.21:951][  0]LogInit:  - supports SSL with WinSSL
[2016.03.28-13.53.21:951][  0]LogInit:  - other features:
[2016.03.28-13.53.21:951][  0]LogInit:      CURL_VERSION_SSL
[2016.03.28-13.53.21:951][  0]LogInit:      CURL_VERSION_IPV6
[2016.03.28-13.53.21:951][  0]LogInit:      CURL_VERSION_ASYNCHDNS
[2016.03.28-13.53.21:951][  0]LogInit:      CURL_VERSION_LARGEFILE
[2016.03.28-13.53.21:951][  0]LogInit:      CURL_VERSION_IDN
[2016.03.28-13.53.21:951][  0]LogInit:  CurlRequestOptions (configurable via config and command line):
[2016.03.28-13.53.21:951][  0]LogInit:  - bVerifyPeer = true  - Libcurl will verify peer certificate
[2016.03.28-13.53.21:951][  0]LogInit:  - bUseHttpProxy = false  - Libcurl will NOT use HTTP proxy
[2016.03.28-13.53.21:951][  0]LogInit:  - bDontReuseConnections = false  - Libcurl will reuse connections
[2016.03.28-13.53.21:951][  0]LogInit:  - CertBundlePath = nullptr  - Libcurl will use whatever was configured at build time.
[2016.03.28-13.53.21:994][  0]LogInit: Presizing for 0 objects not considered by GC, pre-allocating 0 bytes.
[2016.03.28-13.53.21:999][  0]LogInit: Object subsystem initialized
[2016.03.28-13.53.21:999][  0]LogInit: Selected Device Profile: [Windows]
[2016.03.28-13.53.21:999][  0]LogInit: Applying CVar settings loaded from the selected device profile: [Windows]
[2016.03.28-13.53.22:004][  0]LogInit: Computer: CHRIS-PC
[2016.03.28-13.53.22:004][  0]LogInit: User: Chris
[2016.03.28-13.53.22:004][  0]LogInit: CPU Page size=4096, Cores=4
[2016.03.28-13.53.22:004][  0]LogInit: High frequency timer resolution =3.123193 MHz
[2016.03.28-13.53.22:004][  0]LogMemory: Memory total: Physical=7.9GB (8GB approx)
[2016.03.28-13.53.22:004][  0]LogMemory: Platform Memory Stats for Windows
[2016.03.28-13.53.22:004][  0]LogMemory: Process Physical Memory: 56.11 MB used, 56.11 MB peak
[2016.03.28-13.53.22:004][  0]LogMemory: Process Virtual Memory: 56.70 MB used, 56.70 MB peak
[2016.03.28-13.53.22:004][  0]LogMemory: Physical Memory: 2804.60 MB used, 8130.79 MB total
[2016.03.28-13.53.22:004][  0]LogMemory: Virtual Memory: 382.49 MB used, 134217728.00 MB total
[2016.03.28-13.53.22:174][  0]LogTextLocalizationManager: No specific translations for ('en-GB') exist, so ('en') translations will be used.
[2016.03.28-13.53.22:557][  0]LogD3D11RHI: Found D3D11 adapter 0: AMD Radeon HD 7700 Series (Feature Level 11_0)
[2016.03.28-13.53.22:557][  0]LogD3D11RHI: Adapter has 1002MB of dedicated video memory, 0MB of dedicated system memory, and 4065MB of shared system memory, 2 output[s]
[2016.03.28-13.53.22:559][  0]LogD3D11RHI: Found D3D11 adapter 1: Microsoft Basic Render Driver (Feature Level 11_0)
[2016.03.28-13.53.22:559][  0]LogD3D11RHI: Adapter has 0MB of dedicated video memory, 0MB of dedicated system memory, and 4065MB of shared system memory, 0 output[s]
[2016.03.28-13.53.22:559][  0]LogD3D11RHI: Chosen D3D11 Adapter Id = 0
[2016.03.28-13.53.22:562][  0]LogD3D11RHI: !Direct3DDevice
[2016.03.28-13.53.22:562][  0]LogRHI: Texture pool is 701 MB (70% of 1002 MB)
[2016.03.28-13.53.22:570][  0]LogD3D11RHI: Async texture creation disabled: no driver support
[2016.03.28-13.53.22:582][  0]LogShaderCompilers: Guid format shader working directory is -1 characters bigger than the processId version (E:/Computing/Unreal/Unreal Projects/GameProject/Intermediate/Shaders/WorkingDirectory/5724/).
[2016.03.28-13.53.22:582][  0]LogShaderCompilers: Cleaned the shader compiler working directory 'C:/Users/Chris/AppData/Local/Temp/UnrealShaderWorkingDir/9BD2E93C48F299DD781CB286B5E0ECC6/'.
[2016.03.28-13.53.22:582][  0]LogShaderCompilers:Display: Using Local Shader Compiler.
[2016.03.28-13.53.24:027][  0]LogTemp:Display: Loaded TP AllDesktopTargetPlatform
[2016.03.28-13.53.24:037][  0]LogTemp:Display: Loaded TP WindowsClientTargetPlatform
[2016.03.28-13.53.24:047][  0]LogTemp:Display: Loaded TP WindowsNoEditorTargetPlatform
[2016.03.28-13.53.24:059][  0]LogTemp:Display: Loaded TP WindowsServerTargetPlatform
[2016.03.28-13.53.24:069][  0]LogTemp:Display: Loaded TP WindowsTargetPlatform
[2016.03.28-13.53.24:078][  0]LogTemp:Display: Loaded TP AndroidTargetPlatform
[2016.03.28-13.53.24:088][  0]LogTemp:Display: Loaded TP Android_ASTCTargetPlatform
[2016.03.28-13.53.24:096][  0]LogTemp:Display: Loaded TP Android_ATCTargetPlatform
[2016.03.28-13.53.24:106][  0]LogTemp:Display: Loaded TP Android_DXTTargetPlatform
[2016.03.28-13.53.24:115][  0]LogTemp:Display: Loaded TP Android_ETC1TargetPlatform
[2016.03.28-13.53.24:125][  0]LogTemp:Display: Loaded TP Android_ETC2TargetPlatform
[2016.03.28-13.53.24:144][  0]LogTemp:Display: Loaded TP Android_MultiTargetPlatform
[2016.03.28-13.53.24:144][  0]LogTemp:Display: Loaded TP Android_PVRTCTargetPlatform
[2016.03.28-13.53.24:151][  0]LogTemp:Display: Loaded TP HTML5TargetPlatform
[2016.03.28-13.53.24:189][  0]LogTemp:Display: Loaded TP IOSTargetPlatform
[2016.03.28-13.53.24:197][  0]LogTemp:Display: Loaded TP LinuxNoEditorTargetPlatform
[2016.03.28-13.53.24:206][  0]LogTemp:Display: Loaded TP LinuxServerTargetPlatform
[2016.03.28-13.53.24:216][  0]LogTemp:Display: Loaded TP LinuxTargetPlatform
[2016.03.28-13.53.24:216][  0]LogTargetPlatformManager:Display: Building Assets For Windows
[2016.03.28-13.53.24:454][  0]LogDerivedDataCache:Display: Max Cache Size: 512 MB
[2016.03.28-13.53.24:582][  0]LogDerivedDataCache: Loaded boot cache 0.13s 41MB C:/Users/Chris/AppData/Local/UnrealEngine/4.10/DerivedDataCache/Boot.ddc.
[2016.03.28-13.53.24:582][  0]LogDerivedDataCache:Display: Loaded Boot cache: C:/Users/Chris/AppData/Local/UnrealEngine/4.10/DerivedDataCache/Boot.ddc
[2016.03.28-13.53.24:582][  0]LogDerivedDataCache: FDerivedDataBackendGraph:  Pak pak cache file E:/Computing/Unreal/Unreal Projects/GameProject/DerivedDataCache/DDC.ddp not found, will not use a pak cache.
[2016.03.28-13.53.24:582][  0]LogDerivedDataCache: Unable to find inner node Pak for hierarchical cache Hierarchy.
[2016.03.28-13.53.24:582][  0]LogDerivedDataCache: FDerivedDataBackendGraph:  CompressedPak pak cache file E:/Computing/Unreal/Unreal Projects/GameProject/DerivedDataCache/Compressed.ddp not found, will not use a pak cache.
[2016.03.28-13.53.24:582][  0]LogDerivedDataCache: Unable to find inner node CompressedPak for hierarchical cache Hierarchy.
[2016.03.28-13.53.24:640][  0]LogDerivedDataCache:Display: Pak cache opened for reading ../../../Engine/DerivedDataCache/Compressed.ddp.
[2016.03.28-13.53.24:652][  0]LogDerivedDataCache: Using Local data cache path C:/Users/Chris/AppData/Local/UnrealEngine/Common/DerivedDataCache: Writable
[2016.03.28-13.53.25:083][  0]LogInit: Selected Device Profile: [Windows]
[2016.03.28-13.53.25:086][  0]LogContentStreaming: Texture pool size is 0.000000MB
[2016.03.28-13.53.25:225][  0]LogMeshUtilities: No automatic mesh reduction module available
[2016.03.28-13.53.25:225][  0]LogMeshUtilities: No automatic mesh merging module available
[2016.03.28-13.53.25:541][  0]LogInit: WinSock: version 1.1 (2.2), MaxSocks=32767, MaxUdp=65467
[2016.03.28-13.53.27:321][  0]UdpMessaging: Initializing bridge on interface 0.0.0.0:0 to multicast group 230.0.0.1:6666.
[2016.03.28-13.53.27:582][  0]LogAssetRegistry: FAssetRegistry took 0.0109 seconds to start up
[2016.03.28-13.53.28:020][  0]SourceControl: Info Source control is disabled
[2016.03.28-13.53.28:022][  0]SourceControl: Info Source control is disabled
[2016.03.28-13.53.28:058][  0]SourceControl: Info Source control is disabled
[2016.03.28-13.53.28:085][  0]SourceControl: Info Source control is disabled
[2016.03.28-13.53.28:541][  0]LogObj: 28633 objects as part of root set at end of initial load.
[2016.03.28-13.53.28:541][  0]LogUObjectAllocator: 6099752 out of 0 bytes used by permanent object pool.
[2016.03.28-13.53.28:626][  0]LogEngine: Initializing Engine...
[2016.03.28-13.53.28:629][  0]LogHMD: Can't find Oculus library dev build: is proper Runtime installed? Version: 0.8.0.0
[2016.03.28-13.53.28:637][  0]LogHMD: SteamVR failed to initialize.  Err: 110
[2016.03.28-13.53.28:777][  0]LogAIModule: Creating AISystem for world NewWorld
[2016.03.28-13.53.28:787][  0]LogInit: XAudio2 using 'Speakers (2- High Definition Audio Device)' : 2 channels at 44.1 kHz using 16 bits per sample (channel mask 0x3)
[2016.03.28-13.53.28:798][  0]LogInit: FAudioDevice initialized.
[2016.03.28-13.53.28:823][  0]LogDerivedDataCache: Saved boot cache 0.03s 41MB C:/Users/Chris/AppData/Local/UnrealEngine/4.10/DerivedDataCache/Boot.ddc.
[2016.03.28-13.53.28:828][  0]LogInit: Texture streaming: Enabled
[2016.03.28-13.53.28:844][  0]LogAnalytics: Creating configured Analytics provider AnalyticsET
[2016.03.28-13.53.28:845][  0]LogAnalytics: [UEEditor.Rocket.Release] APIServer = http://et2.epicgames.com/ET2/. AppVersion = 4.10.4-2872498+++depot+UE4-Releases+4.10
[2016.03.28-13.53.28:845][  0]LogAnalytics: [UEEditor.Rocket.Release] SetUserId dda77f1544752f940c33e380f02beeee|581a2f5c95e34dd8b3eca337ee713eb1|baa8d59f-5337-46fd-ab7b-5719df139748
[2016.03.28-13.53.28:845][  0]LogAnalytics: [UEEditor.Rocket.Release] AnalyticsET::StartSession
[2016.03.28-13.53.28:858][  0]LogInit: Transaction tracking system initialized
[2016.03.28-13.53.28:929][  0]BlueprintLog: New page: Editor Load
[2016.03.28-13.53.29:279][  0]LocalizationService: Info Localization service is disabled
[2016.03.28-13.53.29:499][  0]LogConsoleResponse:Display: 
[2016.03.28-13.53.29:661][  0]LogCook:Display: Done creating registry. It took  0.00s.
[2016.03.28-13.53.29:831][  0]LogFileCache: Scanning file cache for directory 'E:/Computing/Unreal/Unreal Projects/GameProject/Content/' took 0.04s
[2016.03.28-13.53.29:831][  0]SourceControl: Info Source control is disabled
[2016.03.28-13.53.29:832][  0]Cmd: MAP LOAD FILE="E:/Computing/Unreal/Unreal Projects/GameProject/Content/GameProject/Maps/Arena.umap" TEMPLATE=0 SHOWPROGRESS=1 FEATURELEVEL=3
[2016.03.28-13.53.29:874][  0]LightingResults: New page: Lighting Build
[2016.03.28-13.53.29:880][  0]MapCheck: New page: Map Check
[2016.03.28-13.53.29:880][  0]LightingResults: New page: Lighting Build
[2016.03.28-13.53.29:900][  0]LogParticles: Destroying 0 GPU particle simulations for FXSystem 0x000001C75B34BB00
[2016.03.28-13.53.31:007][  0]LogAIModule: Creating AISystem for world Arena
[2016.03.28-13.53.31:013][  0]LogEditorServer: Finished looking for orphan Actors (0.000 secs)
[2016.03.28-13.53.31:013][  0]Cmd: MAP CHECKDEP NOCLEARLOG
[2016.03.28-13.53.31:093][  0]MapCheck: Info Map check complete: 0 Error(s), 0 Warning(s), took 79.6ms to complete.
[2016.03.28-13.53.31:093][  0]LogFileHelpers: Loading map 'Arena' took 1.261
[2016.03.28-13.53.31:278][  0]LogCollectionManager: Loaded 0 collections in 0.001685 seconds
[2016.03.28-13.53.31:333][  0]LogFileCache: Scanning file cache for directory 'E:/Computing/Unreal/Unreal Projects/GameProject/Saved/Collections/' took 0.01s
[2016.03.28-13.53.31:333][  0]LogFileCache: Scanning file cache for directory 'E:/Computing/Unreal/Unreal Projects/GameProject/Content/Developers/Chris/Collections/' took 0.01s
[2016.03.28-13.53.31:333][  0]LogFileCache: Scanning file cache for directory 'E:/Computing/Unreal/Unreal Projects/GameProject/Content/Collections/' took 0.01s
[2016.03.28-13.53.31:333][  0]LogCollectionManager: Rebuilt the GUID cache for 0 collections in 0.000007 seconds
[2016.03.28-13.53.31:345][  0]LogContentBrowser: Native class hierarchy populated in 0.0118 seconds. Added 1893 classes and 338 folders.
[2016.03.28-13.53.31:351][  0]LogContentBrowser: Native class hierarchy updated for 'WidgetCarousel' in 0.0004 seconds. Added 0 classes and 0 folders.
[2016.03.28-13.53.31:497][  0]LogContentBrowser: Native class hierarchy updated for 'AddContentDialog' in 0.0003 seconds. Added 0 classes and 0 folders.
[2016.03.28-13.53.31:520][  0]LogContentBrowser: Native class hierarchy updated for 'SceneOutliner' in 0.0003 seconds. Added 1 classes and 2 folders.
[2016.03.28-13.53.31:601][  0]LogCrashTracker: Crashtracker disabled due to settings.
[2016.03.28-13.53.31:605][  0]LogUObjectGlobals:Warning: Failed to find object 'Class None.'
[2016.03.28-13.53.31:627][  0]LogLoad: Full Startup: 10.45 seconds (BP compile: 0.16 seconds)
[2016.03.28-13.53.31:636][  0]LogWindowsTextInputMethodSystem:Display: IME system now deactivated.
[2016.03.28-13.53.31:640][  0]LogOcInput: Can't find Oculus library dev build: is proper Runtime installed? Version: 0.8.0.0
[2016.03.28-13.53.31:695][  0]LogContentStreaming: Texture pool size now 1000 MB
[2016.03.28-13.53.31:822][  0]LogRenderer: Reallocating scene render targets to support 1208x572 (Frame:2).
[2016.03.28-13.53.32:204][  4]LogAssetRegistry: Asset discovery search completed in 4.6330 seconds
[2016.03.28-13.53.32:204][  4]LogCollectionManager: Rebuilt the object cache for 0 collections in 0.000001 seconds (found 0 objects)
[2016.03.28-13.53.32:204][  4]LogCollectionManager: Fixed up redirectors for 0 collections in 0.000023 seconds (updated 0 objects)
[2016.03.28-13.56.32:278][811]LogEditorViewport: Clicking on Actor (LMB): SkyLight (SkyLight)
[2016.03.28-13.56.36:672][137]LogBlueprintUserMessages: Early PlayInEditor Detection: Level '/Game/GameProject/Maps/Arena.Arena:PersistentLevel' has LevelScriptBlueprint '/Game/GameProject/Maps/Arena.Arena:PersistentLevel.Arena' with GeneratedClass '/Game/GameProject/Maps/Arena.Arena_C' with ClassGeneratedBy '/Game/GameProject/Maps/Arena.Arena:PersistentLevel.Arena'
[2016.03.28-13.56.36:672][137]LogPlayLevel: PlayLevel: No blueprints needed recompiling
[2016.03.28-13.56.36:677][137]PIE: New page: PIE session: Arena (28 Mar 2016 15:56:36)
[2016.03.28-13.56.36:677][137]LogPlayLevel: Creating play world package: /Game/GameProject/Maps/UEDPIE_1_Arena
[2016.03.28-13.56.36:681][137]LogPlayLevel: PIE: StaticDuplicateObject took: (0.004036s)
[2016.03.28-13.56.36:682][137]LogAIModule: Creating AISystem for world Arena
[2016.03.28-13.56.36:682][137]LogPlayLevel: PIE: World Init took: (0.000601s)
[2016.03.28-13.56.36:682][137]LogPlayLevel: PIE: Created PIE world by copying editor world from /Game/GameProject/Maps/Arena.Arena to /Game/GameProject/Maps/UEDPIE_1_Arena.Arena (0.004847s)
[2016.03.28-13.56.36:682][137]LogActorComponent: UnregisterComponent: (/Engine/Transient.ProjectileMovementComponent_40__A6522401) Not registered. Aborting.
[2016.03.28-13.56.36:682][137]LogActorComponent: UnregisterComponent: (/Engine/Transient.CharMoveComp) Not registered. Aborting.
[2016.03.28-13.56.36:712][137]LogInit: XAudio2 using 'Speakers (2- High Definition Audio Device)' : 2 channels at 44.1 kHz using 16 bits per sample (channel mask 0x3)
[2016.03.28-13.56.36:718][137]LogInit: FAudioDevice initialized.
[2016.03.28-13.56.36:817][137]LogWorld: Game class is 'FirstPersonGameMode_C'
[2016.03.28-13.56.36:820][137]LogWorld: Bringing World /Game/GameProject/Maps/UEDPIE_1_Arena.Arena up for play (max tick rate 0) at 2016.03.28-14.56.36
[2016.03.28-13.56.36:820][137]LogActor:Warning: GameSession /Game/GameProject/Maps/UEDPIE_1_Arena.Arena:PersistentLevel.GameSession_0 has natively added scene component(s), but none of them were set as the actor's RootComponent - picking one arbitrarily
[2016.03.28-13.56.36:820][137]LogActor:Warning: GameNetworkManager /Game/GameProject/Maps/UEDPIE_1_Arena.Arena:PersistentLevel.GameNetworkManager_0 has natively added scene component(s), but none of them were set as the actor's RootComponent - picking one arbitrarily
[2016.03.28-13.56.36:820][137]LogWorld: Bringing up level for play took: 0.002389
[2016.03.28-13.56.36:822][137]LogInit: WinSock: Socket queue 131072 / 131072
[2016.03.28-13.56.36:823][137]LogInit: WinSock: I am Chris-PC (192.168.0.2:0)
[2016.03.28-13.56.36:823][137]LogNet: GameNetDriver IpNetDriver_0 IpNetDriver listening on port 7777
[2016.03.28-13.56.36:839][137]PIE: Info Play in editor start time for /Game/GameProject/Maps/UEDPIE_1_Arena -0.357
[2016.03.28-13.56.36:845][137]PIE: New page: PIE session: Arena (28 Mar 2016 15:56:36)
[2016.03.28-13.56.36:941][137]LogNet: Browse: 127.0.0.1//Game/GameProject/Maps/MainMenu
[2016.03.28-13.56.36:941][137]LogInit: WinSock: Socket queue 32768 / 32768
[2016.03.28-13.56.36:942][137]LogNet: Game client on port 7777, rate 10000
[2016.03.28-13.56.36:942][137]LogNet: GetLocalNetworkVersion: GEngineNetVersion: 2872498, ProjectName: fpsproject, ProjectVersion: 1.0.0.0, InternalProtocolVersion: 9, LocalNetworkVersion: 1808045840
[2016.03.28-13.56.36:958][137]PIE: Info Play in editor start time for /Game/GameProject/Maps/MainMenu -0.239
[2016.03.28-13.56.36:962][137]LogBlueprintUserMessages: Late PlayInEditor Detection: Level '/Game/GameProject/Maps/Arena.Arena:PersistentLevel' has LevelScriptBlueprint '/Game/GameProject/Maps/Arena.Arena:PersistentLevel.Arena' with GeneratedClass '/Game/GameProject/Maps/Arena.Arena_C' with ClassGeneratedBy '/Game/GameProject/Maps/Arena.Arena:PersistentLevel.Arena'
[2016.03.28-13.56.36:963][137]LogNet: NotifyAcceptingConnection: Server Arena accept
[2016.03.28-13.56.36:963][137]LogNet: Open Arena 03/28/16 14:56:36 127.0.0.1
[2016.03.28-13.56.36:963][137]LogNet: Added client connection.  Remote address = 127.0.0.1:58391
[2016.03.28-13.56.36:963][137]LogNet: NotifyAcceptingChannel Control 0 server World /Game/GameProject/Maps/UEDPIE_1_Arena.Arena: Accepted
[2016.03.28-13.56.36:963][137]LogNet: Remote platform little endian=1
[2016.03.28-13.56.36:963][137]LogNet: This platform little endian=1
[2016.03.28-13.56.36:963][137]LogNet: GetLocalNetworkVersion: GEngineNetVersion: 2872498, ProjectName: fpsproject, ProjectVersion: 1.0.0.0, InternalProtocolVersion: 9, LocalNetworkVersion: 1808045840
[2016.03.28-13.56.36:978][138]LogNet: Login request: /Game/GameProject/Maps/MainMenu userId: Invalid
[2016.03.28-13.56.36:979][138]LogNet: Welcomed by server (Level: /Game/GameProject/Maps/UEDPIE_1_Arena, Game: /Game/GameProject/Blueprints/FirstPersonGameMode.FirstPersonGameMode_C)
[2016.03.28-13.56.37:010][138]LogLoad: LoadMap: 127.0.0.1//Game/GameProject/Maps/UEDPIE_1_Arena?game=/Game/GameProject/Blueprints/FirstPersonGameMode.FirstPersonGameMode_C
[2016.03.28-13.56.37:021][138]LogParticles: Destroying 0 GPU particle simulations for FXSystem 0x000001C7595209A0
[2016.03.28-13.56.37:023][138]Cmd: MEM
[2016.03.28-13.56.37:032][138]LogMemory: Platform Memory Stats for Windows
[2016.03.28-13.56.37:032][138]LogMemory: Process Physical Memory: 608.68 MB used, 609.73 MB peak
[2016.03.28-13.56.37:032][138]LogMemory: Process Virtual Memory: 1287.43 MB used, 1287.85 MB peak
[2016.03.28-13.56.37:032][138]LogMemory: Physical Memory: 3289.25 MB used, 8130.79 MB total
[2016.03.28-13.56.37:032][138]LogMemory: Virtual Memory: 1963.17 MB used, 134217728.00 MB total
[2016.03.28-13.56.37:032][138]LogMemory: 
[2016.03.28-13.56.37:032][138]Allocator Stats for TBB: (not implemented)
[2016.03.28-13.56.37:036][138]LogWorld: PIE: Copying PIE streaming level from /Game/GameProject/Maps/Arena.Arena to /Game/GameProject/Maps/UEDPIE_2_Arena.Arena. OwningWorld: None
[2016.03.28-13.56.37:038][138]LogAIModule: Creating AISystem for world Arena
[2016.03.28-13.56.37:040][138]LogWorld: Bringing World /Game/GameProject/Maps/UEDPIE_2_Arena.Arena up for play (max tick rate 0) at 2016.03.28-14.56.37
[2016.03.28-13.56.37:041][138]LogWorld: Bringing up level for play took: 0.001896
[2016.03.28-13.56.37:073][139]LogNet: Client netspeed is 10000
[2016.03.28-13.56.37:074][139]LogNet: Join request: /Game/GameProject/Maps/MainMenu?SplitscreenCount=1
[2016.03.28-13.56.37:078][139]LogNet: Join succeeded: 257
[2016.03.28-13.56.44:825][686]LogBlueprintUserMessages: Early EndPlayMap Detection: Level '/Game/GameProject/Maps/Arena.Arena:PersistentLevel' has LevelScriptBlueprint '/Game/GameProject/Maps/Arena.Arena:PersistentLevel.Arena' with GeneratedClass '/Game/GameProject/Maps/Arena.Arena_C' with ClassGeneratedBy '/Game/GameProject/Maps/Arena.Arena:PersistentLevel.Arena'
[2016.03.28-13.56.44:877][686]LogSpawn:Warning: SpawnActor failed because we are in the process of tearing down the world
[2016.03.28-13.56.44:932][686]LogBlueprintUserMessages: Late EndPlayMap Detection: Level '/Game/GameProject/Maps/Arena.Arena:PersistentLevel' has LevelScriptBlueprint '/Game/GameProject/Maps/Arena.Arena:PersistentLevel.Arena' with GeneratedClass '/Game/GameProject/Maps/Arena.Arena_C' with ClassGeneratedBy '/Game/GameProject/Maps/Arena.Arena:PersistentLevel.Arena'
[2016.03.28-13.56.44:940][686]LogNet: UChannel::CleanUp: [GameNetDriver] [None] [None]. ChIndex == 0. Closing connection.
[2016.03.28-13.56.44:941][686]LogNet: UNetConnection::Close: Name: IpConnection_1, Driver: GameNetDriver IpNetDriver_0, PC: None, Owner: None, Channels: 2, RemoteAddr: 127.0.0.1:58391, Time: 2016.03.28-13.56.44
[2016.03.28-13.56.44:941][686]LogNet: UChannel::Close: Sending CloseBunch. ChIndex == 0. Name: ControlChannel_1
[2016.03.28-13.56.44:941][686]LogNet: UChannel::CleanUp: [GameNetDriver] [None] [None]. ChIndex == 0. Closing connection.
[2016.03.28-13.56.44:941][686]LogNet: UNetConnection::Close: Name: IpConnection_0, Driver: GameNetDriver IpNetDriver_1, PC: None, Owner: None, Channels: 2, RemoteAddr: 127.0.0.1:7777, Time: 2016.03.28-13.56.44
[2016.03.28-13.56.44:941][686]LogNet: UChannel::Close: Sending CloseBunch. ChIndex == 0. Name: ControlChannel_0
[2016.03.28-13.56.44:944][686]LogExit: GameNetDriver None shut down
[2016.03.28-13.56.44:944][686]LogExit: GameNetDriver None shut down
[2016.03.28-13.56.44:944][686]LogParticles: Destroying 0 GPU particle simulations for FXSystem 0x000001C75BB30CC0
[2016.03.28-13.56.44:944][686]LogParticles: Destroying 0 GPU particle simulations for FXSystem 0x000001C73EF41300
[2016.03.28-13.56.50:401][102]LogBlueprintUserMessages: Early PlayInEditor Detection: Level '/Game/GameProject/Maps/Arena.Arena:PersistentLevel' has LevelScriptBlueprint '/Game/GameProject/Maps/Arena.Arena:PersistentLevel.Arena' with GeneratedClass '/Game/GameProject/Maps/Arena.Arena_C' with ClassGeneratedBy '/Game/GameProject/Maps/Arena.Arena:PersistentLevel.Arena'
[2016.03.28-13.56.50:401][102]LogPlayLevel: PlayLevel: No blueprints needed recompiling
[2016.03.28-13.56.50:407][102]PIE: New page: PIE session: Arena (28 Mar 2016 15:56:50)
[2016.03.28-13.56.50:407][102]LogPlayLevel: Creating play world package: /Game/GameProject/Maps/UEDPIE_1_Arena
[2016.03.28-13.56.50:410][102]LogPlayLevel: PIE: StaticDuplicateObject took: (0.003832s)
[2016.03.28-13.56.50:410][102]LogAIModule: Creating AISystem for world Arena
[2016.03.28-13.56.50:411][102]LogPlayLevel: PIE: World Init took: (0.000535s)
[2016.03.28-13.56.50:411][102]LogPlayLevel: PIE: Created PIE world by copying editor world from /Game/GameProject/Maps/Arena.Arena to /Game/GameProject/Maps/UEDPIE_1_Arena.Arena (0.004519s)
[2016.03.28-13.56.50:429][102]LogInit: XAudio2 using 'Speakers (2- High Definition Audio Device)' : 2 channels at 44.1 kHz using 16 bits per sample (channel mask 0x3)
[2016.03.28-13.56.50:435][102]LogInit: FAudioDevice initialized.
[2016.03.28-13.56.50:523][102]LogWorld: Game class is 'FirstPersonGameMode_C'
[2016.03.28-13.56.50:526][102]LogWorld: Bringing World /Game/GameProject/Maps/UEDPIE_1_Arena.Arena up for play (max tick rate 0) at 2016.03.28-14.56.50
[2016.03.28-13.56.50:526][102]LogActor:Warning: GameSession /Game/GameProject/Maps/UEDPIE_1_Arena.Arena:PersistentLevel.GameSession_1 has natively added scene component(s), but none of them were set as the actor's RootComponent - picking one arbitrarily
[2016.03.28-13.56.50:526][102]LogActor:Warning: GameNetworkManager /Game/GameProject/Maps/UEDPIE_1_Arena.Arena:PersistentLevel.GameNetworkManager_1 has natively added scene component(s), but none of them were set as the actor's RootComponent - picking one arbitrarily
[2016.03.28-13.56.50:526][102]LogWorld: Bringing up level for play took: 0.002261
[2016.03.28-13.56.50:527][102]LogInit: WinSock: Socket queue 131072 / 131072
[2016.03.28-13.56.50:528][102]LogNet: GameNetDriver IpNetDriver_2 IpNetDriver listening on port 7777
[2016.03.28-13.56.50:544][102]PIE: Info Play in editor start time for /Game/GameProject/Maps/UEDPIE_1_Arena -0.652
[2016.03.28-13.56.50:548][102]PIE: New page: PIE session: Arena (28 Mar 2016 15:56:50)
[2016.03.28-13.56.50:639][102]LogNet: Browse: 127.0.0.1//Game/GameProject/Maps/MainMenu
[2016.03.28-13.56.50:639][102]LogInit: WinSock: Socket queue 32768 / 32768
[2016.03.28-13.56.50:640][102]LogNet: Game client on port 7777, rate 10000
[2016.03.28-13.56.50:640][102]LogNet: GetLocalNetworkVersion: GEngineNetVersion: 2872498, ProjectName: fpsproject, ProjectVersion: 1.0.0.0, InternalProtocolVersion: 9, LocalNetworkVersion: 1808045840
[2016.03.28-13.56.50:653][102]PIE: Info Play in editor start time for /Game/GameProject/Maps/MainMenu -0.543
[2016.03.28-13.56.50:659][102]LogBlueprintUserMessages: Late PlayInEditor Detection: Level '/Game/GameProject/Maps/Arena.Arena:PersistentLevel' has LevelScriptBlueprint '/Game/GameProject/Maps/Arena.Arena:PersistentLevel.Arena' with GeneratedClass '/Game/GameProject/Maps/Arena.Arena_C' with ClassGeneratedBy '/Game/GameProject/Maps/Arena.Arena:PersistentLevel.Arena'
[2016.03.28-13.56.50:659][102]LogNet: NotifyAcceptingConnection: Server Arena accept
[2016.03.28-13.56.50:659][102]LogNet: Open Arena 03/28/16 14:56:50 127.0.0.1
[2016.03.28-13.56.50:659][102]LogNet: Added client connection.  Remote address = 127.0.0.1:52689
[2016.03.28-13.56.50:659][102]LogNet: NotifyAcceptingChannel Control 0 server World /Game/GameProject/Maps/UEDPIE_1_Arena.Arena: Accepted
[2016.03.28-13.56.50:659][102]LogNet: Remote platform little endian=1
[2016.03.28-13.56.50:659][102]LogNet: This platform little endian=1
[2016.03.28-13.56.50:659][102]LogNet: GetLocalNetworkVersion: GEngineNetVersion: 2872498, ProjectName: fpsproject, ProjectVersion: 1.0.0.0, InternalProtocolVersion: 9, LocalNetworkVersion: 1808045840
[2016.03.28-13.56.50:669][103]LogNet: Login request: /Game/GameProject/Maps/MainMenu userId: Invalid
[2016.03.28-13.56.50:670][103]LogNet: Welcomed by server (Level: /Game/GameProject/Maps/UEDPIE_1_Arena, Game: /Game/GameProject/Blueprints/FirstPersonGameMode.FirstPersonGameMode_C)
[2016.03.28-13.56.50:684][103]LogLoad: LoadMap: 127.0.0.1//Game/GameProject/Maps/UEDPIE_1_Arena?game=/Game/GameProject/Blueprints/FirstPersonGameMode.FirstPersonGameMode_C
[2016.03.28-13.56.50:694][103]LogParticles: Destroying 0 GPU particle simulations for FXSystem 0x000001C74BA0BA60
[2016.03.28-13.56.50:694][103]Cmd: MEM
[2016.03.28-13.56.50:707][103]LogMemory: Platform Memory Stats for Windows
[2016.03.28-13.56.50:707][103]LogMemory: Process Physical Memory: 624.90 MB used, 624.90 MB peak
[2016.03.28-13.56.50:707][103]LogMemory: Process Virtual Memory: 1320.20 MB used, 1326.61 MB peak
[2016.03.28-13.56.50:707][103]LogMemory: Physical Memory: 3319.64 MB used, 8130.79 MB total
[2016.03.28-13.56.50:707][103]LogMemory: Virtual Memory: 1984.82 MB used, 134217728.00 MB total
[2016.03.28-13.56.50:707][103]LogMemory: 
[2016.03.28-13.56.50:707][103]Allocator Stats for TBB: (not implemented)
[2016.03.28-13.56.50:711][103]LogWorld: PIE: Copying PIE streaming level from /Game/GameProject/Maps/Arena.Arena to /Game/GameProject/Maps/UEDPIE_2_Arena.Arena. OwningWorld: None
[2016.03.28-13.56.50:712][103]LogAIModule: Creating AISystem for world Arena
[2016.03.28-13.56.50:714][103]LogWorld: Bringing World /Game/GameProject/Maps/UEDPIE_2_Arena.Arena up for play (max tick rate 0) at 2016.03.28-14.56.50
[2016.03.28-13.56.50:714][103]LogWorld: Bringing up level for play took: 0.001939
[2016.03.28-13.56.50:745][104]LogNet: Client netspeed is 10000
[2016.03.28-13.56.50:745][104]LogNet: Join request: /Game/GameProject/Maps/MainMenu?SplitscreenCount=1
[2016.03.28-13.56.50:748][104]LogNet: Join succeeded: 259
[2016.03.28-13.56.56:658][461]LogBlueprintUserMessages: Early EndPlayMap Detection: Level '/Game/GameProject/Maps/Arena.Arena:PersistentLevel' has LevelScriptBlueprint '/Game/GameProject/Maps/Arena.Arena:PersistentLevel.Arena' with GeneratedClass '/Game/GameProject/Maps/Arena.Arena_C' with ClassGeneratedBy '/Game/GameProject/Maps/Arena.Arena:PersistentLevel.Arena'
[2016.03.28-13.56.56:740][461]LogBlueprintUserMessages: Late EndPlayMap Detection: Level '/Game/GameProject/Maps/Arena.Arena:PersistentLevel' has LevelScriptBlueprint '/Game/GameProject/Maps/Arena.Arena:PersistentLevel.Arena' with GeneratedClass '/Game/GameProject/Maps/Arena.Arena_C' with ClassGeneratedBy '/Game/GameProject/Maps/Arena.Arena:PersistentLevel.Arena'
[2016.03.28-13.56.56:749][461]LogNet: UChannel::CleanUp: [GameNetDriver] [None] [None]. ChIndex == 0. Closing connection.
[2016.03.28-13.56.56:749][461]LogNet: UNetConnection::Close: Name: IpConnection_3, Driver: GameNetDriver IpNetDriver_2, PC: None, Owner: None, Channels: 2, RemoteAddr: 127.0.0.1:52689, Time: 2016.03.28-13.56.56
[2016.03.28-13.56.56:749][461]LogNet: UChannel::Close: Sending CloseBunch. ChIndex == 0. Name: ControlChannel_3
[2016.03.28-13.56.56:749][461]LogNet: UChannel::CleanUp: [GameNetDriver] [None] [None]. ChIndex == 0. Closing connection.
[2016.03.28-13.56.56:749][461]LogNet: UNetConnection::Close: Name: IpConnection_2, Driver: GameNetDriver IpNetDriver_3, PC: None, Owner: None, Channels: 2, RemoteAddr: 127.0.0.1:7777, Time: 2016.03.28-13.56.56
[2016.03.28-13.56.56:749][461]LogNet: UChannel::Close: Sending CloseBunch. ChIndex == 0. Name: ControlChannel_2
[2016.03.28-13.56.56:752][461]LogExit: GameNetDriver None shut down
[2016.03.28-13.56.56:752][461]LogExit: GameNetDriver None shut down
[2016.03.28-13.56.56:753][461]LogParticles: Destroying 0 GPU particle simulations for FXSystem 0x000001C74E80F420
[2016.03.28-13.56.56:772][462]LogParticles: Destroying 0 GPU particle simulations for FXSystem 0x000001C74B9A6660
[2016.03.28-13.56.58:337][466]LogBlueprintUserMessages: Early PlayInEditor Detection: Level '/Game/GameProject/Maps/Arena.Arena:PersistentLevel' has LevelScriptBlueprint '/Game/GameProject/Maps/Arena.Arena:PersistentLevel.Arena' with GeneratedClass '/Game/GameProject/Maps/Arena.Arena_C' with ClassGeneratedBy '/Game/GameProject/Maps/Arena.Arena:PersistentLevel.Arena'
[2016.03.28-13.56.58:337][466]LogPlayLevel: PlayLevel: No blueprints needed recompiling
[2016.03.28-13.56.58:342][466]PIE: New page: PIE session: Arena (28 Mar 2016 15:56:58)
[2016.03.28-13.56.58:342][466]LogPlayLevel: Creating play world package: /Game/GameProject/Maps/UEDPIE_1_Arena
[2016.03.28-13.56.58:346][466]LogPlayLevel: PIE: StaticDuplicateObject took: (0.003542s)
[2016.03.28-13.56.58:346][466]LogAIModule: Creating AISystem for world Arena
[2016.03.28-13.56.58:346][466]LogPlayLevel: PIE: World Init took: (0.000533s)
[2016.03.28-13.56.58:346][466]LogPlayLevel: PIE: Created PIE world by copying editor world from /Game/GameProject/Maps/Arena.Arena to /Game/GameProject/Maps/UEDPIE_1_Arena.Arena (0.004232s)
[2016.03.28-13.56.58:365][466]LogInit: XAudio2 using 'Speakers (2- High Definition Audio Device)' : 2 channels at 44.1 kHz using 16 bits per sample (channel mask 0x3)
[2016.03.28-13.56.58:372][466]LogInit: FAudioDevice initialized.
[2016.03.28-13.56.58:458][466]LogWorld: Game class is 'FirstPersonGameMode_C'
[2016.03.28-13.56.58:460][466]LogWorld: Bringing World /Game/GameProject/Maps/UEDPIE_1_Arena.Arena up for play (max tick rate 0) at 2016.03.28-14.56.58
[2016.03.28-13.56.58:460][466]LogActor:Warning: GameSession /Game/GameProject/Maps/UEDPIE_1_Arena.Arena:PersistentLevel.GameSession_2 has natively added scene component(s), but none of them were set as the actor's RootComponent - picking one arbitrarily
[2016.03.28-13.56.58:460][466]LogActor:Warning: GameNetworkManager /Game/GameProject/Maps/UEDPIE_1_Arena.Arena:PersistentLevel.GameNetworkManager_2 has natively added scene component(s), but none of them were set as the actor's RootComponent - picking one arbitrarily
[2016.03.28-13.56.58:461][466]LogWorld: Bringing up level for play took: 0.002118
[2016.03.28-13.56.58:462][466]LogInit: WinSock: Socket queue 131072 / 131072
[2016.03.28-13.56.58:462][466]LogNet: GameNetDriver IpNetDriver_4 IpNetDriver listening on port 7777
[2016.03.28-13.56.58:479][466]PIE: Info Play in editor start time for /Game/GameProject/Maps/UEDPIE_1_Arena -0.717
[2016.03.28-13.56.58:484][466]PIE: New page: PIE session: Arena (28 Mar 2016 15:56:58)
[2016.03.28-13.56.58:589][466]LogNet: Browse: 127.0.0.1//Game/GameProject/Maps/MainMenu
[2016.03.28-13.56.58:589][466]LogInit: WinSock: Socket queue 32768 / 32768
[2016.03.28-13.56.58:590][466]LogNet: Game client on port 7777, rate 10000
[2016.03.28-13.56.58:590][466]LogNet: GetLocalNetworkVersion: GEngineNetVersion: 2872498, ProjectName: fpsproject, ProjectVersion: 1.0.0.0, InternalProtocolVersion: 9, LocalNetworkVersion: 1808045840
[2016.03.28-13.56.58:630][466]PIE: Info Play in editor start time for /Game/GameProject/Maps/MainMenu -0.566
[2016.03.28-13.56.58:643][466]LogBlueprintUserMessages: Late PlayInEditor Detection: Level '/Game/GameProject/Maps/Arena.Arena:PersistentLevel' has LevelScriptBlueprint '/Game/GameProject/Maps/Arena.Arena:PersistentLevel.Arena' with GeneratedClass '/Game/GameProject/Maps/Arena.Arena_C' with ClassGeneratedBy '/Game/GameProject/Maps/Arena.Arena:PersistentLevel.Arena'
[2016.03.28-13.56.58:644][466]LogNet: NotifyAcceptingConnection: Server Arena accept
[2016.03.28-13.56.58:644][466]LogNet: Open Arena 03/28/16 14:56:58 127.0.0.1
[2016.03.28-13.56.58:644][466]LogNet: Added client connection.  Remote address = 127.0.0.1:52690
[2016.03.28-13.56.58:644][466]LogNet: NotifyAcceptingChannel Control 0 server World /Game/GameProject/Maps/UEDPIE_1_Arena.Arena: Accepted
[2016.03.28-13.56.58:644][466]LogNet: Remote platform little endian=1
[2016.03.28-13.56.58:644][466]LogNet: This platform little endian=1
[2016.03.28-13.56.58:644][466]LogNet: GetLocalNetworkVersion: GEngineNetVersion: 2872498, ProjectName: fpsproject, ProjectVersion: 1.0.0.0, InternalProtocolVersion: 9, LocalNetworkVersion: 1808045840
[2016.03.28-13.56.58:670][467]LogNet: Login request: /Game/GameProject/Maps/MainMenu userId: Invalid
[2016.03.28-13.56.58:671][467]LogNet: Welcomed by server (Level: /Game/GameProject/Maps/UEDPIE_1_Arena, Game: /Game/GameProject/Blueprints/FirstPersonGameMode.FirstPersonGameMode_C)
[2016.03.28-13.56.58:677][467]LogLoad: LoadMap: 127.0.0.1//Game/GameProject/Maps/UEDPIE_1_Arena?game=/Game/GameProject/Blueprints/FirstPersonGameMode.FirstPersonGameMode_C
[2016.03.28-13.56.58:688][467]LogParticles: Destroying 0 GPU particle simulations for FXSystem 0x000001C75210BC40
[2016.03.28-13.56.58:690][467]Cmd: MEM
[2016.03.28-13.56.58:701][467]LogMemory: Platform Memory Stats for Windows
[2016.03.28-13.56.58:701][467]LogMemory: Process Physical Memory: 631.89 MB used, 631.90 MB peak
[2016.03.28-13.56.58:701][467]LogMemory: Process Virtual Memory: 1357.53 MB used, 1357.54 MB peak
[2016.03.28-13.56.58:701][467]LogMemory: Physical Memory: 3328.00 MB used, 8130.79 MB total
[2016.03.28-13.56.58:701][467]LogMemory: Virtual Memory: 2023.39 MB used, 134217728.00 MB total
[2016.03.28-13.56.58:701][467]LogMemory: 
[2016.03.28-13.56.58:701][467]Allocator Stats for TBB: (not implemented)
[2016.03.28-13.56.58:705][467]LogWorld: PIE: Copying PIE streaming level from /Game/GameProject/Maps/Arena.Arena to /Game/GameProject/Maps/UEDPIE_2_Arena.Arena. OwningWorld: None
[2016.03.28-13.56.58:706][467]LogAIModule: Creating AISystem for world Arena
[2016.03.28-13.56.58:709][467]LogWorld: Bringing World /Game/GameProject/Maps/UEDPIE_2_Arena.Arena up for play (max tick rate 0) at 2016.03.28-14.56.58
[2016.03.28-13.56.58:709][467]LogWorld: Bringing up level for play took: 0.001806
[2016.03.28-13.56.58:739][468]LogNet: Client netspeed is 10000
[2016.03.28-13.56.58:739][468]LogNet: Join request: /Game/GameProject/Maps/MainMenu?SplitscreenCount=1
[2016.03.28-13.56.58:742][468]LogNet: Join succeeded: 261
[2016.03.28-13.57.05:342][874]LogBlueprintUserMessages: Early EndPlayMap Detection: Level '/Game/GameProject/Maps/Arena.Arena:PersistentLevel' has LevelScriptBlueprint '/Game/GameProject/Maps/Arena.Arena:PersistentLevel.Arena' with GeneratedClass '/Game/GameProject/Maps/Arena.Arena_C' with ClassGeneratedBy '/Game/GameProject/Maps/Arena.Arena:PersistentLevel.Arena'
[2016.03.28-13.57.05:383][874]LogSpawn:Warning: SpawnActor failed because we are in the process of tearing down the world
[2016.03.28-13.57.05:425][874]LogBlueprintUserMessages: Late EndPlayMap Detection: Level '/Game/GameProject/Maps/Arena.Arena:PersistentLevel' has LevelScriptBlueprint '/Game/GameProject/Maps/Arena.Arena:PersistentLevel.Arena' with GeneratedClass '/Game/GameProject/Maps/Arena.Arena_C' with ClassGeneratedBy '/Game/GameProject/Maps/Arena.Arena:PersistentLevel.Arena'
[2016.03.28-13.57.05:433][874]LogNet: UChannel::CleanUp: [GameNetDriver] [None] [None]. ChIndex == 0. Closing connection.
[2016.03.28-13.57.05:433][874]LogNet: UNetConnection::Close: Name: IpConnection_5, Driver: GameNetDriver IpNetDriver_4, PC: None, Owner: None, Channels: 2, RemoteAddr: 127.0.0.1:52690, Time: 2016.03.28-13.57.05
[2016.03.28-13.57.05:433][874]LogNet: UChannel::Close: Sending CloseBunch. ChIndex == 0. Name: ControlChannel_5
[2016.03.28-13.57.05:434][874]LogNet: UChannel::CleanUp: [GameNetDriver] [None] [None]. ChIndex == 0. Closing connection.
[2016.03.28-13.57.05:434][874]LogNet: UNetConnection::Close: Name: IpConnection_4, Driver: GameNetDriver IpNetDriver_5, PC: None, Owner: None, Channels: 2, RemoteAddr: 127.0.0.1:7777, Time: 2016.03.28-13.57.05
[2016.03.28-13.57.05:434][874]LogNet: UChannel::Close: Sending CloseBunch. ChIndex == 0. Name: ControlChannel_4
[2016.03.28-13.57.05:437][874]LogExit: GameNetDriver None shut down
[2016.03.28-13.57.05:438][874]LogExit: GameNetDriver None shut down
[2016.03.28-13.57.05:438][874]LogParticles: Destroying 0 GPU particle simulations for FXSystem 0x000001C74CF6B240
[2016.03.28-13.57.05:459][875]LogParticles: Destroying 0 GPU particle simulations for FXSystem 0x000001C75208B060
[2016.03.28-13.57.08:356][883]LogBlueprintUserMessages: Early PlayInEditor Detection: Level '/Game/GameProject/Maps/Arena.Arena:PersistentLevel' has LevelScriptBlueprint '/Game/GameProject/Maps/Arena.Arena:PersistentLevel.Arena' with GeneratedClass '/Game/GameProject/Maps/Arena.Arena_C' with ClassGeneratedBy '/Game/GameProject/Maps/Arena.Arena:PersistentLevel.Arena'
[2016.03.28-13.57.08:356][883]LogPlayLevel: PlayLevel: No blueprints needed recompiling
[2016.03.28-13.57.08:360][883]PIE: New page: PIE session: Arena (28 Mar 2016 15:57:08)
[2016.03.28-13.57.08:360][883]LogPlayLevel: Creating play world package: /Game/GameProject/Maps/UEDPIE_1_Arena
[2016.03.28-13.57.08:364][883]LogPlayLevel: PIE: StaticDuplicateObject took: (0.003473s)
[2016.03.28-13.57.08:365][883]LogAIModule: Creating AISystem for world Arena
[2016.03.28-13.57.08:365][883]LogPlayLevel: PIE: World Init took: (0.000793s)
[2016.03.28-13.57.08:365][883]LogPlayLevel: PIE: Created PIE world by copying editor world from /Game/GameProject/Maps/Arena.Arena to /Game/GameProject/Maps/UEDPIE_1_Arena.Arena (0.004456s)
[2016.03.28-13.57.08:383][883]LogInit: XAudio2 using 'Speakers (2- High Definition Audio Device)' : 2 channels at 44.1 kHz using 16 bits per sample (channel mask 0x3)
[2016.03.28-13.57.08:390][883]LogInit: FAudioDevice initialized.
[2016.03.28-13.57.08:476][883]LogWorld: Game class is 'FirstPersonGameMode_C'
[2016.03.28-13.57.08:478][883]LogWorld: Bringing World /Game/GameProject/Maps/UEDPIE_1_Arena.Arena up for play (max tick rate 0) at 2016.03.28-14.57.08
[2016.03.28-13.57.08:478][883]LogActor:Warning: GameSession /Game/GameProject/Maps/UEDPIE_1_Arena.Arena:PersistentLevel.GameSession_3 has natively added scene component(s), but none of them were set as the actor's RootComponent - picking one arbitrarily
[2016.03.28-13.57.08:479][883]LogActor:Warning: GameNetworkManager /Game/GameProject/Maps/UEDPIE_1_Arena.Arena:PersistentLevel.GameNetworkManager_3 has natively added scene component(s), but none of them were set as the actor's RootComponent - picking one arbitrarily
[2016.03.28-13.57.08:479][883]LogWorld: Bringing up level for play took: 0.002153
[2016.03.28-13.57.08:480][883]LogInit: WinSock: Socket queue 131072 / 131072
[2016.03.28-13.57.08:480][883]LogNet: GameNetDriver IpNetDriver_6 IpNetDriver listening on port 7777
[2016.03.28-13.57.08:496][883]PIE: Info Play in editor start time for /Game/GameProject/Maps/UEDPIE_1_Arena -0.7
[2016.03.28-13.57.08:501][883]PIE: New page: PIE session: Arena (28 Mar 2016 15:57:08)
[2016.03.28-13.57.08:589][883]LogNet: Browse: 127.0.0.1//Game/GameProject/Maps/MainMenu
[2016.03.28-13.57.08:589][883]LogInit: WinSock: Socket queue 32768 / 32768
[2016.03.28-13.57.08:589][883]LogNet: Game client on port 7777, rate 10000
[2016.03.28-13.57.08:589][883]LogNet: GetLocalNetworkVersion: GEngineNetVersion: 2872498, ProjectName: fpsproject, ProjectVersion: 1.0.0.0, InternalProtocolVersion: 9, LocalNetworkVersion: 1808045840
[2016.03.28-13.57.08:604][883]PIE: Info Play in editor start time for /Game/GameProject/Maps/MainMenu -0.592
[2016.03.28-13.57.08:609][883]LogBlueprintUserMessages: Late PlayInEditor Detection: Level '/Game/GameProject/Maps/Arena.Arena:PersistentLevel' has LevelScriptBlueprint '/Game/GameProject/Maps/Arena.Arena:PersistentLevel.Arena' with GeneratedClass '/Game/GameProject/Maps/Arena.Arena_C' with ClassGeneratedBy '/Game/GameProject/Maps/Arena.Arena:PersistentLevel.Arena'
[2016.03.28-13.57.08:609][883]LogNet: NotifyAcceptingConnection: Server Arena accept
[2016.03.28-13.57.08:609][883]LogNet: Open Arena 03/28/16 14:57:08 127.0.0.1
[2016.03.28-13.57.08:609][883]LogNet: Added client connection.  Remote address = 127.0.0.1:52691
[2016.03.28-13.57.08:609][883]LogNet: NotifyAcceptingChannel Control 0 server World /Game/GameProject/Maps/UEDPIE_1_Arena.Arena: Accepted
[2016.03.28-13.57.08:609][883]LogNet: Remote platform little endian=1
[2016.03.28-13.57.08:609][883]LogNet: This platform little endian=1
[2016.03.28-13.57.08:609][883]LogNet: GetLocalNetworkVersion: GEngineNetVersion: 2872498, ProjectName: fpsproject, ProjectVersion: 1.0.0.0, InternalProtocolVersion: 9, LocalNetworkVersion: 1808045840
[2016.03.28-13.57.08:620][884]LogNet: Login request: /Game/GameProject/Maps/MainMenu userId: Invalid
[2016.03.28-13.57.08:620][884]LogNet: Welcomed by server (Level: /Game/GameProject/Maps/UEDPIE_1_Arena, Game: /Game/GameProject/Blueprints/FirstPersonGameMode.FirstPersonGameMode_C)
[2016.03.28-13.57.08:634][884]LogLoad: LoadMap: 127.0.0.1//Game/GameProject/Maps/UEDPIE_1_Arena?game=/Game/GameProject/Blueprints/FirstPersonGameMode.FirstPersonGameMode_C
[2016.03.28-13.57.08:644][884]LogParticles: Destroying 0 GPU particle simulations for FXSystem 0x000001C759569580
[2016.03.28-13.57.08:645][884]Cmd: MEM
[2016.03.28-13.57.08:655][884]LogMemory: Platform Memory Stats for Windows
[2016.03.28-13.57.08:655][884]LogMemory: Process Physical Memory: 632.94 MB used, 634.34 MB peak
[2016.03.28-13.57.08:655][884]LogMemory: Process Virtual Memory: 1337.88 MB used, 1358.98 MB peak
[2016.03.28-13.57.08:655][884]LogMemory: Physical Memory: 3325.68 MB used, 8130.79 MB total
[2016.03.28-13.57.08:655][884]LogMemory: Virtual Memory: 2026.39 MB used, 134217728.00 MB total
[2016.03.28-13.57.08:655][884]LogMemory: 
[2016.03.28-13.57.08:655][884]Allocator Stats for TBB: (not implemented)
[2016.03.28-13.57.08:660][884]LogWorld: PIE: Copying PIE streaming level from /Game/GameProject/Maps/Arena.Arena to /Game/GameProject/Maps/UEDPIE_2_Arena.Arena. OwningWorld: None
[2016.03.28-13.57.08:660][884]LogAIModule: Creating AISystem for world Arena
[2016.03.28-13.57.08:663][884]LogWorld: Bringing World /Game/GameProject/Maps/UEDPIE_2_Arena.Arena up for play (max tick rate 0) at 2016.03.28-14.57.08
[2016.03.28-13.57.08:663][884]LogWorld: Bringing up level for play took: 0.001839
[2016.03.28-13.57.08:694][885]LogNet: Client netspeed is 10000
[2016.03.28-13.57.08:694][885]LogNet: Join request: /Game/GameProject/Maps/MainMenu?SplitscreenCount=1
[2016.03.28-13.57.08:697][885]LogNet: Join succeeded: 263
[2016.03.28-13.57.09:647][954]LogBlueprintUserMessages: Early EndPlayMap Detection: Level '/Game/GameProject/Maps/Arena.Arena:PersistentLevel' has LevelScriptBlueprint '/Game/GameProject/Maps/Arena.Arena:PersistentLevel.Arena' with GeneratedClass '/Game/GameProject/Maps/Arena.Arena_C' with ClassGeneratedBy '/Game/GameProject/Maps/Arena.Arena:PersistentLevel.Arena'
[2016.03.28-13.57.09:700][954]LogSpawn:Warning: SpawnActor failed because we are in the process of tearing down the world
[2016.03.28-13.57.09:755][954]LogBlueprintUserMessages: Late EndPlayMap Detection: Level '/Game/GameProject/Maps/Arena.Arena:PersistentLevel' has LevelScriptBlueprint '/Game/GameProject/Maps/Arena.Arena:PersistentLevel.Arena' with GeneratedClass '/Game/GameProject/Maps/Arena.Arena_C' with ClassGeneratedBy '/Game/GameProject/Maps/Arena.Arena:PersistentLevel.Arena'
[2016.03.28-13.57.09:764][954]LogNet: UChannel::CleanUp: [GameNetDriver] [None] [None]. ChIndex == 0. Closing connection.
[2016.03.28-13.57.09:764][954]LogNet: UNetConnection::Close: Name: IpConnection_7, Driver: GameNetDriver IpNetDriver_6, PC: None, Owner: None, Channels: 2, RemoteAddr: 127.0.0.1:52691, Time: 2016.03.28-13.57.09
[2016.03.28-13.57.09:764][954]LogNet: UChannel::Close: Sending CloseBunch. ChIndex == 0. Name: ControlChannel_7
[2016.03.28-13.57.09:764][954]LogNet: UChannel::CleanUp: [GameNetDriver] [None] [None]. ChIndex == 0. Closing connection.
[2016.03.28-13.57.09:764][954]LogNet: UNetConnection::Close: Name: IpConnection_6, Driver: GameNetDriver IpNetDriver_7, PC: None, Owner: None, Channels: 2, RemoteAddr: 127.0.0.1:7777, Time: 2016.03.28-13.57.09
[2016.03.28-13.57.09:764][954]LogNet: UChannel::Close: Sending CloseBunch. ChIndex == 0. Name: ControlChannel_6
[2016.03.28-13.57.09:767][954]LogExit: GameNetDriver None shut down
[2016.03.28-13.57.09:767][954]LogExit: GameNetDriver None shut down
[2016.03.28-13.57.09:768][954]LogParticles: Destroying 0 GPU particle simulations for FXSystem 0x000001C74B6A20C0
[2016.03.28-13.57.09:789][955]LogParticles: Destroying 0 GPU particle simulations for FXSystem 0x000001C752089A80
[2016.03.28-13.57.31:924][996]LogActorComponent: UnregisterComponent: (/Engine/Transient.ProjectileMovementComponent_40__A6522401) Not registered. Aborting.
[2016.03.28-13.57.31:924][996]LogActorComponent: UnregisterComponent: (/Engine/Transient.CharMoveComp) Not registered. Aborting.
[2016.03.28-13.57.31:992][996]LogWindowsTextInputMethodSystem:Display: IME system now deactivated.
[2016.03.28-13.57.32:177][997]Cmd: QUIT_EDITOR
[2016.03.28-13.57.32:942][997]LogExit: Preparing to exit.
[2016.03.28-13.57.33:519][997]LogExit: Editor shut down
[2016.03.28-13.57.33:519][997]LogExit: Transaction tracking system shut down
[2016.03.28-13.57.33:522][997]LogParticles: Destroying 0 GPU particle simulations for FXSystem 0x000001C74D4AB420
[2016.03.28-13.57.33:522][997]LogParticles: Destroying 0 GPU particle simulations for FXSystem 0x000001C75BB953A0
[2016.03.28-13.57.33:523][997]LogParticles: Destroying 0 GPU particle simulations for FXSystem 0x000001C75BD4FEC0
[2016.03.28-13.57.33:523][997]LogParticles: Destroying 0 GPU particle simulations for FXSystem 0x000001C76B716480
[2016.03.28-13.57.33:642][997]LogParticles: Destroying 0 GPU particle simulations for FXSystem 0x000001C74E2C3F60
[2016.03.28-13.57.33:642][997]LogExit: Object subsystem successfully closed.
[2016.03.28-13.57.33:657][997]LogD3D11RHI: Shutdown
[2016.03.28-13.57.33:657][997]LogD3D11RHI: CleanupD3DDevice
[2016.03.28-13.57.33:716][997]LogD3D11RHI: ~FD3D11DynamicRHI
[2016.03.28-13.57.33:741][997]LogModuleManager: Shutting down and abandoning module CrashTracker (198)
[2016.03.28-13.57.33:741][997]LogModuleManager: Shutting down and abandoning module SceneOutliner (197)
[2016.03.28-13.57.33:741][997]LogModuleManager: Shutting down and abandoning module SuperSearch (196)
[2016.03.28-13.57.33:741][997]LogModuleManager: Shutting down and abandoning module WidgetCarousel (195)
[2016.03.28-13.57.33:741][997]LogModuleManager: Shutting down and abandoning module AddContentDialog (194)
[2016.03.28-13.57.33:742][997]LogModuleManager: Shutting down and abandoning module EditorWidgets (193)
[2016.03.28-13.57.33:742][997]LogModuleManager: Shutting down and abandoning module CollectionManager (192)
[2016.03.28-13.57.33:742][997]LogModuleManager: Shutting down and abandoning module StatsViewer (191)
[2016.03.28-13.57.33:742][997]LogModuleManager: Shutting down and abandoning module FoliageEdit (190)
[2016.03.28-13.57.33:742][997]LogModuleManager: Shutting down and abandoning module LandscapeEditor (189)
[2016.03.28-13.57.33:742][997]LogModuleManager: Shutting down and abandoning module ActorPickerMode (188)
[2016.03.28-13.57.33:742][997]LogModuleManager: Shutting down and abandoning module GeometryMode (187)
[2016.03.28-13.57.33:742][997]LogModuleManager: Shutting down and abandoning module TextureAlignMode (186)
[2016.03.28-13.57.33:742][997]LogModuleManager: Shutting down and abandoning module BspMode (185)
[2016.03.28-13.57.33:742][997]LogModuleManager: Shutting down and abandoning module PlacementMode (184)
[2016.03.28-13.57.33:742][997]LogModuleManager: Shutting down and abandoning module AutomationWorker (183)
[2016.03.28-13.57.33:742][997]LogModuleManager: Shutting down and abandoning module CharacterAI (182)
[2016.03.28-13.57.33:742][997]LogModuleManager: Shutting down and abandoning module SmartSnapping (181)
[2016.03.28-13.57.33:742][997]LogModuleManager: Shutting down and abandoning module ViewportSnapping (180)
[2016.03.28-13.57.33:742][997]LogModuleManager: Shutting down and abandoning module LogVisualizer (179)
[2016.03.28-13.57.33:742][997]LogModuleManager: Shutting down and abandoning module GameProjectGeneration (178)
[2016.03.28-13.57.33:742][997]LogModuleManager: Shutting down and abandoning module IntroTutorials (177)
[2016.03.28-13.57.33:742][997]LogModuleManager: Shutting down and abandoning module EditorLiveStreaming (176)
[2016.03.28-13.57.33:742][997]LogModuleManager: Shutting down and abandoning module IOSPlatformEditor (175)
[2016.03.28-13.57.33:742][997]LogModuleManager: Shutting down and abandoning module HTML5PlatformEditor (174)
[2016.03.28-13.57.33:742][997]LogModuleManager: Shutting down and abandoning module AndroidDeviceDetection (173)
[2016.03.28-13.57.34:460][997]LogModuleManager: Shutting down and abandoning module AndroidPlatformEditor (172)
[2016.03.28-13.57.34:460][997]LogModuleManager: Shutting down and abandoning module IOSRuntimeSettings (171)
[2016.03.28-13.57.34:460][997]LogModuleManager: Shutting down and abandoning module AndroidRuntimeSettings (170)
[2016.03.28-13.57.34:460][997]LogModuleManager: Shutting down and abandoning module MergeActors (169)
[2016.03.28-13.57.34:460][997]LogModuleManager: Shutting down and abandoning module SizeMap (168)
[2016.03.28-13.57.34:460][997]LogModuleManager: Shutting down and abandoning module TreeMap (167)
[2016.03.28-13.57.34:460][997]LogModuleManager: Shutting down and abandoning module ReferenceViewer (166)
[2016.03.28-13.57.34:460][997]LogModuleManager: Shutting down and abandoning module LocalizationService (165)
[2016.03.28-13.57.34:460][997]LogModuleManager: Shutting down and abandoning module LocalizationDashboard (164)
[2016.03.28-13.57.34:460][997]LogModuleManager: Shutting down and abandoning module HardwareTargeting (163)
[2016.03.28-13.57.34:460][997]LogModuleManager: Shutting down and abandoning module DeviceProfileEditor (162)
[2016.03.28-13.57.34:460][997]LogModuleManager: Shutting down and abandoning module UndoHistory (161)
[2016.03.28-13.57.34:460][997]LogModuleManager: Shutting down and abandoning module GameplayTagsEditor (160)
[2016.03.28-13.57.34:460][997]LogModuleManager: Shutting down and abandoning module UserFeedback (159)
[2016.03.28-13.57.34:460][997]LogModuleManager: Shutting down and abandoning module XmlParser (158)
[2016.03.28-13.57.34:460][997]LogModuleManager: Shutting down and abandoning module Blutility (157)
[2016.03.28-13.57.34:460][997]LogModuleManager: Shutting down and abandoning module ProjectTargetPlatformEditor (156)
[2016.03.28-13.57.34:460][997]LogModuleManager: Shutting down and abandoning module ProjectSettingsViewer (155)
[2016.03.28-13.57.34:460][997]LogModuleManager: Shutting down and abandoning module InputBindingEditor (154)
[2016.03.28-13.57.34:461][997]LogModuleManager: Shutting down and abandoning module EditorSettingsViewer (153)
[2016.03.28-13.57.34:461][997]LogModuleManager: Shutting down and abandoning module SettingsEditor (152)
[2016.03.28-13.57.34:461][997]LogModuleManager: Shutting down and abandoning module ProjectLauncher (151)
[2016.03.28-13.57.34:461][997]LogModuleManager: Shutting down and abandoning module SessionFrontend (150)
[2016.03.28-13.57.34:461][997]LogModuleManager: Shutting down and abandoning module ProfilerClient (149)
[2016.03.28-13.57.34:461][997]LogModuleManager: Shutting down and abandoning module TargetDeviceServices (148)
[2016.03.28-13.57.34:461][997]LogModuleManager: Shutting down and abandoning module DeviceManager (147)
[2016.03.28-13.57.34:461][997]LogModuleManager: Shutting down and abandoning module AutomationController (146)
[2016.03.28-13.57.34:461][997]LogModuleManager: Shutting down and abandoning module AutomationWindow (145)
[2016.03.28-13.57.34:461][997]LogModuleManager: Shutting down and abandoning module Layers (144)
[2016.03.28-13.57.34:462][997]LogModuleManager: Shutting down and abandoning module ComponentVisualizers (143)
[2016.03.28-13.57.34:462][997]LogModuleManager: Shutting down and abandoning module DetailCustomizations (142)
[2016.03.28-13.57.34:462][997]LogModuleManager: Shutting down and abandoning module PackagesDialog (141)
[2016.03.28-13.57.34:462][997]LogModuleManager: Shutting down and abandoning module Persona (140)
[2016.03.28-13.57.34:462][997]LogModuleManager: Shutting down and abandoning module Kismet (139)
[2016.03.28-13.57.34:462][997]LogModuleManager: Shutting down and abandoning module GraphEditor (138)
[2016.03.28-13.57.34:462][997]LogModuleManager: Shutting down and abandoning module ClassViewer (137)
[2016.03.28-13.57.34:462][997]LogModuleManager: Shutting down and abandoning module Toolbox (136)
[2016.03.28-13.57.34:462][997]LogModuleManager: Shutting down and abandoning module ModuleUI (135)
[2016.03.28-13.57.34:462][997]LogModuleManager: Shutting down and abandoning module MovieSceneTools (134)
[2016.03.28-13.57.34:462][997]LogModuleManager: Shutting down and abandoning module OutputLog (133)
[2016.03.28-13.57.34:462][997]LogModuleManager: Shutting down and abandoning module GammaUI (132)
[2016.03.28-13.57.34:462][997]LogModuleManager: Shutting down and abandoning module Documentation (131)
[2016.03.28-13.57.34:462][997]LogModuleManager: Shutting down and abandoning module GameLiveStreaming (130)
[2016.03.28-13.57.34:462][997]LogModuleManager: Shutting down and abandoning module StreamingPauseRendering (129)
[2016.03.28-13.57.34:462][997]LogModuleManager: Shutting down and abandoning module AnalyticsET (128)
[2016.03.28-13.57.34:462][997]LogModuleManager: Shutting down and abandoning module Analytics (127)
[2016.03.28-13.57.34:462][997]LogModuleManager: Shutting down and abandoning module AITestSuite (126)
[2016.03.28-13.57.34:462][997]LogModuleManager: Shutting down and abandoning module GameplayDebugger (125)
[2016.03.28-13.57.34:462][997]LogModuleManager: Shutting down and abandoning module AIModule (124)
[2016.03.28-13.57.34:462][997]LogModuleManager: Shutting down and abandoning module ProfilerService (123)
[2016.03.28-13.57.34:599][997]LogModuleManager: Shutting down and abandoning module TaskGraph (122)
[2016.03.28-13.57.34:599][997]LogModuleManager: Shutting down and abandoning module SlateRemote (121)
[2016.03.28-13.57.34:599][997]LogModuleManager: Shutting down and abandoning module SteamVRController (120)
[2016.03.28-13.57.34:599][997]LogModuleManager: Shutting down and abandoning module SteamVR (119)
[2016.03.28-13.57.34:599][997]LogModuleManager: Shutting down and abandoning module ProceduralMeshComponent (118)
[2016.03.28-13.57.34:599][997]LogModuleManager: Shutting down and abandoning module OculusLibrary (117)
[2016.03.28-13.57.34:599][997]LogModuleManager: Shutting down and abandoning module OculusInput (116)
[2016.03.28-13.57.34:599][997]LogModuleManager: Shutting down and abandoning module LeapMotionController (115)
[2016.03.28-13.57.34:615][997]LogModuleManager: Shutting down and abandoning module CustomMeshComponent (114)
[2016.03.28-13.57.34:615][997]LogModuleManager: Shutting down and abandoning module CableComponent (113)
[2016.03.28-13.57.34:615][997]LogModuleManager: Shutting down and abandoning module ArchVisCharacter (112)
[2016.03.28-13.57.34:615][997]LogModuleManager: Shutting down and abandoning module MessagingDebugger (111)
[2016.03.28-13.57.34:615][997]LogModuleManager: Shutting down and abandoning module MediaPlayerEditor (110)
[2016.03.28-13.57.34:615][997]LogModuleManager: Shutting down and abandoning module HTML5Networking (109)
[2016.03.28-13.57.34:615][997]LogModuleManager: Shutting down and abandoning module SpeedTreeImporter (108)
[2016.03.28-13.57.34:615][997]LogModuleManager: Shutting down and abandoning module PluginBrowser (107)
[2016.03.28-13.57.34:615][997]LogModuleManager: Shutting down and abandoning module EpicSurvey (106)
[2016.03.28-13.57.34:615][997]LogModuleManager: Shutting down and abandoning module DesktopPlatform (105)
[2016.03.28-13.57.34:615][997]LogModuleManager: Shutting down and abandoning module VisualStudioSourceCodeAccess (104)
[2016.03.28-13.57.34:615][997]LogModuleManager: Shutting down and abandoning module UObjectPlugin (103)
[2016.03.28-13.57.34:615][997]LogModuleManager: Shutting down and abandoning module SubversionSourceControl (102)
[2016.03.28-13.57.34:615][997]LogModuleManager: Shutting down and abandoning module PerforceSourceControl (101)
[2016.03.28-13.57.34:615][997]LogModuleManager: Shutting down and abandoning module SourceControl (100)
[2016.03.28-13.57.34:615][997]LogModuleManager: Shutting down and abandoning module GitSourceControl (99)
[2016.03.28-13.57.34:615][997]LogModuleManager: Shutting down and abandoning module LightPropagationVolumeEditor (98)
[2016.03.28-13.57.34:615][997]LogModuleManager: Shutting down and abandoning module PaperTiledImporter (97)
[2016.03.28-13.57.34:615][997]LogModuleManager: Shutting down and abandoning module PaperSpriteSheetImporter (96)
[2016.03.28-13.57.34:615][997]LogModuleManager: Shutting down and abandoning module MeshPaint (95)
[2016.03.28-13.57.34:615][997]LogModuleManager: Shutting down and abandoning module SlateReflector (94)
[2016.03.28-13.57.34:615][997]LogModuleManager: Shutting down and abandoning module HotReload (93)
[2016.03.28-13.57.34:615][997]LogModuleManager: Shutting down and abandoning module MainFrame (92)
[2016.03.28-13.57.34:615][997]LogModuleManager: Shutting down and abandoning module LevelEditor (91)
[2016.03.28-13.57.34:616][997]LogModuleManager: Shutting down and abandoning module DirectoryWatcher (90)
[2016.03.28-13.57.34:617][997]LogModuleManager: Shutting down and abandoning module AssetRegistry (89)
[2016.03.28-13.57.34:732][997]LogModuleManager: Shutting down and abandoning module ContentBrowser (88)
[2016.03.28-13.57.34:732][997]LogModuleManager: Shutting down and abandoning module Paper2DEditor (87)
[2016.03.28-13.57.34:733][997]LogModuleManager: Shutting down and abandoning module UdpMessaging (86)
[2016.03.28-13.57.34:833][997]LogModuleManager: Shutting down and abandoning module LightPropagationVolumeRuntime (85)
[2016.03.28-13.57.34:833][997]LogModuleManager: Shutting down and abandoning module Paper2D (84)
[2016.03.28-13.57.34:833][997]LogModuleManager: Shutting down and abandoning module WindowsMoviePlayer (83)
[2016.03.28-13.57.34:841][997]LogModuleManager: Shutting down and abandoning module Media (82)
[2016.03.28-13.57.34:841][997]LogModuleManager: Shutting down and abandoning module WmfMedia (81)
[2016.03.28-13.57.34:842][997]LogModuleManager: Shutting down and abandoning module OnlineBlueprintSupport (80)
[2016.03.28-13.57.34:842][997]LogModuleManager: Shutting down and abandoning module GameplayTasksEditor (79)
[2016.03.28-13.57.34:842][997]LogModuleManager: Shutting down and abandoning module PropertyEditor (78)
[2016.03.28-13.57.34:842][997]LogModuleManager: Shutting down and abandoning module BehaviorTreeEditor (77)
[2016.03.28-13.57.34:842][997]LogModuleManager: Shutting down and abandoning module FunctionalTesting (76)
[2016.03.28-13.57.34:842][997]LogModuleManager: Shutting down and abandoning module CollisionAnalyzer (75)
[2016.03.28-13.57.34:842][997]LogModuleManager: Shutting down and abandoning module WorkspaceMenuStructure (74)
[2016.03.28-13.57.34:842][997]LogModuleManager: Shutting down and abandoning module MessageLog (73)
[2016.03.28-13.57.34:842][997]LogModuleManager: Shutting down and abandoning module Sequencer (72)
[2016.03.28-13.57.34:843][997]LogModuleManager: Shutting down and abandoning module AssetTools (71)
[2016.03.28-13.57.34:843][997]LogModuleManager: Shutting down and abandoning module UMGEditor (70)
[2016.03.28-13.57.34:843][997]LogModuleManager: Shutting down and abandoning module UMG (69)
[2016.03.28-13.57.34:843][997]LogModuleManager: Shutting down and abandoning module Slate (68)
[2016.03.28-13.57.34:843][997]LogModuleManager: Shutting down and abandoning module EditorStyle (67)
[2016.03.28-13.57.34:852][997]LogModuleManager: Shutting down and abandoning module SessionServices (66)
[2016.03.28-13.57.34:852][997]LogModuleManager: Shutting down and abandoning module SourceCodeAccess (65)
[2016.03.28-13.57.34:852][997]LogModuleManager: Shutting down and abandoning module HeadMountedDisplay (64)
[2016.03.28-13.57.34:852][997]LogModuleManager: Shutting down and abandoning module XAudio2 (63)
[2016.03.28-13.57.34:852][997]LogModuleManager: Shutting down and abandoning module Networking (61)
[2016.03.28-13.57.34:852][997]LogModuleManager: Shutting down and abandoning module Core (60)
[2016.03.28-13.57.34:852][997]LogModuleManager: Shutting down and abandoning module KismetCompiler (59)
[2016.03.28-13.57.34:852][997]LogModuleManager: Shutting down and abandoning module PhysXFormats (58)
[2016.03.28-13.57.34:852][997]LogModuleManager: Shutting down and abandoning module MeshUtilities (57)
[2016.03.28-13.57.34:852][997]LogModuleManager: Shutting down and abandoning module DerivedDataCache (56)
[2016.03.28-13.57.34:878][997]LogDerivedDataCache: Shutdown
[2016.03.28-13.57.34:878][997]LogModuleManager: Shutting down and abandoning module ShaderFormatOpenGL (55)
[2016.03.28-13.57.34:878][997]LogModuleManager: Shutting down and abandoning module ShaderFormatD3D (54)
[2016.03.28-13.57.34:878][997]LogModuleManager: Shutting down and abandoning module MetalShaderFormat (53)
[2016.03.28-13.57.34:878][997]LogModuleManager: Shutting down and abandoning module TextureFormatUncompressed (52)
[2016.03.28-13.57.34:878][997]LogModuleManager: Shutting down and abandoning module TextureFormatPVR (51)
[2016.03.28-13.57.34:878][997]LogModuleManager: Shutting down and abandoning module TextureFormatIntelISPCTexComp (50)
[2016.03.28-13.57.34:878][997]LogModuleManager: Shutting down and abandoning module TextureFormatDXT (49)
[2016.03.28-13.57.34:878][997]LogModuleManager: Shutting down and abandoning module ImageWrapper (48)
[2016.03.28-13.57.34:878][997]LogModuleManager: Shutting down and abandoning module TextureFormatASTC (47)
[2016.03.28-13.57.34:878][997]LogModuleManager: Shutting down and abandoning module TextureFormatAndroid (46)
[2016.03.28-13.57.34:878][997]LogModuleManager: Shutting down and abandoning module AudioFormatOpus (45)
[2016.03.28-13.57.34:879][997]LogModuleManager: Shutting down and abandoning module AudioFormatOgg (44)
[2016.03.28-13.57.34:879][997]LogModuleManager: Shutting down and abandoning module AudioFormatADPCM (43)
[2016.03.28-13.57.34:879][997]LogModuleManager: Shutting down and abandoning module LinuxTargetPlatform (42)
[2016.03.28-13.57.34:879][997]LogModuleManager: Shutting down and abandoning module LinuxServerTargetPlatform (41)
[2016.03.28-13.57.34:879][997]LogModuleManager: Shutting down and abandoning module LinuxNoEditorTargetPlatform (40)
[2016.03.28-13.57.34:879][997]LogModuleManager: Shutting down and abandoning module Messaging (39)
[2016.03.28-13.57.34:879][997]LogModuleManager: Shutting down and abandoning module IOSTargetPlatform (38)
[2016.03.28-13.57.34:879][997]LogModuleManager: Shutting down and abandoning module HTML5TargetPlatform (37)
[2016.03.28-13.57.34:879][997]LogModuleManager: Shutting down and abandoning module Android_PVRTCTargetPlatform (36)
[2016.03.28-13.57.34:879][997]LogModuleManager: Shutting down and abandoning module Android_MultiTargetPlatform (35)
[2016.03.28-13.57.34:879][997]LogModuleManager: Shutting down and abandoning module Android_ETC2TargetPlatform (34)
[2016.03.28-13.57.34:879][997]LogModuleManager: Shutting down and abandoning module Android_ETC1TargetPlatform (33)
[2016.03.28-13.57.34:879][997]LogModuleManager: Shutting down and abandoning module Android_DXTTargetPlatform (32)
[2016.03.28-13.57.34:879][997]LogModuleManager: Shutting down and abandoning module Android_ATCTargetPlatform (31)
[2016.03.28-13.57.34:879][997]LogModuleManager: Shutting down and abandoning module Android_ASTCTargetPlatform (30)
[2016.03.28-13.57.34:879][997]LogModuleManager: Shutting down and abandoning module AndroidTargetPlatform (29)
[2016.03.28-13.57.34:879][997]LogModuleManager: Shutting down and abandoning module WindowsTargetPlatform (28)
[2016.03.28-13.57.34:879][997]LogModuleManager: Shutting down and abandoning module WindowsServerTargetPlatform (27)
[2016.03.28-13.57.34:879][997]LogModuleManager: Shutting down and abandoning module WindowsNoEditorTargetPlatform (26)
[2016.03.28-13.57.34:879][997]LogModuleManager: Shutting down and abandoning module WindowsClientTargetPlatform (25)
[2016.03.28-13.57.34:879][997]LogModuleManager: Shutting down and abandoning module AllDesktopTargetPlatform (24)
[2016.03.28-13.57.34:879][997]LogModuleManager: Shutting down and abandoning module TargetPlatform (23)
[2016.03.28-13.57.34:879][997]LogModuleManager: Shutting down and abandoning module InputCore (22)
[2016.03.28-13.57.34:879][997]LogModuleManager: Shutting down and abandoning module Settings (21)
[2016.03.28-13.57.34:879][997]LogModuleManager: Shutting down and abandoning module OnlineSubsystem (19)
[2016.03.28-13.57.34:879][997]LogModuleManager: Shutting down and abandoning module HTTP (18)
[2016.03.28-13.57.36:881][997]LogModuleManager: Shutting down and abandoning module XMPP (17)
[2016.03.28-13.57.36:881][997]LogModuleManager: Shutting down and abandoning module OculusRift (16)
[2016.03.28-13.57.36:881][997]LogModuleManager: Shutting down and abandoning module ExampleDeviceProfileSelector (15)
[2016.03.28-13.57.36:881][997]LogModuleManager: Shutting down and abandoning module TextureCompressor (14)
[2016.03.28-13.57.36:881][997]LogModuleManager: Shutting down and abandoning module ShaderCore (13)
[2016.03.28-13.57.36:881][997]LogModuleManager: Shutting down and abandoning module Landscape (12)
[2016.03.28-13.57.36:881][997]LogModuleManager: Shutting down and abandoning module SlateRHIRenderer (11)
[2016.03.28-13.57.36:883][997]LogModuleManager: Shutting down and abandoning module OpenGLDrv (10)
[2016.03.28-13.57.36:883][997]LogModuleManager: Shutting down and abandoning module D3D11RHI (9)
[2016.03.28-13.57.36:884][997]LogModuleManager: Shutting down and abandoning module AnimGraphRuntime (8)
[2016.03.28-13.57.36:884][997]LogModuleManager: Shutting down and abandoning module Renderer (7)
[2016.03.28-13.57.36:884][997]LogModuleManager: Shutting down and abandoning module Engine (6)
[2016.03.28-13.57.36:884][997]LogModuleManager: Shutting down and abandoning module CoreUObject (5)
[2016.03.28-13.57.36:884][997]LogModuleManager: Shutting down and abandoning module NetworkFile (4)
[2016.03.28-13.57.36:884][997]LogModuleManager: Shutting down and abandoning module StreamingFile (3)
[2016.03.28-13.57.36:884][997]LogModuleManager: Shutting down and abandoning module SandboxFile (2)
[2016.03.28-13.57.36:884][997]LogModuleManager: Shutting down and abandoning module PakFile (1)
[2016.03.28-13.57.36:888][997]LogExit: Exiting.
[2016.03.28-13.57.36:899][997]Log file closed, 03/28/16 14:57:36
