[2016.03.27-10.08.02:116][  0]Log file open, 03/27/16 11:08:02
[2016.03.27-10.08.02:116][  0]LogInit:Display: Running engine for game: FpsProject
[2016.03.27-10.08.02:116][  0]LogPlatformFile: Not using cached read wrapper
[2016.03.27-10.08.02:116][  0]LogInit:Display: RandInit(945824067) SRandInit(945824067).
[2016.03.27-10.08.02:116][  0]LogTaskGraph: Started task graph with 4 named threads and 7 total threads.
[2016.03.27-10.08.02:116][  0]LogStats: Stats thread started at 0.076941
[2016.03.27-10.08.02:116][  0]LogInit: Version: 4.10.4-2872498+++depot+UE4-Releases+4.10
[2016.03.27-10.08.02:116][  0]LogInit: API Version: 2758231
[2016.03.27-10.08.02:116][  0]LogInit: Compiled (64-bit): Feb 18 2016 15:47:04
[2016.03.27-10.08.02:116][  0]LogInit: Compiled with Visual C++: 19.00.23026.00
[2016.03.27-10.08.02:116][  0]LogInit: Build Configuration: Development
[2016.03.27-10.08.02:116][  0]LogInit: Branch Name: ++depot+UE4-Releases+4.10
[2016.03.27-10.08.02:116][  0]LogInit: Command line:  /Temp/Autosaves/Game/GameProject/Maps/UEDPCArena -game -PIEVIACONSOLE -ResX=1280 -ResY=720  -Multiprocess 
[2016.03.27-10.08.02:116][  0]LogInit: Base directory: C:/Program Files (x86)/Epic Games/4.10/Engine/Binaries/Win64/
[2016.03.27-10.08.02:116][  0]LogInit: Rocket: 1
[2016.03.27-10.08.02:124][  0]LogInit: Using libcurl 7.41.0
[2016.03.27-10.08.02:124][  0]LogInit:  - built for x86_64-pc-win32
[2016.03.27-10.08.02:124][  0]LogInit:  - supports SSL with WinSSL
[2016.03.27-10.08.02:124][  0]LogInit:  - other features:
[2016.03.27-10.08.02:124][  0]LogInit:      CURL_VERSION_SSL
[2016.03.27-10.08.02:124][  0]LogInit:      CURL_VERSION_IPV6
[2016.03.27-10.08.02:124][  0]LogInit:      CURL_VERSION_ASYNCHDNS
[2016.03.27-10.08.02:124][  0]LogInit:      CURL_VERSION_LARGEFILE
[2016.03.27-10.08.02:124][  0]LogInit:      CURL_VERSION_IDN
[2016.03.27-10.08.02:124][  0]LogInit:  CurlRequestOptions (configurable via config and command line):
[2016.03.27-10.08.02:124][  0]LogInit:  - bVerifyPeer = true  - Libcurl will verify peer certificate
[2016.03.27-10.08.02:124][  0]LogInit:  - bUseHttpProxy = false  - Libcurl will NOT use HTTP proxy
[2016.03.27-10.08.02:124][  0]LogInit:  - bDontReuseConnections = false  - Libcurl will reuse connections
[2016.03.27-10.08.02:124][  0]LogInit:  - CertBundlePath = nullptr  - Libcurl will use whatever was configured at build time.
[2016.03.27-10.08.02:129][  0]LogInit: Presizing for 0 objects not considered by GC, pre-allocating 0 bytes.
[2016.03.27-10.08.02:135][  0]LogInit: Object subsystem initialized
[2016.03.27-10.08.02:136][  0]LogInit: Selected Device Profile: [Windows]
[2016.03.27-10.08.02:136][  0]LogInit: Applying CVar settings loaded from the selected device profile: [Windows]
[2016.03.27-10.08.02:139][  0]LogInit: Computer: CHRIS-PC
[2016.03.27-10.08.02:139][  0]LogInit: User: Chris
[2016.03.27-10.08.02:139][  0]LogInit: CPU Page size=4096, Cores=4
[2016.03.27-10.08.02:139][  0]LogInit: High frequency timer resolution =3.123193 MHz
[2016.03.27-10.08.02:139][  0]LogMemory: Memory total: Physical=7.9GB (8GB approx)
[2016.03.27-10.08.02:139][  0]LogMemory: Platform Memory Stats for Windows
[2016.03.27-10.08.02:139][  0]LogMemory: Process Physical Memory: 55.77 MB used, 55.77 MB peak
[2016.03.27-10.08.02:139][  0]LogMemory: Process Virtual Memory: 58.60 MB used, 58.60 MB peak
[2016.03.27-10.08.02:139][  0]LogMemory: Physical Memory: 3459.44 MB used, 8130.79 MB total
[2016.03.27-10.08.02:139][  0]LogMemory: Virtual Memory: 371.00 MB used, 134217728.00 MB total
[2016.03.27-10.08.02:174][  0]LogTextLocalizationManager: No specific translations for ('en-GB') exist, so ('en') translations will be used.
[2016.03.27-10.08.02:551][  0]LogD3D11RHI: Found D3D11 adapter 0: AMD Radeon HD 7700 Series (Feature Level 11_0)
[2016.03.27-10.08.02:551][  0]LogD3D11RHI: Adapter has 1002MB of dedicated video memory, 0MB of dedicated system memory, and 4065MB of shared system memory, 2 output[s]
[2016.03.27-10.08.02:552][  0]LogD3D11RHI: Found D3D11 adapter 1: Microsoft Basic Re