[2016.03.29-12.53.14:242][  0]Log file open, 03/29/16 13:53:14
[2016.03.29-12.53.14:242][  0]LogInit:Display: Running engine without a game
[2016.03.29-12.53.14:242][  0]LogPlatformFile: Not using cached read wrapper
[2016.03.29-12.53.14:242][  0]LogInit:Display: Loading recent project file: E:/Computing/Unreal/Unreal Projects/GameProject/FpsProject.uproject
[2016.03.29-12.53.14:242][  0]LogInit:Display: RandInit(375169621) SRandInit(375169623).
[2016.03.29-12.53.14:242][  0]LogTaskGraph: Started task graph with 4 named threads and 7 total threads.
[2016.03.29-12.53.14:242][  0]LogStats: Stats thread started at 0.076340
[2016.03.29-12.53.14:242][  0]LogInit: Version: 4.10.4-2872498+++depot+UE4-Releases+4.10
[2016.03.29-12.53.14:242][  0]LogInit: API Version: 2758231
[2016.03.29-12.53.14:242][  0]LogInit: Compiled (64-bit): Feb 18 2016 15:47:04
[2016.03.29-12.53.14:242][  0]LogInit: Compiled with Visual C++: 19.00.23026.00
[2016.03.29-12.53.14:242][  0]LogInit: Build Configuration: Development
[2016.03.29-12.53.14:242][  0]LogInit: Branch Name: ++depot+UE4-Releases+4.10
[2016.03.29-12.53.14:242][  0]LogInit: Command line: -EpicPortal 
[2016.03.29-12.53.14:242][  0]LogInit: Base directory: C:/Program Files (x86)/Epic Games/4.10/Engine/Binaries/Win64/
[2016.03.29-12.53.14:242][  0]LogInit: Rocket: 1
[2016.03.29-12.53.14:250][  0]LogInit: Using libcurl 7.41.0
[2016.03.29-12.53.14:250][  0]LogInit:  - built for x86_64-pc-win32
[2016.03.29-12.53.14:250][  0]LogInit:  - supports SSL with WinSSL
[2016.03.29-12.53.14:250][  0]LogInit:  - other features:
[2016.03.29-12.53.14:250][  0]LogInit:      CURL_VERSION_SSL
[2016.03.29-12.53.14:250][  0]LogInit:      CURL_VERSION_IPV6
[2016.03.29-12.53.14:250][  0]LogInit:      CURL_VERSION_ASYNCHDNS
[2016.03.29-12.53.14:250][  0]LogInit:      CURL_VERSION_LARGEFILE
[2016.03.29-12.53.14:250][  0]LogInit:      CURL_VERSION_IDN
[2016.03.29-12.53.14:250][  0]LogInit:  CurlRequestOptions (configurable via config and command line):
[2016.03.29-12.53.14:250][  0]LogInit:  - bVerifyPeer = true  - Libcurl will verify peer certificate
[2016.03.29-12.53.14:250][  0]LogInit:  - bUseHttpProxy = false  - Libcurl will NOT use HTTP proxy
[2016.03.29-12.53.14:250][  0]LogInit:  - bDontReuseConnections = false  - Libcurl will reuse connections
[2016.03.29-12.53.14:250][  0]LogInit:  - CertBundlePath = nullptr  - Libcurl will use whatever was configured at build time.
[2016.03.29-12.53.14:255][  0]LogInit: Presizing for 0 objects not considered by GC, pre-allocating 0 bytes.
[2016.03.29-12.53.14:260][  0]LogInit: Object subsystem initialized
[2016.03.29-12.53.14:261][  0]LogInit: Selected Device Profile: [Windows]
[2016.03.29-12.53.14:261][  0]LogInit: Applying CVar settings loaded from the selected device profile: [Windows]
[2016.03.29-12.53.14:267][  0]LogInit: Computer: CHRIS-PC
[2016.03.29-12.53.14:267][  0]LogInit: User: Chris
[2016.03.29-12.53.14:267][  0]LogInit: CPU Page size=4096, Cores=4
[2016.03.29-12.53.14:267][  0]LogInit: High frequency timer resolution =3.123193 MHz
[2016.03.29-12.53.14:267][  0]LogMemory: Memory total: Physical=7.9GB (8GB approx)
[2016.03.29-12.53.14:267][  0]LogMemory: Platform Memory Stats for Windows
[2016.03.29-12.53.14:267][  0]LogMemory: Process Physical Memory: 56.10 MB used, 56.10 MB peak
[2016.03.29-12.53.14:267][  0]LogMemory: Process Virtual Memory: 56.72 MB used, 56.72 MB peak
[2016.03.29-12.53.14:267][  0]LogMemory: Physical Memory: 2905.10 MB used, 8130.79 MB total
[2016.03.29-12.53.14:267][  0]LogMemory: Virtual Memory: 382.49 MB used, 134217728.00 MB total
[2016.03.29-12.53.14:302][  0]LogTextLocalizationManager: No specific translations for ('en-GB') exist, so ('en') translations will be used.
[2016.03.29-12.53.14:686][  0]LogD3D11RHI: Found D3D11 adapter 0: AMD Radeon HD 7700 Series (Feature Level 11_0)
[2016.03.29-12.53.14:686][  0]LogD3D11RHI: Adapter has 1002MB of dedicated video memory, 0MB of dedicated system memory, and 4065MB of shared system memory, 2 output[s]
[2016.03.29-12.53.14:688][  0]LogD3D11RHI: Found D3D11 adapter 1: Microsoft Basic Render Driver (Feature Level 11_0)
[2016.03.29-12.53.14:688][  0]LogD3D11RHI: Adapter has 0MB of dedicated video memory, 0MB of dedicated system memory, and 4065MB of shared system memory, 0 output[s]
[2016.03.29-12.53.14:688][  0]LogD3D11RHI: Chosen D3D11 Adapter Id = 0
[2016.03.29-12.53.14:691][  0]LogD3D11RHI: !Direct3DDevice
[2016.03.29-12.53.14:691][  0]LogRHI: Texture pool is 701 MB (70% of 1002 MB)
[2016.03.29-12.53.14:698][  0]LogD3D11RHI: Async texture creation disabled: no driver support
[2016.03.29-12.53.14:709][  0]LogShaderCompilers: Guid format shader working directory is -1 characters bigger than the processId version (E:/Computing/Unreal/Unreal Projects/GameProject/Intermediate/Shaders/WorkingDirectory/6400/).
[2016.03.29-12.53.14:709][  0]LogShaderCompilers: Cleaned the shader compiler working directory 'C:/Users/Chris/AppData/Local/Temp/UnrealShaderWorkingDir/BD10F898441F6B2D6ABF61B2BBF84501/'.
[2016.03.29-12.53.14:709][  0]LogShaderCompilers:Display: Using Local Shader Compiler.
[2016.03.29-12.53.15:559][  0]LogTemp:Display: Loaded TP AllDesktopTargetPlatform
[2016.03.29-12.53.15:563][  0]LogTemp:Display: Loaded TP WindowsClientTargetPlatform
[2016.03.29-12.53.15:567][  0]LogTemp:Display: Loaded TP WindowsNoEditorTargetPlatform
[2016.03.29-12.53.15:570][  0]LogTemp:Display: Loaded TP WindowsServerTargetPlatform
[2016.03.29-12.53.15:574][  0]LogTemp:Display: Loaded TP WindowsTargetPlatform
[2016.03.29-12.53.15:576][  0]LogTemp:Display: Loaded TP AndroidTargetPlatform
[2016.03.29-12.53.15:579][  0]LogTemp:Display: Loaded TP Android_ASTCTargetPlatform
[2016.03.29-12.53.15:581][  0]LogTemp:Display: Loaded TP Android_ATCTargetPlatform
[2016.03.29-12.53.15:584][  0]LogTemp:Display: Loaded TP Android_DXTTargetPlatform
[2016.03.29-12.53.15:586][  0]LogTemp:Display: Loaded TP Android_ETC1TargetPlatform
[2016.03.29-12.53.15:589][  0]LogTemp:Display: Loaded TP Android_ETC2TargetPlatform
[2016.03.29-12.53.15:594][  0]LogTemp:Display: Loaded TP Android_MultiTargetPlatform
[2016.03.29-12.53.15:594][  0]LogTemp:Display: Loaded TP Android_PVRTCTargetPlatform
[2016.03.29-12.53.15:595][  0]LogTemp:Display: Loaded TP HTML5TargetPlatform
[2016.03.29-12.53.15:611][  0]LogTemp:Display: Loaded TP IOSTargetPlatform
[2016.03.29-12.53.15:613][  0]LogTemp:Display: Loaded TP LinuxNoEditorTargetPlatform
[2016.03.29-12.53.15:616][  0]LogTemp:Display: Loaded TP LinuxServerTargetPlatform
[2016.03.29-12.53.15:619][  0]LogTemp:Display: Loaded TP LinuxTargetPlatform
[2016.03.29-12.53.15:619][  0]LogTargetPlatformManager:Display: Building Assets For Windows
[2016.03.29-12.53.15:688][  0]LogDerivedDataCache:Display: Max Cache Size: 512 MB
[2016.03.29-12.53.15:737][  0]LogDerivedDataCache: Loaded boot cache 0.05s 41MB C:/Users/Chris/AppData/Local/UnrealEngine/4.10/DerivedDataCache/Boot.ddc.
[2016.03.29-12.53.15:737][  0]LogDerivedDataCache:Display: Loaded Boot cache: C:/Users/Chris/AppData/Local/UnrealEngine/4.10/DerivedDataCache/Boot.ddc
[2016.03.29-12.53.15:737][  0]LogDerivedDataCache: FDerivedDataBackendGraph:  Pak pak cache file E:/Computing/Unreal/Unreal Projects/GameProject/DerivedDataCache/DDC.ddp not found, will not use a pak cache.
[2016.03.29-12.53.15:737][  0]LogDerivedDataCache: Unable to find inner node Pak for hierarchical cache Hierarchy.
[2016.03.29-12.53.15:737][  0]LogDerivedDataCache: FDerivedDataBackendGraph:  CompressedPak pak cache file E:/Computing/Unreal/Unreal Projects/GameProject/DerivedDataCache/Compressed.ddp not found, will not use a pak cache.
[2016.03.29-12.53.15:737][  0]LogDerivedDataCache: Unable to find inner node CompressedPak for hierarchical cache Hierarchy.
[2016.03.29-12.53.15:786][  0]LogDerivedDataCache:Display: Pak cache opened for reading ../../../Engine/DerivedDataCache/Compressed.ddp.
[2016.03.29-12.53.15:798][  0]LogDerivedDataCache: Using Local data cache path C:/Users/Chris/AppData/Local/UnrealEngine/Common/DerivedDataCache: Writable
[2016.03.29-12.53.15:969][  0]LogInit: Selected Device Profile: [Windows]
[2016.03.29-12.53.15:971][  0]LogContentStreaming: Texture pool size is 0.000000MB
[2016.03.29-12.53.16:064][  0]LogMeshUtilities: No automatic mesh reduction module available
[2016.03.29-12.53.16:064][  0]LogMeshUtilities: No automatic mesh merging module available
[2016.03.29-12.53.16:293][  0]LogInit: WinSock: version 1.1 (2.2), MaxSocks=32767, MaxUdp=65467
[2016.03.29-12.53.17:129][  0]UdpMessaging: Initializing bridge on interface 0.0.0.0:0 to multicast group 230.0.0.1:6666.
[2016.03.29-12.53.17:231][  0]LogAssetRegistry: FAssetRegistry took 0.0110 seconds to start up
[2016.03.29-12.53.17:372][  0]SourceControl: Info Source control is disabled
[2016.03.29-12.53.17:373][  0]SourceControl: Info Source control is disabled
[2016.03.29-12.53.17:384][  0]SourceControl: Info Source control is disabled
[2016.03.29-12.53.17:394][  0]SourceControl: Info Source control is disabled
[2016.03.29-12.53.17:622][  0]LogObj: 28633 objects as part of root set at end of initial load.
[2016.03.29-12.53.17:622][  0]LogUObjectAllocator: 6099752 out of 0 bytes used by permanent object pool.
[2016.03.29-12.53.17:670][  0]LogEngine: Initializing Engine...
[2016.03.29-12.53.17:674][  0]LogHMD: Can't find Oculus library dev build: is proper Runtime installed? Version: 0.8.0.0
[2016.03.29-12.53.17:674][  0]LogHMD: SteamVR failed to initialize.  Err: 110
[2016.03.29-12.53.17:771][  0]LogAIModule: Creating AISystem for world NewWorld
[2016.03.29-12.53.17:780][  0]LogInit: XAudio2 using 'Speakers (2- High Definition Audio Device)' : 2 channels at 44.1 kHz using 16 bits per sample (channel mask 0x3)
[2016.03.29-12.53.17:800][  0]LogInit: FAudioDevice initialized.
[2016.03.29-12.53.17:825][  0]LogDerivedDataCache: Saved boot cache 0.03s 41MB C:/Users/Chris/AppData/Local/UnrealEngine/4.10/DerivedDataCache/Boot.ddc.
[2016.03.29-12.53.17:830][  0]LogInit: Texture streaming: Enabled
[2016.03.29-12.53.17:834][  0]LogAnalytics: Creating configured Analytics provider AnalyticsET
[2016.03.29-12.53.17:834][  0]LogAnalytics: [UEEditor.Rocket.Release] APIServer = http://et2.epicgames.com/ET2/. AppVersion = 4.10.4-2872498+++depot+UE4-Releases+4.10
[2016.03.29-12.53.17:834][  0]LogAnalytics: [UEEditor.Rocket.Release] SetUserId dda77f1544752f940c33e380f02beeee|581a2f5c95e34dd8b3eca337ee713eb1|baa8d59f-5337-46fd-ab7b-5719df139748
[2016.03.29-12.53.17:834][  0]LogAnalytics: [UEEditor.Rocket.Release] AnalyticsET::StartSession
[2016.03.29-12.53.17:841][  0]LogInit: Transaction tracking system initialized
[2016.03.29-12.53.17:864][  0]BlueprintLog: New page: Editor Load
[2016.03.29-12.53.17:931][  0]LocalizationService: Info Localization service is disabled
[2016.03.29-12.53.17:999][  0]LogConsoleResponse:Display: 
[2016.03.29-12.53.18:096][  0]LogCook:Display: Done creating registry. It took  0.00s.
[2016.03.29-12.53.18:145][  0]LogFileCache: Scanning file cache for directory 'E:/Computing/Unreal/Unreal Projects/GameProject/Content/' took 0.01s
[2016.03.29-12.53.18:145][  0]SourceControl: Info Source control is disabled
[2016.03.29-12.53.18:145][  0]Cmd: MAP LOAD FILE="E:/Computing/Unreal/Unreal Projects/GameProject/Content/Maps/Arena.umap" TEMPLATE=0 SHOWPROGRESS=1 FEATURELEVEL=3
[2016.03.29-12.53.18:146][  0]LightingResults: New page: Lighting Build
[2016.03.29-12.53.18:148][  0]MapCheck: New page: Map Check
[2016.03.29-12.53.18:148][  0]LightingResults: New page: Lighting Build
[2016.03.29-12.53.18:157][  0]LogParticles: Destroying 0 GPU particle simulations for FXSystem 0x00000235D6C43B00
[2016.03.29-12.53.18:613][  0]LogAIModule: Creating AISystem for world arena
[2016.03.29-12.53.18:617][  0]LogEditorServer: Finished looking for orphan Actors (0.000 secs)
[2016.03.29-12.53.18:617][  0]Cmd: MAP CHECKDEP NOCLEARLOG
[2016.03.29-12.53.18:694][  0]MapCheck: Info Map check complete: 0 Error(s), 0 Warning(s), took 77.079ms to complete.
[2016.03.29-12.53.18:694][  0]LogFileHelpers: Loading map 'Arena' took 0.549
[2016.03.29-12.53.18:862][  0]LogCollectionManager: Loaded 0 collections in 0.001426 seconds
[2016.03.29-12.53.18:903][  0]LogFileCache: Scanning file cache for directory 'E:/Computing/Unreal/Unreal Projects/GameProject/Saved/Collections/' took 0.01s
[2016.03.29-12.53.18:903][  0]LogFileCache: Scanning file cache for directory 'E:/Computing/Unreal/Unreal Projects/GameProject/Content/Developers/Chris/Collections/' took 0.01s
[2016.03.29-12.53.18:903][  0]LogFileCache: Scanning file cache for directory 'E:/Computing/Unreal/Unreal Projects/GameProject/Content/Collections/' took 0.01s
[2016.03.29-12.53.18:903][  0]LogCollectionManager: Rebuilt the GUID cache for 0 collections in 0.000002 seconds
[2016.03.29-12.53.18:910][  0]LogContentBrowser: Native class hierarchy populated in 0.0066 seconds. Added 1893 classes and 338 folders.
[2016.03.29-12.53.18:914][  0]LogContentBrowser: Native class hierarchy updated for 'WidgetCarousel' in 0.0003 seconds. Added 0 classes and 0 folders.
[2016.03.29-12.53.18:970][  0]LogContentBrowser: Native class hierarchy updated for 'AddContentDialog' in 0.0003 seconds. Added 0 classes and 0 folders.
[2016.03.29-12.53.18:974][  0]LogContentBrowser: Native class hierarchy updated for 'SceneOutliner' in 0.0003 seconds. Added 1 classes and 2 folders.
[2016.03.29-12.53.19:014][  0]LogCrashTracker: Crashtracker disabled due to settings.
[2016.03.29-12.53.19:018][  0]LogUObjectGlobals:Warning: Failed to find object 'Class None.'
[2016.03.29-12.53.19:040][  0]LogLoad: Full Startup: 5.16 seconds (BP compile: 0.10 seconds)
[2016.03.29-12.53.19:048][  0]LogWindowsTextInputMethodSystem:Display: IME system now deactivated.
[2016.03.29-12.53.19:052][  0]LogOcInput: Can't find Oculus library dev build: is proper Runtime installed? Version: 0.8.0.0
[2016.03.29-12.53.19:096][  0]LogContentStreaming: Texture pool size now 1000 MB
[2016.03.29-12.53.19:215][  0]LogRenderer: Reallocating scene render targets to support 1208x572 (Frame:2).
[2016.03.29-12.53.19:546][  4]LogAssetRegistry: Asset discovery search completed in 2.3253 seconds
[2016.03.29-12.53.19:546][  4]LogCollectionManager: Rebuilt the object cache for 0 collections in 0.000001 seconds (found 0 objects)
[2016.03.29-12.53.19:546][  4]LogCollectionManager: Fixed up redirectors for 0 collections in 0.000015 seconds (updated 0 objects)
[2016.03.29-12.53.23:923][ 73]LogBlueprintUserMessages: Early PlayInEditor Detection: Level '/Game/Maps/Arena.arena:PersistentLevel' has LevelScriptBlueprint '/Game/Maps/Arena.arena:PersistentLevel.arena' with GeneratedClass '/Game/Maps/Arena.arena_C' with ClassGeneratedBy '/Game/Maps/Arena.arena:PersistentLevel.arena'
[2016.03.29-12.53.23:923][ 73]LogPlayLevel: PlayLevel: No blueprints needed recompiling
[2016.03.29-12.53.23:923][ 73]PIE: New page: PIE session: Arena (29 Mar 2016 14:53:23)
[2016.03.29-12.53.23:923][ 73]LogPlayLevel: Creating play world package: /Game/Maps/UEDPIE_0_Arena
[2016.03.29-12.53.23:926][ 73]LogPlayLevel: PIE: StaticDuplicateObject took: (0.002093s)
[2016.03.29-12.53.23:926][ 73]LogAIModule: Creating AISystem for world arena
[2016.03.29-12.53.23:926][ 73]LogPlayLevel: PIE: World Init took: (0.000635s)
[2016.03.29-12.53.23:926][ 73]LogPlayLevel: PIE: Created PIE world by copying editor world from /Game/Maps/Arena.arena to /Game/Maps/UEDPIE_0_Arena.arena (0.002896s)
[2016.03.29-12.53.23:926][ 73]LogActorComponent: UnregisterComponent: (/Engine/Transient.ProjectileMovementComponent_40__A6522401) Not registered. Aborting.
[2016.03.29-12.53.23:926][ 73]LogActorComponent: UnregisterComponent: (/Engine/Transient.CharMoveComp) Not registered. Aborting.
[2016.03.29-12.53.23:955][ 73]LogInit: XAudio2 using 'Speakers (2- High Definition Audio Device)' : 2 channels at 44.1 kHz using 16 bits per sample (channel mask 0x3)
[2016.03.29-12.53.23:962][ 73]LogInit: FAudioDevice initialized.
[2016.03.29-12.53.24:009][ 73]LogWorld: Game class is 'FirstPersonGameMode_C'
[2016.03.29-12.53.24:012][ 73]LogWorld: Bringing World /Game/Maps/UEDPIE_0_Arena.arena up for play (max tick rate 0) at 2016.03.29-13.53.24
[2016.03.29-12.53.24:012][ 73]LogActor:Warning: GameSession /Game/Maps/UEDPIE_0_Arena.arena:PersistentLevel.GameSession_0 has natively added scene component(s), but none of them were set as the actor's RootComponent - picking one arbitrarily
[2016.03.29-12.53.24:012][ 73]LogActor:Warning: GameNetworkManager /Game/Maps/UEDPIE_0_Arena.arena:PersistentLevel.GameNetworkManager_0 has natively added scene component(s), but none of them were set as the actor's RootComponent - picking one arbitrarily
[2016.03.29-12.53.24:012][ 73]LogWorld: Bringing up level for play took: 0.001766
[2016.03.29-12.53.24:015][ 73]PIE: Info Play in editor start time for /Game/Maps/UEDPIE_0_Arena -0.829
[2016.03.29-12.53.24:015][ 73]LogBlueprintUserMessages: Late PlayInEditor Detection: Level '/Game/Maps/Arena.arena:PersistentLevel' has LevelScriptBlueprint '/Game/Maps/Arena.arena:PersistentLevel.arena' with GeneratedClass '/Game/Maps/Arena.arena_C' with ClassGeneratedBy '/Game/Maps/Arena.arena:PersistentLevel.arena'
[2016.03.29-12.53.25:712][249]LogBlueprintUserMessages: Early EndPlayMap Detection: Level '/Game/Maps/Arena.arena:PersistentLevel' has LevelScriptBlueprint '/Game/Maps/Arena.arena:PersistentLevel.arena' with GeneratedClass '/Game/Maps/Arena.arena_C' with ClassGeneratedBy '/Game/Maps/Arena.arena:PersistentLevel.arena'
[2016.03.29-12.53.25:750][249]LogBlueprintUserMessages: Late EndPlayMap Detection: Level '/Game/Maps/Arena.arena:PersistentLevel' has LevelScriptBlueprint '/Game/Maps/Arena.arena:PersistentLevel.arena' with GeneratedClass '/Game/Maps/Arena.arena_C' with ClassGeneratedBy '/Game/Maps/Arena.arena:PersistentLevel.arena'
[2016.03.29-12.53.25:762][249]LogParticles: Destroying 0 GPU particle simulations for FXSystem 0x00000235D2837E20
[2016.03.29-13.15.48:080][994]LogActorComponent: UnregisterComponent: (/Engine/Transient.ProjectileMovementComponent_40__A6522401) Not registered. Aborting.
[2016.03.29-13.15.48:080][994]LogActorComponent: UnregisterComponent: (/Engine/Transient.CharMoveComp) Not registered. Aborting.
[2016.03.29-13.15.48:338][995]Cmd: QUIT_EDITOR
[2016.03.29-13.15.48:691][995]LogWindowsTextInputMethodSystem:Display: IME system now deactivated.
[2016.03.29-13.15.48:745][995]LogExit: Preparing to exit.
[2016.03.29-13.15.49:663][995]LogExit: Editor shut down
[2016.03.29-13.15.49:663][995]LogExit: Transaction tracking system shut down
[2016.03.29-13.15.49:666][995]LogParticles: Destroying 0 GPU particle simulations for FXSystem 0x00000235C82EBB00
[2016.03.29-13.15.49:666][995]LogParticles: Destroying 0 GPU particle simulations for FXSystem 0x00000235CDDBCFE0
[2016.03.29-13.15.49:800][995]LogParticles: Destroying 0 GPU particle simulations for FXSystem 0x00000235DE65BA60
[2016.03.29-13.15.49:800][995]LogExit: Object subsystem successfully closed.
[2016.03.29-13.15.49:816][995]LogD3D11RHI: Shutdown
[2016.03.29-13.15.49:816][995]LogD3D11RHI: CleanupD3DDevice
[2016.03.29-13.15.49:877][995]LogD3D11RHI: ~FD3D11DynamicRHI
[2016.03.29-13.15.49:911][995]LogModuleManager: Shutting down and abandoning module CrashTracker (198)
[2016.03.29-13.15.49:911][995]LogModuleManager: Shutting down and abandoning module SceneOutliner (197)
[2016.03.29-13.15.49:911][995]LogModuleManager: Shutting down and abandoning module SuperSearch (196)
[2016.03.29-13.15.49:911][995]LogModuleManager: Shutting down and abandoning module WidgetCarousel (195)
[2016.03.29-13.15.49:911][995]LogModuleManager: Shutting down and abandoning module AddContentDialog (194)
[2016.03.29-13.15.49:914][995]LogModuleManager: Shutting down and abandoning module EditorWidgets (193)
[2016.03.29-13.15.49:914][995]LogModuleManager: Shutting down and abandoning module CollectionManager (192)
[2016.03.29-13.15.49:914][995]LogModuleManager: Shutting down and abandoning module StatsViewer (191)
[2016.03.29-13.15.49:914][995]LogModuleManager: Shutting down and abandoning module FoliageEdit (190)
[2016.03.29-13.15.49:914][995]LogModuleManager: Shutting down and abandoning module LandscapeEditor (189)
[2016.03.29-13.15.49:914][995]LogModuleManager: Shutting down and abandoning module ActorPickerMode (188)
[2016.03.29-13.15.49:914][995]LogModuleManager: Shutting down and abandoning module GeometryMode (187)
[2016.03.29-13.15.49:914][995]LogModuleManager: Shutting down and abandoning module TextureAlignMode (186)
[2016.03.29-13.15.49:914][995]LogModuleManager: Shutting down and abandoning module BspMode (185)
[2016.03.29-13.15.49:914][995]LogModuleManager: Shutting down and abandoning module PlacementMode (184)
[2016.03.29-13.15.49:914][995]LogModuleManager: Shutting down and abandoning module AutomationWorker (183)
[2016.03.29-13.15.49:914][995]LogModuleManager: Shutting down and abandoning module CharacterAI (182)
[2016.03.29-13.15.49:914][995]LogModuleManager: Shutting down and abandoning module SmartSnapping (181)
[2016.03.29-13.15.49:914][995]LogModuleManager: Shutting down and abandoning module ViewportSnapping (180)
[2016.03.29-13.15.49:914][995]LogModuleManager: Shutting down and abandoning module LogVisualizer (179)
[2016.03.29-13.15.49:914][995]LogModuleManager: Shutting down and abandoning module GameProjectGeneration (178)
[2016.03.29-13.15.49:914][995]LogModuleManager: Shutting down and abandoning module IntroTutorials (177)
[2016.03.29-13.15.49:914][995]LogModuleManager: Shutting down and abandoning module EditorLiveStreaming (176)
[2016.03.29-13.15.49:914][995]LogModuleManager: Shutting down and abandoning module IOSPlatformEditor (175)
[2016.03.29-13.15.49:914][995]LogModuleManager: Shutting down and abandoning module HTML5PlatformEditor (174)
[2016.03.29-13.15.49:914][995]LogModuleManager: Shutting down and abandoning module AndroidDeviceDetection (173)
[2016.03.29-13.15.50:402][995]LogModuleManager: Shutting down and abandoning module AndroidPlatformEditor (172)
[2016.03.29-13.15.50:402][995]LogModuleManager: Shutting down and abandoning module IOSRuntimeSettings (171)
[2016.03.29-13.15.50:402][995]LogModuleManager: Shutting down and abandoning module AndroidRuntimeSettings (170)
[2016.03.29-13.15.50:402][995]LogModuleManager: Shutting down and abandoning module MergeActors (169)
[2016.03.29-13.15.50:402][995]LogModuleManager: Shutting down and abandoning module SizeMap (168)
[2016.03.29-13.15.50:402][995]LogModuleManager: Shutting down and abandoning module TreeMap (167)
[2016.03.29-13.15.50:402][995]LogModuleManager: Shutting down and abandoning module ReferenceViewer (166)
[2016.03.29-13.15.50:402][995]LogModuleManager: Shutting down and abandoning module LocalizationService (165)
[2016.03.29-13.15.50:402][995]LogModuleManager: Shutting down and abandoning module LocalizationDashboard (164)
[2016.03.29-13.15.50:402][995]LogModuleManager: Shutting down and abandoning module HardwareTargeting (163)
[2016.03.29-13.15.50:402][995]LogModuleManager: Shutting down and abandoning module DeviceProfileEditor (162)
[2016.03.29-13.15.50:402][995]LogModuleManager: Shutting down and abandoning module UndoHistory (161)
[2016.03.29-13.15.50:402][995]LogModuleManager: Shutting down and abandoning module GameplayTagsEditor (160)
[2016.03.29-13.15.50:402][995]LogModuleManager: Shutting down and abandoning module UserFeedback (159)
[2016.03.29-13.15.50:402][995]LogModuleManager: Shutting down and abandoning module XmlParser (158)
[2016.03.29-13.15.50:402][995]LogModuleManager: Shutting down and abandoning module Blutility (157)
[2016.03.29-13.15.50:402][995]LogModuleManager: Shutting down and abandoning module ProjectTargetPlatformEditor (156)
[2016.03.29-13.15.50:402][995]LogModuleManager: Shutting down and abandoning module ProjectSettingsViewer (155)
[2016.03.29-13.15.50:402][995]LogModuleManager: Shutting down and abandoning module InputBindingEditor (154)
[2016.03.29-13.15.50:402][995]LogModuleManager: Shutting down and abandoning module EditorSettingsViewer (153)
[2016.03.29-13.15.50:403][995]LogModuleManager: Shutting down and abandoning module SettingsEditor (152)
[2016.03.29-13.15.50:403][995]LogModuleManager: Shutting down and abandoning module ProjectLauncher (151)
[2016.03.29-13.15.50:403][995]LogModuleManager: Shutting down and abandoning module SessionFrontend (150)
[2016.03.29-13.15.50:403][995]LogModuleManager: Shutting down and abandoning module ProfilerClient (149)
[2016.03.29-13.15.50:403][995]LogModuleManager: Shutting down and abandoning module TargetDeviceServices (148)
[2016.03.29-13.15.50:403][995]LogModuleManager: Shutting down and abandoning module DeviceManager (147)
[2016.03.29-13.15.50:403][995]LogModuleManager: Shutting down and abandoning module AutomationController (146)
[2016.03.29-13.15.50:403][995]LogModuleManager: Shutting down and abandoning module AutomationWindow (145)
[2016.03.29-13.15.50:403][995]LogModuleManager: Shutting down and abandoning module Layers (144)
[2016.03.29-13.15.50:403][995]LogModuleManager: Shutting down and abandoning module ComponentVisualizers (143)
[2016.03.29-13.15.50:403][995]LogModuleManager: Shutting down and abandoning module DetailCustomizations (142)
[2016.03.29-13.15.50:403][995]LogModuleManager: Shutting down and abandoning module PackagesDialog (141)
[2016.03.29-13.15.50:403][995]LogModuleManager: Shutting down and abandoning module Persona (140)
[2016.03.29-13.15.50:403][995]LogModuleManager: Shutting down and abandoning module Kismet (139)
[2016.03.29-13.15.50:403][995]LogModuleManager: Shutting down and abandoning module GraphEditor (138)
[2016.03.29-13.15.50:403][995]LogModuleManager: Shutting down and abandoning module ClassViewer (137)
[2016.03.29-13.15.50:403][995]LogModuleManager: Shutting down and abandoning module Toolbox (136)
[2016.03.29-13.15.50:403][995]LogModuleManager: Shutting down and abandoning module ModuleUI (135)
[2016.03.29-13.15.50:403][995]LogModuleManager: Shutting down and abandoning module MovieSceneTools (134)
[2016.03.29-13.15.50:403][995]LogModuleManager: Shutting down and abandoning module OutputLog (133)
[2016.03.29-13.15.50:403][995]LogModuleManager: Shutting down and abandoning module GammaUI (132)
[2016.03.29-13.15.50:403][995]LogModuleManager: Shutting down and abandoning module Documentation (131)
[2016.03.29-13.15.50:403][995]LogModuleManager: Shutting down and abandoning module GameLiveStreaming (130)
[2016.03.29-13.15.50:403][995]LogModuleManager: Shutting down and abandoning module StreamingPauseRendering (129)
[2016.03.29-13.15.50:403][995]LogModuleManager: Shutting down and abandoning module AnalyticsET (128)
[2016.03.29-13.15.50:403][995]LogModuleManager: Shutting down and abandoning module Analytics (127)
[2016.03.29-13.15.50:403][995]LogModuleManager: Shutting down and abandoning module AITestSuite (126)
[2016.03.29-13.15.50:403][995]LogModuleManager: Shutting down and abandoning module GameplayDebugger (125)
[2016.03.29-13.15.50:403][995]LogModuleManager: Shutting down and abandoning module AIModule (124)
[2016.03.29-13.15.50:403][995]LogModuleManager: Shutting down and abandoning module ProfilerService (123)
[2016.03.29-13.15.50:553][995]LogModuleManager: Shutting down and abandoning module TaskGraph (122)
[2016.03.29-13.15.50:553][995]LogModuleManager: Shutting down and abandoning module SlateRemote (121)
[2016.03.29-13.15.50:554][995]LogModuleManager: Shutting down and abandoning module SteamVRController (120)
[2016.03.29-13.15.50:554][995]LogModuleManager: Shutting down and abandoning module SteamVR (119)
[2016.03.29-13.15.50:554][995]LogModuleManager: Shutting down and abandoning module ProceduralMeshComponent (118)
[2016.03.29-13.15.50:554][995]LogModuleManager: Shutting down and abandoning module OculusLibrary (117)
[2016.03.29-13.15.50:554][995]LogModuleManager: Shutting down and abandoning module OculusInput (116)
[2016.03.29-13.15.50:554][995]LogModuleManager: Shutting down and abandoning module LeapMotionController (115)
[2016.03.29-13.15.50:564][995]LogModuleManager: Shutting down and abandoning module CustomMeshComponent (114)
[2016.03.29-13.15.50:564][995]LogModuleManager: Shutting down and abandoning module CableComponent (113)
[2016.03.29-13.15.50:564][995]LogModuleManager: Shutting down and abandoning module ArchVisCharacter (112)
[2016.03.29-13.15.50:564][995]LogModuleManager: Shutting down and abandoning module MessagingDebugger (111)
[2016.03.29-13.15.50:564][995]LogModuleManager: Shutting down and abandoning module MediaPlayerEditor (110)
[2016.03.29-13.15.50:564][995]LogModuleManager: Shutting down and abandoning module HTML5Networking (109)
[2016.03.29-13.15.50:564][995]LogModuleManager: Shutting down and abandoning module SpeedTreeImporter (108)
[2016.03.29-13.15.50:564][995]LogModuleManager: Shutting down and abandoning module PluginBrowser (107)
[2016.03.29-13.15.50:564][995]LogModuleManager: Shutting down and abandoning module EpicSurvey (106)
[2016.03.29-13.15.50:564][995]LogModuleManager: Shutting down and abandoning module DesktopPlatform (105)
[2016.03.29-13.15.50:564][995]LogModuleManager: Shutting down and abandoning module VisualStudioSourceCodeAccess (104)
[2016.03.29-13.15.50:564][995]LogModuleManager: Shutting down and abandoning module UObjectPlugin (103)
[2016.03.29-13.15.50:564][995]LogModuleManager: Shutting down and abandoning module SubversionSourceControl (102)
[2016.03.29-13.15.50:564][995]LogModuleManager: Shutting down and abandoning module PerforceSourceControl (101)
[2016.03.29-13.15.50:564][995]LogModuleManager: Shutting down and abandoning module SourceControl (100)
[2016.03.29-13.15.50:564][995]LogModuleManager: Shutting down and abandoning module GitSourceControl (99)
[2016.03.29-13.15.50:564][995]LogModuleManager: Shutting down and abandoning module LightPropagationVolumeEditor (98)
[2016.03.29-13.15.50:564][995]LogModuleManager: Shutting down and abandoning module PaperTiledImporter (97)
[2016.03.29-13.15.50:564][995]LogModuleManager: Shutting down and abandoning module PaperSpriteSheetImporter (96)
[2016.03.29-13.15.50:564][995]LogModuleManager: Shutting down and abandoning module MeshPaint (95)
[2016.03.29-13.15.50:564][995]LogModuleManager: Shutting down and abandoning module SlateReflector (94)
[2016.03.29-13.15.50:564][995]LogModuleManager: Shutting down and abandoning module HotReload (93)
[2016.03.29-13.15.50:565][995]LogModuleManager: Shutting down and abandoning module MainFrame (92)
[2016.03.29-13.15.50:565][995]LogModuleManager: Shutting down and abandoning module LevelEditor (91)
[2016.03.29-13.15.50:565][995]LogModuleManager: Shutting down and abandoning module DirectoryWatcher (90)
[2016.03.29-13.15.50:567][995]LogModuleManager: Shutting down and abandoning module AssetRegistry (89)
[2016.03.29-13.15.50:677][995]LogModuleManager: Shutting down and abandoning module ContentBrowser (88)
[2016.03.29-13.15.50:678][995]LogModuleManager: Shutting down and abandoning module Paper2DEditor (87)
[2016.03.29-13.15.50:678][995]LogModuleManager: Shutting down and abandoning module UdpMessaging (86)
[2016.03.29-13.15.50:779][995]LogModuleManager: Shutting down and abandoning module LightPropagationVolumeRuntime (85)
[2016.03.29-13.15.50:779][995]LogModuleManager: Shutting down and abandoning module Paper2D (84)
[2016.03.29-13.15.50:779][995]LogModuleManager: Shutting down and abandoning module WindowsMoviePlayer (83)
[2016.03.29-13.15.50:782][995]LogModuleManager: Shutting down and abandoning module Media (82)
[2016.03.29-13.15.50:782][995]LogModuleManager: Shutting down and abandoning module WmfMedia (81)
[2016.03.29-13.15.50:782][995]LogModuleManager: Shutting down and abandoning module OnlineBlueprintSupport (80)
[2016.03.29-13.15.50:782][995]LogModuleManager: Shutting down and abandoning module GameplayTasksEditor (79)
[2016.03.29-13.15.50:782][995]LogModuleManager: Shutting down and abandoning module PropertyEditor (78)
[2016.03.29-13.15.50:782][995]LogModuleManager: Shutting down and abandoning module BehaviorTreeEditor (77)
[2016.03.29-13.15.50:782][995]LogModuleManager: Shutting down and abandoning module FunctionalTesting (76)
[2016.03.29-13.15.50:782][995]LogModuleManager: Shutting down and abandoning module CollisionAnalyzer (75)
[2016.03.29-13.15.50:782][995]LogModuleManager: Shutting down and abandoning module WorkspaceMenuStructure (74)
[2016.03.29-13.15.50:782][995]LogModuleManager: Shutting down and abandoning module MessageLog (73)
[2016.03.29-13.15.50:782][995]LogModuleManager: Shutting down and abandoning module Sequencer (72)
[2016.03.29-13.15.50:782][995]LogModuleManager: Shutting down and abandoning module AssetTools (71)
[2016.03.29-13.15.50:782][995]LogModuleManager: Shutting down and abandoning module UMGEditor (70)
[2016.03.29-13.15.50:782][995]LogModuleManager: Shutting down and abandoning module UMG (69)
[2016.03.29-13.15.50:782][995]LogModuleManager: Shutting down and abandoning module Slate (68)
[2016.03.29-13.15.50:782][995]LogModuleManager: Shutting down and abandoning module EditorStyle (67)
[2016.03.29-13.15.50:785][995]LogModuleManager: Shutting down and abandoning module SessionServices (66)
[2016.03.29-13.15.50:785][995]LogModuleManager: Shutting down and abandoning module SourceCodeAccess (65)
[2016.03.29-13.15.50:785][995]LogModuleManager: Shutting down and abandoning module HeadMountedDisplay (64)
[2016.03.29-13.15.50:785][995]LogModuleManager: Shutting down and abandoning module XAudio2 (63)
[2016.03.29-13.15.50:785][995]LogModuleManager: Shutting down and abandoning module Networking (61)
[2016.03.29-13.15.50:785][995]LogModuleManager: Shutting down and abandoning module Core (60)
[2016.03.29-13.15.50:785][995]LogModuleManager: Shutting down and abandoning module KismetCompiler (59)
[2016.03.29-13.15.50:785][995]LogModuleManager: Shutting down and abandoning module PhysXFormats (58)
[2016.03.29-13.15.50:785][995]LogModuleManager: Shutting down and abandoning module MeshUtilities (57)
[2016.03.29-13.15.50:785][995]LogModuleManager: Shutting down and abandoning module DerivedDataCache (56)
[2016.03.29-13.15.50:788][995]LogDerivedDataCache: Shutdown
[2016.03.29-13.15.50:788][995]LogModuleManager: Shutting down and abandoning module ShaderFormatOpenGL (55)
[2016.03.29-13.15.50:788][995]LogModuleManager: Shutting down and abandoning module ShaderFormatD3D (54)
[2016.03.29-13.15.50:788][995]LogModuleManager: Shutting down and abandoning module MetalShaderFormat (53)
[2016.03.29-13.15.50:788][995]LogModuleManager: Shutting down and abandoning module TextureFormatUncompressed (52)
[2016.03.29-13.15.50:788][995]LogModuleManager: Shutting down and abandoning module TextureFormatPVR (51)
[2016.03.29-13.15.50:788][995]LogModuleManager: Shutting down and abandoning module TextureFormatIntelISPCTexComp (50)
[2016.03.29-13.15.50:788][995]LogModuleManager: Shutting down and abandoning module TextureFormatDXT (49)
[2016.03.29-13.15.50:788][995]LogModuleManager: Shutting down and abandoning module ImageWrapper (48)
[2016.03.29-13.15.50:788][995]LogModuleManager: Shutting down and abandoning module TextureFormatASTC (47)
[2016.03.29-13.15.50:788][995]LogModuleManager: Shutting down and abandoning module TextureFormatAndroid (46)
[2016.03.29-13.15.50:788][995]LogModuleManager: Shutting down and abandoning module AudioFormatOpus (45)
[2016.03.29-13.15.50:788][995]LogModuleManager: Shutting down and abandoning module AudioFormatOgg (44)
[2016.03.29-13.15.50:788][995]LogModuleManager: Shutting down and abandoning module AudioFormatADPCM (43)
[2016.03.29-13.15.50:788][995]LogModuleManager: Shutting down and abandoning module LinuxTargetPlatform (42)
[2016.03.29-13.15.50:788][995]LogModuleManager: Shutting down and abandoning module LinuxServerTargetPlatform (41)
[2016.03.29-13.15.50:788][995]LogModuleManager: Shutting down and abandoning module LinuxNoEditorTargetPlatform (40)
[2016.03.29-13.15.50:788][995]LogModuleManager: Shutting down and abandoning module Messaging (39)
[2016.03.29-13.15.50:788][995]LogModuleManager: Shutting down and abandoning module IOSTargetPlatform (38)
[2016.03.29-13.15.50:788][995]LogModuleManager: Shutting down and abandoning module HTML5TargetPlatform (37)
[2016.03.29-13.15.50:788][995]LogModuleManager: Shutting down and abandoning module Android_PVRTCTargetPlatform (36)
[2016.03.29-13.15.50:788][995]LogModuleManager: Shutting down and abandoning module Android_MultiTargetPlatform (35)
[2016.03.29-13.15.50:788][995]LogModuleManager: Shutting down and abandoning module Android_ETC2TargetPlatform (34)
[2016.03.29-13.15.50:788][995]LogModuleManager: Shutting down and abandoning module Android_ETC1TargetPlatform (33)
[2016.03.29-13.15.50:788][995]LogModuleManager: Shutting down and abandoning module Android_DXTTargetPlatform (32)
[2016.03.29-13.15.50:788][995]LogModuleManager: Shutting down and abandoning module Android_ATCTargetPlatform (31)
[2016.03.29-13.15.50:788][995]LogModuleManager: Shutting down and abandoning module Android_ASTCTargetPlatform (30)
[2016.03.29-13.15.50:788][995]LogModuleManager: Shutting down and abandoning module AndroidTargetPlatform (29)
[2016.03.29-13.15.50:788][995]LogModuleManager: Shutting down and abandoning module WindowsTargetPlatform (28)
[2016.03.29-13.15.50:788][995]LogModuleManager: Shutting down and abandoning module WindowsServerTargetPlatform (27)
[2016.03.29-13.15.50:788][995]LogModuleManager: Shutting down and abandoning module WindowsNoEditorTargetPlatform (26)
[2016.03.29-13.15.50:788][995]LogModuleManager: Shutting down and abandoning module WindowsClientTargetPlatform (25)
[2016.03.29-13.15.50:788][995]LogModuleManager: Shutting down and abandoning module AllDesktopTargetPlatform (24)
[2016.03.29-13.15.50:788][995]LogModuleManager: Shutting down and abandoning module TargetPlatform (23)
[2016.03.29-13.15.50:788][995]LogModuleManager: Shutting down and abandoning module InputCore (22)
[2016.03.29-13.15.50:788][995]LogModuleManager: Shutting down and abandoning module Settings (21)
[2016.03.29-13.15.50:788][995]LogModuleManager: Shutting down and abandoning module OnlineSubsystem (19)
[2016.03.29-13.15.50:788][995]LogModuleManager: Shutting down and abandoning module HTTP (18)
[2016.03.29-13.15.52:790][995]LogModuleManager: Shutting down and abandoning module XMPP (17)
[2016.03.29-13.15.52:790][995]LogModuleManager: Shutting down and abandoning module OculusRift (16)
[2016.03.29-13.15.52:790][995]LogModuleManager: Shutting down and abandoning module ExampleDeviceProfileSelector (15)
[2016.03.29-13.15.52:790][995]LogModuleManager: Shutting down and abandoning module TextureCompressor (14)
[2016.03.29-13.15.52:790][995]LogModuleManager: Shutting down and abandoning module ShaderCore (13)
[2016.03.29-13.15.52:790][995]LogModuleManager: Shutting down and abandoning module Landscape (12)
[2016.03.29-13.15.52:790][995]LogModuleManager: Shutting down and abandoning module SlateRHIRenderer (11)
[2016.03.29-13.15.52:794][995]LogModuleManager: Shutting down and abandoning module OpenGLDrv (10)
[2016.03.29-13.15.52:794][995]LogModuleManager: Shutting down and abandoning module D3D11RHI (9)
[2016.03.29-13.15.52:794][995]LogModuleManager: Shutting down and abandoning module AnimGraphRuntime (8)
[2016.03.29-13.15.52:794][995]LogModuleManager: Shutting down and abandoning module Renderer (7)
[2016.03.29-13.15.52:794][995]LogModuleManager: Shutting down and abandoning module Engine (6)
[2016.03.29-13.15.52:794][995]LogModuleManager: Shutting down and abandoning module CoreUObject (5)
[2016.03.29-13.15.52:794][995]LogModuleManager: Shutting down and abandoning module NetworkFile (4)
[2016.03.29-13.15.52:794][995]LogModuleManager: Shutting down and abandoning module StreamingFile (3)
[2016.03.29-13.15.52:794][995]LogModuleManager: Shutting down and abandoning module SandboxFile (2)
[2016.03.29-13.15.52:794][995]LogModuleManager: Shutting down and abandoning module PakFile (1)
[2016.03.29-13.15.52:798][995]LogExit: Exiting.
[2016.03.29-13.15.52:804][995]Log file closed, 03/29/16 14:15:52
